[2024-06-30T20:03:22.521+0000] {processor.py:161} INFO - Started process (PID=65) to work on /home/airflow/.local/lib/python3.12/site-packages/airflow/example_dags/example_sla_dag.py
[2024-06-30T20:03:22.522+0000] {processor.py:830} INFO - Processing file /home/airflow/.local/lib/python3.12/site-packages/airflow/example_dags/example_sla_dag.py for tasks to queue
[2024-06-30T20:03:22.526+0000] {logging_mixin.py:188} INFO - [2024-06-30T20:03:22.525+0000] {dagbag.py:545} INFO - Filling up the DagBag from /home/airflow/.local/lib/python3.12/site-packages/airflow/example_dags/example_sla_dag.py
[2024-06-30T20:03:22.541+0000] {processor.py:840} INFO - DAG(s) 'example_sla_dag' retrieved from /home/airflow/.local/lib/python3.12/site-packages/airflow/example_dags/example_sla_dag.py
[2024-06-30T20:03:22.959+0000] {logging_mixin.py:188} INFO - [2024-06-30T20:03:22.957+0000] {override.py:1829} INFO - Created Permission View: can delete on DAG:example_sla_dag
[2024-06-30T20:03:22.974+0000] {logging_mixin.py:188} INFO - [2024-06-30T20:03:22.974+0000] {override.py:1829} INFO - Created Permission View: can read on DAG:example_sla_dag
[2024-06-30T20:03:22.984+0000] {logging_mixin.py:188} INFO - [2024-06-30T20:03:22.984+0000] {override.py:1829} INFO - Created Permission View: can edit on DAG:example_sla_dag
[2024-06-30T20:03:22.986+0000] {logging_mixin.py:188} INFO - [2024-06-30T20:03:22.985+0000] {dag.py:3096} INFO - Sync 1 DAGs
[2024-06-30T20:03:23.001+0000] {logging_mixin.py:188} INFO - [2024-06-30T20:03:23.001+0000] {dag.py:3118} INFO - Creating ORM DAG for example_sla_dag
[2024-06-30T20:03:23.019+0000] {logging_mixin.py:188} INFO - [2024-06-30T20:03:23.018+0000] {dag.py:3954} INFO - Setting next_dagrun for example_sla_dag to 2024-06-30 20:00:00+00:00, run_after=2024-06-30 20:02:00+00:00
[2024-06-30T20:03:23.045+0000] {processor.py:183} INFO - Processing /home/airflow/.local/lib/python3.12/site-packages/airflow/example_dags/example_sla_dag.py took 0.535 seconds
[2024-06-30T20:03:53.355+0000] {processor.py:161} INFO - Started process (PID=118) to work on /home/airflow/.local/lib/python3.12/site-packages/airflow/example_dags/example_sla_dag.py
[2024-06-30T20:03:53.356+0000] {processor.py:830} INFO - Processing file /home/airflow/.local/lib/python3.12/site-packages/airflow/example_dags/example_sla_dag.py for tasks to queue
[2024-06-30T20:03:53.358+0000] {logging_mixin.py:188} INFO - [2024-06-30T20:03:53.357+0000] {dagbag.py:545} INFO - Filling up the DagBag from /home/airflow/.local/lib/python3.12/site-packages/airflow/example_dags/example_sla_dag.py
[2024-06-30T20:03:53.366+0000] {processor.py:840} INFO - DAG(s) 'example_sla_dag' retrieved from /home/airflow/.local/lib/python3.12/site-packages/airflow/example_dags/example_sla_dag.py
[2024-06-30T20:03:53.385+0000] {logging_mixin.py:188} INFO - [2024-06-30T20:03:53.385+0000] {dag.py:3096} INFO - Sync 1 DAGs
[2024-06-30T20:03:53.406+0000] {logging_mixin.py:188} INFO - [2024-06-30T20:03:53.406+0000] {dag.py:3954} INFO - Setting next_dagrun for example_sla_dag to 2024-06-30 20:00:00+00:00, run_after=2024-06-30 20:02:00+00:00
[2024-06-30T20:03:53.424+0000] {processor.py:183} INFO - Processing /home/airflow/.local/lib/python3.12/site-packages/airflow/example_dags/example_sla_dag.py took 0.075 seconds
[2024-06-30T20:04:23.599+0000] {processor.py:161} INFO - Started process (PID=171) to work on /home/airflow/.local/lib/python3.12/site-packages/airflow/example_dags/example_sla_dag.py
[2024-06-30T20:04:23.600+0000] {processor.py:830} INFO - Processing file /home/airflow/.local/lib/python3.12/site-packages/airflow/example_dags/example_sla_dag.py for tasks to queue
[2024-06-30T20:04:23.603+0000] {logging_mixin.py:188} INFO - [2024-06-30T20:04:23.602+0000] {dagbag.py:545} INFO - Filling up the DagBag from /home/airflow/.local/lib/python3.12/site-packages/airflow/example_dags/example_sla_dag.py
[2024-06-30T20:04:23.613+0000] {processor.py:840} INFO - DAG(s) 'example_sla_dag' retrieved from /home/airflow/.local/lib/python3.12/site-packages/airflow/example_dags/example_sla_dag.py
[2024-06-30T20:04:23.635+0000] {logging_mixin.py:188} INFO - [2024-06-30T20:04:23.634+0000] {dag.py:3096} INFO - Sync 1 DAGs
[2024-06-30T20:04:23.660+0000] {logging_mixin.py:188} INFO - [2024-06-30T20:04:23.659+0000] {dag.py:3954} INFO - Setting next_dagrun for example_sla_dag to 2024-06-30 20:02:00+00:00, run_after=2024-06-30 20:04:00+00:00
[2024-06-30T20:04:23.681+0000] {processor.py:183} INFO - Processing /home/airflow/.local/lib/python3.12/site-packages/airflow/example_dags/example_sla_dag.py took 0.088 seconds
[2024-06-30T20:04:53.845+0000] {processor.py:161} INFO - Started process (PID=224) to work on /home/airflow/.local/lib/python3.12/site-packages/airflow/example_dags/example_sla_dag.py
[2024-06-30T20:04:53.847+0000] {processor.py:830} INFO - Processing file /home/airflow/.local/lib/python3.12/site-packages/airflow/example_dags/example_sla_dag.py for tasks to queue
[2024-06-30T20:04:53.850+0000] {logging_mixin.py:188} INFO - [2024-06-30T20:04:53.850+0000] {dagbag.py:545} INFO - Filling up the DagBag from /home/airflow/.local/lib/python3.12/site-packages/airflow/example_dags/example_sla_dag.py
[2024-06-30T20:04:53.860+0000] {processor.py:840} INFO - DAG(s) 'example_sla_dag' retrieved from /home/airflow/.local/lib/python3.12/site-packages/airflow/example_dags/example_sla_dag.py
[2024-06-30T20:04:53.883+0000] {logging_mixin.py:188} INFO - [2024-06-30T20:04:53.882+0000] {dag.py:3096} INFO - Sync 1 DAGs
[2024-06-30T20:04:53.908+0000] {logging_mixin.py:188} INFO - [2024-06-30T20:04:53.907+0000] {dag.py:3954} INFO - Setting next_dagrun for example_sla_dag to 2024-06-30 20:02:00+00:00, run_after=2024-06-30 20:04:00+00:00
[2024-06-30T20:04:53.927+0000] {processor.py:183} INFO - Processing /home/airflow/.local/lib/python3.12/site-packages/airflow/example_dags/example_sla_dag.py took 0.088 seconds
[2024-06-30T20:05:24.854+0000] {processor.py:161} INFO - Started process (PID=277) to work on /home/airflow/.local/lib/python3.12/site-packages/airflow/example_dags/example_sla_dag.py
[2024-06-30T20:05:24.857+0000] {processor.py:830} INFO - Processing file /home/airflow/.local/lib/python3.12/site-packages/airflow/example_dags/example_sla_dag.py for tasks to queue
[2024-06-30T20:05:24.866+0000] {logging_mixin.py:188} INFO - [2024-06-30T20:05:24.865+0000] {dagbag.py:545} INFO - Filling up the DagBag from /home/airflow/.local/lib/python3.12/site-packages/airflow/example_dags/example_sla_dag.py
[2024-06-30T20:05:24.896+0000] {processor.py:840} INFO - DAG(s) 'example_sla_dag' retrieved from /home/airflow/.local/lib/python3.12/site-packages/airflow/example_dags/example_sla_dag.py
[2024-06-30T20:05:24.949+0000] {logging_mixin.py:188} INFO - [2024-06-30T20:05:24.948+0000] {dag.py:3096} INFO - Sync 1 DAGs
[2024-06-30T20:05:25.013+0000] {logging_mixin.py:188} INFO - [2024-06-30T20:05:25.013+0000] {dag.py:3954} INFO - Setting next_dagrun for example_sla_dag to 2024-06-30 20:02:00+00:00, run_after=2024-06-30 20:04:00+00:00
[2024-06-30T20:05:25.064+0000] {processor.py:183} INFO - Processing /home/airflow/.local/lib/python3.12/site-packages/airflow/example_dags/example_sla_dag.py took 0.227 seconds
[2024-06-30T20:05:56.323+0000] {processor.py:161} INFO - Started process (PID=334) to work on /home/airflow/.local/lib/python3.12/site-packages/airflow/example_dags/example_sla_dag.py
[2024-06-30T20:05:56.328+0000] {processor.py:830} INFO - Processing file /home/airflow/.local/lib/python3.12/site-packages/airflow/example_dags/example_sla_dag.py for tasks to queue
[2024-06-30T20:05:56.342+0000] {logging_mixin.py:188} INFO - [2024-06-30T20:05:56.340+0000] {dagbag.py:545} INFO - Filling up the DagBag from /home/airflow/.local/lib/python3.12/site-packages/airflow/example_dags/example_sla_dag.py
[2024-06-30T20:05:56.403+0000] {processor.py:840} INFO - DAG(s) 'example_sla_dag' retrieved from /home/airflow/.local/lib/python3.12/site-packages/airflow/example_dags/example_sla_dag.py
[2024-06-30T20:05:56.592+0000] {logging_mixin.py:188} INFO - [2024-06-30T20:05:56.589+0000] {dag.py:3096} INFO - Sync 1 DAGs
[2024-06-30T20:05:56.810+0000] {logging_mixin.py:188} INFO - [2024-06-30T20:05:56.808+0000] {dag.py:3954} INFO - Setting next_dagrun for example_sla_dag to 2024-06-30 20:02:00+00:00, run_after=2024-06-30 20:04:00+00:00
[2024-06-30T20:05:56.938+0000] {processor.py:183} INFO - Processing /home/airflow/.local/lib/python3.12/site-packages/airflow/example_dags/example_sla_dag.py took 0.657 seconds
[2024-06-30T20:06:27.142+0000] {processor.py:161} INFO - Started process (PID=387) to work on /home/airflow/.local/lib/python3.12/site-packages/airflow/example_dags/example_sla_dag.py
[2024-06-30T20:06:27.144+0000] {processor.py:830} INFO - Processing file /home/airflow/.local/lib/python3.12/site-packages/airflow/example_dags/example_sla_dag.py for tasks to queue
[2024-06-30T20:06:27.147+0000] {logging_mixin.py:188} INFO - [2024-06-30T20:06:27.147+0000] {dagbag.py:545} INFO - Filling up the DagBag from /home/airflow/.local/lib/python3.12/site-packages/airflow/example_dags/example_sla_dag.py
[2024-06-30T20:06:27.161+0000] {processor.py:840} INFO - DAG(s) 'example_sla_dag' retrieved from /home/airflow/.local/lib/python3.12/site-packages/airflow/example_dags/example_sla_dag.py
[2024-06-30T20:06:27.197+0000] {logging_mixin.py:188} INFO - [2024-06-30T20:06:27.196+0000] {dag.py:3096} INFO - Sync 1 DAGs
[2024-06-30T20:06:27.249+0000] {logging_mixin.py:188} INFO - [2024-06-30T20:06:27.249+0000] {dag.py:3954} INFO - Setting next_dagrun for example_sla_dag to 2024-06-30 20:04:00+00:00, run_after=2024-06-30 20:06:00+00:00
[2024-06-30T20:06:27.284+0000] {processor.py:183} INFO - Processing /home/airflow/.local/lib/python3.12/site-packages/airflow/example_dags/example_sla_dag.py took 0.150 seconds
[2024-06-30T20:06:57.795+0000] {processor.py:161} INFO - Started process (PID=440) to work on /home/airflow/.local/lib/python3.12/site-packages/airflow/example_dags/example_sla_dag.py
[2024-06-30T20:06:57.796+0000] {processor.py:830} INFO - Processing file /home/airflow/.local/lib/python3.12/site-packages/airflow/example_dags/example_sla_dag.py for tasks to queue
[2024-06-30T20:06:57.800+0000] {logging_mixin.py:188} INFO - [2024-06-30T20:06:57.799+0000] {dagbag.py:545} INFO - Filling up the DagBag from /home/airflow/.local/lib/python3.12/site-packages/airflow/example_dags/example_sla_dag.py
[2024-06-30T20:06:57.819+0000] {processor.py:840} INFO - DAG(s) 'example_sla_dag' retrieved from /home/airflow/.local/lib/python3.12/site-packages/airflow/example_dags/example_sla_dag.py
[2024-06-30T20:06:57.853+0000] {logging_mixin.py:188} INFO - [2024-06-30T20:06:57.853+0000] {dag.py:3096} INFO - Sync 1 DAGs
[2024-06-30T20:06:57.895+0000] {logging_mixin.py:188} INFO - [2024-06-30T20:06:57.894+0000] {dag.py:3954} INFO - Setting next_dagrun for example_sla_dag to 2024-06-30 20:04:00+00:00, run_after=2024-06-30 20:06:00+00:00
[2024-06-30T20:06:57.923+0000] {processor.py:183} INFO - Processing /home/airflow/.local/lib/python3.12/site-packages/airflow/example_dags/example_sla_dag.py took 0.140 seconds
