[2024-06-30T20:03:25.717+0000] {processor.py:161} INFO - Started process (PID=75) to work on /home/airflow/.local/lib/python3.12/site-packages/airflow/example_dags/example_setup_teardown.py
[2024-06-30T20:03:25.719+0000] {processor.py:830} INFO - Processing file /home/airflow/.local/lib/python3.12/site-packages/airflow/example_dags/example_setup_teardown.py for tasks to queue
[2024-06-30T20:03:25.722+0000] {logging_mixin.py:188} INFO - [2024-06-30T20:03:25.722+0000] {dagbag.py:545} INFO - Filling up the DagBag from /home/airflow/.local/lib/python3.12/site-packages/airflow/example_dags/example_setup_teardown.py
[2024-06-30T20:03:25.739+0000] {processor.py:840} INFO - DAG(s) 'example_setup_teardown' retrieved from /home/airflow/.local/lib/python3.12/site-packages/airflow/example_dags/example_setup_teardown.py
[2024-06-30T20:03:26.231+0000] {logging_mixin.py:188} INFO - [2024-06-30T20:03:26.230+0000] {override.py:1829} INFO - Created Permission View: can delete on DAG:example_setup_teardown
[2024-06-30T20:03:26.247+0000] {logging_mixin.py:188} INFO - [2024-06-30T20:03:26.247+0000] {override.py:1829} INFO - Created Permission View: can read on DAG:example_setup_teardown
[2024-06-30T20:03:26.259+0000] {logging_mixin.py:188} INFO - [2024-06-30T20:03:26.258+0000] {override.py:1829} INFO - Created Permission View: can edit on DAG:example_setup_teardown
[2024-06-30T20:03:26.260+0000] {logging_mixin.py:188} INFO - [2024-06-30T20:03:26.259+0000] {dag.py:3096} INFO - Sync 1 DAGs
[2024-06-30T20:03:26.276+0000] {logging_mixin.py:188} INFO - [2024-06-30T20:03:26.276+0000] {dag.py:3118} INFO - Creating ORM DAG for example_setup_teardown
[2024-06-30T20:03:26.295+0000] {logging_mixin.py:188} INFO - [2024-06-30T20:03:26.294+0000] {dag.py:3954} INFO - Setting next_dagrun for example_setup_teardown to 2024-06-29 00:00:00+00:00, run_after=2024-06-30 00:00:00+00:00
[2024-06-30T20:03:26.321+0000] {processor.py:183} INFO - Processing /home/airflow/.local/lib/python3.12/site-packages/airflow/example_dags/example_setup_teardown.py took 0.614 seconds
[2024-06-30T20:03:56.951+0000] {processor.py:161} INFO - Started process (PID=128) to work on /home/airflow/.local/lib/python3.12/site-packages/airflow/example_dags/example_setup_teardown.py
[2024-06-30T20:03:56.952+0000] {processor.py:830} INFO - Processing file /home/airflow/.local/lib/python3.12/site-packages/airflow/example_dags/example_setup_teardown.py for tasks to queue
[2024-06-30T20:03:56.955+0000] {logging_mixin.py:188} INFO - [2024-06-30T20:03:56.954+0000] {dagbag.py:545} INFO - Filling up the DagBag from /home/airflow/.local/lib/python3.12/site-packages/airflow/example_dags/example_setup_teardown.py
[2024-06-30T20:03:56.964+0000] {processor.py:840} INFO - DAG(s) 'example_setup_teardown' retrieved from /home/airflow/.local/lib/python3.12/site-packages/airflow/example_dags/example_setup_teardown.py
[2024-06-30T20:03:56.987+0000] {logging_mixin.py:188} INFO - [2024-06-30T20:03:56.986+0000] {dag.py:3096} INFO - Sync 1 DAGs
[2024-06-30T20:03:57.008+0000] {logging_mixin.py:188} INFO - [2024-06-30T20:03:57.008+0000] {dag.py:3954} INFO - Setting next_dagrun for example_setup_teardown to 2024-06-29 00:00:00+00:00, run_after=2024-06-30 00:00:00+00:00
[2024-06-30T20:03:57.026+0000] {processor.py:183} INFO - Processing /home/airflow/.local/lib/python3.12/site-packages/airflow/example_dags/example_setup_teardown.py took 0.082 seconds
[2024-06-30T20:04:27.250+0000] {processor.py:161} INFO - Started process (PID=181) to work on /home/airflow/.local/lib/python3.12/site-packages/airflow/example_dags/example_setup_teardown.py
[2024-06-30T20:04:27.251+0000] {processor.py:830} INFO - Processing file /home/airflow/.local/lib/python3.12/site-packages/airflow/example_dags/example_setup_teardown.py for tasks to queue
[2024-06-30T20:04:27.253+0000] {logging_mixin.py:188} INFO - [2024-06-30T20:04:27.253+0000] {dagbag.py:545} INFO - Filling up the DagBag from /home/airflow/.local/lib/python3.12/site-packages/airflow/example_dags/example_setup_teardown.py
[2024-06-30T20:04:27.260+0000] {processor.py:840} INFO - DAG(s) 'example_setup_teardown' retrieved from /home/airflow/.local/lib/python3.12/site-packages/airflow/example_dags/example_setup_teardown.py
[2024-06-30T20:04:27.281+0000] {logging_mixin.py:188} INFO - [2024-06-30T20:04:27.281+0000] {dag.py:3096} INFO - Sync 1 DAGs
[2024-06-30T20:04:27.301+0000] {logging_mixin.py:188} INFO - [2024-06-30T20:04:27.301+0000] {dag.py:3954} INFO - Setting next_dagrun for example_setup_teardown to 2024-06-29 00:00:00+00:00, run_after=2024-06-30 00:00:00+00:00
[2024-06-30T20:04:27.318+0000] {processor.py:183} INFO - Processing /home/airflow/.local/lib/python3.12/site-packages/airflow/example_dags/example_setup_teardown.py took 0.073 seconds
[2024-06-30T20:04:57.511+0000] {processor.py:161} INFO - Started process (PID=234) to work on /home/airflow/.local/lib/python3.12/site-packages/airflow/example_dags/example_setup_teardown.py
[2024-06-30T20:04:57.512+0000] {processor.py:830} INFO - Processing file /home/airflow/.local/lib/python3.12/site-packages/airflow/example_dags/example_setup_teardown.py for tasks to queue
[2024-06-30T20:04:57.514+0000] {logging_mixin.py:188} INFO - [2024-06-30T20:04:57.514+0000] {dagbag.py:545} INFO - Filling up the DagBag from /home/airflow/.local/lib/python3.12/site-packages/airflow/example_dags/example_setup_teardown.py
[2024-06-30T20:04:57.523+0000] {processor.py:840} INFO - DAG(s) 'example_setup_teardown' retrieved from /home/airflow/.local/lib/python3.12/site-packages/airflow/example_dags/example_setup_teardown.py
[2024-06-30T20:04:57.543+0000] {logging_mixin.py:188} INFO - [2024-06-30T20:04:57.543+0000] {dag.py:3096} INFO - Sync 1 DAGs
[2024-06-30T20:04:57.563+0000] {logging_mixin.py:188} INFO - [2024-06-30T20:04:57.563+0000] {dag.py:3954} INFO - Setting next_dagrun for example_setup_teardown to 2024-06-29 00:00:00+00:00, run_after=2024-06-30 00:00:00+00:00
[2024-06-30T20:04:57.582+0000] {processor.py:183} INFO - Processing /home/airflow/.local/lib/python3.12/site-packages/airflow/example_dags/example_setup_teardown.py took 0.078 seconds
[2024-06-30T20:05:27.990+0000] {processor.py:161} INFO - Started process (PID=287) to work on /home/airflow/.local/lib/python3.12/site-packages/airflow/example_dags/example_setup_teardown.py
[2024-06-30T20:05:27.994+0000] {processor.py:830} INFO - Processing file /home/airflow/.local/lib/python3.12/site-packages/airflow/example_dags/example_setup_teardown.py for tasks to queue
[2024-06-30T20:05:28.004+0000] {logging_mixin.py:188} INFO - [2024-06-30T20:05:28.003+0000] {dagbag.py:545} INFO - Filling up the DagBag from /home/airflow/.local/lib/python3.12/site-packages/airflow/example_dags/example_setup_teardown.py
[2024-06-30T20:05:28.049+0000] {processor.py:840} INFO - DAG(s) 'example_setup_teardown' retrieved from /home/airflow/.local/lib/python3.12/site-packages/airflow/example_dags/example_setup_teardown.py
[2024-06-30T20:05:28.183+0000] {logging_mixin.py:188} INFO - [2024-06-30T20:05:28.181+0000] {dag.py:3096} INFO - Sync 1 DAGs
[2024-06-30T20:05:28.322+0000] {logging_mixin.py:188} INFO - [2024-06-30T20:05:28.322+0000] {dag.py:3954} INFO - Setting next_dagrun for example_setup_teardown to 2024-06-29 00:00:00+00:00, run_after=2024-06-30 00:00:00+00:00
[2024-06-30T20:05:28.427+0000] {processor.py:183} INFO - Processing /home/airflow/.local/lib/python3.12/site-packages/airflow/example_dags/example_setup_teardown.py took 0.471 seconds
[2024-06-30T20:06:01.015+0000] {processor.py:161} INFO - Started process (PID=344) to work on /home/airflow/.local/lib/python3.12/site-packages/airflow/example_dags/example_setup_teardown.py
[2024-06-30T20:06:01.022+0000] {processor.py:830} INFO - Processing file /home/airflow/.local/lib/python3.12/site-packages/airflow/example_dags/example_setup_teardown.py for tasks to queue
[2024-06-30T20:06:01.039+0000] {logging_mixin.py:188} INFO - [2024-06-30T20:06:01.037+0000] {dagbag.py:545} INFO - Filling up the DagBag from /home/airflow/.local/lib/python3.12/site-packages/airflow/example_dags/example_setup_teardown.py
[2024-06-30T20:06:01.104+0000] {processor.py:840} INFO - DAG(s) 'example_setup_teardown' retrieved from /home/airflow/.local/lib/python3.12/site-packages/airflow/example_dags/example_setup_teardown.py
[2024-06-30T20:06:01.283+0000] {logging_mixin.py:188} INFO - [2024-06-30T20:06:01.282+0000] {dag.py:3096} INFO - Sync 1 DAGs
[2024-06-30T20:06:01.476+0000] {logging_mixin.py:188} INFO - [2024-06-30T20:06:01.475+0000] {dag.py:3954} INFO - Setting next_dagrun for example_setup_teardown to 2024-06-29 00:00:00+00:00, run_after=2024-06-30 00:00:00+00:00
[2024-06-30T20:06:01.618+0000] {processor.py:183} INFO - Processing /home/airflow/.local/lib/python3.12/site-packages/airflow/example_dags/example_setup_teardown.py took 0.657 seconds
[2024-06-30T20:06:32.460+0000] {processor.py:161} INFO - Started process (PID=397) to work on /home/airflow/.local/lib/python3.12/site-packages/airflow/example_dags/example_setup_teardown.py
[2024-06-30T20:06:32.466+0000] {processor.py:830} INFO - Processing file /home/airflow/.local/lib/python3.12/site-packages/airflow/example_dags/example_setup_teardown.py for tasks to queue
[2024-06-30T20:06:32.480+0000] {logging_mixin.py:188} INFO - [2024-06-30T20:06:32.476+0000] {dagbag.py:545} INFO - Filling up the DagBag from /home/airflow/.local/lib/python3.12/site-packages/airflow/example_dags/example_setup_teardown.py
[2024-06-30T20:06:32.550+0000] {processor.py:840} INFO - DAG(s) 'example_setup_teardown' retrieved from /home/airflow/.local/lib/python3.12/site-packages/airflow/example_dags/example_setup_teardown.py
[2024-06-30T20:06:32.710+0000] {logging_mixin.py:188} INFO - [2024-06-30T20:06:32.709+0000] {dag.py:3096} INFO - Sync 1 DAGs
[2024-06-30T20:06:32.928+0000] {logging_mixin.py:188} INFO - [2024-06-30T20:06:32.918+0000] {dag.py:3954} INFO - Setting next_dagrun for example_setup_teardown to 2024-06-29 00:00:00+00:00, run_after=2024-06-30 00:00:00+00:00
[2024-06-30T20:06:33.273+0000] {processor.py:183} INFO - Processing /home/airflow/.local/lib/python3.12/site-packages/airflow/example_dags/example_setup_teardown.py took 0.863 seconds
[2024-06-30T20:07:03.483+0000] {processor.py:161} INFO - Started process (PID=450) to work on /home/airflow/.local/lib/python3.12/site-packages/airflow/example_dags/example_setup_teardown.py
[2024-06-30T20:07:03.485+0000] {processor.py:830} INFO - Processing file /home/airflow/.local/lib/python3.12/site-packages/airflow/example_dags/example_setup_teardown.py for tasks to queue
[2024-06-30T20:07:03.490+0000] {logging_mixin.py:188} INFO - [2024-06-30T20:07:03.489+0000] {dagbag.py:545} INFO - Filling up the DagBag from /home/airflow/.local/lib/python3.12/site-packages/airflow/example_dags/example_setup_teardown.py
[2024-06-30T20:07:03.503+0000] {processor.py:840} INFO - DAG(s) 'example_setup_teardown' retrieved from /home/airflow/.local/lib/python3.12/site-packages/airflow/example_dags/example_setup_teardown.py
[2024-06-30T20:07:03.541+0000] {logging_mixin.py:188} INFO - [2024-06-30T20:07:03.541+0000] {dag.py:3096} INFO - Sync 1 DAGs
[2024-06-30T20:07:03.579+0000] {logging_mixin.py:188} INFO - [2024-06-30T20:07:03.578+0000] {dag.py:3954} INFO - Setting next_dagrun for example_setup_teardown to 2024-06-29 00:00:00+00:00, run_after=2024-06-30 00:00:00+00:00
[2024-06-30T20:07:03.610+0000] {processor.py:183} INFO - Processing /home/airflow/.local/lib/python3.12/site-packages/airflow/example_dags/example_setup_teardown.py took 0.136 seconds
