[2024-06-30T20:03:29.665+0000] {processor.py:161} INFO - Started process (PID=86) to work on /home/airflow/.local/lib/python3.12/site-packages/airflow/example_dags/example_short_circuit_operator.py
[2024-06-30T20:03:29.667+0000] {processor.py:830} INFO - Processing file /home/airflow/.local/lib/python3.12/site-packages/airflow/example_dags/example_short_circuit_operator.py for tasks to queue
[2024-06-30T20:03:29.671+0000] {logging_mixin.py:188} INFO - [2024-06-30T20:03:29.670+0000] {dagbag.py:545} INFO - Filling up the DagBag from /home/airflow/.local/lib/python3.12/site-packages/airflow/example_dags/example_short_circuit_operator.py
[2024-06-30T20:03:29.685+0000] {processor.py:840} INFO - DAG(s) 'example_short_circuit_operator' retrieved from /home/airflow/.local/lib/python3.12/site-packages/airflow/example_dags/example_short_circuit_operator.py
[2024-06-30T20:03:29.884+0000] {logging_mixin.py:188} INFO - [2024-06-30T20:03:29.883+0000] {override.py:1829} INFO - Created Permission View: can delete on DAG:example_short_circuit_operator
[2024-06-30T20:03:29.900+0000] {logging_mixin.py:188} INFO - [2024-06-30T20:03:29.899+0000] {override.py:1829} INFO - Created Permission View: can read on DAG:example_short_circuit_operator
[2024-06-30T20:03:29.909+0000] {logging_mixin.py:188} INFO - [2024-06-30T20:03:29.909+0000] {override.py:1829} INFO - Created Permission View: can edit on DAG:example_short_circuit_operator
[2024-06-30T20:03:29.911+0000] {logging_mixin.py:188} INFO - [2024-06-30T20:03:29.910+0000] {dag.py:3096} INFO - Sync 1 DAGs
[2024-06-30T20:03:29.928+0000] {logging_mixin.py:188} INFO - [2024-06-30T20:03:29.928+0000] {dag.py:3118} INFO - Creating ORM DAG for example_short_circuit_operator
[2024-06-30T20:03:29.944+0000] {logging_mixin.py:188} INFO - [2024-06-30T20:03:29.944+0000] {dag.py:3954} INFO - Setting next_dagrun for example_short_circuit_operator to 2024-06-29 00:00:00+00:00, run_after=2024-06-30 00:00:00+00:00
[2024-06-30T20:03:29.974+0000] {processor.py:183} INFO - Processing /home/airflow/.local/lib/python3.12/site-packages/airflow/example_dags/example_short_circuit_operator.py took 0.319 seconds
[2024-06-30T20:04:00.777+0000] {processor.py:161} INFO - Started process (PID=139) to work on /home/airflow/.local/lib/python3.12/site-packages/airflow/example_dags/example_short_circuit_operator.py
[2024-06-30T20:04:00.778+0000] {processor.py:830} INFO - Processing file /home/airflow/.local/lib/python3.12/site-packages/airflow/example_dags/example_short_circuit_operator.py for tasks to queue
[2024-06-30T20:04:00.781+0000] {logging_mixin.py:188} INFO - [2024-06-30T20:04:00.780+0000] {dagbag.py:545} INFO - Filling up the DagBag from /home/airflow/.local/lib/python3.12/site-packages/airflow/example_dags/example_short_circuit_operator.py
[2024-06-30T20:04:00.790+0000] {processor.py:840} INFO - DAG(s) 'example_short_circuit_operator' retrieved from /home/airflow/.local/lib/python3.12/site-packages/airflow/example_dags/example_short_circuit_operator.py
[2024-06-30T20:04:00.816+0000] {logging_mixin.py:188} INFO - [2024-06-30T20:04:00.816+0000] {dag.py:3096} INFO - Sync 1 DAGs
[2024-06-30T20:04:00.840+0000] {logging_mixin.py:188} INFO - [2024-06-30T20:04:00.840+0000] {dag.py:3954} INFO - Setting next_dagrun for example_short_circuit_operator to 2024-06-29 00:00:00+00:00, run_after=2024-06-30 00:00:00+00:00
[2024-06-30T20:04:00.862+0000] {processor.py:183} INFO - Processing /home/airflow/.local/lib/python3.12/site-packages/airflow/example_dags/example_short_circuit_operator.py took 0.092 seconds
[2024-06-30T20:04:30.953+0000] {processor.py:161} INFO - Started process (PID=192) to work on /home/airflow/.local/lib/python3.12/site-packages/airflow/example_dags/example_short_circuit_operator.py
[2024-06-30T20:04:30.954+0000] {processor.py:830} INFO - Processing file /home/airflow/.local/lib/python3.12/site-packages/airflow/example_dags/example_short_circuit_operator.py for tasks to queue
[2024-06-30T20:04:30.956+0000] {logging_mixin.py:188} INFO - [2024-06-30T20:04:30.956+0000] {dagbag.py:545} INFO - Filling up the DagBag from /home/airflow/.local/lib/python3.12/site-packages/airflow/example_dags/example_short_circuit_operator.py
[2024-06-30T20:04:30.963+0000] {processor.py:840} INFO - DAG(s) 'example_short_circuit_operator' retrieved from /home/airflow/.local/lib/python3.12/site-packages/airflow/example_dags/example_short_circuit_operator.py
[2024-06-30T20:04:30.987+0000] {logging_mixin.py:188} INFO - [2024-06-30T20:04:30.987+0000] {dag.py:3096} INFO - Sync 1 DAGs
[2024-06-30T20:04:31.009+0000] {logging_mixin.py:188} INFO - [2024-06-30T20:04:31.009+0000] {dag.py:3954} INFO - Setting next_dagrun for example_short_circuit_operator to 2024-06-29 00:00:00+00:00, run_after=2024-06-30 00:00:00+00:00
[2024-06-30T20:04:31.028+0000] {processor.py:183} INFO - Processing /home/airflow/.local/lib/python3.12/site-packages/airflow/example_dags/example_short_circuit_operator.py took 0.081 seconds
[2024-06-30T20:05:01.125+0000] {processor.py:161} INFO - Started process (PID=245) to work on /home/airflow/.local/lib/python3.12/site-packages/airflow/example_dags/example_short_circuit_operator.py
[2024-06-30T20:05:01.126+0000] {processor.py:830} INFO - Processing file /home/airflow/.local/lib/python3.12/site-packages/airflow/example_dags/example_short_circuit_operator.py for tasks to queue
[2024-06-30T20:05:01.128+0000] {logging_mixin.py:188} INFO - [2024-06-30T20:05:01.128+0000] {dagbag.py:545} INFO - Filling up the DagBag from /home/airflow/.local/lib/python3.12/site-packages/airflow/example_dags/example_short_circuit_operator.py
[2024-06-30T20:05:01.136+0000] {processor.py:840} INFO - DAG(s) 'example_short_circuit_operator' retrieved from /home/airflow/.local/lib/python3.12/site-packages/airflow/example_dags/example_short_circuit_operator.py
[2024-06-30T20:05:01.159+0000] {logging_mixin.py:188} INFO - [2024-06-30T20:05:01.159+0000] {dag.py:3096} INFO - Sync 1 DAGs
[2024-06-30T20:05:01.180+0000] {logging_mixin.py:188} INFO - [2024-06-30T20:05:01.180+0000] {dag.py:3954} INFO - Setting next_dagrun for example_short_circuit_operator to 2024-06-29 00:00:00+00:00, run_after=2024-06-30 00:00:00+00:00
[2024-06-30T20:05:01.197+0000] {processor.py:183} INFO - Processing /home/airflow/.local/lib/python3.12/site-packages/airflow/example_dags/example_short_circuit_operator.py took 0.079 seconds
[2024-06-30T20:05:32.041+0000] {processor.py:161} INFO - Started process (PID=298) to work on /home/airflow/.local/lib/python3.12/site-packages/airflow/example_dags/example_short_circuit_operator.py
[2024-06-30T20:05:32.044+0000] {processor.py:830} INFO - Processing file /home/airflow/.local/lib/python3.12/site-packages/airflow/example_dags/example_short_circuit_operator.py for tasks to queue
[2024-06-30T20:05:32.048+0000] {logging_mixin.py:188} INFO - [2024-06-30T20:05:32.048+0000] {dagbag.py:545} INFO - Filling up the DagBag from /home/airflow/.local/lib/python3.12/site-packages/airflow/example_dags/example_short_circuit_operator.py
[2024-06-30T20:05:32.064+0000] {processor.py:840} INFO - DAG(s) 'example_short_circuit_operator' retrieved from /home/airflow/.local/lib/python3.12/site-packages/airflow/example_dags/example_short_circuit_operator.py
[2024-06-30T20:05:32.109+0000] {logging_mixin.py:188} INFO - [2024-06-30T20:05:32.109+0000] {dag.py:3096} INFO - Sync 1 DAGs
[2024-06-30T20:05:32.148+0000] {logging_mixin.py:188} INFO - [2024-06-30T20:05:32.147+0000] {dag.py:3954} INFO - Setting next_dagrun for example_short_circuit_operator to 2024-06-29 00:00:00+00:00, run_after=2024-06-30 00:00:00+00:00
[2024-06-30T20:05:32.180+0000] {processor.py:183} INFO - Processing /home/airflow/.local/lib/python3.12/site-packages/airflow/example_dags/example_short_circuit_operator.py took 0.151 seconds
[2024-06-30T20:06:05.393+0000] {processor.py:161} INFO - Started process (PID=355) to work on /home/airflow/.local/lib/python3.12/site-packages/airflow/example_dags/example_short_circuit_operator.py
[2024-06-30T20:06:05.398+0000] {processor.py:830} INFO - Processing file /home/airflow/.local/lib/python3.12/site-packages/airflow/example_dags/example_short_circuit_operator.py for tasks to queue
[2024-06-30T20:06:05.408+0000] {logging_mixin.py:188} INFO - [2024-06-30T20:06:05.406+0000] {dagbag.py:545} INFO - Filling up the DagBag from /home/airflow/.local/lib/python3.12/site-packages/airflow/example_dags/example_short_circuit_operator.py
[2024-06-30T20:06:05.448+0000] {processor.py:840} INFO - DAG(s) 'example_short_circuit_operator' retrieved from /home/airflow/.local/lib/python3.12/site-packages/airflow/example_dags/example_short_circuit_operator.py
[2024-06-30T20:06:05.623+0000] {logging_mixin.py:188} INFO - [2024-06-30T20:06:05.618+0000] {dag.py:3096} INFO - Sync 1 DAGs
[2024-06-30T20:06:05.792+0000] {logging_mixin.py:188} INFO - [2024-06-30T20:06:05.791+0000] {dag.py:3954} INFO - Setting next_dagrun for example_short_circuit_operator to 2024-06-29 00:00:00+00:00, run_after=2024-06-30 00:00:00+00:00
[2024-06-30T20:06:05.902+0000] {processor.py:183} INFO - Processing /home/airflow/.local/lib/python3.12/site-packages/airflow/example_dags/example_short_circuit_operator.py took 0.541 seconds
[2024-06-30T20:06:36.423+0000] {processor.py:161} INFO - Started process (PID=408) to work on /home/airflow/.local/lib/python3.12/site-packages/airflow/example_dags/example_short_circuit_operator.py
[2024-06-30T20:06:36.427+0000] {processor.py:830} INFO - Processing file /home/airflow/.local/lib/python3.12/site-packages/airflow/example_dags/example_short_circuit_operator.py for tasks to queue
[2024-06-30T20:06:36.433+0000] {logging_mixin.py:188} INFO - [2024-06-30T20:06:36.432+0000] {dagbag.py:545} INFO - Filling up the DagBag from /home/airflow/.local/lib/python3.12/site-packages/airflow/example_dags/example_short_circuit_operator.py
[2024-06-30T20:06:36.457+0000] {processor.py:840} INFO - DAG(s) 'example_short_circuit_operator' retrieved from /home/airflow/.local/lib/python3.12/site-packages/airflow/example_dags/example_short_circuit_operator.py
[2024-06-30T20:06:36.525+0000] {logging_mixin.py:188} INFO - [2024-06-30T20:06:36.524+0000] {dag.py:3096} INFO - Sync 1 DAGs
[2024-06-30T20:06:36.581+0000] {logging_mixin.py:188} INFO - [2024-06-30T20:06:36.580+0000] {dag.py:3954} INFO - Setting next_dagrun for example_short_circuit_operator to 2024-06-29 00:00:00+00:00, run_after=2024-06-30 00:00:00+00:00
[2024-06-30T20:06:36.626+0000] {processor.py:183} INFO - Processing /home/airflow/.local/lib/python3.12/site-packages/airflow/example_dags/example_short_circuit_operator.py took 0.220 seconds
[2024-06-30T20:07:06.709+0000] {processor.py:161} INFO - Started process (PID=461) to work on /home/airflow/.local/lib/python3.12/site-packages/airflow/example_dags/example_short_circuit_operator.py
[2024-06-30T20:07:06.711+0000] {processor.py:830} INFO - Processing file /home/airflow/.local/lib/python3.12/site-packages/airflow/example_dags/example_short_circuit_operator.py for tasks to queue
[2024-06-30T20:07:06.714+0000] {logging_mixin.py:188} INFO - [2024-06-30T20:07:06.713+0000] {dagbag.py:545} INFO - Filling up the DagBag from /home/airflow/.local/lib/python3.12/site-packages/airflow/example_dags/example_short_circuit_operator.py
[2024-06-30T20:07:06.726+0000] {processor.py:840} INFO - DAG(s) 'example_short_circuit_operator' retrieved from /home/airflow/.local/lib/python3.12/site-packages/airflow/example_dags/example_short_circuit_operator.py
[2024-06-30T20:07:06.757+0000] {logging_mixin.py:188} INFO - [2024-06-30T20:07:06.757+0000] {dag.py:3096} INFO - Sync 1 DAGs
[2024-06-30T20:07:06.793+0000] {logging_mixin.py:188} INFO - [2024-06-30T20:07:06.793+0000] {dag.py:3954} INFO - Setting next_dagrun for example_short_circuit_operator to 2024-06-29 00:00:00+00:00, run_after=2024-06-30 00:00:00+00:00
[2024-06-30T20:07:06.835+0000] {processor.py:183} INFO - Processing /home/airflow/.local/lib/python3.12/site-packages/airflow/example_dags/example_short_circuit_operator.py took 0.136 seconds
