[2024-06-30T20:03:30.640+0000] {processor.py:161} INFO - Started process (PID=92) to work on /home/airflow/.local/lib/python3.12/site-packages/airflow/example_dags/example_bash_operator.py
[2024-06-30T20:03:30.642+0000] {processor.py:830} INFO - Processing file /home/airflow/.local/lib/python3.12/site-packages/airflow/example_dags/example_bash_operator.py for tasks to queue
[2024-06-30T20:03:30.645+0000] {logging_mixin.py:188} INFO - [2024-06-30T20:03:30.644+0000] {dagbag.py:545} INFO - Filling up the DagBag from /home/airflow/.local/lib/python3.12/site-packages/airflow/example_dags/example_bash_operator.py
[2024-06-30T20:03:30.664+0000] {processor.py:840} INFO - DAG(s) 'example_bash_operator' retrieved from /home/airflow/.local/lib/python3.12/site-packages/airflow/example_dags/example_bash_operator.py
[2024-06-30T20:03:30.817+0000] {logging_mixin.py:188} INFO - [2024-06-30T20:03:30.816+0000] {override.py:1829} INFO - Created Permission View: can delete on DAG:example_bash_operator
[2024-06-30T20:03:30.830+0000] {logging_mixin.py:188} INFO - [2024-06-30T20:03:30.830+0000] {override.py:1829} INFO - Created Permission View: can read on DAG:example_bash_operator
[2024-06-30T20:03:30.840+0000] {logging_mixin.py:188} INFO - [2024-06-30T20:03:30.839+0000] {override.py:1829} INFO - Created Permission View: can edit on DAG:example_bash_operator
[2024-06-30T20:03:30.840+0000] {logging_mixin.py:188} INFO - [2024-06-30T20:03:30.840+0000] {dag.py:3096} INFO - Sync 1 DAGs
[2024-06-30T20:03:30.860+0000] {logging_mixin.py:188} INFO - [2024-06-30T20:03:30.859+0000] {dag.py:3118} INFO - Creating ORM DAG for example_bash_operator
[2024-06-30T20:03:30.879+0000] {logging_mixin.py:188} INFO - [2024-06-30T20:03:30.878+0000] {dag.py:3954} INFO - Setting next_dagrun for example_bash_operator to 2024-06-29 00:00:00+00:00, run_after=2024-06-30 00:00:00+00:00
[2024-06-30T20:03:30.908+0000] {processor.py:183} INFO - Processing /home/airflow/.local/lib/python3.12/site-packages/airflow/example_dags/example_bash_operator.py took 0.277 seconds
[2024-06-30T20:04:01.157+0000] {processor.py:161} INFO - Started process (PID=145) to work on /home/airflow/.local/lib/python3.12/site-packages/airflow/example_dags/example_bash_operator.py
[2024-06-30T20:04:01.159+0000] {processor.py:830} INFO - Processing file /home/airflow/.local/lib/python3.12/site-packages/airflow/example_dags/example_bash_operator.py for tasks to queue
[2024-06-30T20:04:01.161+0000] {logging_mixin.py:188} INFO - [2024-06-30T20:04:01.161+0000] {dagbag.py:545} INFO - Filling up the DagBag from /home/airflow/.local/lib/python3.12/site-packages/airflow/example_dags/example_bash_operator.py
[2024-06-30T20:04:01.178+0000] {processor.py:840} INFO - DAG(s) 'example_bash_operator' retrieved from /home/airflow/.local/lib/python3.12/site-packages/airflow/example_dags/example_bash_operator.py
[2024-06-30T20:04:01.212+0000] {logging_mixin.py:188} INFO - [2024-06-30T20:04:01.211+0000] {dag.py:3096} INFO - Sync 1 DAGs
[2024-06-30T20:04:01.240+0000] {logging_mixin.py:188} INFO - [2024-06-30T20:04:01.240+0000] {dag.py:3954} INFO - Setting next_dagrun for example_bash_operator to 2024-06-29 00:00:00+00:00, run_after=2024-06-30 00:00:00+00:00
[2024-06-30T20:04:01.262+0000] {processor.py:183} INFO - Processing /home/airflow/.local/lib/python3.12/site-packages/airflow/example_dags/example_bash_operator.py took 0.112 seconds
[2024-06-30T20:04:31.427+0000] {processor.py:161} INFO - Started process (PID=198) to work on /home/airflow/.local/lib/python3.12/site-packages/airflow/example_dags/example_bash_operator.py
[2024-06-30T20:04:31.428+0000] {processor.py:830} INFO - Processing file /home/airflow/.local/lib/python3.12/site-packages/airflow/example_dags/example_bash_operator.py for tasks to queue
[2024-06-30T20:04:31.431+0000] {logging_mixin.py:188} INFO - [2024-06-30T20:04:31.431+0000] {dagbag.py:545} INFO - Filling up the DagBag from /home/airflow/.local/lib/python3.12/site-packages/airflow/example_dags/example_bash_operator.py
[2024-06-30T20:04:31.448+0000] {processor.py:840} INFO - DAG(s) 'example_bash_operator' retrieved from /home/airflow/.local/lib/python3.12/site-packages/airflow/example_dags/example_bash_operator.py
[2024-06-30T20:04:31.478+0000] {logging_mixin.py:188} INFO - [2024-06-30T20:04:31.478+0000] {dag.py:3096} INFO - Sync 1 DAGs
[2024-06-30T20:04:31.499+0000] {logging_mixin.py:188} INFO - [2024-06-30T20:04:31.499+0000] {dag.py:3954} INFO - Setting next_dagrun for example_bash_operator to 2024-06-29 00:00:00+00:00, run_after=2024-06-30 00:00:00+00:00
[2024-06-30T20:04:31.516+0000] {processor.py:183} INFO - Processing /home/airflow/.local/lib/python3.12/site-packages/airflow/example_dags/example_bash_operator.py took 0.098 seconds
[2024-06-30T20:05:01.589+0000] {processor.py:161} INFO - Started process (PID=251) to work on /home/airflow/.local/lib/python3.12/site-packages/airflow/example_dags/example_bash_operator.py
[2024-06-30T20:05:01.590+0000] {processor.py:830} INFO - Processing file /home/airflow/.local/lib/python3.12/site-packages/airflow/example_dags/example_bash_operator.py for tasks to queue
[2024-06-30T20:05:01.592+0000] {logging_mixin.py:188} INFO - [2024-06-30T20:05:01.592+0000] {dagbag.py:545} INFO - Filling up the DagBag from /home/airflow/.local/lib/python3.12/site-packages/airflow/example_dags/example_bash_operator.py
[2024-06-30T20:05:01.605+0000] {processor.py:840} INFO - DAG(s) 'example_bash_operator' retrieved from /home/airflow/.local/lib/python3.12/site-packages/airflow/example_dags/example_bash_operator.py
[2024-06-30T20:05:01.635+0000] {logging_mixin.py:188} INFO - [2024-06-30T20:05:01.635+0000] {dag.py:3096} INFO - Sync 1 DAGs
[2024-06-30T20:05:01.658+0000] {logging_mixin.py:188} INFO - [2024-06-30T20:05:01.658+0000] {dag.py:3954} INFO - Setting next_dagrun for example_bash_operator to 2024-06-29 00:00:00+00:00, run_after=2024-06-30 00:00:00+00:00
[2024-06-30T20:05:01.679+0000] {processor.py:183} INFO - Processing /home/airflow/.local/lib/python3.12/site-packages/airflow/example_dags/example_bash_operator.py took 0.097 seconds
[2024-06-30T20:05:32.702+0000] {processor.py:161} INFO - Started process (PID=304) to work on /home/airflow/.local/lib/python3.12/site-packages/airflow/example_dags/example_bash_operator.py
[2024-06-30T20:05:32.705+0000] {processor.py:830} INFO - Processing file /home/airflow/.local/lib/python3.12/site-packages/airflow/example_dags/example_bash_operator.py for tasks to queue
[2024-06-30T20:05:32.711+0000] {logging_mixin.py:188} INFO - [2024-06-30T20:05:32.710+0000] {dagbag.py:545} INFO - Filling up the DagBag from /home/airflow/.local/lib/python3.12/site-packages/airflow/example_dags/example_bash_operator.py
[2024-06-30T20:05:32.751+0000] {processor.py:840} INFO - DAG(s) 'example_bash_operator' retrieved from /home/airflow/.local/lib/python3.12/site-packages/airflow/example_dags/example_bash_operator.py
[2024-06-30T20:05:32.841+0000] {logging_mixin.py:188} INFO - [2024-06-30T20:05:32.840+0000] {dag.py:3096} INFO - Sync 1 DAGs
[2024-06-30T20:05:32.935+0000] {logging_mixin.py:188} INFO - [2024-06-30T20:05:32.934+0000] {dag.py:3954} INFO - Setting next_dagrun for example_bash_operator to 2024-06-29 00:00:00+00:00, run_after=2024-06-30 00:00:00+00:00
[2024-06-30T20:05:32.990+0000] {processor.py:183} INFO - Processing /home/airflow/.local/lib/python3.12/site-packages/airflow/example_dags/example_bash_operator.py took 0.304 seconds
[2024-06-30T20:06:07.574+0000] {processor.py:161} INFO - Started process (PID=361) to work on /home/airflow/.local/lib/python3.12/site-packages/airflow/example_dags/example_bash_operator.py
[2024-06-30T20:06:07.579+0000] {processor.py:830} INFO - Processing file /home/airflow/.local/lib/python3.12/site-packages/airflow/example_dags/example_bash_operator.py for tasks to queue
[2024-06-30T20:06:07.592+0000] {logging_mixin.py:188} INFO - [2024-06-30T20:06:07.589+0000] {dagbag.py:545} INFO - Filling up the DagBag from /home/airflow/.local/lib/python3.12/site-packages/airflow/example_dags/example_bash_operator.py
[2024-06-30T20:06:07.681+0000] {processor.py:840} INFO - DAG(s) 'example_bash_operator' retrieved from /home/airflow/.local/lib/python3.12/site-packages/airflow/example_dags/example_bash_operator.py
[2024-06-30T20:06:07.837+0000] {logging_mixin.py:188} INFO - [2024-06-30T20:06:07.836+0000] {dag.py:3096} INFO - Sync 1 DAGs
[2024-06-30T20:06:07.960+0000] {logging_mixin.py:188} INFO - [2024-06-30T20:06:07.959+0000] {dag.py:3954} INFO - Setting next_dagrun for example_bash_operator to 2024-06-29 00:00:00+00:00, run_after=2024-06-30 00:00:00+00:00
[2024-06-30T20:06:08.054+0000] {processor.py:183} INFO - Processing /home/airflow/.local/lib/python3.12/site-packages/airflow/example_dags/example_bash_operator.py took 0.525 seconds
[2024-06-30T20:06:38.415+0000] {processor.py:161} INFO - Started process (PID=414) to work on /home/airflow/.local/lib/python3.12/site-packages/airflow/example_dags/example_bash_operator.py
[2024-06-30T20:06:38.417+0000] {processor.py:830} INFO - Processing file /home/airflow/.local/lib/python3.12/site-packages/airflow/example_dags/example_bash_operator.py for tasks to queue
[2024-06-30T20:06:38.420+0000] {logging_mixin.py:188} INFO - [2024-06-30T20:06:38.419+0000] {dagbag.py:545} INFO - Filling up the DagBag from /home/airflow/.local/lib/python3.12/site-packages/airflow/example_dags/example_bash_operator.py
[2024-06-30T20:06:38.436+0000] {processor.py:840} INFO - DAG(s) 'example_bash_operator' retrieved from /home/airflow/.local/lib/python3.12/site-packages/airflow/example_dags/example_bash_operator.py
[2024-06-30T20:06:38.482+0000] {logging_mixin.py:188} INFO - [2024-06-30T20:06:38.482+0000] {dag.py:3096} INFO - Sync 1 DAGs
[2024-06-30T20:06:38.518+0000] {logging_mixin.py:188} INFO - [2024-06-30T20:06:38.518+0000] {dag.py:3954} INFO - Setting next_dagrun for example_bash_operator to 2024-06-29 00:00:00+00:00, run_after=2024-06-30 00:00:00+00:00
[2024-06-30T20:06:38.552+0000] {processor.py:183} INFO - Processing /home/airflow/.local/lib/python3.12/site-packages/airflow/example_dags/example_bash_operator.py took 0.145 seconds
[2024-06-30T20:07:09.060+0000] {processor.py:161} INFO - Started process (PID=467) to work on /home/airflow/.local/lib/python3.12/site-packages/airflow/example_dags/example_bash_operator.py
[2024-06-30T20:07:09.062+0000] {processor.py:830} INFO - Processing file /home/airflow/.local/lib/python3.12/site-packages/airflow/example_dags/example_bash_operator.py for tasks to queue
[2024-06-30T20:07:09.065+0000] {logging_mixin.py:188} INFO - [2024-06-30T20:07:09.064+0000] {dagbag.py:545} INFO - Filling up the DagBag from /home/airflow/.local/lib/python3.12/site-packages/airflow/example_dags/example_bash_operator.py
[2024-06-30T20:07:09.079+0000] {processor.py:840} INFO - DAG(s) 'example_bash_operator' retrieved from /home/airflow/.local/lib/python3.12/site-packages/airflow/example_dags/example_bash_operator.py
[2024-06-30T20:07:09.114+0000] {logging_mixin.py:188} INFO - [2024-06-30T20:07:09.114+0000] {dag.py:3096} INFO - Sync 1 DAGs
[2024-06-30T20:07:09.145+0000] {logging_mixin.py:188} INFO - [2024-06-30T20:07:09.144+0000] {dag.py:3954} INFO - Setting next_dagrun for example_bash_operator to 2024-06-29 00:00:00+00:00, run_after=2024-06-30 00:00:00+00:00
[2024-06-30T20:07:09.171+0000] {processor.py:183} INFO - Processing /home/airflow/.local/lib/python3.12/site-packages/airflow/example_dags/example_bash_operator.py took 0.118 seconds
