[2024-06-30T20:03:23.100+0000] {processor.py:161} INFO - Started process (PID=67) to work on /home/airflow/.local/lib/python3.12/site-packages/airflow/example_dags/example_task_group_decorator.py
[2024-06-30T20:03:23.103+0000] {processor.py:830} INFO - Processing file /home/airflow/.local/lib/python3.12/site-packages/airflow/example_dags/example_task_group_decorator.py for tasks to queue
[2024-06-30T20:03:23.107+0000] {logging_mixin.py:188} INFO - [2024-06-30T20:03:23.106+0000] {dagbag.py:545} INFO - Filling up the DagBag from /home/airflow/.local/lib/python3.12/site-packages/airflow/example_dags/example_task_group_decorator.py
[2024-06-30T20:03:23.135+0000] {processor.py:840} INFO - DAG(s) 'example_task_group_decorator' retrieved from /home/airflow/.local/lib/python3.12/site-packages/airflow/example_dags/example_task_group_decorator.py
[2024-06-30T20:03:23.673+0000] {logging_mixin.py:188} INFO - [2024-06-30T20:03:23.671+0000] {override.py:1829} INFO - Created Permission View: can delete on DAG:example_task_group_decorator
[2024-06-30T20:03:23.689+0000] {logging_mixin.py:188} INFO - [2024-06-30T20:03:23.688+0000] {override.py:1829} INFO - Created Permission View: can read on DAG:example_task_group_decorator
[2024-06-30T20:03:23.699+0000] {logging_mixin.py:188} INFO - [2024-06-30T20:03:23.699+0000] {override.py:1829} INFO - Created Permission View: can edit on DAG:example_task_group_decorator
[2024-06-30T20:03:23.701+0000] {logging_mixin.py:188} INFO - [2024-06-30T20:03:23.700+0000] {dag.py:3096} INFO - Sync 1 DAGs
[2024-06-30T20:03:23.717+0000] {logging_mixin.py:188} INFO - [2024-06-30T20:03:23.717+0000] {dag.py:3118} INFO - Creating ORM DAG for example_task_group_decorator
[2024-06-30T20:03:23.736+0000] {logging_mixin.py:188} INFO - [2024-06-30T20:03:23.735+0000] {dag.py:3954} INFO - Setting next_dagrun for example_task_group_decorator to 2024-06-29 00:00:00+00:00, run_after=2024-06-30 00:00:00+00:00
[2024-06-30T20:03:23.762+0000] {processor.py:183} INFO - Processing /home/airflow/.local/lib/python3.12/site-packages/airflow/example_dags/example_task_group_decorator.py took 0.673 seconds
[2024-06-30T20:03:54.520+0000] {processor.py:161} INFO - Started process (PID=120) to work on /home/airflow/.local/lib/python3.12/site-packages/airflow/example_dags/example_task_group_decorator.py
[2024-06-30T20:03:54.522+0000] {processor.py:830} INFO - Processing file /home/airflow/.local/lib/python3.12/site-packages/airflow/example_dags/example_task_group_decorator.py for tasks to queue
[2024-06-30T20:03:54.525+0000] {logging_mixin.py:188} INFO - [2024-06-30T20:03:54.524+0000] {dagbag.py:545} INFO - Filling up the DagBag from /home/airflow/.local/lib/python3.12/site-packages/airflow/example_dags/example_task_group_decorator.py
[2024-06-30T20:03:54.544+0000] {processor.py:840} INFO - DAG(s) 'example_task_group_decorator' retrieved from /home/airflow/.local/lib/python3.12/site-packages/airflow/example_dags/example_task_group_decorator.py
[2024-06-30T20:03:54.569+0000] {logging_mixin.py:188} INFO - [2024-06-30T20:03:54.569+0000] {dag.py:3096} INFO - Sync 1 DAGs
[2024-06-30T20:03:54.590+0000] {logging_mixin.py:188} INFO - [2024-06-30T20:03:54.590+0000] {dag.py:3954} INFO - Setting next_dagrun for example_task_group_decorator to 2024-06-29 00:00:00+00:00, run_after=2024-06-30 00:00:00+00:00
[2024-06-30T20:03:54.608+0000] {processor.py:183} INFO - Processing /home/airflow/.local/lib/python3.12/site-packages/airflow/example_dags/example_task_group_decorator.py took 0.097 seconds
[2024-06-30T20:04:24.754+0000] {processor.py:161} INFO - Started process (PID=173) to work on /home/airflow/.local/lib/python3.12/site-packages/airflow/example_dags/example_task_group_decorator.py
[2024-06-30T20:04:24.755+0000] {processor.py:830} INFO - Processing file /home/airflow/.local/lib/python3.12/site-packages/airflow/example_dags/example_task_group_decorator.py for tasks to queue
[2024-06-30T20:04:24.757+0000] {logging_mixin.py:188} INFO - [2024-06-30T20:04:24.757+0000] {dagbag.py:545} INFO - Filling up the DagBag from /home/airflow/.local/lib/python3.12/site-packages/airflow/example_dags/example_task_group_decorator.py
[2024-06-30T20:04:24.774+0000] {processor.py:840} INFO - DAG(s) 'example_task_group_decorator' retrieved from /home/airflow/.local/lib/python3.12/site-packages/airflow/example_dags/example_task_group_decorator.py
[2024-06-30T20:04:24.798+0000] {logging_mixin.py:188} INFO - [2024-06-30T20:04:24.797+0000] {dag.py:3096} INFO - Sync 1 DAGs
[2024-06-30T20:04:24.818+0000] {logging_mixin.py:188} INFO - [2024-06-30T20:04:24.818+0000] {dag.py:3954} INFO - Setting next_dagrun for example_task_group_decorator to 2024-06-29 00:00:00+00:00, run_after=2024-06-30 00:00:00+00:00
[2024-06-30T20:04:24.836+0000] {processor.py:183} INFO - Processing /home/airflow/.local/lib/python3.12/site-packages/airflow/example_dags/example_task_group_decorator.py took 0.089 seconds
[2024-06-30T20:04:55.002+0000] {processor.py:161} INFO - Started process (PID=226) to work on /home/airflow/.local/lib/python3.12/site-packages/airflow/example_dags/example_task_group_decorator.py
[2024-06-30T20:04:55.004+0000] {processor.py:830} INFO - Processing file /home/airflow/.local/lib/python3.12/site-packages/airflow/example_dags/example_task_group_decorator.py for tasks to queue
[2024-06-30T20:04:55.006+0000] {logging_mixin.py:188} INFO - [2024-06-30T20:04:55.006+0000] {dagbag.py:545} INFO - Filling up the DagBag from /home/airflow/.local/lib/python3.12/site-packages/airflow/example_dags/example_task_group_decorator.py
[2024-06-30T20:04:55.023+0000] {processor.py:840} INFO - DAG(s) 'example_task_group_decorator' retrieved from /home/airflow/.local/lib/python3.12/site-packages/airflow/example_dags/example_task_group_decorator.py
[2024-06-30T20:04:55.047+0000] {logging_mixin.py:188} INFO - [2024-06-30T20:04:55.047+0000] {dag.py:3096} INFO - Sync 1 DAGs
[2024-06-30T20:04:55.067+0000] {logging_mixin.py:188} INFO - [2024-06-30T20:04:55.067+0000] {dag.py:3954} INFO - Setting next_dagrun for example_task_group_decorator to 2024-06-29 00:00:00+00:00, run_after=2024-06-30 00:00:00+00:00
[2024-06-30T20:04:55.086+0000] {processor.py:183} INFO - Processing /home/airflow/.local/lib/python3.12/site-packages/airflow/example_dags/example_task_group_decorator.py took 0.090 seconds
[2024-06-30T20:05:25.258+0000] {processor.py:161} INFO - Started process (PID=280) to work on /home/airflow/.local/lib/python3.12/site-packages/airflow/example_dags/example_task_group_decorator.py
[2024-06-30T20:05:25.261+0000] {processor.py:830} INFO - Processing file /home/airflow/.local/lib/python3.12/site-packages/airflow/example_dags/example_task_group_decorator.py for tasks to queue
[2024-06-30T20:05:25.268+0000] {logging_mixin.py:188} INFO - [2024-06-30T20:05:25.267+0000] {dagbag.py:545} INFO - Filling up the DagBag from /home/airflow/.local/lib/python3.12/site-packages/airflow/example_dags/example_task_group_decorator.py
[2024-06-30T20:05:25.314+0000] {processor.py:840} INFO - DAG(s) 'example_task_group_decorator' retrieved from /home/airflow/.local/lib/python3.12/site-packages/airflow/example_dags/example_task_group_decorator.py
[2024-06-30T20:05:25.388+0000] {logging_mixin.py:188} INFO - [2024-06-30T20:05:25.386+0000] {dag.py:3096} INFO - Sync 1 DAGs
[2024-06-30T20:05:25.459+0000] {logging_mixin.py:188} INFO - [2024-06-30T20:05:25.458+0000] {dag.py:3954} INFO - Setting next_dagrun for example_task_group_decorator to 2024-06-29 00:00:00+00:00, run_after=2024-06-30 00:00:00+00:00
[2024-06-30T20:05:25.504+0000] {processor.py:183} INFO - Processing /home/airflow/.local/lib/python3.12/site-packages/airflow/example_dags/example_task_group_decorator.py took 0.266 seconds
[2024-06-30T20:05:57.138+0000] {processor.py:161} INFO - Started process (PID=336) to work on /home/airflow/.local/lib/python3.12/site-packages/airflow/example_dags/example_task_group_decorator.py
[2024-06-30T20:05:57.148+0000] {processor.py:830} INFO - Processing file /home/airflow/.local/lib/python3.12/site-packages/airflow/example_dags/example_task_group_decorator.py for tasks to queue
[2024-06-30T20:05:57.170+0000] {logging_mixin.py:188} INFO - [2024-06-30T20:05:57.166+0000] {dagbag.py:545} INFO - Filling up the DagBag from /home/airflow/.local/lib/python3.12/site-packages/airflow/example_dags/example_task_group_decorator.py
[2024-06-30T20:05:57.304+0000] {processor.py:840} INFO - DAG(s) 'example_task_group_decorator' retrieved from /home/airflow/.local/lib/python3.12/site-packages/airflow/example_dags/example_task_group_decorator.py
[2024-06-30T20:05:57.508+0000] {logging_mixin.py:188} INFO - [2024-06-30T20:05:57.506+0000] {dag.py:3096} INFO - Sync 1 DAGs
[2024-06-30T20:05:57.664+0000] {logging_mixin.py:188} INFO - [2024-06-30T20:05:57.662+0000] {dag.py:3954} INFO - Setting next_dagrun for example_task_group_decorator to 2024-06-29 00:00:00+00:00, run_after=2024-06-30 00:00:00+00:00
[2024-06-30T20:05:57.791+0000] {processor.py:183} INFO - Processing /home/airflow/.local/lib/python3.12/site-packages/airflow/example_dags/example_task_group_decorator.py took 0.699 seconds
[2024-06-30T20:06:28.195+0000] {processor.py:161} INFO - Started process (PID=389) to work on /home/airflow/.local/lib/python3.12/site-packages/airflow/example_dags/example_task_group_decorator.py
[2024-06-30T20:06:28.198+0000] {processor.py:830} INFO - Processing file /home/airflow/.local/lib/python3.12/site-packages/airflow/example_dags/example_task_group_decorator.py for tasks to queue
[2024-06-30T20:06:28.205+0000] {logging_mixin.py:188} INFO - [2024-06-30T20:06:28.204+0000] {dagbag.py:545} INFO - Filling up the DagBag from /home/airflow/.local/lib/python3.12/site-packages/airflow/example_dags/example_task_group_decorator.py
[2024-06-30T20:06:28.277+0000] {processor.py:840} INFO - DAG(s) 'example_task_group_decorator' retrieved from /home/airflow/.local/lib/python3.12/site-packages/airflow/example_dags/example_task_group_decorator.py
[2024-06-30T20:06:28.421+0000] {logging_mixin.py:188} INFO - [2024-06-30T20:06:28.418+0000] {dag.py:3096} INFO - Sync 1 DAGs
[2024-06-30T20:06:28.562+0000] {logging_mixin.py:188} INFO - [2024-06-30T20:06:28.562+0000] {dag.py:3954} INFO - Setting next_dagrun for example_task_group_decorator to 2024-06-29 00:00:00+00:00, run_after=2024-06-30 00:00:00+00:00
[2024-06-30T20:06:28.639+0000] {processor.py:183} INFO - Processing /home/airflow/.local/lib/python3.12/site-packages/airflow/example_dags/example_task_group_decorator.py took 0.462 seconds
[2024-06-30T20:06:58.825+0000] {processor.py:161} INFO - Started process (PID=442) to work on /home/airflow/.local/lib/python3.12/site-packages/airflow/example_dags/example_task_group_decorator.py
[2024-06-30T20:06:58.827+0000] {processor.py:830} INFO - Processing file /home/airflow/.local/lib/python3.12/site-packages/airflow/example_dags/example_task_group_decorator.py for tasks to queue
[2024-06-30T20:06:58.833+0000] {logging_mixin.py:188} INFO - [2024-06-30T20:06:58.832+0000] {dagbag.py:545} INFO - Filling up the DagBag from /home/airflow/.local/lib/python3.12/site-packages/airflow/example_dags/example_task_group_decorator.py
[2024-06-30T20:06:58.871+0000] {processor.py:840} INFO - DAG(s) 'example_task_group_decorator' retrieved from /home/airflow/.local/lib/python3.12/site-packages/airflow/example_dags/example_task_group_decorator.py
[2024-06-30T20:06:58.922+0000] {logging_mixin.py:188} INFO - [2024-06-30T20:06:58.921+0000] {dag.py:3096} INFO - Sync 1 DAGs
[2024-06-30T20:06:58.967+0000] {logging_mixin.py:188} INFO - [2024-06-30T20:06:58.967+0000] {dag.py:3954} INFO - Setting next_dagrun for example_task_group_decorator to 2024-06-29 00:00:00+00:00, run_after=2024-06-30 00:00:00+00:00
[2024-06-30T20:06:59.005+0000] {processor.py:183} INFO - Processing /home/airflow/.local/lib/python3.12/site-packages/airflow/example_dags/example_task_group_decorator.py took 0.195 seconds
