[2024-06-30T20:03:31.831+0000] {processor.py:161} INFO - Started process (PID=97) to work on /home/airflow/.local/lib/python3.12/site-packages/airflow/example_dags/example_xcomargs.py
[2024-06-30T20:03:31.833+0000] {processor.py:830} INFO - Processing file /home/airflow/.local/lib/python3.12/site-packages/airflow/example_dags/example_xcomargs.py for tasks to queue
[2024-06-30T20:03:31.837+0000] {logging_mixin.py:188} INFO - [2024-06-30T20:03:31.836+0000] {dagbag.py:545} INFO - Filling up the DagBag from /home/airflow/.local/lib/python3.12/site-packages/airflow/example_dags/example_xcomargs.py
[2024-06-30T20:03:31.855+0000] {processor.py:840} INFO - DAG(s) 'example_xcom_args_with_operators', 'example_xcom_args' retrieved from /home/airflow/.local/lib/python3.12/site-packages/airflow/example_dags/example_xcomargs.py
[2024-06-30T20:03:32.039+0000] {logging_mixin.py:188} INFO - [2024-06-30T20:03:32.039+0000] {override.py:1829} INFO - Created Permission View: can delete on DAG:example_xcom_args_with_operators
[2024-06-30T20:03:32.054+0000] {logging_mixin.py:188} INFO - [2024-06-30T20:03:32.054+0000] {override.py:1829} INFO - Created Permission View: can read on DAG:example_xcom_args_with_operators
[2024-06-30T20:03:32.064+0000] {logging_mixin.py:188} INFO - [2024-06-30T20:03:32.063+0000] {override.py:1829} INFO - Created Permission View: can edit on DAG:example_xcom_args_with_operators
[2024-06-30T20:03:32.082+0000] {logging_mixin.py:188} INFO - [2024-06-30T20:03:32.082+0000] {override.py:1829} INFO - Created Permission View: can delete on DAG:example_xcom_args
[2024-06-30T20:03:32.093+0000] {logging_mixin.py:188} INFO - [2024-06-30T20:03:32.092+0000] {override.py:1829} INFO - Created Permission View: can read on DAG:example_xcom_args
[2024-06-30T20:03:32.103+0000] {logging_mixin.py:188} INFO - [2024-06-30T20:03:32.102+0000] {override.py:1829} INFO - Created Permission View: can edit on DAG:example_xcom_args
[2024-06-30T20:03:32.104+0000] {logging_mixin.py:188} INFO - [2024-06-30T20:03:32.104+0000] {dag.py:3096} INFO - Sync 2 DAGs
[2024-06-30T20:03:32.123+0000] {logging_mixin.py:188} INFO - [2024-06-30T20:03:32.123+0000] {dag.py:3118} INFO - Creating ORM DAG for example_xcom_args_with_operators
[2024-06-30T20:03:32.124+0000] {logging_mixin.py:188} INFO - [2024-06-30T20:03:32.124+0000] {dag.py:3118} INFO - Creating ORM DAG for example_xcom_args
[2024-06-30T20:03:32.126+0000] {logging_mixin.py:188} INFO - [2024-06-30T20:03:32.125+0000] {dag.py:3954} INFO - Setting next_dagrun for example_xcom_args to None, run_after=None
[2024-06-30T20:03:32.127+0000] {logging_mixin.py:188} INFO - [2024-06-30T20:03:32.127+0000] {dag.py:3954} INFO - Setting next_dagrun for example_xcom_args_with_operators to None, run_after=None
[2024-06-30T20:03:32.156+0000] {processor.py:183} INFO - Processing /home/airflow/.local/lib/python3.12/site-packages/airflow/example_dags/example_xcomargs.py took 0.335 seconds
[2024-06-30T20:04:02.420+0000] {processor.py:161} INFO - Started process (PID=149) to work on /home/airflow/.local/lib/python3.12/site-packages/airflow/example_dags/example_xcomargs.py
[2024-06-30T20:04:02.421+0000] {processor.py:830} INFO - Processing file /home/airflow/.local/lib/python3.12/site-packages/airflow/example_dags/example_xcomargs.py for tasks to queue
[2024-06-30T20:04:02.424+0000] {logging_mixin.py:188} INFO - [2024-06-30T20:04:02.423+0000] {dagbag.py:545} INFO - Filling up the DagBag from /home/airflow/.local/lib/python3.12/site-packages/airflow/example_dags/example_xcomargs.py
[2024-06-30T20:04:02.433+0000] {processor.py:840} INFO - DAG(s) 'example_xcom_args', 'example_xcom_args_with_operators' retrieved from /home/airflow/.local/lib/python3.12/site-packages/airflow/example_dags/example_xcomargs.py
[2024-06-30T20:04:02.456+0000] {logging_mixin.py:188} INFO - [2024-06-30T20:04:02.456+0000] {dag.py:3096} INFO - Sync 2 DAGs
[2024-06-30T20:04:02.469+0000] {logging_mixin.py:188} INFO - [2024-06-30T20:04:02.469+0000] {dag.py:3954} INFO - Setting next_dagrun for example_xcom_args to None, run_after=None
[2024-06-30T20:04:02.473+0000] {logging_mixin.py:188} INFO - [2024-06-30T20:04:02.473+0000] {dag.py:3954} INFO - Setting next_dagrun for example_xcom_args_with_operators to None, run_after=None
[2024-06-30T20:04:02.491+0000] {processor.py:183} INFO - Processing /home/airflow/.local/lib/python3.12/site-packages/airflow/example_dags/example_xcomargs.py took 0.076 seconds
[2024-06-30T20:04:32.556+0000] {processor.py:161} INFO - Started process (PID=202) to work on /home/airflow/.local/lib/python3.12/site-packages/airflow/example_dags/example_xcomargs.py
[2024-06-30T20:04:32.557+0000] {processor.py:830} INFO - Processing file /home/airflow/.local/lib/python3.12/site-packages/airflow/example_dags/example_xcomargs.py for tasks to queue
[2024-06-30T20:04:32.559+0000] {logging_mixin.py:188} INFO - [2024-06-30T20:04:32.559+0000] {dagbag.py:545} INFO - Filling up the DagBag from /home/airflow/.local/lib/python3.12/site-packages/airflow/example_dags/example_xcomargs.py
[2024-06-30T20:04:32.569+0000] {processor.py:840} INFO - DAG(s) 'example_xcom_args', 'example_xcom_args_with_operators' retrieved from /home/airflow/.local/lib/python3.12/site-packages/airflow/example_dags/example_xcomargs.py
[2024-06-30T20:04:32.592+0000] {logging_mixin.py:188} INFO - [2024-06-30T20:04:32.592+0000] {dag.py:3096} INFO - Sync 2 DAGs
[2024-06-30T20:04:32.604+0000] {logging_mixin.py:188} INFO - [2024-06-30T20:04:32.604+0000] {dag.py:3954} INFO - Setting next_dagrun for example_xcom_args to None, run_after=None
[2024-06-30T20:04:32.607+0000] {logging_mixin.py:188} INFO - [2024-06-30T20:04:32.607+0000] {dag.py:3954} INFO - Setting next_dagrun for example_xcom_args_with_operators to None, run_after=None
[2024-06-30T20:04:32.624+0000] {processor.py:183} INFO - Processing /home/airflow/.local/lib/python3.12/site-packages/airflow/example_dags/example_xcomargs.py took 0.074 seconds
[2024-06-30T20:05:02.737+0000] {processor.py:161} INFO - Started process (PID=255) to work on /home/airflow/.local/lib/python3.12/site-packages/airflow/example_dags/example_xcomargs.py
[2024-06-30T20:05:02.738+0000] {processor.py:830} INFO - Processing file /home/airflow/.local/lib/python3.12/site-packages/airflow/example_dags/example_xcomargs.py for tasks to queue
[2024-06-30T20:05:02.740+0000] {logging_mixin.py:188} INFO - [2024-06-30T20:05:02.740+0000] {dagbag.py:545} INFO - Filling up the DagBag from /home/airflow/.local/lib/python3.12/site-packages/airflow/example_dags/example_xcomargs.py
[2024-06-30T20:05:02.749+0000] {processor.py:840} INFO - DAG(s) 'example_xcom_args', 'example_xcom_args_with_operators' retrieved from /home/airflow/.local/lib/python3.12/site-packages/airflow/example_dags/example_xcomargs.py
[2024-06-30T20:05:02.774+0000] {logging_mixin.py:188} INFO - [2024-06-30T20:05:02.773+0000] {dag.py:3096} INFO - Sync 2 DAGs
[2024-06-30T20:05:02.786+0000] {logging_mixin.py:188} INFO - [2024-06-30T20:05:02.786+0000] {dag.py:3954} INFO - Setting next_dagrun for example_xcom_args to None, run_after=None
[2024-06-30T20:05:02.790+0000] {logging_mixin.py:188} INFO - [2024-06-30T20:05:02.790+0000] {dag.py:3954} INFO - Setting next_dagrun for example_xcom_args_with_operators to None, run_after=None
[2024-06-30T20:05:02.806+0000] {processor.py:183} INFO - Processing /home/airflow/.local/lib/python3.12/site-packages/airflow/example_dags/example_xcomargs.py took 0.075 seconds
[2024-06-30T20:05:33.781+0000] {processor.py:161} INFO - Started process (PID=308) to work on /home/airflow/.local/lib/python3.12/site-packages/airflow/example_dags/example_xcomargs.py
[2024-06-30T20:05:33.783+0000] {processor.py:830} INFO - Processing file /home/airflow/.local/lib/python3.12/site-packages/airflow/example_dags/example_xcomargs.py for tasks to queue
[2024-06-30T20:05:33.788+0000] {logging_mixin.py:188} INFO - [2024-06-30T20:05:33.787+0000] {dagbag.py:545} INFO - Filling up the DagBag from /home/airflow/.local/lib/python3.12/site-packages/airflow/example_dags/example_xcomargs.py
[2024-06-30T20:05:33.818+0000] {processor.py:840} INFO - DAG(s) 'example_xcom_args_with_operators', 'example_xcom_args' retrieved from /home/airflow/.local/lib/python3.12/site-packages/airflow/example_dags/example_xcomargs.py
[2024-06-30T20:05:33.927+0000] {logging_mixin.py:188} INFO - [2024-06-30T20:05:33.926+0000] {dag.py:3096} INFO - Sync 2 DAGs
[2024-06-30T20:05:34.006+0000] {logging_mixin.py:188} INFO - [2024-06-30T20:05:34.005+0000] {dag.py:3954} INFO - Setting next_dagrun for example_xcom_args to None, run_after=None
[2024-06-30T20:05:34.024+0000] {logging_mixin.py:188} INFO - [2024-06-30T20:05:34.023+0000] {dag.py:3954} INFO - Setting next_dagrun for example_xcom_args_with_operators to None, run_after=None
[2024-06-30T20:05:34.106+0000] {processor.py:183} INFO - Processing /home/airflow/.local/lib/python3.12/site-packages/airflow/example_dags/example_xcomargs.py took 0.341 seconds
[2024-06-30T20:06:09.164+0000] {processor.py:161} INFO - Started process (PID=366) to work on /home/airflow/.local/lib/python3.12/site-packages/airflow/example_dags/example_xcomargs.py
[2024-06-30T20:06:09.178+0000] {processor.py:830} INFO - Processing file /home/airflow/.local/lib/python3.12/site-packages/airflow/example_dags/example_xcomargs.py for tasks to queue
[2024-06-30T20:06:09.192+0000] {logging_mixin.py:188} INFO - [2024-06-30T20:06:09.189+0000] {dagbag.py:545} INFO - Filling up the DagBag from /home/airflow/.local/lib/python3.12/site-packages/airflow/example_dags/example_xcomargs.py
[2024-06-30T20:06:09.279+0000] {processor.py:840} INFO - DAG(s) 'example_xcom_args_with_operators', 'example_xcom_args' retrieved from /home/airflow/.local/lib/python3.12/site-packages/airflow/example_dags/example_xcomargs.py
[2024-06-30T20:06:09.525+0000] {logging_mixin.py:188} INFO - [2024-06-30T20:06:09.523+0000] {dag.py:3096} INFO - Sync 2 DAGs
[2024-06-30T20:06:09.633+0000] {logging_mixin.py:188} INFO - [2024-06-30T20:06:09.632+0000] {dag.py:3954} INFO - Setting next_dagrun for example_xcom_args to None, run_after=None
[2024-06-30T20:06:09.677+0000] {logging_mixin.py:188} INFO - [2024-06-30T20:06:09.674+0000] {dag.py:3954} INFO - Setting next_dagrun for example_xcom_args_with_operators to None, run_after=None
[2024-06-30T20:06:09.801+0000] {processor.py:183} INFO - Processing /home/airflow/.local/lib/python3.12/site-packages/airflow/example_dags/example_xcomargs.py took 0.679 seconds
[2024-06-30T20:06:39.969+0000] {processor.py:161} INFO - Started process (PID=418) to work on /home/airflow/.local/lib/python3.12/site-packages/airflow/example_dags/example_xcomargs.py
[2024-06-30T20:06:39.970+0000] {processor.py:830} INFO - Processing file /home/airflow/.local/lib/python3.12/site-packages/airflow/example_dags/example_xcomargs.py for tasks to queue
[2024-06-30T20:06:39.973+0000] {logging_mixin.py:188} INFO - [2024-06-30T20:06:39.972+0000] {dagbag.py:545} INFO - Filling up the DagBag from /home/airflow/.local/lib/python3.12/site-packages/airflow/example_dags/example_xcomargs.py
[2024-06-30T20:06:39.984+0000] {processor.py:840} INFO - DAG(s) 'example_xcom_args_with_operators', 'example_xcom_args' retrieved from /home/airflow/.local/lib/python3.12/site-packages/airflow/example_dags/example_xcomargs.py
[2024-06-30T20:06:40.017+0000] {logging_mixin.py:188} INFO - [2024-06-30T20:06:40.017+0000] {dag.py:3096} INFO - Sync 2 DAGs
[2024-06-30T20:06:40.034+0000] {logging_mixin.py:188} INFO - [2024-06-30T20:06:40.034+0000] {dag.py:3954} INFO - Setting next_dagrun for example_xcom_args to None, run_after=None
[2024-06-30T20:06:40.039+0000] {logging_mixin.py:188} INFO - [2024-06-30T20:06:40.039+0000] {dag.py:3954} INFO - Setting next_dagrun for example_xcom_args_with_operators to None, run_after=None
[2024-06-30T20:06:40.060+0000] {processor.py:183} INFO - Processing /home/airflow/.local/lib/python3.12/site-packages/airflow/example_dags/example_xcomargs.py took 0.100 seconds
[2024-06-30T20:07:10.297+0000] {processor.py:161} INFO - Started process (PID=471) to work on /home/airflow/.local/lib/python3.12/site-packages/airflow/example_dags/example_xcomargs.py
[2024-06-30T20:07:10.299+0000] {processor.py:830} INFO - Processing file /home/airflow/.local/lib/python3.12/site-packages/airflow/example_dags/example_xcomargs.py for tasks to queue
[2024-06-30T20:07:10.302+0000] {logging_mixin.py:188} INFO - [2024-06-30T20:07:10.302+0000] {dagbag.py:545} INFO - Filling up the DagBag from /home/airflow/.local/lib/python3.12/site-packages/airflow/example_dags/example_xcomargs.py
[2024-06-30T20:07:10.321+0000] {processor.py:840} INFO - DAG(s) 'example_xcom_args', 'example_xcom_args_with_operators' retrieved from /home/airflow/.local/lib/python3.12/site-packages/airflow/example_dags/example_xcomargs.py
[2024-06-30T20:07:10.360+0000] {logging_mixin.py:188} INFO - [2024-06-30T20:07:10.360+0000] {dag.py:3096} INFO - Sync 2 DAGs
[2024-06-30T20:07:10.384+0000] {logging_mixin.py:188} INFO - [2024-06-30T20:07:10.383+0000] {dag.py:3954} INFO - Setting next_dagrun for example_xcom_args to None, run_after=None
[2024-06-30T20:07:10.392+0000] {logging_mixin.py:188} INFO - [2024-06-30T20:07:10.392+0000] {dag.py:3954} INFO - Setting next_dagrun for example_xcom_args_with_operators to None, run_after=None
[2024-06-30T20:07:10.423+0000] {processor.py:183} INFO - Processing /home/airflow/.local/lib/python3.12/site-packages/airflow/example_dags/example_xcomargs.py took 0.138 seconds
