[2024-06-30T20:03:25.800+0000] {processor.py:161} INFO - Started process (PID=76) to work on /home/airflow/.local/lib/python3.12/site-packages/airflow/example_dags/example_branch_labels.py
[2024-06-30T20:03:25.802+0000] {processor.py:830} INFO - Processing file /home/airflow/.local/lib/python3.12/site-packages/airflow/example_dags/example_branch_labels.py for tasks to queue
[2024-06-30T20:03:25.805+0000] {logging_mixin.py:188} INFO - [2024-06-30T20:03:25.805+0000] {dagbag.py:545} INFO - Filling up the DagBag from /home/airflow/.local/lib/python3.12/site-packages/airflow/example_dags/example_branch_labels.py
[2024-06-30T20:03:25.822+0000] {processor.py:840} INFO - DAG(s) 'example_branch_labels' retrieved from /home/airflow/.local/lib/python3.12/site-packages/airflow/example_dags/example_branch_labels.py
[2024-06-30T20:03:26.363+0000] {logging_mixin.py:188} INFO - [2024-06-30T20:03:26.362+0000] {override.py:1829} INFO - Created Permission View: can delete on DAG:example_branch_labels
[2024-06-30T20:03:26.378+0000] {logging_mixin.py:188} INFO - [2024-06-30T20:03:26.378+0000] {override.py:1829} INFO - Created Permission View: can read on DAG:example_branch_labels
[2024-06-30T20:03:26.388+0000] {logging_mixin.py:188} INFO - [2024-06-30T20:03:26.388+0000] {override.py:1829} INFO - Created Permission View: can edit on DAG:example_branch_labels
[2024-06-30T20:03:26.390+0000] {logging_mixin.py:188} INFO - [2024-06-30T20:03:26.389+0000] {dag.py:3096} INFO - Sync 1 DAGs
[2024-06-30T20:03:26.405+0000] {logging_mixin.py:188} INFO - [2024-06-30T20:03:26.405+0000] {dag.py:3118} INFO - Creating ORM DAG for example_branch_labels
[2024-06-30T20:03:26.425+0000] {logging_mixin.py:188} INFO - [2024-06-30T20:03:26.425+0000] {dag.py:3954} INFO - Setting next_dagrun for example_branch_labels to 2024-06-29 00:00:00+00:00, run_after=2024-06-30 00:00:00+00:00
[2024-06-30T20:03:26.450+0000] {processor.py:183} INFO - Processing /home/airflow/.local/lib/python3.12/site-packages/airflow/example_dags/example_branch_labels.py took 0.660 seconds
[2024-06-30T20:03:56.952+0000] {processor.py:161} INFO - Started process (PID=129) to work on /home/airflow/.local/lib/python3.12/site-packages/airflow/example_dags/example_branch_labels.py
[2024-06-30T20:03:56.953+0000] {processor.py:830} INFO - Processing file /home/airflow/.local/lib/python3.12/site-packages/airflow/example_dags/example_branch_labels.py for tasks to queue
[2024-06-30T20:03:56.955+0000] {logging_mixin.py:188} INFO - [2024-06-30T20:03:56.954+0000] {dagbag.py:545} INFO - Filling up the DagBag from /home/airflow/.local/lib/python3.12/site-packages/airflow/example_dags/example_branch_labels.py
[2024-06-30T20:03:56.963+0000] {processor.py:840} INFO - DAG(s) 'example_branch_labels' retrieved from /home/airflow/.local/lib/python3.12/site-packages/airflow/example_dags/example_branch_labels.py
[2024-06-30T20:03:56.988+0000] {logging_mixin.py:188} INFO - [2024-06-30T20:03:56.987+0000] {dag.py:3096} INFO - Sync 1 DAGs
[2024-06-30T20:03:57.009+0000] {logging_mixin.py:188} INFO - [2024-06-30T20:03:57.008+0000] {dag.py:3954} INFO - Setting next_dagrun for example_branch_labels to 2024-06-29 00:00:00+00:00, run_after=2024-06-30 00:00:00+00:00
[2024-06-30T20:03:57.027+0000] {processor.py:183} INFO - Processing /home/airflow/.local/lib/python3.12/site-packages/airflow/example_dags/example_branch_labels.py took 0.082 seconds
[2024-06-30T20:04:27.251+0000] {processor.py:161} INFO - Started process (PID=182) to work on /home/airflow/.local/lib/python3.12/site-packages/airflow/example_dags/example_branch_labels.py
[2024-06-30T20:04:27.252+0000] {processor.py:830} INFO - Processing file /home/airflow/.local/lib/python3.12/site-packages/airflow/example_dags/example_branch_labels.py for tasks to queue
[2024-06-30T20:04:27.253+0000] {logging_mixin.py:188} INFO - [2024-06-30T20:04:27.253+0000] {dagbag.py:545} INFO - Filling up the DagBag from /home/airflow/.local/lib/python3.12/site-packages/airflow/example_dags/example_branch_labels.py
[2024-06-30T20:04:27.261+0000] {processor.py:840} INFO - DAG(s) 'example_branch_labels' retrieved from /home/airflow/.local/lib/python3.12/site-packages/airflow/example_dags/example_branch_labels.py
[2024-06-30T20:04:27.283+0000] {logging_mixin.py:188} INFO - [2024-06-30T20:04:27.283+0000] {dag.py:3096} INFO - Sync 1 DAGs
[2024-06-30T20:04:27.303+0000] {logging_mixin.py:188} INFO - [2024-06-30T20:04:27.303+0000] {dag.py:3954} INFO - Setting next_dagrun for example_branch_labels to 2024-06-29 00:00:00+00:00, run_after=2024-06-30 00:00:00+00:00
[2024-06-30T20:04:27.320+0000] {processor.py:183} INFO - Processing /home/airflow/.local/lib/python3.12/site-packages/airflow/example_dags/example_branch_labels.py took 0.074 seconds
[2024-06-30T20:04:57.511+0000] {processor.py:161} INFO - Started process (PID=235) to work on /home/airflow/.local/lib/python3.12/site-packages/airflow/example_dags/example_branch_labels.py
[2024-06-30T20:04:57.512+0000] {processor.py:830} INFO - Processing file /home/airflow/.local/lib/python3.12/site-packages/airflow/example_dags/example_branch_labels.py for tasks to queue
[2024-06-30T20:04:57.514+0000] {logging_mixin.py:188} INFO - [2024-06-30T20:04:57.514+0000] {dagbag.py:545} INFO - Filling up the DagBag from /home/airflow/.local/lib/python3.12/site-packages/airflow/example_dags/example_branch_labels.py
[2024-06-30T20:04:57.523+0000] {processor.py:840} INFO - DAG(s) 'example_branch_labels' retrieved from /home/airflow/.local/lib/python3.12/site-packages/airflow/example_dags/example_branch_labels.py
[2024-06-30T20:04:57.544+0000] {logging_mixin.py:188} INFO - [2024-06-30T20:04:57.544+0000] {dag.py:3096} INFO - Sync 1 DAGs
[2024-06-30T20:04:57.564+0000] {logging_mixin.py:188} INFO - [2024-06-30T20:04:57.564+0000] {dag.py:3954} INFO - Setting next_dagrun for example_branch_labels to 2024-06-29 00:00:00+00:00, run_after=2024-06-30 00:00:00+00:00
[2024-06-30T20:04:57.583+0000] {processor.py:183} INFO - Processing /home/airflow/.local/lib/python3.12/site-packages/airflow/example_dags/example_branch_labels.py took 0.078 seconds
[2024-06-30T20:05:27.989+0000] {processor.py:161} INFO - Started process (PID=288) to work on /home/airflow/.local/lib/python3.12/site-packages/airflow/example_dags/example_branch_labels.py
[2024-06-30T20:05:27.993+0000] {processor.py:830} INFO - Processing file /home/airflow/.local/lib/python3.12/site-packages/airflow/example_dags/example_branch_labels.py for tasks to queue
[2024-06-30T20:05:28.004+0000] {logging_mixin.py:188} INFO - [2024-06-30T20:05:28.003+0000] {dagbag.py:545} INFO - Filling up the DagBag from /home/airflow/.local/lib/python3.12/site-packages/airflow/example_dags/example_branch_labels.py
[2024-06-30T20:05:28.044+0000] {processor.py:840} INFO - DAG(s) 'example_branch_labels' retrieved from /home/airflow/.local/lib/python3.12/site-packages/airflow/example_dags/example_branch_labels.py
[2024-06-30T20:05:28.182+0000] {logging_mixin.py:188} INFO - [2024-06-30T20:05:28.180+0000] {dag.py:3096} INFO - Sync 1 DAGs
[2024-06-30T20:05:28.330+0000] {logging_mixin.py:188} INFO - [2024-06-30T20:05:28.328+0000] {dag.py:3954} INFO - Setting next_dagrun for example_branch_labels to 2024-06-29 00:00:00+00:00, run_after=2024-06-30 00:00:00+00:00
[2024-06-30T20:05:28.428+0000] {processor.py:183} INFO - Processing /home/airflow/.local/lib/python3.12/site-packages/airflow/example_dags/example_branch_labels.py took 0.471 seconds
[2024-06-30T20:06:01.806+0000] {processor.py:161} INFO - Started process (PID=345) to work on /home/airflow/.local/lib/python3.12/site-packages/airflow/example_dags/example_branch_labels.py
[2024-06-30T20:06:01.812+0000] {processor.py:830} INFO - Processing file /home/airflow/.local/lib/python3.12/site-packages/airflow/example_dags/example_branch_labels.py for tasks to queue
[2024-06-30T20:06:01.828+0000] {logging_mixin.py:188} INFO - [2024-06-30T20:06:01.825+0000] {dagbag.py:545} INFO - Filling up the DagBag from /home/airflow/.local/lib/python3.12/site-packages/airflow/example_dags/example_branch_labels.py
[2024-06-30T20:06:01.881+0000] {processor.py:840} INFO - DAG(s) 'example_branch_labels' retrieved from /home/airflow/.local/lib/python3.12/site-packages/airflow/example_dags/example_branch_labels.py
[2024-06-30T20:06:02.029+0000] {logging_mixin.py:188} INFO - [2024-06-30T20:06:02.025+0000] {dag.py:3096} INFO - Sync 1 DAGs
[2024-06-30T20:06:02.185+0000] {logging_mixin.py:188} INFO - [2024-06-30T20:06:02.182+0000] {dag.py:3954} INFO - Setting next_dagrun for example_branch_labels to 2024-06-29 00:00:00+00:00, run_after=2024-06-30 00:00:00+00:00
[2024-06-30T20:06:02.352+0000] {processor.py:183} INFO - Processing /home/airflow/.local/lib/python3.12/site-packages/airflow/example_dags/example_branch_labels.py took 0.598 seconds
[2024-06-30T20:06:33.413+0000] {processor.py:161} INFO - Started process (PID=398) to work on /home/airflow/.local/lib/python3.12/site-packages/airflow/example_dags/example_branch_labels.py
[2024-06-30T20:06:33.420+0000] {processor.py:830} INFO - Processing file /home/airflow/.local/lib/python3.12/site-packages/airflow/example_dags/example_branch_labels.py for tasks to queue
[2024-06-30T20:06:33.444+0000] {logging_mixin.py:188} INFO - [2024-06-30T20:06:33.439+0000] {dagbag.py:545} INFO - Filling up the DagBag from /home/airflow/.local/lib/python3.12/site-packages/airflow/example_dags/example_branch_labels.py
[2024-06-30T20:06:33.526+0000] {processor.py:840} INFO - DAG(s) 'example_branch_labels' retrieved from /home/airflow/.local/lib/python3.12/site-packages/airflow/example_dags/example_branch_labels.py
[2024-06-30T20:06:33.744+0000] {logging_mixin.py:188} INFO - [2024-06-30T20:06:33.741+0000] {dag.py:3096} INFO - Sync 1 DAGs
[2024-06-30T20:06:33.936+0000] {logging_mixin.py:188} INFO - [2024-06-30T20:06:33.930+0000] {dag.py:3954} INFO - Setting next_dagrun for example_branch_labels to 2024-06-29 00:00:00+00:00, run_after=2024-06-30 00:00:00+00:00
[2024-06-30T20:06:34.093+0000] {processor.py:183} INFO - Processing /home/airflow/.local/lib/python3.12/site-packages/airflow/example_dags/example_branch_labels.py took 0.782 seconds
[2024-06-30T20:07:04.685+0000] {processor.py:161} INFO - Started process (PID=451) to work on /home/airflow/.local/lib/python3.12/site-packages/airflow/example_dags/example_branch_labels.py
[2024-06-30T20:07:04.687+0000] {processor.py:830} INFO - Processing file /home/airflow/.local/lib/python3.12/site-packages/airflow/example_dags/example_branch_labels.py for tasks to queue
[2024-06-30T20:07:04.691+0000] {logging_mixin.py:188} INFO - [2024-06-30T20:07:04.690+0000] {dagbag.py:545} INFO - Filling up the DagBag from /home/airflow/.local/lib/python3.12/site-packages/airflow/example_dags/example_branch_labels.py
[2024-06-30T20:07:04.701+0000] {processor.py:840} INFO - DAG(s) 'example_branch_labels' retrieved from /home/airflow/.local/lib/python3.12/site-packages/airflow/example_dags/example_branch_labels.py
[2024-06-30T20:07:04.733+0000] {logging_mixin.py:188} INFO - [2024-06-30T20:07:04.733+0000] {dag.py:3096} INFO - Sync 1 DAGs
[2024-06-30T20:07:04.766+0000] {logging_mixin.py:188} INFO - [2024-06-30T20:07:04.766+0000] {dag.py:3954} INFO - Setting next_dagrun for example_branch_labels to 2024-06-29 00:00:00+00:00, run_after=2024-06-30 00:00:00+00:00
[2024-06-30T20:07:04.799+0000] {processor.py:183} INFO - Processing /home/airflow/.local/lib/python3.12/site-packages/airflow/example_dags/example_branch_labels.py took 0.123 seconds
