[2024-06-30T20:03:30.920+0000] {processor.py:161} INFO - Started process (PID=93) to work on /home/airflow/.local/lib/python3.12/site-packages/airflow/example_dags/example_params_trigger_ui.py
[2024-06-30T20:03:30.923+0000] {processor.py:830} INFO - Processing file /home/airflow/.local/lib/python3.12/site-packages/airflow/example_dags/example_params_trigger_ui.py for tasks to queue
[2024-06-30T20:03:30.926+0000] {logging_mixin.py:188} INFO - [2024-06-30T20:03:30.926+0000] {dagbag.py:545} INFO - Filling up the DagBag from /home/airflow/.local/lib/python3.12/site-packages/airflow/example_dags/example_params_trigger_ui.py
[2024-06-30T20:03:30.961+0000] {processor.py:840} INFO - DAG(s) 'example_params_trigger_ui' retrieved from /home/airflow/.local/lib/python3.12/site-packages/airflow/example_dags/example_params_trigger_ui.py
[2024-06-30T20:03:31.207+0000] {logging_mixin.py:188} INFO - [2024-06-30T20:03:31.205+0000] {override.py:1829} INFO - Created Permission View: can delete on DAG:example_params_trigger_ui
[2024-06-30T20:03:31.229+0000] {logging_mixin.py:188} INFO - [2024-06-30T20:03:31.228+0000] {override.py:1829} INFO - Created Permission View: can read on DAG:example_params_trigger_ui
[2024-06-30T20:03:31.246+0000] {logging_mixin.py:188} INFO - [2024-06-30T20:03:31.245+0000] {override.py:1829} INFO - Created Permission View: can edit on DAG:example_params_trigger_ui
[2024-06-30T20:03:31.247+0000] {logging_mixin.py:188} INFO - [2024-06-30T20:03:31.246+0000] {dag.py:3096} INFO - Sync 1 DAGs
[2024-06-30T20:03:31.284+0000] {logging_mixin.py:188} INFO - [2024-06-30T20:03:31.284+0000] {dag.py:3118} INFO - Creating ORM DAG for example_params_trigger_ui
[2024-06-30T20:03:31.287+0000] {logging_mixin.py:188} INFO - [2024-06-30T20:03:31.286+0000] {dag.py:3954} INFO - Setting next_dagrun for example_params_trigger_ui to None, run_after=None
[2024-06-30T20:03:31.327+0000] {processor.py:183} INFO - Processing /home/airflow/.local/lib/python3.12/site-packages/airflow/example_dags/example_params_trigger_ui.py took 0.417 seconds
[2024-06-30T20:04:02.292+0000] {processor.py:161} INFO - Started process (PID=146) to work on /home/airflow/.local/lib/python3.12/site-packages/airflow/example_dags/example_params_trigger_ui.py
[2024-06-30T20:04:02.293+0000] {processor.py:830} INFO - Processing file /home/airflow/.local/lib/python3.12/site-packages/airflow/example_dags/example_params_trigger_ui.py for tasks to queue
[2024-06-30T20:04:02.295+0000] {logging_mixin.py:188} INFO - [2024-06-30T20:04:02.295+0000] {dagbag.py:545} INFO - Filling up the DagBag from /home/airflow/.local/lib/python3.12/site-packages/airflow/example_dags/example_params_trigger_ui.py
[2024-06-30T20:04:02.310+0000] {processor.py:840} INFO - DAG(s) 'example_params_trigger_ui' retrieved from /home/airflow/.local/lib/python3.12/site-packages/airflow/example_dags/example_params_trigger_ui.py
[2024-06-30T20:04:02.351+0000] {logging_mixin.py:188} INFO - [2024-06-30T20:04:02.350+0000] {dag.py:3096} INFO - Sync 1 DAGs
[2024-06-30T20:04:02.365+0000] {logging_mixin.py:188} INFO - [2024-06-30T20:04:02.364+0000] {dag.py:3954} INFO - Setting next_dagrun for example_params_trigger_ui to None, run_after=None
[2024-06-30T20:04:02.388+0000] {processor.py:183} INFO - Processing /home/airflow/.local/lib/python3.12/site-packages/airflow/example_dags/example_params_trigger_ui.py took 0.103 seconds
[2024-06-30T20:04:32.436+0000] {processor.py:161} INFO - Started process (PID=199) to work on /home/airflow/.local/lib/python3.12/site-packages/airflow/example_dags/example_params_trigger_ui.py
[2024-06-30T20:04:32.437+0000] {processor.py:830} INFO - Processing file /home/airflow/.local/lib/python3.12/site-packages/airflow/example_dags/example_params_trigger_ui.py for tasks to queue
[2024-06-30T20:04:32.439+0000] {logging_mixin.py:188} INFO - [2024-06-30T20:04:32.439+0000] {dagbag.py:545} INFO - Filling up the DagBag from /home/airflow/.local/lib/python3.12/site-packages/airflow/example_dags/example_params_trigger_ui.py
[2024-06-30T20:04:32.453+0000] {processor.py:840} INFO - DAG(s) 'example_params_trigger_ui' retrieved from /home/airflow/.local/lib/python3.12/site-packages/airflow/example_dags/example_params_trigger_ui.py
[2024-06-30T20:04:32.492+0000] {logging_mixin.py:188} INFO - [2024-06-30T20:04:32.492+0000] {dag.py:3096} INFO - Sync 1 DAGs
[2024-06-30T20:04:32.504+0000] {logging_mixin.py:188} INFO - [2024-06-30T20:04:32.504+0000] {dag.py:3954} INFO - Setting next_dagrun for example_params_trigger_ui to None, run_after=None
[2024-06-30T20:04:32.523+0000] {processor.py:183} INFO - Processing /home/airflow/.local/lib/python3.12/site-packages/airflow/example_dags/example_params_trigger_ui.py took 0.093 seconds
[2024-06-30T20:05:02.613+0000] {processor.py:161} INFO - Started process (PID=252) to work on /home/airflow/.local/lib/python3.12/site-packages/airflow/example_dags/example_params_trigger_ui.py
[2024-06-30T20:05:02.615+0000] {processor.py:830} INFO - Processing file /home/airflow/.local/lib/python3.12/site-packages/airflow/example_dags/example_params_trigger_ui.py for tasks to queue
[2024-06-30T20:05:02.617+0000] {logging_mixin.py:188} INFO - [2024-06-30T20:05:02.617+0000] {dagbag.py:545} INFO - Filling up the DagBag from /home/airflow/.local/lib/python3.12/site-packages/airflow/example_dags/example_params_trigger_ui.py
[2024-06-30T20:05:02.632+0000] {processor.py:840} INFO - DAG(s) 'example_params_trigger_ui' retrieved from /home/airflow/.local/lib/python3.12/site-packages/airflow/example_dags/example_params_trigger_ui.py
[2024-06-30T20:05:02.674+0000] {logging_mixin.py:188} INFO - [2024-06-30T20:05:02.673+0000] {dag.py:3096} INFO - Sync 1 DAGs
[2024-06-30T20:05:02.686+0000] {logging_mixin.py:188} INFO - [2024-06-30T20:05:02.686+0000] {dag.py:3954} INFO - Setting next_dagrun for example_params_trigger_ui to None, run_after=None
[2024-06-30T20:05:02.705+0000] {processor.py:183} INFO - Processing /home/airflow/.local/lib/python3.12/site-packages/airflow/example_dags/example_params_trigger_ui.py took 0.097 seconds
[2024-06-30T20:05:33.023+0000] {processor.py:161} INFO - Started process (PID=305) to work on /home/airflow/.local/lib/python3.12/site-packages/airflow/example_dags/example_params_trigger_ui.py
[2024-06-30T20:05:33.026+0000] {processor.py:830} INFO - Processing file /home/airflow/.local/lib/python3.12/site-packages/airflow/example_dags/example_params_trigger_ui.py for tasks to queue
[2024-06-30T20:05:33.033+0000] {logging_mixin.py:188} INFO - [2024-06-30T20:05:33.032+0000] {dagbag.py:545} INFO - Filling up the DagBag from /home/airflow/.local/lib/python3.12/site-packages/airflow/example_dags/example_params_trigger_ui.py
[2024-06-30T20:05:33.080+0000] {processor.py:840} INFO - DAG(s) 'example_params_trigger_ui' retrieved from /home/airflow/.local/lib/python3.12/site-packages/airflow/example_dags/example_params_trigger_ui.py
[2024-06-30T20:05:33.249+0000] {logging_mixin.py:188} INFO - [2024-06-30T20:05:33.248+0000] {dag.py:3096} INFO - Sync 1 DAGs
[2024-06-30T20:05:33.298+0000] {logging_mixin.py:188} INFO - [2024-06-30T20:05:33.297+0000] {dag.py:3954} INFO - Setting next_dagrun for example_params_trigger_ui to None, run_after=None
[2024-06-30T20:05:33.368+0000] {processor.py:183} INFO - Processing /home/airflow/.local/lib/python3.12/site-packages/airflow/example_dags/example_params_trigger_ui.py took 0.366 seconds
[2024-06-30T20:06:07.925+0000] {processor.py:161} INFO - Started process (PID=362) to work on /home/airflow/.local/lib/python3.12/site-packages/airflow/example_dags/example_params_trigger_ui.py
[2024-06-30T20:06:07.933+0000] {processor.py:830} INFO - Processing file /home/airflow/.local/lib/python3.12/site-packages/airflow/example_dags/example_params_trigger_ui.py for tasks to queue
[2024-06-30T20:06:07.948+0000] {logging_mixin.py:188} INFO - [2024-06-30T20:06:07.945+0000] {dagbag.py:545} INFO - Filling up the DagBag from /home/airflow/.local/lib/python3.12/site-packages/airflow/example_dags/example_params_trigger_ui.py
[2024-06-30T20:06:08.046+0000] {processor.py:840} INFO - DAG(s) 'example_params_trigger_ui' retrieved from /home/airflow/.local/lib/python3.12/site-packages/airflow/example_dags/example_params_trigger_ui.py
[2024-06-30T20:06:08.270+0000] {logging_mixin.py:188} INFO - [2024-06-30T20:06:08.268+0000] {dag.py:3096} INFO - Sync 1 DAGs
[2024-06-30T20:06:08.334+0000] {logging_mixin.py:188} INFO - [2024-06-30T20:06:08.333+0000] {dag.py:3954} INFO - Setting next_dagrun for example_params_trigger_ui to None, run_after=None
[2024-06-30T20:06:08.413+0000] {processor.py:183} INFO - Processing /home/airflow/.local/lib/python3.12/site-packages/airflow/example_dags/example_params_trigger_ui.py took 0.528 seconds
[2024-06-30T20:06:38.617+0000] {processor.py:161} INFO - Started process (PID=415) to work on /home/airflow/.local/lib/python3.12/site-packages/airflow/example_dags/example_params_trigger_ui.py
[2024-06-30T20:06:38.618+0000] {processor.py:830} INFO - Processing file /home/airflow/.local/lib/python3.12/site-packages/airflow/example_dags/example_params_trigger_ui.py for tasks to queue
[2024-06-30T20:06:38.621+0000] {logging_mixin.py:188} INFO - [2024-06-30T20:06:38.621+0000] {dagbag.py:545} INFO - Filling up the DagBag from /home/airflow/.local/lib/python3.12/site-packages/airflow/example_dags/example_params_trigger_ui.py
[2024-06-30T20:06:38.641+0000] {processor.py:840} INFO - DAG(s) 'example_params_trigger_ui' retrieved from /home/airflow/.local/lib/python3.12/site-packages/airflow/example_dags/example_params_trigger_ui.py
[2024-06-30T20:06:38.696+0000] {logging_mixin.py:188} INFO - [2024-06-30T20:06:38.696+0000] {dag.py:3096} INFO - Sync 1 DAGs
[2024-06-30T20:06:38.713+0000] {logging_mixin.py:188} INFO - [2024-06-30T20:06:38.713+0000] {dag.py:3954} INFO - Setting next_dagrun for example_params_trigger_ui to None, run_after=None
[2024-06-30T20:06:38.739+0000] {processor.py:183} INFO - Processing /home/airflow/.local/lib/python3.12/site-packages/airflow/example_dags/example_params_trigger_ui.py took 0.130 seconds
[2024-06-30T20:07:09.078+0000] {processor.py:161} INFO - Started process (PID=468) to work on /home/airflow/.local/lib/python3.12/site-packages/airflow/example_dags/example_params_trigger_ui.py
[2024-06-30T20:07:09.079+0000] {processor.py:830} INFO - Processing file /home/airflow/.local/lib/python3.12/site-packages/airflow/example_dags/example_params_trigger_ui.py for tasks to queue
[2024-06-30T20:07:09.082+0000] {logging_mixin.py:188} INFO - [2024-06-30T20:07:09.081+0000] {dagbag.py:545} INFO - Filling up the DagBag from /home/airflow/.local/lib/python3.12/site-packages/airflow/example_dags/example_params_trigger_ui.py
[2024-06-30T20:07:09.100+0000] {processor.py:840} INFO - DAG(s) 'example_params_trigger_ui' retrieved from /home/airflow/.local/lib/python3.12/site-packages/airflow/example_dags/example_params_trigger_ui.py
[2024-06-30T20:07:09.161+0000] {logging_mixin.py:188} INFO - [2024-06-30T20:07:09.161+0000] {dag.py:3096} INFO - Sync 1 DAGs
[2024-06-30T20:07:09.178+0000] {logging_mixin.py:188} INFO - [2024-06-30T20:07:09.177+0000] {dag.py:3954} INFO - Setting next_dagrun for example_params_trigger_ui to None, run_after=None
[2024-06-30T20:07:09.222+0000] {processor.py:183} INFO - Processing /home/airflow/.local/lib/python3.12/site-packages/airflow/example_dags/example_params_trigger_ui.py took 0.150 seconds
