[2024-06-30T20:03:21.278+0000] {processor.py:161} INFO - Started process (PID=62) to work on /home/airflow/.local/lib/python3.12/site-packages/airflow/example_dags/example_subdag_operator.py
[2024-06-30T20:03:21.281+0000] {processor.py:830} INFO - Processing file /home/airflow/.local/lib/python3.12/site-packages/airflow/example_dags/example_subdag_operator.py for tasks to queue
[2024-06-30T20:03:21.286+0000] {logging_mixin.py:188} INFO - [2024-06-30T20:03:21.285+0000] {dagbag.py:545} INFO - Filling up the DagBag from /home/airflow/.local/lib/python3.12/site-packages/airflow/example_dags/example_subdag_operator.py
[2024-06-30T20:03:21.334+0000] {processor.py:840} INFO - DAG(s) 'example_subdag_operator.section-1', 'example_subdag_operator.section-2', 'example_subdag_operator' retrieved from /home/airflow/.local/lib/python3.12/site-packages/airflow/example_dags/example_subdag_operator.py
[2024-06-30T20:03:21.857+0000] {logging_mixin.py:188} INFO - [2024-06-30T20:03:21.855+0000] {override.py:1829} INFO - Created Permission View: can delete on DAG:example_subdag_operator
[2024-06-30T20:03:21.874+0000] {logging_mixin.py:188} INFO - [2024-06-30T20:03:21.874+0000] {override.py:1829} INFO - Created Permission View: can read on DAG:example_subdag_operator
[2024-06-30T20:03:21.885+0000] {logging_mixin.py:188} INFO - [2024-06-30T20:03:21.885+0000] {override.py:1829} INFO - Created Permission View: can edit on DAG:example_subdag_operator
[2024-06-30T20:03:21.887+0000] {logging_mixin.py:188} INFO - [2024-06-30T20:03:21.886+0000] {dag.py:3096} INFO - Sync 3 DAGs
[2024-06-30T20:03:21.903+0000] {logging_mixin.py:188} INFO - [2024-06-30T20:03:21.902+0000] {dag.py:3118} INFO - Creating ORM DAG for example_subdag_operator.section-2
[2024-06-30T20:03:21.904+0000] {logging_mixin.py:188} INFO - [2024-06-30T20:03:21.904+0000] {dag.py:3118} INFO - Creating ORM DAG for example_subdag_operator.section-1
[2024-06-30T20:03:21.905+0000] {logging_mixin.py:188} INFO - [2024-06-30T20:03:21.905+0000] {dag.py:3118} INFO - Creating ORM DAG for example_subdag_operator
[2024-06-30T20:03:21.919+0000] {logging_mixin.py:188} INFO - [2024-06-30T20:03:21.919+0000] {dag.py:3954} INFO - Setting next_dagrun for example_subdag_operator to 2022-01-01 00:00:00+00:00, run_after=2022-01-01 00:00:00+00:00
[2024-06-30T20:03:21.921+0000] {logging_mixin.py:188} INFO - [2024-06-30T20:03:21.920+0000] {dag.py:3954} INFO - Setting next_dagrun for example_subdag_operator.section-1 to None, run_after=None
[2024-06-30T20:03:21.922+0000] {logging_mixin.py:188} INFO - [2024-06-30T20:03:21.921+0000] {dag.py:3954} INFO - Setting next_dagrun for example_subdag_operator.section-2 to None, run_after=None
[2024-06-30T20:03:21.937+0000] {logging_mixin.py:188} INFO - [2024-06-30T20:03:21.936+0000] {dag.py:3096} INFO - Sync 2 DAGs
[2024-06-30T20:03:21.944+0000] {logging_mixin.py:188} INFO - [2024-06-30T20:03:21.944+0000] {dag.py:3954} INFO - Setting next_dagrun for example_subdag_operator.section-1 to None, run_after=None
[2024-06-30T20:03:21.949+0000] {logging_mixin.py:188} INFO - [2024-06-30T20:03:21.949+0000] {dag.py:3954} INFO - Setting next_dagrun for example_subdag_operator.section-2 to None, run_after=None
[2024-06-30T20:03:21.972+0000] {processor.py:183} INFO - Processing /home/airflow/.local/lib/python3.12/site-packages/airflow/example_dags/example_subdag_operator.py took 0.711 seconds
[2024-06-30T20:03:52.227+0000] {processor.py:161} INFO - Started process (PID=115) to work on /home/airflow/.local/lib/python3.12/site-packages/airflow/example_dags/example_subdag_operator.py
[2024-06-30T20:03:52.228+0000] {processor.py:830} INFO - Processing file /home/airflow/.local/lib/python3.12/site-packages/airflow/example_dags/example_subdag_operator.py for tasks to queue
[2024-06-30T20:03:52.231+0000] {logging_mixin.py:188} INFO - [2024-06-30T20:03:52.230+0000] {dagbag.py:545} INFO - Filling up the DagBag from /home/airflow/.local/lib/python3.12/site-packages/airflow/example_dags/example_subdag_operator.py
[2024-06-30T20:03:52.254+0000] {processor.py:840} INFO - DAG(s) 'example_subdag_operator.section-1', 'example_subdag_operator.section-2', 'example_subdag_operator' retrieved from /home/airflow/.local/lib/python3.12/site-packages/airflow/example_dags/example_subdag_operator.py
[2024-06-30T20:03:52.272+0000] {logging_mixin.py:188} INFO - [2024-06-30T20:03:52.272+0000] {dag.py:3096} INFO - Sync 3 DAGs
[2024-06-30T20:03:52.294+0000] {logging_mixin.py:188} INFO - [2024-06-30T20:03:52.293+0000] {dag.py:3954} INFO - Setting next_dagrun for example_subdag_operator to 2022-01-01 00:00:00+00:00, run_after=2022-01-01 00:00:00+00:00
[2024-06-30T20:03:52.298+0000] {logging_mixin.py:188} INFO - [2024-06-30T20:03:52.298+0000] {dag.py:3954} INFO - Setting next_dagrun for example_subdag_operator.section-1 to None, run_after=None
[2024-06-30T20:03:52.299+0000] {logging_mixin.py:188} INFO - [2024-06-30T20:03:52.299+0000] {dag.py:3954} INFO - Setting next_dagrun for example_subdag_operator.section-2 to None, run_after=None
[2024-06-30T20:03:52.306+0000] {logging_mixin.py:188} INFO - [2024-06-30T20:03:52.306+0000] {dag.py:3096} INFO - Sync 2 DAGs
[2024-06-30T20:03:52.311+0000] {logging_mixin.py:188} INFO - [2024-06-30T20:03:52.310+0000] {dag.py:3954} INFO - Setting next_dagrun for example_subdag_operator.section-1 to None, run_after=None
[2024-06-30T20:03:52.311+0000] {logging_mixin.py:188} INFO - [2024-06-30T20:03:52.311+0000] {dag.py:3954} INFO - Setting next_dagrun for example_subdag_operator.section-2 to None, run_after=None
[2024-06-30T20:03:52.324+0000] {processor.py:183} INFO - Processing /home/airflow/.local/lib/python3.12/site-packages/airflow/example_dags/example_subdag_operator.py took 0.104 seconds
[2024-06-30T20:04:22.458+0000] {processor.py:161} INFO - Started process (PID=168) to work on /home/airflow/.local/lib/python3.12/site-packages/airflow/example_dags/example_subdag_operator.py
[2024-06-30T20:04:22.459+0000] {processor.py:830} INFO - Processing file /home/airflow/.local/lib/python3.12/site-packages/airflow/example_dags/example_subdag_operator.py for tasks to queue
[2024-06-30T20:04:22.461+0000] {logging_mixin.py:188} INFO - [2024-06-30T20:04:22.461+0000] {dagbag.py:545} INFO - Filling up the DagBag from /home/airflow/.local/lib/python3.12/site-packages/airflow/example_dags/example_subdag_operator.py
[2024-06-30T20:04:22.485+0000] {processor.py:840} INFO - DAG(s) 'example_subdag_operator.section-1', 'example_subdag_operator.section-2', 'example_subdag_operator' retrieved from /home/airflow/.local/lib/python3.12/site-packages/airflow/example_dags/example_subdag_operator.py
[2024-06-30T20:04:22.502+0000] {logging_mixin.py:188} INFO - [2024-06-30T20:04:22.502+0000] {dag.py:3096} INFO - Sync 3 DAGs
[2024-06-30T20:04:22.526+0000] {logging_mixin.py:188} INFO - [2024-06-30T20:04:22.525+0000] {dag.py:3954} INFO - Setting next_dagrun for example_subdag_operator to 2022-01-01 00:00:00+00:00, run_after=2022-01-01 00:00:00+00:00
[2024-06-30T20:04:22.530+0000] {logging_mixin.py:188} INFO - [2024-06-30T20:04:22.529+0000] {dag.py:3954} INFO - Setting next_dagrun for example_subdag_operator.section-1 to None, run_after=None
[2024-06-30T20:04:22.531+0000] {logging_mixin.py:188} INFO - [2024-06-30T20:04:22.531+0000] {dag.py:3954} INFO - Setting next_dagrun for example_subdag_operator.section-2 to None, run_after=None
[2024-06-30T20:04:22.538+0000] {logging_mixin.py:188} INFO - [2024-06-30T20:04:22.538+0000] {dag.py:3096} INFO - Sync 2 DAGs
[2024-06-30T20:04:22.543+0000] {logging_mixin.py:188} INFO - [2024-06-30T20:04:22.543+0000] {dag.py:3954} INFO - Setting next_dagrun for example_subdag_operator.section-1 to None, run_after=None
[2024-06-30T20:04:22.544+0000] {logging_mixin.py:188} INFO - [2024-06-30T20:04:22.544+0000] {dag.py:3954} INFO - Setting next_dagrun for example_subdag_operator.section-2 to None, run_after=None
[2024-06-30T20:04:22.558+0000] {processor.py:183} INFO - Processing /home/airflow/.local/lib/python3.12/site-packages/airflow/example_dags/example_subdag_operator.py took 0.106 seconds
[2024-06-30T20:04:52.705+0000] {processor.py:161} INFO - Started process (PID=221) to work on /home/airflow/.local/lib/python3.12/site-packages/airflow/example_dags/example_subdag_operator.py
[2024-06-30T20:04:52.706+0000] {processor.py:830} INFO - Processing file /home/airflow/.local/lib/python3.12/site-packages/airflow/example_dags/example_subdag_operator.py for tasks to queue
[2024-06-30T20:04:52.709+0000] {logging_mixin.py:188} INFO - [2024-06-30T20:04:52.708+0000] {dagbag.py:545} INFO - Filling up the DagBag from /home/airflow/.local/lib/python3.12/site-packages/airflow/example_dags/example_subdag_operator.py
[2024-06-30T20:04:52.734+0000] {processor.py:840} INFO - DAG(s) 'example_subdag_operator.section-1', 'example_subdag_operator.section-2', 'example_subdag_operator' retrieved from /home/airflow/.local/lib/python3.12/site-packages/airflow/example_dags/example_subdag_operator.py
[2024-06-30T20:04:52.751+0000] {logging_mixin.py:188} INFO - [2024-06-30T20:04:52.751+0000] {dag.py:3096} INFO - Sync 3 DAGs
[2024-06-30T20:04:52.775+0000] {logging_mixin.py:188} INFO - [2024-06-30T20:04:52.775+0000] {dag.py:3954} INFO - Setting next_dagrun for example_subdag_operator to 2022-01-01 00:00:00+00:00, run_after=2022-01-01 00:00:00+00:00
[2024-06-30T20:04:52.779+0000] {logging_mixin.py:188} INFO - [2024-06-30T20:04:52.779+0000] {dag.py:3954} INFO - Setting next_dagrun for example_subdag_operator.section-1 to None, run_after=None
[2024-06-30T20:04:52.780+0000] {logging_mixin.py:188} INFO - [2024-06-30T20:04:52.780+0000] {dag.py:3954} INFO - Setting next_dagrun for example_subdag_operator.section-2 to None, run_after=None
[2024-06-30T20:04:52.787+0000] {logging_mixin.py:188} INFO - [2024-06-30T20:04:52.787+0000] {dag.py:3096} INFO - Sync 2 DAGs
[2024-06-30T20:04:52.791+0000] {logging_mixin.py:188} INFO - [2024-06-30T20:04:52.791+0000] {dag.py:3954} INFO - Setting next_dagrun for example_subdag_operator.section-1 to None, run_after=None
[2024-06-30T20:04:52.792+0000] {logging_mixin.py:188} INFO - [2024-06-30T20:04:52.792+0000] {dag.py:3954} INFO - Setting next_dagrun for example_subdag_operator.section-2 to None, run_after=None
[2024-06-30T20:04:52.802+0000] {processor.py:183} INFO - Processing /home/airflow/.local/lib/python3.12/site-packages/airflow/example_dags/example_subdag_operator.py took 0.104 seconds
[2024-06-30T20:05:23.352+0000] {processor.py:161} INFO - Started process (PID=274) to work on /home/airflow/.local/lib/python3.12/site-packages/airflow/example_dags/example_subdag_operator.py
[2024-06-30T20:05:23.356+0000] {processor.py:830} INFO - Processing file /home/airflow/.local/lib/python3.12/site-packages/airflow/example_dags/example_subdag_operator.py for tasks to queue
[2024-06-30T20:05:23.364+0000] {logging_mixin.py:188} INFO - [2024-06-30T20:05:23.363+0000] {dagbag.py:545} INFO - Filling up the DagBag from /home/airflow/.local/lib/python3.12/site-packages/airflow/example_dags/example_subdag_operator.py
[2024-06-30T20:05:23.464+0000] {processor.py:840} INFO - DAG(s) 'example_subdag_operator.section-1', 'example_subdag_operator.section-2', 'example_subdag_operator' retrieved from /home/airflow/.local/lib/python3.12/site-packages/airflow/example_dags/example_subdag_operator.py
[2024-06-30T20:05:23.534+0000] {logging_mixin.py:188} INFO - [2024-06-30T20:05:23.532+0000] {dag.py:3096} INFO - Sync 3 DAGs
[2024-06-30T20:05:23.619+0000] {logging_mixin.py:188} INFO - [2024-06-30T20:05:23.618+0000] {dag.py:3954} INFO - Setting next_dagrun for example_subdag_operator to 2022-01-01 00:00:00+00:00, run_after=2022-01-01 00:00:00+00:00
[2024-06-30T20:05:23.634+0000] {logging_mixin.py:188} INFO - [2024-06-30T20:05:23.633+0000] {dag.py:3954} INFO - Setting next_dagrun for example_subdag_operator.section-1 to None, run_after=None
[2024-06-30T20:05:23.639+0000] {logging_mixin.py:188} INFO - [2024-06-30T20:05:23.639+0000] {dag.py:3954} INFO - Setting next_dagrun for example_subdag_operator.section-2 to None, run_after=None
[2024-06-30T20:05:23.667+0000] {logging_mixin.py:188} INFO - [2024-06-30T20:05:23.666+0000] {dag.py:3096} INFO - Sync 2 DAGs
[2024-06-30T20:05:23.686+0000] {logging_mixin.py:188} INFO - [2024-06-30T20:05:23.686+0000] {dag.py:3954} INFO - Setting next_dagrun for example_subdag_operator.section-1 to None, run_after=None
[2024-06-30T20:05:23.689+0000] {logging_mixin.py:188} INFO - [2024-06-30T20:05:23.688+0000] {dag.py:3954} INFO - Setting next_dagrun for example_subdag_operator.section-2 to None, run_after=None
[2024-06-30T20:05:23.725+0000] {processor.py:183} INFO - Processing /home/airflow/.local/lib/python3.12/site-packages/airflow/example_dags/example_subdag_operator.py took 0.403 seconds
[2024-06-30T20:05:55.372+0000] {processor.py:161} INFO - Started process (PID=331) to work on /home/airflow/.local/lib/python3.12/site-packages/airflow/example_dags/example_subdag_operator.py
[2024-06-30T20:05:55.377+0000] {processor.py:830} INFO - Processing file /home/airflow/.local/lib/python3.12/site-packages/airflow/example_dags/example_subdag_operator.py for tasks to queue
[2024-06-30T20:05:55.392+0000] {logging_mixin.py:188} INFO - [2024-06-30T20:05:55.390+0000] {dagbag.py:545} INFO - Filling up the DagBag from /home/airflow/.local/lib/python3.12/site-packages/airflow/example_dags/example_subdag_operator.py
[2024-06-30T20:05:55.589+0000] {processor.py:840} INFO - DAG(s) 'example_subdag_operator.section-1', 'example_subdag_operator.section-2', 'example_subdag_operator' retrieved from /home/airflow/.local/lib/python3.12/site-packages/airflow/example_dags/example_subdag_operator.py
[2024-06-30T20:05:55.732+0000] {logging_mixin.py:188} INFO - [2024-06-30T20:05:55.728+0000] {dag.py:3096} INFO - Sync 3 DAGs
[2024-06-30T20:05:55.897+0000] {logging_mixin.py:188} INFO - [2024-06-30T20:05:55.895+0000] {dag.py:3954} INFO - Setting next_dagrun for example_subdag_operator to 2022-01-01 00:00:00+00:00, run_after=2022-01-01 00:00:00+00:00
[2024-06-30T20:05:55.920+0000] {logging_mixin.py:188} INFO - [2024-06-30T20:05:55.919+0000] {dag.py:3954} INFO - Setting next_dagrun for example_subdag_operator.section-1 to None, run_after=None
[2024-06-30T20:05:55.927+0000] {logging_mixin.py:188} INFO - [2024-06-30T20:05:55.925+0000] {dag.py:3954} INFO - Setting next_dagrun for example_subdag_operator.section-2 to None, run_after=None
[2024-06-30T20:05:55.975+0000] {logging_mixin.py:188} INFO - [2024-06-30T20:05:55.974+0000] {dag.py:3096} INFO - Sync 2 DAGs
[2024-06-30T20:05:56.010+0000] {logging_mixin.py:188} INFO - [2024-06-30T20:05:56.009+0000] {dag.py:3954} INFO - Setting next_dagrun for example_subdag_operator.section-1 to None, run_after=None
[2024-06-30T20:05:56.014+0000] {logging_mixin.py:188} INFO - [2024-06-30T20:05:56.013+0000] {dag.py:3954} INFO - Setting next_dagrun for example_subdag_operator.section-2 to None, run_after=None
[2024-06-30T20:05:56.076+0000] {processor.py:183} INFO - Processing /home/airflow/.local/lib/python3.12/site-packages/airflow/example_dags/example_subdag_operator.py took 0.747 seconds
[2024-06-30T20:06:26.703+0000] {processor.py:161} INFO - Started process (PID=384) to work on /home/airflow/.local/lib/python3.12/site-packages/airflow/example_dags/example_subdag_operator.py
[2024-06-30T20:06:26.705+0000] {processor.py:830} INFO - Processing file /home/airflow/.local/lib/python3.12/site-packages/airflow/example_dags/example_subdag_operator.py for tasks to queue
[2024-06-30T20:06:26.709+0000] {logging_mixin.py:188} INFO - [2024-06-30T20:06:26.709+0000] {dagbag.py:545} INFO - Filling up the DagBag from /home/airflow/.local/lib/python3.12/site-packages/airflow/example_dags/example_subdag_operator.py
[2024-06-30T20:06:26.753+0000] {processor.py:840} INFO - DAG(s) 'example_subdag_operator.section-1', 'example_subdag_operator.section-2', 'example_subdag_operator' retrieved from /home/airflow/.local/lib/python3.12/site-packages/airflow/example_dags/example_subdag_operator.py
[2024-06-30T20:06:26.781+0000] {logging_mixin.py:188} INFO - [2024-06-30T20:06:26.780+0000] {dag.py:3096} INFO - Sync 3 DAGs
[2024-06-30T20:06:26.819+0000] {logging_mixin.py:188} INFO - [2024-06-30T20:06:26.819+0000] {dag.py:3954} INFO - Setting next_dagrun for example_subdag_operator to 2022-01-01 00:00:00+00:00, run_after=2022-01-01 00:00:00+00:00
[2024-06-30T20:06:26.826+0000] {logging_mixin.py:188} INFO - [2024-06-30T20:06:26.826+0000] {dag.py:3954} INFO - Setting next_dagrun for example_subdag_operator.section-1 to None, run_after=None
[2024-06-30T20:06:26.829+0000] {logging_mixin.py:188} INFO - [2024-06-30T20:06:26.829+0000] {dag.py:3954} INFO - Setting next_dagrun for example_subdag_operator.section-2 to None, run_after=None
[2024-06-30T20:06:26.841+0000] {logging_mixin.py:188} INFO - [2024-06-30T20:06:26.841+0000] {dag.py:3096} INFO - Sync 2 DAGs
[2024-06-30T20:06:26.849+0000] {logging_mixin.py:188} INFO - [2024-06-30T20:06:26.849+0000] {dag.py:3954} INFO - Setting next_dagrun for example_subdag_operator.section-1 to None, run_after=None
[2024-06-30T20:06:26.851+0000] {logging_mixin.py:188} INFO - [2024-06-30T20:06:26.850+0000] {dag.py:3954} INFO - Setting next_dagrun for example_subdag_operator.section-2 to None, run_after=None
[2024-06-30T20:06:26.870+0000] {processor.py:183} INFO - Processing /home/airflow/.local/lib/python3.12/site-packages/airflow/example_dags/example_subdag_operator.py took 0.181 seconds
[2024-06-30T20:06:57.387+0000] {processor.py:161} INFO - Started process (PID=437) to work on /home/airflow/.local/lib/python3.12/site-packages/airflow/example_dags/example_subdag_operator.py
[2024-06-30T20:06:57.389+0000] {processor.py:830} INFO - Processing file /home/airflow/.local/lib/python3.12/site-packages/airflow/example_dags/example_subdag_operator.py for tasks to queue
[2024-06-30T20:06:57.395+0000] {logging_mixin.py:188} INFO - [2024-06-30T20:06:57.394+0000] {dagbag.py:545} INFO - Filling up the DagBag from /home/airflow/.local/lib/python3.12/site-packages/airflow/example_dags/example_subdag_operator.py
[2024-06-30T20:06:57.433+0000] {processor.py:840} INFO - DAG(s) 'example_subdag_operator.section-1', 'example_subdag_operator.section-2', 'example_subdag_operator' retrieved from /home/airflow/.local/lib/python3.12/site-packages/airflow/example_dags/example_subdag_operator.py
[2024-06-30T20:06:57.467+0000] {logging_mixin.py:188} INFO - [2024-06-30T20:06:57.465+0000] {dag.py:3096} INFO - Sync 3 DAGs
[2024-06-30T20:06:57.506+0000] {logging_mixin.py:188} INFO - [2024-06-30T20:06:57.505+0000] {dag.py:3954} INFO - Setting next_dagrun for example_subdag_operator to 2022-01-01 00:00:00+00:00, run_after=2022-01-01 00:00:00+00:00
[2024-06-30T20:06:57.510+0000] {logging_mixin.py:188} INFO - [2024-06-30T20:06:57.510+0000] {dag.py:3954} INFO - Setting next_dagrun for example_subdag_operator.section-1 to None, run_after=None
[2024-06-30T20:06:57.512+0000] {logging_mixin.py:188} INFO - [2024-06-30T20:06:57.512+0000] {dag.py:3954} INFO - Setting next_dagrun for example_subdag_operator.section-2 to None, run_after=None
[2024-06-30T20:06:57.524+0000] {logging_mixin.py:188} INFO - [2024-06-30T20:06:57.523+0000] {dag.py:3096} INFO - Sync 2 DAGs
[2024-06-30T20:06:57.531+0000] {logging_mixin.py:188} INFO - [2024-06-30T20:06:57.531+0000] {dag.py:3954} INFO - Setting next_dagrun for example_subdag_operator.section-1 to None, run_after=None
[2024-06-30T20:06:57.532+0000] {logging_mixin.py:188} INFO - [2024-06-30T20:06:57.532+0000] {dag.py:3954} INFO - Setting next_dagrun for example_subdag_operator.section-2 to None, run_after=None
[2024-06-30T20:06:57.549+0000] {processor.py:183} INFO - Processing /home/airflow/.local/lib/python3.12/site-packages/airflow/example_dags/example_subdag_operator.py took 0.174 seconds
