[2024-06-30T20:03:30.959+0000] {processor.py:161} INFO - Started process (PID=94) to work on /home/airflow/.local/lib/python3.12/site-packages/airflow/example_dags/example_dynamic_task_mapping.py
[2024-06-30T20:03:30.961+0000] {processor.py:830} INFO - Processing file /home/airflow/.local/lib/python3.12/site-packages/airflow/example_dags/example_dynamic_task_mapping.py for tasks to queue
[2024-06-30T20:03:30.964+0000] {logging_mixin.py:188} INFO - [2024-06-30T20:03:30.963+0000] {dagbag.py:545} INFO - Filling up the DagBag from /home/airflow/.local/lib/python3.12/site-packages/airflow/example_dags/example_dynamic_task_mapping.py
[2024-06-30T20:03:30.978+0000] {processor.py:840} INFO - DAG(s) 'example_dynamic_task_mapping' retrieved from /home/airflow/.local/lib/python3.12/site-packages/airflow/example_dags/example_dynamic_task_mapping.py
[2024-06-30T20:03:31.166+0000] {logging_mixin.py:188} INFO - [2024-06-30T20:03:31.165+0000] {override.py:1829} INFO - Created Permission View: can delete on DAG:example_dynamic_task_mapping
[2024-06-30T20:03:31.186+0000] {logging_mixin.py:188} INFO - [2024-06-30T20:03:31.185+0000] {override.py:1829} INFO - Created Permission View: can read on DAG:example_dynamic_task_mapping
[2024-06-30T20:03:31.201+0000] {logging_mixin.py:188} INFO - [2024-06-30T20:03:31.201+0000] {override.py:1829} INFO - Created Permission View: can edit on DAG:example_dynamic_task_mapping
[2024-06-30T20:03:31.204+0000] {logging_mixin.py:188} INFO - [2024-06-30T20:03:31.203+0000] {dag.py:3096} INFO - Sync 1 DAGs
[2024-06-30T20:03:31.231+0000] {logging_mixin.py:188} INFO - [2024-06-30T20:03:31.230+0000] {dag.py:3118} INFO - Creating ORM DAG for example_dynamic_task_mapping
[2024-06-30T20:03:31.261+0000] {logging_mixin.py:188} INFO - [2024-06-30T20:03:31.260+0000] {dag.py:3954} INFO - Setting next_dagrun for example_dynamic_task_mapping to 2022-03-04 00:00:00+00:00, run_after=2022-03-05 00:00:00+00:00
[2024-06-30T20:03:31.298+0000] {processor.py:183} INFO - Processing /home/airflow/.local/lib/python3.12/site-packages/airflow/example_dags/example_dynamic_task_mapping.py took 0.349 seconds
[2024-06-30T20:04:02.292+0000] {processor.py:161} INFO - Started process (PID=147) to work on /home/airflow/.local/lib/python3.12/site-packages/airflow/example_dags/example_dynamic_task_mapping.py
[2024-06-30T20:04:02.293+0000] {processor.py:830} INFO - Processing file /home/airflow/.local/lib/python3.12/site-packages/airflow/example_dags/example_dynamic_task_mapping.py for tasks to queue
[2024-06-30T20:04:02.295+0000] {logging_mixin.py:188} INFO - [2024-06-30T20:04:02.295+0000] {dagbag.py:545} INFO - Filling up the DagBag from /home/airflow/.local/lib/python3.12/site-packages/airflow/example_dags/example_dynamic_task_mapping.py
[2024-06-30T20:04:02.303+0000] {processor.py:840} INFO - DAG(s) 'example_dynamic_task_mapping' retrieved from /home/airflow/.local/lib/python3.12/site-packages/airflow/example_dags/example_dynamic_task_mapping.py
[2024-06-30T20:04:02.324+0000] {logging_mixin.py:188} INFO - [2024-06-30T20:04:02.323+0000] {dag.py:3096} INFO - Sync 1 DAGs
[2024-06-30T20:04:02.344+0000] {logging_mixin.py:188} INFO - [2024-06-30T20:04:02.343+0000] {dag.py:3954} INFO - Setting next_dagrun for example_dynamic_task_mapping to 2022-03-04 00:00:00+00:00, run_after=2022-03-05 00:00:00+00:00
[2024-06-30T20:04:02.363+0000] {processor.py:183} INFO - Processing /home/airflow/.local/lib/python3.12/site-packages/airflow/example_dags/example_dynamic_task_mapping.py took 0.078 seconds
[2024-06-30T20:04:32.437+0000] {processor.py:161} INFO - Started process (PID=200) to work on /home/airflow/.local/lib/python3.12/site-packages/airflow/example_dags/example_dynamic_task_mapping.py
[2024-06-30T20:04:32.438+0000] {processor.py:830} INFO - Processing file /home/airflow/.local/lib/python3.12/site-packages/airflow/example_dags/example_dynamic_task_mapping.py for tasks to queue
[2024-06-30T20:04:32.440+0000] {logging_mixin.py:188} INFO - [2024-06-30T20:04:32.439+0000] {dagbag.py:545} INFO - Filling up the DagBag from /home/airflow/.local/lib/python3.12/site-packages/airflow/example_dags/example_dynamic_task_mapping.py
[2024-06-30T20:04:32.447+0000] {processor.py:840} INFO - DAG(s) 'example_dynamic_task_mapping' retrieved from /home/airflow/.local/lib/python3.12/site-packages/airflow/example_dags/example_dynamic_task_mapping.py
[2024-06-30T20:04:32.467+0000] {logging_mixin.py:188} INFO - [2024-06-30T20:04:32.466+0000] {dag.py:3096} INFO - Sync 1 DAGs
[2024-06-30T20:04:32.485+0000] {logging_mixin.py:188} INFO - [2024-06-30T20:04:32.485+0000] {dag.py:3954} INFO - Setting next_dagrun for example_dynamic_task_mapping to 2022-03-04 00:00:00+00:00, run_after=2022-03-05 00:00:00+00:00
[2024-06-30T20:04:32.503+0000] {processor.py:183} INFO - Processing /home/airflow/.local/lib/python3.12/site-packages/airflow/example_dags/example_dynamic_task_mapping.py took 0.072 seconds
[2024-06-30T20:05:02.613+0000] {processor.py:161} INFO - Started process (PID=253) to work on /home/airflow/.local/lib/python3.12/site-packages/airflow/example_dags/example_dynamic_task_mapping.py
[2024-06-30T20:05:02.615+0000] {processor.py:830} INFO - Processing file /home/airflow/.local/lib/python3.12/site-packages/airflow/example_dags/example_dynamic_task_mapping.py for tasks to queue
[2024-06-30T20:05:02.617+0000] {logging_mixin.py:188} INFO - [2024-06-30T20:05:02.617+0000] {dagbag.py:545} INFO - Filling up the DagBag from /home/airflow/.local/lib/python3.12/site-packages/airflow/example_dags/example_dynamic_task_mapping.py
[2024-06-30T20:05:02.625+0000] {processor.py:840} INFO - DAG(s) 'example_dynamic_task_mapping' retrieved from /home/airflow/.local/lib/python3.12/site-packages/airflow/example_dags/example_dynamic_task_mapping.py
[2024-06-30T20:05:02.645+0000] {logging_mixin.py:188} INFO - [2024-06-30T20:05:02.645+0000] {dag.py:3096} INFO - Sync 1 DAGs
[2024-06-30T20:05:02.665+0000] {logging_mixin.py:188} INFO - [2024-06-30T20:05:02.665+0000] {dag.py:3954} INFO - Setting next_dagrun for example_dynamic_task_mapping to 2022-03-04 00:00:00+00:00, run_after=2022-03-05 00:00:00+00:00
[2024-06-30T20:05:02.682+0000] {processor.py:183} INFO - Processing /home/airflow/.local/lib/python3.12/site-packages/airflow/example_dags/example_dynamic_task_mapping.py took 0.075 seconds
[2024-06-30T20:05:33.078+0000] {processor.py:161} INFO - Started process (PID=306) to work on /home/airflow/.local/lib/python3.12/site-packages/airflow/example_dags/example_dynamic_task_mapping.py
[2024-06-30T20:05:33.081+0000] {processor.py:830} INFO - Processing file /home/airflow/.local/lib/python3.12/site-packages/airflow/example_dags/example_dynamic_task_mapping.py for tasks to queue
[2024-06-30T20:05:33.090+0000] {logging_mixin.py:188} INFO - [2024-06-30T20:05:33.089+0000] {dagbag.py:545} INFO - Filling up the DagBag from /home/airflow/.local/lib/python3.12/site-packages/airflow/example_dags/example_dynamic_task_mapping.py
[2024-06-30T20:05:33.120+0000] {processor.py:840} INFO - DAG(s) 'example_dynamic_task_mapping' retrieved from /home/airflow/.local/lib/python3.12/site-packages/airflow/example_dags/example_dynamic_task_mapping.py
[2024-06-30T20:05:33.196+0000] {logging_mixin.py:188} INFO - [2024-06-30T20:05:33.194+0000] {dag.py:3096} INFO - Sync 1 DAGs
[2024-06-30T20:05:33.278+0000] {logging_mixin.py:188} INFO - [2024-06-30T20:05:33.277+0000] {dag.py:3954} INFO - Setting next_dagrun for example_dynamic_task_mapping to 2022-03-04 00:00:00+00:00, run_after=2022-03-05 00:00:00+00:00
[2024-06-30T20:05:33.337+0000] {processor.py:183} INFO - Processing /home/airflow/.local/lib/python3.12/site-packages/airflow/example_dags/example_dynamic_task_mapping.py took 0.278 seconds
[2024-06-30T20:06:08.182+0000] {processor.py:161} INFO - Started process (PID=363) to work on /home/airflow/.local/lib/python3.12/site-packages/airflow/example_dags/example_dynamic_task_mapping.py
[2024-06-30T20:06:08.186+0000] {processor.py:830} INFO - Processing file /home/airflow/.local/lib/python3.12/site-packages/airflow/example_dags/example_dynamic_task_mapping.py for tasks to queue
[2024-06-30T20:06:08.195+0000] {logging_mixin.py:188} INFO - [2024-06-30T20:06:08.193+0000] {dagbag.py:545} INFO - Filling up the DagBag from /home/airflow/.local/lib/python3.12/site-packages/airflow/example_dags/example_dynamic_task_mapping.py
[2024-06-30T20:06:08.232+0000] {processor.py:840} INFO - DAG(s) 'example_dynamic_task_mapping' retrieved from /home/airflow/.local/lib/python3.12/site-packages/airflow/example_dags/example_dynamic_task_mapping.py
[2024-06-30T20:06:08.325+0000] {logging_mixin.py:188} INFO - [2024-06-30T20:06:08.323+0000] {dag.py:3096} INFO - Sync 1 DAGs
[2024-06-30T20:06:08.427+0000] {logging_mixin.py:188} INFO - [2024-06-30T20:06:08.425+0000] {dag.py:3954} INFO - Setting next_dagrun for example_dynamic_task_mapping to 2022-03-04 00:00:00+00:00, run_after=2022-03-05 00:00:00+00:00
[2024-06-30T20:06:08.528+0000] {processor.py:183} INFO - Processing /home/airflow/.local/lib/python3.12/site-packages/airflow/example_dags/example_dynamic_task_mapping.py took 0.374 seconds
[2024-06-30T20:06:38.617+0000] {processor.py:161} INFO - Started process (PID=416) to work on /home/airflow/.local/lib/python3.12/site-packages/airflow/example_dags/example_dynamic_task_mapping.py
[2024-06-30T20:06:38.618+0000] {processor.py:830} INFO - Processing file /home/airflow/.local/lib/python3.12/site-packages/airflow/example_dags/example_dynamic_task_mapping.py for tasks to queue
[2024-06-30T20:06:38.621+0000] {logging_mixin.py:188} INFO - [2024-06-30T20:06:38.621+0000] {dagbag.py:545} INFO - Filling up the DagBag from /home/airflow/.local/lib/python3.12/site-packages/airflow/example_dags/example_dynamic_task_mapping.py
[2024-06-30T20:06:38.631+0000] {processor.py:840} INFO - DAG(s) 'example_dynamic_task_mapping' retrieved from /home/airflow/.local/lib/python3.12/site-packages/airflow/example_dags/example_dynamic_task_mapping.py
[2024-06-30T20:06:38.659+0000] {logging_mixin.py:188} INFO - [2024-06-30T20:06:38.658+0000] {dag.py:3096} INFO - Sync 1 DAGs
[2024-06-30T20:06:38.685+0000] {logging_mixin.py:188} INFO - [2024-06-30T20:06:38.685+0000] {dag.py:3954} INFO - Setting next_dagrun for example_dynamic_task_mapping to 2022-03-04 00:00:00+00:00, run_after=2022-03-05 00:00:00+00:00
[2024-06-30T20:06:38.709+0000] {processor.py:183} INFO - Processing /home/airflow/.local/lib/python3.12/site-packages/airflow/example_dags/example_dynamic_task_mapping.py took 0.100 seconds
[2024-06-30T20:07:09.230+0000] {processor.py:161} INFO - Started process (PID=469) to work on /home/airflow/.local/lib/python3.12/site-packages/airflow/example_dags/example_dynamic_task_mapping.py
[2024-06-30T20:07:09.232+0000] {processor.py:830} INFO - Processing file /home/airflow/.local/lib/python3.12/site-packages/airflow/example_dags/example_dynamic_task_mapping.py for tasks to queue
[2024-06-30T20:07:09.236+0000] {logging_mixin.py:188} INFO - [2024-06-30T20:07:09.235+0000] {dagbag.py:545} INFO - Filling up the DagBag from /home/airflow/.local/lib/python3.12/site-packages/airflow/example_dags/example_dynamic_task_mapping.py
[2024-06-30T20:07:09.248+0000] {processor.py:840} INFO - DAG(s) 'example_dynamic_task_mapping' retrieved from /home/airflow/.local/lib/python3.12/site-packages/airflow/example_dags/example_dynamic_task_mapping.py
[2024-06-30T20:07:09.273+0000] {logging_mixin.py:188} INFO - [2024-06-30T20:07:09.273+0000] {dag.py:3096} INFO - Sync 1 DAGs
[2024-06-30T20:07:09.303+0000] {logging_mixin.py:188} INFO - [2024-06-30T20:07:09.302+0000] {dag.py:3954} INFO - Setting next_dagrun for example_dynamic_task_mapping to 2022-03-04 00:00:00+00:00, run_after=2022-03-05 00:00:00+00:00
[2024-06-30T20:07:09.340+0000] {processor.py:183} INFO - Processing /home/airflow/.local/lib/python3.12/site-packages/airflow/example_dags/example_dynamic_task_mapping.py took 0.124 seconds
