[2024-06-30T20:03:31.384+0000] {processor.py:161} INFO - Started process (PID=95) to work on /home/airflow/.local/lib/python3.12/site-packages/airflow/example_dags/example_dag_decorator.py
[2024-06-30T20:03:31.387+0000] {processor.py:830} INFO - Processing file /home/airflow/.local/lib/python3.12/site-packages/airflow/example_dags/example_dag_decorator.py for tasks to queue
[2024-06-30T20:03:31.393+0000] {logging_mixin.py:188} INFO - [2024-06-30T20:03:31.392+0000] {dagbag.py:545} INFO - Filling up the DagBag from /home/airflow/.local/lib/python3.12/site-packages/airflow/example_dags/example_dag_decorator.py
[2024-06-30T20:03:32.016+0000] {processor.py:840} INFO - DAG(s) 'example_dag_decorator' retrieved from /home/airflow/.local/lib/python3.12/site-packages/airflow/example_dags/example_dag_decorator.py
[2024-06-30T20:03:32.177+0000] {logging_mixin.py:188} INFO - [2024-06-30T20:03:32.175+0000] {override.py:1829} INFO - Created Permission View: can delete on DAG:example_dag_decorator
[2024-06-30T20:03:32.197+0000] {logging_mixin.py:188} INFO - [2024-06-30T20:03:32.197+0000] {override.py:1829} INFO - Created Permission View: can read on DAG:example_dag_decorator
[2024-06-30T20:03:32.208+0000] {logging_mixin.py:188} INFO - [2024-06-30T20:03:32.208+0000] {override.py:1829} INFO - Created Permission View: can edit on DAG:example_dag_decorator
[2024-06-30T20:03:32.210+0000] {logging_mixin.py:188} INFO - [2024-06-30T20:03:32.209+0000] {dag.py:3096} INFO - Sync 1 DAGs
[2024-06-30T20:03:32.229+0000] {logging_mixin.py:188} INFO - [2024-06-30T20:03:32.228+0000] {dag.py:3118} INFO - Creating ORM DAG for example_dag_decorator
[2024-06-30T20:03:32.231+0000] {logging_mixin.py:188} INFO - [2024-06-30T20:03:32.230+0000] {dag.py:3954} INFO - Setting next_dagrun for example_dag_decorator to None, run_after=None
[2024-06-30T20:03:32.257+0000] {processor.py:183} INFO - Processing /home/airflow/.local/lib/python3.12/site-packages/airflow/example_dags/example_dag_decorator.py took 0.896 seconds
[2024-06-30T20:04:02.527+0000] {processor.py:161} INFO - Started process (PID=151) to work on /home/airflow/.local/lib/python3.12/site-packages/airflow/example_dags/example_dag_decorator.py
[2024-06-30T20:04:02.528+0000] {processor.py:830} INFO - Processing file /home/airflow/.local/lib/python3.12/site-packages/airflow/example_dags/example_dag_decorator.py for tasks to queue
[2024-06-30T20:04:02.530+0000] {logging_mixin.py:188} INFO - [2024-06-30T20:04:02.530+0000] {dagbag.py:545} INFO - Filling up the DagBag from /home/airflow/.local/lib/python3.12/site-packages/airflow/example_dags/example_dag_decorator.py
[2024-06-30T20:04:02.633+0000] {processor.py:840} INFO - DAG(s) 'example_dag_decorator' retrieved from /home/airflow/.local/lib/python3.12/site-packages/airflow/example_dags/example_dag_decorator.py
[2024-06-30T20:04:02.734+0000] {logging_mixin.py:188} INFO - [2024-06-30T20:04:02.733+0000] {dag.py:3096} INFO - Sync 1 DAGs
[2024-06-30T20:04:02.744+0000] {logging_mixin.py:188} INFO - [2024-06-30T20:04:02.744+0000] {dag.py:3954} INFO - Setting next_dagrun for example_dag_decorator to None, run_after=None
[2024-06-30T20:04:02.768+0000] {processor.py:183} INFO - Processing /home/airflow/.local/lib/python3.12/site-packages/airflow/example_dags/example_dag_decorator.py took 0.247 seconds
[2024-06-30T20:04:32.819+0000] {processor.py:161} INFO - Started process (PID=207) to work on /home/airflow/.local/lib/python3.12/site-packages/airflow/example_dags/example_dag_decorator.py
[2024-06-30T20:04:32.821+0000] {processor.py:830} INFO - Processing file /home/airflow/.local/lib/python3.12/site-packages/airflow/example_dags/example_dag_decorator.py for tasks to queue
[2024-06-30T20:04:32.823+0000] {logging_mixin.py:188} INFO - [2024-06-30T20:04:32.823+0000] {dagbag.py:545} INFO - Filling up the DagBag from /home/airflow/.local/lib/python3.12/site-packages/airflow/example_dags/example_dag_decorator.py
[2024-06-30T20:04:32.919+0000] {processor.py:840} INFO - DAG(s) 'example_dag_decorator' retrieved from /home/airflow/.local/lib/python3.12/site-packages/airflow/example_dags/example_dag_decorator.py
[2024-06-30T20:04:33.006+0000] {logging_mixin.py:188} INFO - [2024-06-30T20:04:33.006+0000] {dag.py:3096} INFO - Sync 1 DAGs
[2024-06-30T20:04:33.016+0000] {logging_mixin.py:188} INFO - [2024-06-30T20:04:33.016+0000] {dag.py:3954} INFO - Setting next_dagrun for example_dag_decorator to None, run_after=None
[2024-06-30T20:04:33.033+0000] {processor.py:183} INFO - Processing /home/airflow/.local/lib/python3.12/site-packages/airflow/example_dags/example_dag_decorator.py took 0.219 seconds
[2024-06-30T20:05:03.961+0000] {processor.py:161} INFO - Started process (PID=261) to work on /home/airflow/.local/lib/python3.12/site-packages/airflow/example_dags/example_dag_decorator.py
[2024-06-30T20:05:03.962+0000] {processor.py:830} INFO - Processing file /home/airflow/.local/lib/python3.12/site-packages/airflow/example_dags/example_dag_decorator.py for tasks to queue
[2024-06-30T20:05:03.965+0000] {logging_mixin.py:188} INFO - [2024-06-30T20:05:03.964+0000] {dagbag.py:545} INFO - Filling up the DagBag from /home/airflow/.local/lib/python3.12/site-packages/airflow/example_dags/example_dag_decorator.py
[2024-06-30T20:05:04.062+0000] {processor.py:840} INFO - DAG(s) 'example_dag_decorator' retrieved from /home/airflow/.local/lib/python3.12/site-packages/airflow/example_dags/example_dag_decorator.py
[2024-06-30T20:05:04.159+0000] {logging_mixin.py:188} INFO - [2024-06-30T20:05:04.159+0000] {dag.py:3096} INFO - Sync 1 DAGs
[2024-06-30T20:05:04.169+0000] {logging_mixin.py:188} INFO - [2024-06-30T20:05:04.169+0000] {dag.py:3954} INFO - Setting next_dagrun for example_dag_decorator to None, run_after=None
[2024-06-30T20:05:04.189+0000] {processor.py:183} INFO - Processing /home/airflow/.local/lib/python3.12/site-packages/airflow/example_dags/example_dag_decorator.py took 0.235 seconds
[2024-06-30T20:05:34.660+0000] {processor.py:161} INFO - Started process (PID=314) to work on /home/airflow/.local/lib/python3.12/site-packages/airflow/example_dags/example_dag_decorator.py
[2024-06-30T20:05:34.665+0000] {processor.py:830} INFO - Processing file /home/airflow/.local/lib/python3.12/site-packages/airflow/example_dags/example_dag_decorator.py for tasks to queue
[2024-06-30T20:05:34.675+0000] {logging_mixin.py:188} INFO - [2024-06-30T20:05:34.674+0000] {dagbag.py:545} INFO - Filling up the DagBag from /home/airflow/.local/lib/python3.12/site-packages/airflow/example_dags/example_dag_decorator.py
[2024-06-30T20:05:35.069+0000] {processor.py:840} INFO - DAG(s) 'example_dag_decorator' retrieved from /home/airflow/.local/lib/python3.12/site-packages/airflow/example_dags/example_dag_decorator.py
[2024-06-30T20:05:35.427+0000] {logging_mixin.py:188} INFO - [2024-06-30T20:05:35.424+0000] {dag.py:3096} INFO - Sync 1 DAGs
[2024-06-30T20:05:35.497+0000] {logging_mixin.py:188} INFO - [2024-06-30T20:05:35.496+0000] {dag.py:3954} INFO - Setting next_dagrun for example_dag_decorator to None, run_after=None
[2024-06-30T20:05:35.602+0000] {processor.py:183} INFO - Processing /home/airflow/.local/lib/python3.12/site-packages/airflow/example_dags/example_dag_decorator.py took 0.963 seconds
[2024-06-30T20:06:08.548+0000] {processor.py:161} INFO - Started process (PID=364) to work on /home/airflow/.local/lib/python3.12/site-packages/airflow/example_dags/example_dag_decorator.py
[2024-06-30T20:06:08.552+0000] {processor.py:830} INFO - Processing file /home/airflow/.local/lib/python3.12/site-packages/airflow/example_dags/example_dag_decorator.py for tasks to queue
[2024-06-30T20:06:08.561+0000] {logging_mixin.py:188} INFO - [2024-06-30T20:06:08.560+0000] {dagbag.py:545} INFO - Filling up the DagBag from /home/airflow/.local/lib/python3.12/site-packages/airflow/example_dags/example_dag_decorator.py
[2024-06-30T20:06:09.075+0000] {processor.py:840} INFO - DAG(s) 'example_dag_decorator' retrieved from /home/airflow/.local/lib/python3.12/site-packages/airflow/example_dags/example_dag_decorator.py
[2024-06-30T20:06:09.921+0000] {logging_mixin.py:188} INFO - [2024-06-30T20:06:09.919+0000] {dag.py:3096} INFO - Sync 1 DAGs
[2024-06-30T20:06:09.981+0000] {logging_mixin.py:188} INFO - [2024-06-30T20:06:09.979+0000] {dag.py:3954} INFO - Setting next_dagrun for example_dag_decorator to None, run_after=None
[2024-06-30T20:06:10.088+0000] {processor.py:183} INFO - Processing /home/airflow/.local/lib/python3.12/site-packages/airflow/example_dags/example_dag_decorator.py took 1.564 seconds
[2024-06-30T20:06:40.980+0000] {processor.py:161} INFO - Started process (PID=420) to work on /home/airflow/.local/lib/python3.12/site-packages/airflow/example_dags/example_dag_decorator.py
[2024-06-30T20:06:40.983+0000] {processor.py:830} INFO - Processing file /home/airflow/.local/lib/python3.12/site-packages/airflow/example_dags/example_dag_decorator.py for tasks to queue
[2024-06-30T20:06:40.987+0000] {logging_mixin.py:188} INFO - [2024-06-30T20:06:40.986+0000] {dagbag.py:545} INFO - Filling up the DagBag from /home/airflow/.local/lib/python3.12/site-packages/airflow/example_dags/example_dag_decorator.py
[2024-06-30T20:06:41.200+0000] {processor.py:840} INFO - DAG(s) 'example_dag_decorator' retrieved from /home/airflow/.local/lib/python3.12/site-packages/airflow/example_dags/example_dag_decorator.py
[2024-06-30T20:06:41.453+0000] {logging_mixin.py:188} INFO - [2024-06-30T20:06:41.452+0000] {dag.py:3096} INFO - Sync 1 DAGs
[2024-06-30T20:06:41.485+0000] {logging_mixin.py:188} INFO - [2024-06-30T20:06:41.485+0000] {dag.py:3954} INFO - Setting next_dagrun for example_dag_decorator to None, run_after=None
[2024-06-30T20:06:41.528+0000] {processor.py:183} INFO - Processing /home/airflow/.local/lib/python3.12/site-packages/airflow/example_dags/example_dag_decorator.py took 0.557 seconds
[2024-06-30T20:07:11.677+0000] {processor.py:161} INFO - Started process (PID=477) to work on /home/airflow/.local/lib/python3.12/site-packages/airflow/example_dags/example_dag_decorator.py
[2024-06-30T20:07:11.679+0000] {processor.py:830} INFO - Processing file /home/airflow/.local/lib/python3.12/site-packages/airflow/example_dags/example_dag_decorator.py for tasks to queue
[2024-06-30T20:07:11.682+0000] {logging_mixin.py:188} INFO - [2024-06-30T20:07:11.681+0000] {dagbag.py:545} INFO - Filling up the DagBag from /home/airflow/.local/lib/python3.12/site-packages/airflow/example_dags/example_dag_decorator.py
[2024-06-30T20:07:11.823+0000] {processor.py:840} INFO - DAG(s) 'example_dag_decorator' retrieved from /home/airflow/.local/lib/python3.12/site-packages/airflow/example_dags/example_dag_decorator.py
[2024-06-30T20:07:11.976+0000] {logging_mixin.py:188} INFO - [2024-06-30T20:07:11.976+0000] {dag.py:3096} INFO - Sync 1 DAGs
[2024-06-30T20:07:11.987+0000] {logging_mixin.py:188} INFO - [2024-06-30T20:07:11.987+0000] {dag.py:3954} INFO - Setting next_dagrun for example_dag_decorator to None, run_after=None
[2024-06-30T20:07:12.008+0000] {processor.py:183} INFO - Processing /home/airflow/.local/lib/python3.12/site-packages/airflow/example_dags/example_dag_decorator.py took 0.341 seconds
