[2024-06-30T20:03:27.836+0000] {processor.py:161} INFO - Started process (PID=81) to work on /home/airflow/.local/lib/python3.12/site-packages/airflow/example_dags/example_trigger_controller_dag.py
[2024-06-30T20:03:27.838+0000] {processor.py:830} INFO - Processing file /home/airflow/.local/lib/python3.12/site-packages/airflow/example_dags/example_trigger_controller_dag.py for tasks to queue
[2024-06-30T20:03:27.841+0000] {logging_mixin.py:188} INFO - [2024-06-30T20:03:27.841+0000] {dagbag.py:545} INFO - Filling up the DagBag from /home/airflow/.local/lib/python3.12/site-packages/airflow/example_dags/example_trigger_controller_dag.py
[2024-06-30T20:03:27.855+0000] {processor.py:840} INFO - DAG(s) 'example_trigger_controller_dag' retrieved from /home/airflow/.local/lib/python3.12/site-packages/airflow/example_dags/example_trigger_controller_dag.py
[2024-06-30T20:03:28.251+0000] {logging_mixin.py:188} INFO - [2024-06-30T20:03:28.250+0000] {override.py:1829} INFO - Created Permission View: can delete on DAG:example_trigger_controller_dag
[2024-06-30T20:03:28.265+0000] {logging_mixin.py:188} INFO - [2024-06-30T20:03:28.265+0000] {override.py:1829} INFO - Created Permission View: can read on DAG:example_trigger_controller_dag
[2024-06-30T20:03:28.275+0000] {logging_mixin.py:188} INFO - [2024-06-30T20:03:28.275+0000] {override.py:1829} INFO - Created Permission View: can edit on DAG:example_trigger_controller_dag
[2024-06-30T20:03:28.277+0000] {logging_mixin.py:188} INFO - [2024-06-30T20:03:28.276+0000] {dag.py:3096} INFO - Sync 1 DAGs
[2024-06-30T20:03:28.293+0000] {logging_mixin.py:188} INFO - [2024-06-30T20:03:28.293+0000] {dag.py:3118} INFO - Creating ORM DAG for example_trigger_controller_dag
[2024-06-30T20:03:28.305+0000] {logging_mixin.py:188} INFO - [2024-06-30T20:03:28.305+0000] {dag.py:3954} INFO - Setting next_dagrun for example_trigger_controller_dag to 2021-01-01 00:00:00+00:00, run_after=2021-01-01 00:00:00+00:00
[2024-06-30T20:03:28.328+0000] {processor.py:183} INFO - Processing /home/airflow/.local/lib/python3.12/site-packages/airflow/example_dags/example_trigger_controller_dag.py took 0.503 seconds
[2024-06-30T20:03:58.507+0000] {processor.py:161} INFO - Started process (PID=134) to work on /home/airflow/.local/lib/python3.12/site-packages/airflow/example_dags/example_trigger_controller_dag.py
[2024-06-30T20:03:58.509+0000] {processor.py:830} INFO - Processing file /home/airflow/.local/lib/python3.12/site-packages/airflow/example_dags/example_trigger_controller_dag.py for tasks to queue
[2024-06-30T20:03:58.511+0000] {logging_mixin.py:188} INFO - [2024-06-30T20:03:58.511+0000] {dagbag.py:545} INFO - Filling up the DagBag from /home/airflow/.local/lib/python3.12/site-packages/airflow/example_dags/example_trigger_controller_dag.py
[2024-06-30T20:03:58.518+0000] {processor.py:840} INFO - DAG(s) 'example_trigger_controller_dag' retrieved from /home/airflow/.local/lib/python3.12/site-packages/airflow/example_dags/example_trigger_controller_dag.py
[2024-06-30T20:03:58.541+0000] {logging_mixin.py:188} INFO - [2024-06-30T20:03:58.540+0000] {dag.py:3096} INFO - Sync 1 DAGs
[2024-06-30T20:03:58.565+0000] {logging_mixin.py:188} INFO - [2024-06-30T20:03:58.565+0000] {dag.py:3954} INFO - Setting next_dagrun for example_trigger_controller_dag to 2021-01-01 00:00:00+00:00, run_after=2021-01-01 00:00:00+00:00
[2024-06-30T20:03:58.586+0000] {processor.py:183} INFO - Processing /home/airflow/.local/lib/python3.12/site-packages/airflow/example_dags/example_trigger_controller_dag.py took 0.085 seconds
[2024-06-30T20:04:28.686+0000] {processor.py:161} INFO - Started process (PID=187) to work on /home/airflow/.local/lib/python3.12/site-packages/airflow/example_dags/example_trigger_controller_dag.py
[2024-06-30T20:04:28.687+0000] {processor.py:830} INFO - Processing file /home/airflow/.local/lib/python3.12/site-packages/airflow/example_dags/example_trigger_controller_dag.py for tasks to queue
[2024-06-30T20:04:28.690+0000] {logging_mixin.py:188} INFO - [2024-06-30T20:04:28.689+0000] {dagbag.py:545} INFO - Filling up the DagBag from /home/airflow/.local/lib/python3.12/site-packages/airflow/example_dags/example_trigger_controller_dag.py
[2024-06-30T20:04:28.696+0000] {processor.py:840} INFO - DAG(s) 'example_trigger_controller_dag' retrieved from /home/airflow/.local/lib/python3.12/site-packages/airflow/example_dags/example_trigger_controller_dag.py
[2024-06-30T20:04:28.717+0000] {logging_mixin.py:188} INFO - [2024-06-30T20:04:28.717+0000] {dag.py:3096} INFO - Sync 1 DAGs
[2024-06-30T20:04:28.740+0000] {logging_mixin.py:188} INFO - [2024-06-30T20:04:28.739+0000] {dag.py:3954} INFO - Setting next_dagrun for example_trigger_controller_dag to 2021-01-01 00:00:00+00:00, run_after=2021-01-01 00:00:00+00:00
[2024-06-30T20:04:28.760+0000] {processor.py:183} INFO - Processing /home/airflow/.local/lib/python3.12/site-packages/airflow/example_dags/example_trigger_controller_dag.py took 0.080 seconds
[2024-06-30T20:04:58.832+0000] {processor.py:161} INFO - Started process (PID=240) to work on /home/airflow/.local/lib/python3.12/site-packages/airflow/example_dags/example_trigger_controller_dag.py
[2024-06-30T20:04:58.833+0000] {processor.py:830} INFO - Processing file /home/airflow/.local/lib/python3.12/site-packages/airflow/example_dags/example_trigger_controller_dag.py for tasks to queue
[2024-06-30T20:04:58.835+0000] {logging_mixin.py:188} INFO - [2024-06-30T20:04:58.835+0000] {dagbag.py:545} INFO - Filling up the DagBag from /home/airflow/.local/lib/python3.12/site-packages/airflow/example_dags/example_trigger_controller_dag.py
[2024-06-30T20:04:58.840+0000] {processor.py:840} INFO - DAG(s) 'example_trigger_controller_dag' retrieved from /home/airflow/.local/lib/python3.12/site-packages/airflow/example_dags/example_trigger_controller_dag.py
[2024-06-30T20:04:58.860+0000] {logging_mixin.py:188} INFO - [2024-06-30T20:04:58.859+0000] {dag.py:3096} INFO - Sync 1 DAGs
[2024-06-30T20:04:58.882+0000] {logging_mixin.py:188} INFO - [2024-06-30T20:04:58.881+0000] {dag.py:3954} INFO - Setting next_dagrun for example_trigger_controller_dag to 2021-01-01 00:00:00+00:00, run_after=2021-01-01 00:00:00+00:00
[2024-06-30T20:04:58.906+0000] {processor.py:183} INFO - Processing /home/airflow/.local/lib/python3.12/site-packages/airflow/example_dags/example_trigger_controller_dag.py took 0.080 seconds
[2024-06-30T20:05:30.209+0000] {processor.py:161} INFO - Started process (PID=293) to work on /home/airflow/.local/lib/python3.12/site-packages/airflow/example_dags/example_trigger_controller_dag.py
[2024-06-30T20:05:30.212+0000] {processor.py:830} INFO - Processing file /home/airflow/.local/lib/python3.12/site-packages/airflow/example_dags/example_trigger_controller_dag.py for tasks to queue
[2024-06-30T20:05:30.218+0000] {logging_mixin.py:188} INFO - [2024-06-30T20:05:30.217+0000] {dagbag.py:545} INFO - Filling up the DagBag from /home/airflow/.local/lib/python3.12/site-packages/airflow/example_dags/example_trigger_controller_dag.py
[2024-06-30T20:05:30.234+0000] {processor.py:840} INFO - DAG(s) 'example_trigger_controller_dag' retrieved from /home/airflow/.local/lib/python3.12/site-packages/airflow/example_dags/example_trigger_controller_dag.py
[2024-06-30T20:05:30.293+0000] {logging_mixin.py:188} INFO - [2024-06-30T20:05:30.292+0000] {dag.py:3096} INFO - Sync 1 DAGs
[2024-06-30T20:05:30.358+0000] {logging_mixin.py:188} INFO - [2024-06-30T20:05:30.357+0000] {dag.py:3954} INFO - Setting next_dagrun for example_trigger_controller_dag to 2021-01-01 00:00:00+00:00, run_after=2021-01-01 00:00:00+00:00
[2024-06-30T20:05:30.413+0000] {processor.py:183} INFO - Processing /home/airflow/.local/lib/python3.12/site-packages/airflow/example_dags/example_trigger_controller_dag.py took 0.222 seconds
[2024-06-30T20:06:03.913+0000] {processor.py:161} INFO - Started process (PID=350) to work on /home/airflow/.local/lib/python3.12/site-packages/airflow/example_dags/example_trigger_controller_dag.py
[2024-06-30T20:06:03.920+0000] {processor.py:830} INFO - Processing file /home/airflow/.local/lib/python3.12/site-packages/airflow/example_dags/example_trigger_controller_dag.py for tasks to queue
[2024-06-30T20:06:03.932+0000] {logging_mixin.py:188} INFO - [2024-06-30T20:06:03.929+0000] {dagbag.py:545} INFO - Filling up the DagBag from /home/airflow/.local/lib/python3.12/site-packages/airflow/example_dags/example_trigger_controller_dag.py
[2024-06-30T20:06:03.966+0000] {processor.py:840} INFO - DAG(s) 'example_trigger_controller_dag' retrieved from /home/airflow/.local/lib/python3.12/site-packages/airflow/example_dags/example_trigger_controller_dag.py
[2024-06-30T20:06:04.072+0000] {logging_mixin.py:188} INFO - [2024-06-30T20:06:04.070+0000] {dag.py:3096} INFO - Sync 1 DAGs
[2024-06-30T20:06:04.175+0000] {logging_mixin.py:188} INFO - [2024-06-30T20:06:04.174+0000] {dag.py:3954} INFO - Setting next_dagrun for example_trigger_controller_dag to 2021-01-01 00:00:00+00:00, run_after=2021-01-01 00:00:00+00:00
[2024-06-30T20:06:04.265+0000] {processor.py:183} INFO - Processing /home/airflow/.local/lib/python3.12/site-packages/airflow/example_dags/example_trigger_controller_dag.py took 0.395 seconds
[2024-06-30T20:06:35.559+0000] {processor.py:161} INFO - Started process (PID=403) to work on /home/airflow/.local/lib/python3.12/site-packages/airflow/example_dags/example_trigger_controller_dag.py
[2024-06-30T20:06:35.563+0000] {processor.py:830} INFO - Processing file /home/airflow/.local/lib/python3.12/site-packages/airflow/example_dags/example_trigger_controller_dag.py for tasks to queue
[2024-06-30T20:06:35.574+0000] {logging_mixin.py:188} INFO - [2024-06-30T20:06:35.572+0000] {dagbag.py:545} INFO - Filling up the DagBag from /home/airflow/.local/lib/python3.12/site-packages/airflow/example_dags/example_trigger_controller_dag.py
[2024-06-30T20:06:35.601+0000] {processor.py:840} INFO - DAG(s) 'example_trigger_controller_dag' retrieved from /home/airflow/.local/lib/python3.12/site-packages/airflow/example_dags/example_trigger_controller_dag.py
[2024-06-30T20:06:35.672+0000] {logging_mixin.py:188} INFO - [2024-06-30T20:06:35.669+0000] {dag.py:3096} INFO - Sync 1 DAGs
[2024-06-30T20:06:35.743+0000] {logging_mixin.py:188} INFO - [2024-06-30T20:06:35.742+0000] {dag.py:3954} INFO - Setting next_dagrun for example_trigger_controller_dag to 2021-01-01 00:00:00+00:00, run_after=2021-01-01 00:00:00+00:00
[2024-06-30T20:06:35.796+0000] {processor.py:183} INFO - Processing /home/airflow/.local/lib/python3.12/site-packages/airflow/example_dags/example_trigger_controller_dag.py took 0.259 seconds
[2024-06-30T20:07:06.085+0000] {processor.py:161} INFO - Started process (PID=456) to work on /home/airflow/.local/lib/python3.12/site-packages/airflow/example_dags/example_trigger_controller_dag.py
[2024-06-30T20:07:06.086+0000] {processor.py:830} INFO - Processing file /home/airflow/.local/lib/python3.12/site-packages/airflow/example_dags/example_trigger_controller_dag.py for tasks to queue
[2024-06-30T20:07:06.091+0000] {logging_mixin.py:188} INFO - [2024-06-30T20:07:06.090+0000] {dagbag.py:545} INFO - Filling up the DagBag from /home/airflow/.local/lib/python3.12/site-packages/airflow/example_dags/example_trigger_controller_dag.py
[2024-06-30T20:07:06.100+0000] {processor.py:840} INFO - DAG(s) 'example_trigger_controller_dag' retrieved from /home/airflow/.local/lib/python3.12/site-packages/airflow/example_dags/example_trigger_controller_dag.py
[2024-06-30T20:07:06.131+0000] {logging_mixin.py:188} INFO - [2024-06-30T20:07:06.130+0000] {dag.py:3096} INFO - Sync 1 DAGs
[2024-06-30T20:07:06.161+0000] {logging_mixin.py:188} INFO - [2024-06-30T20:07:06.161+0000] {dag.py:3954} INFO - Setting next_dagrun for example_trigger_controller_dag to 2021-01-01 00:00:00+00:00, run_after=2021-01-01 00:00:00+00:00
[2024-06-30T20:07:06.185+0000] {processor.py:183} INFO - Processing /home/airflow/.local/lib/python3.12/site-packages/airflow/example_dags/example_trigger_controller_dag.py took 0.112 seconds
