[2024-06-30T20:03:24.560+0000] {processor.py:161} INFO - Started process (PID=72) to work on /home/airflow/.local/lib/python3.12/site-packages/airflow/example_dags/example_short_circuit_decorator.py
[2024-06-30T20:03:24.562+0000] {processor.py:830} INFO - Processing file /home/airflow/.local/lib/python3.12/site-packages/airflow/example_dags/example_short_circuit_decorator.py for tasks to queue
[2024-06-30T20:03:24.565+0000] {logging_mixin.py:188} INFO - [2024-06-30T20:03:24.565+0000] {dagbag.py:545} INFO - Filling up the DagBag from /home/airflow/.local/lib/python3.12/site-packages/airflow/example_dags/example_short_circuit_decorator.py
[2024-06-30T20:03:24.582+0000] {processor.py:840} INFO - DAG(s) 'example_short_circuit_decorator' retrieved from /home/airflow/.local/lib/python3.12/site-packages/airflow/example_dags/example_short_circuit_decorator.py
[2024-06-30T20:03:25.003+0000] {logging_mixin.py:188} INFO - [2024-06-30T20:03:25.002+0000] {override.py:1829} INFO - Created Permission View: can delete on DAG:example_short_circuit_decorator
[2024-06-30T20:03:25.023+0000] {logging_mixin.py:188} INFO - [2024-06-30T20:03:25.023+0000] {override.py:1829} INFO - Created Permission View: can read on DAG:example_short_circuit_decorator
[2024-06-30T20:03:25.035+0000] {logging_mixin.py:188} INFO - [2024-06-30T20:03:25.035+0000] {override.py:1829} INFO - Created Permission View: can edit on DAG:example_short_circuit_decorator
[2024-06-30T20:03:25.037+0000] {logging_mixin.py:188} INFO - [2024-06-30T20:03:25.036+0000] {dag.py:3096} INFO - Sync 1 DAGs
[2024-06-30T20:03:25.052+0000] {logging_mixin.py:188} INFO - [2024-06-30T20:03:25.051+0000] {dag.py:3118} INFO - Creating ORM DAG for example_short_circuit_decorator
[2024-06-30T20:03:25.068+0000] {logging_mixin.py:188} INFO - [2024-06-30T20:03:25.067+0000] {dag.py:3954} INFO - Setting next_dagrun for example_short_circuit_decorator to 2024-06-29 00:00:00+00:00, run_after=2024-06-30 00:00:00+00:00
[2024-06-30T20:03:25.091+0000] {processor.py:183} INFO - Processing /home/airflow/.local/lib/python3.12/site-packages/airflow/example_dags/example_short_circuit_decorator.py took 0.541 seconds
[2024-06-30T20:03:55.731+0000] {processor.py:161} INFO - Started process (PID=125) to work on /home/airflow/.local/lib/python3.12/site-packages/airflow/example_dags/example_short_circuit_decorator.py
[2024-06-30T20:03:55.732+0000] {processor.py:830} INFO - Processing file /home/airflow/.local/lib/python3.12/site-packages/airflow/example_dags/example_short_circuit_decorator.py for tasks to queue
[2024-06-30T20:03:55.734+0000] {logging_mixin.py:188} INFO - [2024-06-30T20:03:55.734+0000] {dagbag.py:545} INFO - Filling up the DagBag from /home/airflow/.local/lib/python3.12/site-packages/airflow/example_dags/example_short_circuit_decorator.py
[2024-06-30T20:03:55.743+0000] {processor.py:840} INFO - DAG(s) 'example_short_circuit_decorator' retrieved from /home/airflow/.local/lib/python3.12/site-packages/airflow/example_dags/example_short_circuit_decorator.py
[2024-06-30T20:03:55.764+0000] {logging_mixin.py:188} INFO - [2024-06-30T20:03:55.764+0000] {dag.py:3096} INFO - Sync 1 DAGs
[2024-06-30T20:03:55.783+0000] {logging_mixin.py:188} INFO - [2024-06-30T20:03:55.783+0000] {dag.py:3954} INFO - Setting next_dagrun for example_short_circuit_decorator to 2024-06-29 00:00:00+00:00, run_after=2024-06-30 00:00:00+00:00
[2024-06-30T20:03:55.801+0000] {processor.py:183} INFO - Processing /home/airflow/.local/lib/python3.12/site-packages/airflow/example_dags/example_short_circuit_decorator.py took 0.075 seconds
[2024-06-30T20:04:26.025+0000] {processor.py:161} INFO - Started process (PID=178) to work on /home/airflow/.local/lib/python3.12/site-packages/airflow/example_dags/example_short_circuit_decorator.py
[2024-06-30T20:04:26.026+0000] {processor.py:830} INFO - Processing file /home/airflow/.local/lib/python3.12/site-packages/airflow/example_dags/example_short_circuit_decorator.py for tasks to queue
[2024-06-30T20:04:26.028+0000] {logging_mixin.py:188} INFO - [2024-06-30T20:04:26.028+0000] {dagbag.py:545} INFO - Filling up the DagBag from /home/airflow/.local/lib/python3.12/site-packages/airflow/example_dags/example_short_circuit_decorator.py
[2024-06-30T20:04:26.039+0000] {processor.py:840} INFO - DAG(s) 'example_short_circuit_decorator' retrieved from /home/airflow/.local/lib/python3.12/site-packages/airflow/example_dags/example_short_circuit_decorator.py
[2024-06-30T20:04:26.062+0000] {logging_mixin.py:188} INFO - [2024-06-30T20:04:26.061+0000] {dag.py:3096} INFO - Sync 1 DAGs
[2024-06-30T20:04:26.081+0000] {logging_mixin.py:188} INFO - [2024-06-30T20:04:26.081+0000] {dag.py:3954} INFO - Setting next_dagrun for example_short_circuit_decorator to 2024-06-29 00:00:00+00:00, run_after=2024-06-30 00:00:00+00:00
[2024-06-30T20:04:26.099+0000] {processor.py:183} INFO - Processing /home/airflow/.local/lib/python3.12/site-packages/airflow/example_dags/example_short_circuit_decorator.py took 0.080 seconds
[2024-06-30T20:04:56.259+0000] {processor.py:161} INFO - Started process (PID=231) to work on /home/airflow/.local/lib/python3.12/site-packages/airflow/example_dags/example_short_circuit_decorator.py
[2024-06-30T20:04:56.260+0000] {processor.py:830} INFO - Processing file /home/airflow/.local/lib/python3.12/site-packages/airflow/example_dags/example_short_circuit_decorator.py for tasks to queue
[2024-06-30T20:04:56.262+0000] {logging_mixin.py:188} INFO - [2024-06-30T20:04:56.262+0000] {dagbag.py:545} INFO - Filling up the DagBag from /home/airflow/.local/lib/python3.12/site-packages/airflow/example_dags/example_short_circuit_decorator.py
[2024-06-30T20:04:56.273+0000] {processor.py:840} INFO - DAG(s) 'example_short_circuit_decorator' retrieved from /home/airflow/.local/lib/python3.12/site-packages/airflow/example_dags/example_short_circuit_decorator.py
[2024-06-30T20:04:56.295+0000] {logging_mixin.py:188} INFO - [2024-06-30T20:04:56.294+0000] {dag.py:3096} INFO - Sync 1 DAGs
[2024-06-30T20:04:56.314+0000] {logging_mixin.py:188} INFO - [2024-06-30T20:04:56.314+0000] {dag.py:3954} INFO - Setting next_dagrun for example_short_circuit_decorator to 2024-06-29 00:00:00+00:00, run_after=2024-06-30 00:00:00+00:00
[2024-06-30T20:04:56.333+0000] {processor.py:183} INFO - Processing /home/airflow/.local/lib/python3.12/site-packages/airflow/example_dags/example_short_circuit_decorator.py took 0.081 seconds
[2024-06-30T20:05:26.688+0000] {processor.py:161} INFO - Started process (PID=284) to work on /home/airflow/.local/lib/python3.12/site-packages/airflow/example_dags/example_short_circuit_decorator.py
[2024-06-30T20:05:26.691+0000] {processor.py:830} INFO - Processing file /home/airflow/.local/lib/python3.12/site-packages/airflow/example_dags/example_short_circuit_decorator.py for tasks to queue
[2024-06-30T20:05:26.696+0000] {logging_mixin.py:188} INFO - [2024-06-30T20:05:26.696+0000] {dagbag.py:545} INFO - Filling up the DagBag from /home/airflow/.local/lib/python3.12/site-packages/airflow/example_dags/example_short_circuit_decorator.py
[2024-06-30T20:05:26.715+0000] {processor.py:840} INFO - DAG(s) 'example_short_circuit_decorator' retrieved from /home/airflow/.local/lib/python3.12/site-packages/airflow/example_dags/example_short_circuit_decorator.py
[2024-06-30T20:05:26.763+0000] {logging_mixin.py:188} INFO - [2024-06-30T20:05:26.762+0000] {dag.py:3096} INFO - Sync 1 DAGs
[2024-06-30T20:05:26.861+0000] {logging_mixin.py:188} INFO - [2024-06-30T20:05:26.860+0000] {dag.py:3954} INFO - Setting next_dagrun for example_short_circuit_decorator to 2024-06-29 00:00:00+00:00, run_after=2024-06-30 00:00:00+00:00
[2024-06-30T20:05:26.939+0000] {processor.py:183} INFO - Processing /home/airflow/.local/lib/python3.12/site-packages/airflow/example_dags/example_short_circuit_decorator.py took 0.265 seconds
[2024-06-30T20:05:59.764+0000] {processor.py:161} INFO - Started process (PID=341) to work on /home/airflow/.local/lib/python3.12/site-packages/airflow/example_dags/example_short_circuit_decorator.py
[2024-06-30T20:05:59.772+0000] {processor.py:830} INFO - Processing file /home/airflow/.local/lib/python3.12/site-packages/airflow/example_dags/example_short_circuit_decorator.py for tasks to queue
[2024-06-30T20:05:59.792+0000] {logging_mixin.py:188} INFO - [2024-06-30T20:05:59.790+0000] {dagbag.py:545} INFO - Filling up the DagBag from /home/airflow/.local/lib/python3.12/site-packages/airflow/example_dags/example_short_circuit_decorator.py
[2024-06-30T20:05:59.898+0000] {processor.py:840} INFO - DAG(s) 'example_short_circuit_decorator' retrieved from /home/airflow/.local/lib/python3.12/site-packages/airflow/example_dags/example_short_circuit_decorator.py
[2024-06-30T20:06:00.077+0000] {logging_mixin.py:188} INFO - [2024-06-30T20:06:00.075+0000] {dag.py:3096} INFO - Sync 1 DAGs
[2024-06-30T20:06:00.353+0000] {logging_mixin.py:188} INFO - [2024-06-30T20:06:00.352+0000] {dag.py:3954} INFO - Setting next_dagrun for example_short_circuit_decorator to 2024-06-29 00:00:00+00:00, run_after=2024-06-30 00:00:00+00:00
[2024-06-30T20:06:00.611+0000] {processor.py:183} INFO - Processing /home/airflow/.local/lib/python3.12/site-packages/airflow/example_dags/example_short_circuit_decorator.py took 0.908 seconds
[2024-06-30T20:06:31.108+0000] {processor.py:161} INFO - Started process (PID=394) to work on /home/airflow/.local/lib/python3.12/site-packages/airflow/example_dags/example_short_circuit_decorator.py
[2024-06-30T20:06:31.118+0000] {processor.py:830} INFO - Processing file /home/airflow/.local/lib/python3.12/site-packages/airflow/example_dags/example_short_circuit_decorator.py for tasks to queue
[2024-06-30T20:06:31.132+0000] {logging_mixin.py:188} INFO - [2024-06-30T20:06:31.129+0000] {dagbag.py:545} INFO - Filling up the DagBag from /home/airflow/.local/lib/python3.12/site-packages/airflow/example_dags/example_short_circuit_decorator.py
[2024-06-30T20:06:31.209+0000] {processor.py:840} INFO - DAG(s) 'example_short_circuit_decorator' retrieved from /home/airflow/.local/lib/python3.12/site-packages/airflow/example_dags/example_short_circuit_decorator.py
[2024-06-30T20:06:31.382+0000] {logging_mixin.py:188} INFO - [2024-06-30T20:06:31.380+0000] {dag.py:3096} INFO - Sync 1 DAGs
[2024-06-30T20:06:31.563+0000] {logging_mixin.py:188} INFO - [2024-06-30T20:06:31.561+0000] {dag.py:3954} INFO - Setting next_dagrun for example_short_circuit_decorator to 2024-06-29 00:00:00+00:00, run_after=2024-06-30 00:00:00+00:00
[2024-06-30T20:06:31.731+0000] {processor.py:183} INFO - Processing /home/airflow/.local/lib/python3.12/site-packages/airflow/example_dags/example_short_circuit_decorator.py took 0.671 seconds
[2024-06-30T20:07:02.294+0000] {processor.py:161} INFO - Started process (PID=447) to work on /home/airflow/.local/lib/python3.12/site-packages/airflow/example_dags/example_short_circuit_decorator.py
[2024-06-30T20:07:02.296+0000] {processor.py:830} INFO - Processing file /home/airflow/.local/lib/python3.12/site-packages/airflow/example_dags/example_short_circuit_decorator.py for tasks to queue
[2024-06-30T20:07:02.299+0000] {logging_mixin.py:188} INFO - [2024-06-30T20:07:02.299+0000] {dagbag.py:545} INFO - Filling up the DagBag from /home/airflow/.local/lib/python3.12/site-packages/airflow/example_dags/example_short_circuit_decorator.py
[2024-06-30T20:07:02.313+0000] {processor.py:840} INFO - DAG(s) 'example_short_circuit_decorator' retrieved from /home/airflow/.local/lib/python3.12/site-packages/airflow/example_dags/example_short_circuit_decorator.py
[2024-06-30T20:07:02.351+0000] {logging_mixin.py:188} INFO - [2024-06-30T20:07:02.350+0000] {dag.py:3096} INFO - Sync 1 DAGs
[2024-06-30T20:07:02.375+0000] {logging_mixin.py:188} INFO - [2024-06-30T20:07:02.375+0000] {dag.py:3954} INFO - Setting next_dagrun for example_short_circuit_decorator to 2024-06-29 00:00:00+00:00, run_after=2024-06-30 00:00:00+00:00
[2024-06-30T20:07:02.400+0000] {processor.py:183} INFO - Processing /home/airflow/.local/lib/python3.12/site-packages/airflow/example_dags/example_short_circuit_decorator.py took 0.115 seconds
