[2024-06-30T20:03:30.342+0000] {processor.py:161} INFO - Started process (PID=90) to work on /home/airflow/.local/lib/python3.12/site-packages/airflow/example_dags/example_nested_branch_dag.py
[2024-06-30T20:03:30.344+0000] {processor.py:830} INFO - Processing file /home/airflow/.local/lib/python3.12/site-packages/airflow/example_dags/example_nested_branch_dag.py for tasks to queue
[2024-06-30T20:03:30.347+0000] {logging_mixin.py:188} INFO - [2024-06-30T20:03:30.346+0000] {dagbag.py:545} INFO - Filling up the DagBag from /home/airflow/.local/lib/python3.12/site-packages/airflow/example_dags/example_nested_branch_dag.py
[2024-06-30T20:03:30.364+0000] {processor.py:840} INFO - DAG(s) 'example_nested_branch_dag' retrieved from /home/airflow/.local/lib/python3.12/site-packages/airflow/example_dags/example_nested_branch_dag.py
[2024-06-30T20:03:30.510+0000] {logging_mixin.py:188} INFO - [2024-06-30T20:03:30.509+0000] {override.py:1829} INFO - Created Permission View: can delete on DAG:example_nested_branch_dag
[2024-06-30T20:03:30.523+0000] {logging_mixin.py:188} INFO - [2024-06-30T20:03:30.523+0000] {override.py:1829} INFO - Created Permission View: can read on DAG:example_nested_branch_dag
[2024-06-30T20:03:30.532+0000] {logging_mixin.py:188} INFO - [2024-06-30T20:03:30.532+0000] {override.py:1829} INFO - Created Permission View: can edit on DAG:example_nested_branch_dag
[2024-06-30T20:03:30.534+0000] {logging_mixin.py:188} INFO - [2024-06-30T20:03:30.533+0000] {dag.py:3096} INFO - Sync 1 DAGs
[2024-06-30T20:03:30.549+0000] {logging_mixin.py:188} INFO - [2024-06-30T20:03:30.549+0000] {dag.py:3118} INFO - Creating ORM DAG for example_nested_branch_dag
[2024-06-30T20:03:30.564+0000] {logging_mixin.py:188} INFO - [2024-06-30T20:03:30.564+0000] {dag.py:3954} INFO - Setting next_dagrun for example_nested_branch_dag to 2024-06-29 00:00:00+00:00, run_after=2024-06-30 00:00:00+00:00
[2024-06-30T20:03:30.590+0000] {processor.py:183} INFO - Processing /home/airflow/.local/lib/python3.12/site-packages/airflow/example_dags/example_nested_branch_dag.py took 0.256 seconds
[2024-06-30T20:04:01.025+0000] {processor.py:161} INFO - Started process (PID=143) to work on /home/airflow/.local/lib/python3.12/site-packages/airflow/example_dags/example_nested_branch_dag.py
[2024-06-30T20:04:01.026+0000] {processor.py:830} INFO - Processing file /home/airflow/.local/lib/python3.12/site-packages/airflow/example_dags/example_nested_branch_dag.py for tasks to queue
[2024-06-30T20:04:01.028+0000] {logging_mixin.py:188} INFO - [2024-06-30T20:04:01.028+0000] {dagbag.py:545} INFO - Filling up the DagBag from /home/airflow/.local/lib/python3.12/site-packages/airflow/example_dags/example_nested_branch_dag.py
[2024-06-30T20:04:01.042+0000] {processor.py:840} INFO - DAG(s) 'example_nested_branch_dag' retrieved from /home/airflow/.local/lib/python3.12/site-packages/airflow/example_dags/example_nested_branch_dag.py
[2024-06-30T20:04:01.069+0000] {logging_mixin.py:188} INFO - [2024-06-30T20:04:01.069+0000] {dag.py:3096} INFO - Sync 1 DAGs
[2024-06-30T20:04:01.096+0000] {logging_mixin.py:188} INFO - [2024-06-30T20:04:01.096+0000] {dag.py:3954} INFO - Setting next_dagrun for example_nested_branch_dag to 2024-06-29 00:00:00+00:00, run_after=2024-06-30 00:00:00+00:00
[2024-06-30T20:04:01.119+0000] {processor.py:183} INFO - Processing /home/airflow/.local/lib/python3.12/site-packages/airflow/example_dags/example_nested_branch_dag.py took 0.100 seconds
[2024-06-30T20:04:31.179+0000] {processor.py:161} INFO - Started process (PID=196) to work on /home/airflow/.local/lib/python3.12/site-packages/airflow/example_dags/example_nested_branch_dag.py
[2024-06-30T20:04:31.180+0000] {processor.py:830} INFO - Processing file /home/airflow/.local/lib/python3.12/site-packages/airflow/example_dags/example_nested_branch_dag.py for tasks to queue
[2024-06-30T20:04:31.182+0000] {logging_mixin.py:188} INFO - [2024-06-30T20:04:31.182+0000] {dagbag.py:545} INFO - Filling up the DagBag from /home/airflow/.local/lib/python3.12/site-packages/airflow/example_dags/example_nested_branch_dag.py
[2024-06-30T20:04:31.194+0000] {processor.py:840} INFO - DAG(s) 'example_nested_branch_dag' retrieved from /home/airflow/.local/lib/python3.12/site-packages/airflow/example_dags/example_nested_branch_dag.py
[2024-06-30T20:04:31.215+0000] {logging_mixin.py:188} INFO - [2024-06-30T20:04:31.214+0000] {dag.py:3096} INFO - Sync 1 DAGs
[2024-06-30T20:04:31.235+0000] {logging_mixin.py:188} INFO - [2024-06-30T20:04:31.235+0000] {dag.py:3954} INFO - Setting next_dagrun for example_nested_branch_dag to 2024-06-29 00:00:00+00:00, run_after=2024-06-30 00:00:00+00:00
[2024-06-30T20:04:31.253+0000] {processor.py:183} INFO - Processing /home/airflow/.local/lib/python3.12/site-packages/airflow/example_dags/example_nested_branch_dag.py took 0.080 seconds
[2024-06-30T20:05:01.351+0000] {processor.py:161} INFO - Started process (PID=249) to work on /home/airflow/.local/lib/python3.12/site-packages/airflow/example_dags/example_nested_branch_dag.py
[2024-06-30T20:05:01.352+0000] {processor.py:830} INFO - Processing file /home/airflow/.local/lib/python3.12/site-packages/airflow/example_dags/example_nested_branch_dag.py for tasks to queue
[2024-06-30T20:05:01.354+0000] {logging_mixin.py:188} INFO - [2024-06-30T20:05:01.354+0000] {dagbag.py:545} INFO - Filling up the DagBag from /home/airflow/.local/lib/python3.12/site-packages/airflow/example_dags/example_nested_branch_dag.py
[2024-06-30T20:05:01.365+0000] {processor.py:840} INFO - DAG(s) 'example_nested_branch_dag' retrieved from /home/airflow/.local/lib/python3.12/site-packages/airflow/example_dags/example_nested_branch_dag.py
[2024-06-30T20:05:01.386+0000] {logging_mixin.py:188} INFO - [2024-06-30T20:05:01.385+0000] {dag.py:3096} INFO - Sync 1 DAGs
[2024-06-30T20:05:01.408+0000] {logging_mixin.py:188} INFO - [2024-06-30T20:05:01.407+0000] {dag.py:3954} INFO - Setting next_dagrun for example_nested_branch_dag to 2024-06-29 00:00:00+00:00, run_after=2024-06-30 00:00:00+00:00
[2024-06-30T20:05:01.425+0000] {processor.py:183} INFO - Processing /home/airflow/.local/lib/python3.12/site-packages/airflow/example_dags/example_nested_branch_dag.py took 0.080 seconds
[2024-06-30T20:05:32.446+0000] {processor.py:161} INFO - Started process (PID=302) to work on /home/airflow/.local/lib/python3.12/site-packages/airflow/example_dags/example_nested_branch_dag.py
[2024-06-30T20:05:32.448+0000] {processor.py:830} INFO - Processing file /home/airflow/.local/lib/python3.12/site-packages/airflow/example_dags/example_nested_branch_dag.py for tasks to queue
[2024-06-30T20:05:32.452+0000] {logging_mixin.py:188} INFO - [2024-06-30T20:05:32.451+0000] {dagbag.py:545} INFO - Filling up the DagBag from /home/airflow/.local/lib/python3.12/site-packages/airflow/example_dags/example_nested_branch_dag.py
[2024-06-30T20:05:32.481+0000] {processor.py:840} INFO - DAG(s) 'example_nested_branch_dag' retrieved from /home/airflow/.local/lib/python3.12/site-packages/airflow/example_dags/example_nested_branch_dag.py
[2024-06-30T20:05:32.528+0000] {logging_mixin.py:188} INFO - [2024-06-30T20:05:32.526+0000] {dag.py:3096} INFO - Sync 1 DAGs
[2024-06-30T20:05:32.580+0000] {logging_mixin.py:188} INFO - [2024-06-30T20:05:32.579+0000] {dag.py:3954} INFO - Setting next_dagrun for example_nested_branch_dag to 2024-06-29 00:00:00+00:00, run_after=2024-06-30 00:00:00+00:00
[2024-06-30T20:05:32.631+0000] {processor.py:183} INFO - Processing /home/airflow/.local/lib/python3.12/site-packages/airflow/example_dags/example_nested_branch_dag.py took 0.197 seconds
[2024-06-30T20:06:06.875+0000] {processor.py:161} INFO - Started process (PID=359) to work on /home/airflow/.local/lib/python3.12/site-packages/airflow/example_dags/example_nested_branch_dag.py
[2024-06-30T20:06:06.880+0000] {processor.py:830} INFO - Processing file /home/airflow/.local/lib/python3.12/site-packages/airflow/example_dags/example_nested_branch_dag.py for tasks to queue
[2024-06-30T20:06:06.894+0000] {logging_mixin.py:188} INFO - [2024-06-30T20:06:06.891+0000] {dagbag.py:545} INFO - Filling up the DagBag from /home/airflow/.local/lib/python3.12/site-packages/airflow/example_dags/example_nested_branch_dag.py
[2024-06-30T20:06:06.997+0000] {processor.py:840} INFO - DAG(s) 'example_nested_branch_dag' retrieved from /home/airflow/.local/lib/python3.12/site-packages/airflow/example_dags/example_nested_branch_dag.py
[2024-06-30T20:06:07.134+0000] {logging_mixin.py:188} INFO - [2024-06-30T20:06:07.131+0000] {dag.py:3096} INFO - Sync 1 DAGs
[2024-06-30T20:06:07.271+0000] {logging_mixin.py:188} INFO - [2024-06-30T20:06:07.270+0000] {dag.py:3954} INFO - Setting next_dagrun for example_nested_branch_dag to 2024-06-29 00:00:00+00:00, run_after=2024-06-30 00:00:00+00:00
[2024-06-30T20:06:07.376+0000] {processor.py:183} INFO - Processing /home/airflow/.local/lib/python3.12/site-packages/airflow/example_dags/example_nested_branch_dag.py took 0.536 seconds
[2024-06-30T20:06:38.254+0000] {processor.py:161} INFO - Started process (PID=412) to work on /home/airflow/.local/lib/python3.12/site-packages/airflow/example_dags/example_nested_branch_dag.py
[2024-06-30T20:06:38.256+0000] {processor.py:830} INFO - Processing file /home/airflow/.local/lib/python3.12/site-packages/airflow/example_dags/example_nested_branch_dag.py for tasks to queue
[2024-06-30T20:06:38.259+0000] {logging_mixin.py:188} INFO - [2024-06-30T20:06:38.258+0000] {dagbag.py:545} INFO - Filling up the DagBag from /home/airflow/.local/lib/python3.12/site-packages/airflow/example_dags/example_nested_branch_dag.py
[2024-06-30T20:06:38.276+0000] {processor.py:840} INFO - DAG(s) 'example_nested_branch_dag' retrieved from /home/airflow/.local/lib/python3.12/site-packages/airflow/example_dags/example_nested_branch_dag.py
[2024-06-30T20:06:38.315+0000] {logging_mixin.py:188} INFO - [2024-06-30T20:06:38.314+0000] {dag.py:3096} INFO - Sync 1 DAGs
[2024-06-30T20:06:38.347+0000] {logging_mixin.py:188} INFO - [2024-06-30T20:06:38.347+0000] {dag.py:3954} INFO - Setting next_dagrun for example_nested_branch_dag to 2024-06-29 00:00:00+00:00, run_after=2024-06-30 00:00:00+00:00
[2024-06-30T20:06:38.372+0000] {processor.py:183} INFO - Processing /home/airflow/.local/lib/python3.12/site-packages/airflow/example_dags/example_nested_branch_dag.py took 0.128 seconds
[2024-06-30T20:07:08.926+0000] {processor.py:161} INFO - Started process (PID=465) to work on /home/airflow/.local/lib/python3.12/site-packages/airflow/example_dags/example_nested_branch_dag.py
[2024-06-30T20:07:08.928+0000] {processor.py:830} INFO - Processing file /home/airflow/.local/lib/python3.12/site-packages/airflow/example_dags/example_nested_branch_dag.py for tasks to queue
[2024-06-30T20:07:08.930+0000] {logging_mixin.py:188} INFO - [2024-06-30T20:07:08.930+0000] {dagbag.py:545} INFO - Filling up the DagBag from /home/airflow/.local/lib/python3.12/site-packages/airflow/example_dags/example_nested_branch_dag.py
[2024-06-30T20:07:08.945+0000] {processor.py:840} INFO - DAG(s) 'example_nested_branch_dag' retrieved from /home/airflow/.local/lib/python3.12/site-packages/airflow/example_dags/example_nested_branch_dag.py
[2024-06-30T20:07:08.973+0000] {logging_mixin.py:188} INFO - [2024-06-30T20:07:08.973+0000] {dag.py:3096} INFO - Sync 1 DAGs
[2024-06-30T20:07:09.001+0000] {logging_mixin.py:188} INFO - [2024-06-30T20:07:09.001+0000] {dag.py:3954} INFO - Setting next_dagrun for example_nested_branch_dag to 2024-06-29 00:00:00+00:00, run_after=2024-06-30 00:00:00+00:00
[2024-06-30T20:07:09.023+0000] {processor.py:183} INFO - Processing /home/airflow/.local/lib/python3.12/site-packages/airflow/example_dags/example_nested_branch_dag.py took 0.105 seconds
