[2024-06-30T20:03:25.054+0000] {processor.py:161} INFO - Started process (PID=73) to work on /home/airflow/.local/lib/python3.12/site-packages/airflow/example_dags/tutorial_taskflow_api.py
[2024-06-30T20:03:25.056+0000] {processor.py:830} INFO - Processing file /home/airflow/.local/lib/python3.12/site-packages/airflow/example_dags/tutorial_taskflow_api.py for tasks to queue
[2024-06-30T20:03:25.059+0000] {logging_mixin.py:188} INFO - [2024-06-30T20:03:25.059+0000] {dagbag.py:545} INFO - Filling up the DagBag from /home/airflow/.local/lib/python3.12/site-packages/airflow/example_dags/tutorial_taskflow_api.py
[2024-06-30T20:03:25.073+0000] {processor.py:840} INFO - DAG(s) 'tutorial_taskflow_api' retrieved from /home/airflow/.local/lib/python3.12/site-packages/airflow/example_dags/tutorial_taskflow_api.py
[2024-06-30T20:03:25.592+0000] {logging_mixin.py:188} INFO - [2024-06-30T20:03:25.591+0000] {override.py:1829} INFO - Created Permission View: can delete on DAG:tutorial_taskflow_api
[2024-06-30T20:03:25.607+0000] {logging_mixin.py:188} INFO - [2024-06-30T20:03:25.607+0000] {override.py:1829} INFO - Created Permission View: can read on DAG:tutorial_taskflow_api
[2024-06-30T20:03:25.618+0000] {logging_mixin.py:188} INFO - [2024-06-30T20:03:25.618+0000] {override.py:1829} INFO - Created Permission View: can edit on DAG:tutorial_taskflow_api
[2024-06-30T20:03:25.619+0000] {logging_mixin.py:188} INFO - [2024-06-30T20:03:25.619+0000] {dag.py:3096} INFO - Sync 1 DAGs
[2024-06-30T20:03:25.634+0000] {logging_mixin.py:188} INFO - [2024-06-30T20:03:25.634+0000] {dag.py:3118} INFO - Creating ORM DAG for tutorial_taskflow_api
[2024-06-30T20:03:25.636+0000] {logging_mixin.py:188} INFO - [2024-06-30T20:03:25.636+0000] {dag.py:3954} INFO - Setting next_dagrun for tutorial_taskflow_api to None, run_after=None
[2024-06-30T20:03:25.663+0000] {processor.py:183} INFO - Processing /home/airflow/.local/lib/python3.12/site-packages/airflow/example_dags/tutorial_taskflow_api.py took 0.619 seconds
[2024-06-30T20:03:55.837+0000] {processor.py:161} INFO - Started process (PID=126) to work on /home/airflow/.local/lib/python3.12/site-packages/airflow/example_dags/tutorial_taskflow_api.py
[2024-06-30T20:03:55.838+0000] {processor.py:830} INFO - Processing file /home/airflow/.local/lib/python3.12/site-packages/airflow/example_dags/tutorial_taskflow_api.py for tasks to queue
[2024-06-30T20:03:55.840+0000] {logging_mixin.py:188} INFO - [2024-06-30T20:03:55.840+0000] {dagbag.py:545} INFO - Filling up the DagBag from /home/airflow/.local/lib/python3.12/site-packages/airflow/example_dags/tutorial_taskflow_api.py
[2024-06-30T20:03:55.847+0000] {processor.py:840} INFO - DAG(s) 'tutorial_taskflow_api' retrieved from /home/airflow/.local/lib/python3.12/site-packages/airflow/example_dags/tutorial_taskflow_api.py
[2024-06-30T20:03:55.867+0000] {logging_mixin.py:188} INFO - [2024-06-30T20:03:55.866+0000] {dag.py:3096} INFO - Sync 1 DAGs
[2024-06-30T20:03:55.880+0000] {logging_mixin.py:188} INFO - [2024-06-30T20:03:55.879+0000] {dag.py:3954} INFO - Setting next_dagrun for tutorial_taskflow_api to None, run_after=None
[2024-06-30T20:03:55.899+0000] {processor.py:183} INFO - Processing /home/airflow/.local/lib/python3.12/site-packages/airflow/example_dags/tutorial_taskflow_api.py took 0.068 seconds
[2024-06-30T20:04:26.136+0000] {processor.py:161} INFO - Started process (PID=179) to work on /home/airflow/.local/lib/python3.12/site-packages/airflow/example_dags/tutorial_taskflow_api.py
[2024-06-30T20:04:26.138+0000] {processor.py:830} INFO - Processing file /home/airflow/.local/lib/python3.12/site-packages/airflow/example_dags/tutorial_taskflow_api.py for tasks to queue
[2024-06-30T20:04:26.140+0000] {logging_mixin.py:188} INFO - [2024-06-30T20:04:26.139+0000] {dagbag.py:545} INFO - Filling up the DagBag from /home/airflow/.local/lib/python3.12/site-packages/airflow/example_dags/tutorial_taskflow_api.py
[2024-06-30T20:04:26.148+0000] {processor.py:840} INFO - DAG(s) 'tutorial_taskflow_api' retrieved from /home/airflow/.local/lib/python3.12/site-packages/airflow/example_dags/tutorial_taskflow_api.py
[2024-06-30T20:04:26.170+0000] {logging_mixin.py:188} INFO - [2024-06-30T20:04:26.170+0000] {dag.py:3096} INFO - Sync 1 DAGs
[2024-06-30T20:04:26.183+0000] {logging_mixin.py:188} INFO - [2024-06-30T20:04:26.183+0000] {dag.py:3954} INFO - Setting next_dagrun for tutorial_taskflow_api to None, run_after=None
[2024-06-30T20:04:26.204+0000] {processor.py:183} INFO - Processing /home/airflow/.local/lib/python3.12/site-packages/airflow/example_dags/tutorial_taskflow_api.py took 0.074 seconds
[2024-06-30T20:04:56.373+0000] {processor.py:161} INFO - Started process (PID=232) to work on /home/airflow/.local/lib/python3.12/site-packages/airflow/example_dags/tutorial_taskflow_api.py
[2024-06-30T20:04:56.374+0000] {processor.py:830} INFO - Processing file /home/airflow/.local/lib/python3.12/site-packages/airflow/example_dags/tutorial_taskflow_api.py for tasks to queue
[2024-06-30T20:04:56.377+0000] {logging_mixin.py:188} INFO - [2024-06-30T20:04:56.376+0000] {dagbag.py:545} INFO - Filling up the DagBag from /home/airflow/.local/lib/python3.12/site-packages/airflow/example_dags/tutorial_taskflow_api.py
[2024-06-30T20:04:56.385+0000] {processor.py:840} INFO - DAG(s) 'tutorial_taskflow_api' retrieved from /home/airflow/.local/lib/python3.12/site-packages/airflow/example_dags/tutorial_taskflow_api.py
[2024-06-30T20:04:56.407+0000] {logging_mixin.py:188} INFO - [2024-06-30T20:04:56.406+0000] {dag.py:3096} INFO - Sync 1 DAGs
[2024-06-30T20:04:56.422+0000] {logging_mixin.py:188} INFO - [2024-06-30T20:04:56.421+0000] {dag.py:3954} INFO - Setting next_dagrun for tutorial_taskflow_api to None, run_after=None
[2024-06-30T20:04:56.443+0000] {processor.py:183} INFO - Processing /home/airflow/.local/lib/python3.12/site-packages/airflow/example_dags/tutorial_taskflow_api.py took 0.077 seconds
[2024-06-30T20:05:27.055+0000] {processor.py:161} INFO - Started process (PID=285) to work on /home/airflow/.local/lib/python3.12/site-packages/airflow/example_dags/tutorial_taskflow_api.py
[2024-06-30T20:05:27.058+0000] {processor.py:830} INFO - Processing file /home/airflow/.local/lib/python3.12/site-packages/airflow/example_dags/tutorial_taskflow_api.py for tasks to queue
[2024-06-30T20:05:27.066+0000] {logging_mixin.py:188} INFO - [2024-06-30T20:05:27.064+0000] {dagbag.py:545} INFO - Filling up the DagBag from /home/airflow/.local/lib/python3.12/site-packages/airflow/example_dags/tutorial_taskflow_api.py
[2024-06-30T20:05:27.093+0000] {processor.py:840} INFO - DAG(s) 'tutorial_taskflow_api' retrieved from /home/airflow/.local/lib/python3.12/site-packages/airflow/example_dags/tutorial_taskflow_api.py
[2024-06-30T20:05:27.154+0000] {logging_mixin.py:188} INFO - [2024-06-30T20:05:27.153+0000] {dag.py:3096} INFO - Sync 1 DAGs
[2024-06-30T20:05:27.195+0000] {logging_mixin.py:188} INFO - [2024-06-30T20:05:27.194+0000] {dag.py:3954} INFO - Setting next_dagrun for tutorial_taskflow_api to None, run_after=None
[2024-06-30T20:05:27.261+0000] {processor.py:183} INFO - Processing /home/airflow/.local/lib/python3.12/site-packages/airflow/example_dags/tutorial_taskflow_api.py took 0.227 seconds
[2024-06-30T20:06:00.011+0000] {processor.py:161} INFO - Started process (PID=342) to work on /home/airflow/.local/lib/python3.12/site-packages/airflow/example_dags/tutorial_taskflow_api.py
[2024-06-30T20:06:00.019+0000] {processor.py:830} INFO - Processing file /home/airflow/.local/lib/python3.12/site-packages/airflow/example_dags/tutorial_taskflow_api.py for tasks to queue
[2024-06-30T20:06:00.037+0000] {logging_mixin.py:188} INFO - [2024-06-30T20:06:00.034+0000] {dagbag.py:545} INFO - Filling up the DagBag from /home/airflow/.local/lib/python3.12/site-packages/airflow/example_dags/tutorial_taskflow_api.py
[2024-06-30T20:06:00.098+0000] {processor.py:840} INFO - DAG(s) 'tutorial_taskflow_api' retrieved from /home/airflow/.local/lib/python3.12/site-packages/airflow/example_dags/tutorial_taskflow_api.py
[2024-06-30T20:06:00.359+0000] {logging_mixin.py:188} INFO - [2024-06-30T20:06:00.355+0000] {dag.py:3096} INFO - Sync 1 DAGs
[2024-06-30T20:06:00.568+0000] {logging_mixin.py:188} INFO - [2024-06-30T20:06:00.566+0000] {dag.py:3954} INFO - Setting next_dagrun for tutorial_taskflow_api to None, run_after=None
[2024-06-30T20:06:00.773+0000] {processor.py:183} INFO - Processing /home/airflow/.local/lib/python3.12/site-packages/airflow/example_dags/tutorial_taskflow_api.py took 0.803 seconds
[2024-06-30T20:06:31.624+0000] {processor.py:161} INFO - Started process (PID=395) to work on /home/airflow/.local/lib/python3.12/site-packages/airflow/example_dags/tutorial_taskflow_api.py
[2024-06-30T20:06:31.636+0000] {processor.py:830} INFO - Processing file /home/airflow/.local/lib/python3.12/site-packages/airflow/example_dags/tutorial_taskflow_api.py for tasks to queue
[2024-06-30T20:06:31.661+0000] {logging_mixin.py:188} INFO - [2024-06-30T20:06:31.657+0000] {dagbag.py:545} INFO - Filling up the DagBag from /home/airflow/.local/lib/python3.12/site-packages/airflow/example_dags/tutorial_taskflow_api.py
[2024-06-30T20:06:31.723+0000] {processor.py:840} INFO - DAG(s) 'tutorial_taskflow_api' retrieved from /home/airflow/.local/lib/python3.12/site-packages/airflow/example_dags/tutorial_taskflow_api.py
[2024-06-30T20:06:31.868+0000] {logging_mixin.py:188} INFO - [2024-06-30T20:06:31.864+0000] {dag.py:3096} INFO - Sync 1 DAGs
[2024-06-30T20:06:31.964+0000] {logging_mixin.py:188} INFO - [2024-06-30T20:06:31.960+0000] {dag.py:3954} INFO - Setting next_dagrun for tutorial_taskflow_api to None, run_after=None
[2024-06-30T20:06:32.221+0000] {processor.py:183} INFO - Processing /home/airflow/.local/lib/python3.12/site-packages/airflow/example_dags/tutorial_taskflow_api.py took 0.638 seconds
[2024-06-30T20:07:02.395+0000] {processor.py:161} INFO - Started process (PID=448) to work on /home/airflow/.local/lib/python3.12/site-packages/airflow/example_dags/tutorial_taskflow_api.py
[2024-06-30T20:07:02.397+0000] {processor.py:830} INFO - Processing file /home/airflow/.local/lib/python3.12/site-packages/airflow/example_dags/tutorial_taskflow_api.py for tasks to queue
[2024-06-30T20:07:02.401+0000] {logging_mixin.py:188} INFO - [2024-06-30T20:07:02.400+0000] {dagbag.py:545} INFO - Filling up the DagBag from /home/airflow/.local/lib/python3.12/site-packages/airflow/example_dags/tutorial_taskflow_api.py
[2024-06-30T20:07:02.411+0000] {processor.py:840} INFO - DAG(s) 'tutorial_taskflow_api' retrieved from /home/airflow/.local/lib/python3.12/site-packages/airflow/example_dags/tutorial_taskflow_api.py
[2024-06-30T20:07:02.441+0000] {logging_mixin.py:188} INFO - [2024-06-30T20:07:02.441+0000] {dag.py:3096} INFO - Sync 1 DAGs
[2024-06-30T20:07:02.457+0000] {logging_mixin.py:188} INFO - [2024-06-30T20:07:02.457+0000] {dag.py:3954} INFO - Setting next_dagrun for tutorial_taskflow_api to None, run_after=None
[2024-06-30T20:07:02.504+0000] {processor.py:183} INFO - Processing /home/airflow/.local/lib/python3.12/site-packages/airflow/example_dags/tutorial_taskflow_api.py took 0.116 seconds
