[2024-06-30T20:03:20.601+0000] {processor.py:161} INFO - Started process (PID=60) to work on /home/airflow/.local/lib/python3.12/site-packages/airflow/example_dags/tutorial.py
[2024-06-30T20:03:20.603+0000] {processor.py:830} INFO - Processing file /home/airflow/.local/lib/python3.12/site-packages/airflow/example_dags/tutorial.py for tasks to queue
[2024-06-30T20:03:20.607+0000] {logging_mixin.py:188} INFO - [2024-06-30T20:03:20.606+0000] {dagbag.py:545} INFO - Filling up the DagBag from /home/airflow/.local/lib/python3.12/site-packages/airflow/example_dags/tutorial.py
[2024-06-30T20:03:20.625+0000] {processor.py:840} INFO - DAG(s) 'tutorial' retrieved from /home/airflow/.local/lib/python3.12/site-packages/airflow/example_dags/tutorial.py
[2024-06-30T20:03:21.107+0000] {logging_mixin.py:188} INFO - [2024-06-30T20:03:21.106+0000] {override.py:1829} INFO - Created Permission View: can delete on DAG:tutorial
[2024-06-30T20:03:21.123+0000] {logging_mixin.py:188} INFO - [2024-06-30T20:03:21.122+0000] {override.py:1829} INFO - Created Permission View: can read on DAG:tutorial
[2024-06-30T20:03:21.133+0000] {logging_mixin.py:188} INFO - [2024-06-30T20:03:21.133+0000] {override.py:1829} INFO - Created Permission View: can edit on DAG:tutorial
[2024-06-30T20:03:21.134+0000] {logging_mixin.py:188} INFO - [2024-06-30T20:03:21.134+0000] {dag.py:3096} INFO - Sync 1 DAGs
[2024-06-30T20:03:21.154+0000] {logging_mixin.py:188} INFO - [2024-06-30T20:03:21.154+0000] {dag.py:3118} INFO - Creating ORM DAG for tutorial
[2024-06-30T20:03:21.169+0000] {logging_mixin.py:188} INFO - [2024-06-30T20:03:21.169+0000] {dag.py:3954} INFO - Setting next_dagrun for tutorial to 2024-06-29 00:00:00+00:00, run_after=2024-06-30 00:00:00+00:00
[2024-06-30T20:03:21.201+0000] {processor.py:183} INFO - Processing /home/airflow/.local/lib/python3.12/site-packages/airflow/example_dags/tutorial.py took 0.610 seconds
[2024-06-30T20:03:52.092+0000] {processor.py:161} INFO - Started process (PID=113) to work on /home/airflow/.local/lib/python3.12/site-packages/airflow/example_dags/tutorial.py
[2024-06-30T20:03:52.093+0000] {processor.py:830} INFO - Processing file /home/airflow/.local/lib/python3.12/site-packages/airflow/example_dags/tutorial.py for tasks to queue
[2024-06-30T20:03:52.095+0000] {logging_mixin.py:188} INFO - [2024-06-30T20:03:52.095+0000] {dagbag.py:545} INFO - Filling up the DagBag from /home/airflow/.local/lib/python3.12/site-packages/airflow/example_dags/tutorial.py
[2024-06-30T20:03:52.104+0000] {processor.py:840} INFO - DAG(s) 'tutorial' retrieved from /home/airflow/.local/lib/python3.12/site-packages/airflow/example_dags/tutorial.py
[2024-06-30T20:03:52.127+0000] {logging_mixin.py:188} INFO - [2024-06-30T20:03:52.126+0000] {dag.py:3096} INFO - Sync 1 DAGs
[2024-06-30T20:03:52.154+0000] {logging_mixin.py:188} INFO - [2024-06-30T20:03:52.154+0000] {dag.py:3954} INFO - Setting next_dagrun for tutorial to 2024-06-29 00:00:00+00:00, run_after=2024-06-30 00:00:00+00:00
[2024-06-30T20:03:52.177+0000] {processor.py:183} INFO - Processing /home/airflow/.local/lib/python3.12/site-packages/airflow/example_dags/tutorial.py took 0.091 seconds
[2024-06-30T20:04:22.350+0000] {processor.py:161} INFO - Started process (PID=166) to work on /home/airflow/.local/lib/python3.12/site-packages/airflow/example_dags/tutorial.py
[2024-06-30T20:04:22.351+0000] {processor.py:830} INFO - Processing file /home/airflow/.local/lib/python3.12/site-packages/airflow/example_dags/tutorial.py for tasks to queue
[2024-06-30T20:04:22.353+0000] {logging_mixin.py:188} INFO - [2024-06-30T20:04:22.353+0000] {dagbag.py:545} INFO - Filling up the DagBag from /home/airflow/.local/lib/python3.12/site-packages/airflow/example_dags/tutorial.py
[2024-06-30T20:04:22.360+0000] {processor.py:840} INFO - DAG(s) 'tutorial' retrieved from /home/airflow/.local/lib/python3.12/site-packages/airflow/example_dags/tutorial.py
[2024-06-30T20:04:22.382+0000] {logging_mixin.py:188} INFO - [2024-06-30T20:04:22.381+0000] {dag.py:3096} INFO - Sync 1 DAGs
[2024-06-30T20:04:22.403+0000] {logging_mixin.py:188} INFO - [2024-06-30T20:04:22.402+0000] {dag.py:3954} INFO - Setting next_dagrun for tutorial to 2024-06-29 00:00:00+00:00, run_after=2024-06-30 00:00:00+00:00
[2024-06-30T20:04:22.421+0000] {processor.py:183} INFO - Processing /home/airflow/.local/lib/python3.12/site-packages/airflow/example_dags/tutorial.py took 0.077 seconds
[2024-06-30T20:04:52.600+0000] {processor.py:161} INFO - Started process (PID=219) to work on /home/airflow/.local/lib/python3.12/site-packages/airflow/example_dags/tutorial.py
[2024-06-30T20:04:52.601+0000] {processor.py:830} INFO - Processing file /home/airflow/.local/lib/python3.12/site-packages/airflow/example_dags/tutorial.py for tasks to queue
[2024-06-30T20:04:52.603+0000] {logging_mixin.py:188} INFO - [2024-06-30T20:04:52.602+0000] {dagbag.py:545} INFO - Filling up the DagBag from /home/airflow/.local/lib/python3.12/site-packages/airflow/example_dags/tutorial.py
[2024-06-30T20:04:52.609+0000] {processor.py:840} INFO - DAG(s) 'tutorial' retrieved from /home/airflow/.local/lib/python3.12/site-packages/airflow/example_dags/tutorial.py
[2024-06-30T20:04:52.628+0000] {logging_mixin.py:188} INFO - [2024-06-30T20:04:52.628+0000] {dag.py:3096} INFO - Sync 1 DAGs
[2024-06-30T20:04:52.647+0000] {logging_mixin.py:188} INFO - [2024-06-30T20:04:52.647+0000] {dag.py:3954} INFO - Setting next_dagrun for tutorial to 2024-06-29 00:00:00+00:00, run_after=2024-06-30 00:00:00+00:00
[2024-06-30T20:04:52.666+0000] {processor.py:183} INFO - Processing /home/airflow/.local/lib/python3.12/site-packages/airflow/example_dags/tutorial.py took 0.072 seconds
[2024-06-30T20:05:22.901+0000] {processor.py:161} INFO - Started process (PID=272) to work on /home/airflow/.local/lib/python3.12/site-packages/airflow/example_dags/tutorial.py
[2024-06-30T20:05:22.906+0000] {processor.py:830} INFO - Processing file /home/airflow/.local/lib/python3.12/site-packages/airflow/example_dags/tutorial.py for tasks to queue
[2024-06-30T20:05:22.917+0000] {logging_mixin.py:188} INFO - [2024-06-30T20:05:22.915+0000] {dagbag.py:545} INFO - Filling up the DagBag from /home/airflow/.local/lib/python3.12/site-packages/airflow/example_dags/tutorial.py
[2024-06-30T20:05:22.953+0000] {processor.py:840} INFO - DAG(s) 'tutorial' retrieved from /home/airflow/.local/lib/python3.12/site-packages/airflow/example_dags/tutorial.py
[2024-06-30T20:05:23.039+0000] {logging_mixin.py:188} INFO - [2024-06-30T20:05:23.038+0000] {dag.py:3096} INFO - Sync 1 DAGs
[2024-06-30T20:05:23.138+0000] {logging_mixin.py:188} INFO - [2024-06-30T20:05:23.137+0000] {dag.py:3954} INFO - Setting next_dagrun for tutorial to 2024-06-29 00:00:00+00:00, run_after=2024-06-30 00:00:00+00:00
[2024-06-30T20:05:23.233+0000] {processor.py:183} INFO - Processing /home/airflow/.local/lib/python3.12/site-packages/airflow/example_dags/tutorial.py took 0.367 seconds
[2024-06-30T20:05:54.758+0000] {processor.py:161} INFO - Started process (PID=329) to work on /home/airflow/.local/lib/python3.12/site-packages/airflow/example_dags/tutorial.py
[2024-06-30T20:05:54.763+0000] {processor.py:830} INFO - Processing file /home/airflow/.local/lib/python3.12/site-packages/airflow/example_dags/tutorial.py for tasks to queue
[2024-06-30T20:05:54.777+0000] {logging_mixin.py:188} INFO - [2024-06-30T20:05:54.774+0000] {dagbag.py:545} INFO - Filling up the DagBag from /home/airflow/.local/lib/python3.12/site-packages/airflow/example_dags/tutorial.py
[2024-06-30T20:05:54.819+0000] {processor.py:840} INFO - DAG(s) 'tutorial' retrieved from /home/airflow/.local/lib/python3.12/site-packages/airflow/example_dags/tutorial.py
[2024-06-30T20:05:54.944+0000] {logging_mixin.py:188} INFO - [2024-06-30T20:05:54.942+0000] {dag.py:3096} INFO - Sync 1 DAGs
[2024-06-30T20:05:55.096+0000] {logging_mixin.py:188} INFO - [2024-06-30T20:05:55.095+0000] {dag.py:3954} INFO - Setting next_dagrun for tutorial to 2024-06-29 00:00:00+00:00, run_after=2024-06-30 00:00:00+00:00
[2024-06-30T20:05:55.209+0000] {processor.py:183} INFO - Processing /home/airflow/.local/lib/python3.12/site-packages/airflow/example_dags/tutorial.py took 0.482 seconds
[2024-06-30T20:06:25.498+0000] {processor.py:161} INFO - Started process (PID=382) to work on /home/airflow/.local/lib/python3.12/site-packages/airflow/example_dags/tutorial.py
[2024-06-30T20:06:25.500+0000] {processor.py:830} INFO - Processing file /home/airflow/.local/lib/python3.12/site-packages/airflow/example_dags/tutorial.py for tasks to queue
[2024-06-30T20:06:25.504+0000] {logging_mixin.py:188} INFO - [2024-06-30T20:06:25.503+0000] {dagbag.py:545} INFO - Filling up the DagBag from /home/airflow/.local/lib/python3.12/site-packages/airflow/example_dags/tutorial.py
[2024-06-30T20:06:25.514+0000] {processor.py:840} INFO - DAG(s) 'tutorial' retrieved from /home/airflow/.local/lib/python3.12/site-packages/airflow/example_dags/tutorial.py
[2024-06-30T20:06:25.546+0000] {logging_mixin.py:188} INFO - [2024-06-30T20:06:25.545+0000] {dag.py:3096} INFO - Sync 1 DAGs
[2024-06-30T20:06:25.584+0000] {logging_mixin.py:188} INFO - [2024-06-30T20:06:25.584+0000] {dag.py:3954} INFO - Setting next_dagrun for tutorial to 2024-06-29 00:00:00+00:00, run_after=2024-06-30 00:00:00+00:00
[2024-06-30T20:06:25.613+0000] {processor.py:183} INFO - Processing /home/airflow/.local/lib/python3.12/site-packages/airflow/example_dags/tutorial.py took 0.129 seconds
[2024-06-30T20:06:56.175+0000] {processor.py:161} INFO - Started process (PID=435) to work on /home/airflow/.local/lib/python3.12/site-packages/airflow/example_dags/tutorial.py
[2024-06-30T20:06:56.176+0000] {processor.py:830} INFO - Processing file /home/airflow/.local/lib/python3.12/site-packages/airflow/example_dags/tutorial.py for tasks to queue
[2024-06-30T20:06:56.179+0000] {logging_mixin.py:188} INFO - [2024-06-30T20:06:56.179+0000] {dagbag.py:545} INFO - Filling up the DagBag from /home/airflow/.local/lib/python3.12/site-packages/airflow/example_dags/tutorial.py
[2024-06-30T20:06:56.189+0000] {processor.py:840} INFO - DAG(s) 'tutorial' retrieved from /home/airflow/.local/lib/python3.12/site-packages/airflow/example_dags/tutorial.py
[2024-06-30T20:06:56.218+0000] {logging_mixin.py:188} INFO - [2024-06-30T20:06:56.218+0000] {dag.py:3096} INFO - Sync 1 DAGs
[2024-06-30T20:06:56.249+0000] {logging_mixin.py:188} INFO - [2024-06-30T20:06:56.249+0000] {dag.py:3954} INFO - Setting next_dagrun for tutorial to 2024-06-29 00:00:00+00:00, run_after=2024-06-30 00:00:00+00:00
[2024-06-30T20:06:56.277+0000] {processor.py:183} INFO - Processing /home/airflow/.local/lib/python3.12/site-packages/airflow/example_dags/tutorial.py took 0.111 seconds
