[2024-06-30T20:03:23.265+0000] {processor.py:161} INFO - Started process (PID=68) to work on /home/airflow/.local/lib/python3.12/site-packages/airflow/example_dags/example_latest_only_with_trigger.py
[2024-06-30T20:03:23.267+0000] {processor.py:830} INFO - Processing file /home/airflow/.local/lib/python3.12/site-packages/airflow/example_dags/example_latest_only_with_trigger.py for tasks to queue
[2024-06-30T20:03:23.272+0000] {logging_mixin.py:188} INFO - [2024-06-30T20:03:23.271+0000] {dagbag.py:545} INFO - Filling up the DagBag from /home/airflow/.local/lib/python3.12/site-packages/airflow/example_dags/example_latest_only_with_trigger.py
[2024-06-30T20:03:23.282+0000] {processor.py:840} INFO - DAG(s) 'latest_only_with_trigger' retrieved from /home/airflow/.local/lib/python3.12/site-packages/airflow/example_dags/example_latest_only_with_trigger.py
[2024-06-30T20:03:23.774+0000] {logging_mixin.py:188} INFO - [2024-06-30T20:03:23.773+0000] {override.py:1829} INFO - Created Permission View: can delete on DAG:latest_only_with_trigger
[2024-06-30T20:03:23.790+0000] {logging_mixin.py:188} INFO - [2024-06-30T20:03:23.789+0000] {override.py:1829} INFO - Created Permission View: can read on DAG:latest_only_with_trigger
[2024-06-30T20:03:23.801+0000] {logging_mixin.py:188} INFO - [2024-06-30T20:03:23.800+0000] {override.py:1829} INFO - Created Permission View: can edit on DAG:latest_only_with_trigger
[2024-06-30T20:03:23.802+0000] {logging_mixin.py:188} INFO - [2024-06-30T20:03:23.802+0000] {dag.py:3096} INFO - Sync 1 DAGs
[2024-06-30T20:03:23.821+0000] {logging_mixin.py:188} INFO - [2024-06-30T20:03:23.820+0000] {dag.py:3118} INFO - Creating ORM DAG for latest_only_with_trigger
[2024-06-30T20:03:23.844+0000] {logging_mixin.py:188} INFO - [2024-06-30T20:03:23.843+0000] {dag.py:3954} INFO - Setting next_dagrun for latest_only_with_trigger to 2024-06-30 16:00:00+00:00, run_after=2024-06-30 20:00:00+00:00
[2024-06-30T20:03:23.867+0000] {processor.py:183} INFO - Processing /home/airflow/.local/lib/python3.12/site-packages/airflow/example_dags/example_latest_only_with_trigger.py took 0.614 seconds
[2024-06-30T20:03:54.520+0000] {processor.py:161} INFO - Started process (PID=121) to work on /home/airflow/.local/lib/python3.12/site-packages/airflow/example_dags/example_latest_only_with_trigger.py
[2024-06-30T20:03:54.522+0000] {processor.py:830} INFO - Processing file /home/airflow/.local/lib/python3.12/site-packages/airflow/example_dags/example_latest_only_with_trigger.py for tasks to queue
[2024-06-30T20:03:54.525+0000] {logging_mixin.py:188} INFO - [2024-06-30T20:03:54.524+0000] {dagbag.py:545} INFO - Filling up the DagBag from /home/airflow/.local/lib/python3.12/site-packages/airflow/example_dags/example_latest_only_with_trigger.py
[2024-06-30T20:03:54.533+0000] {processor.py:840} INFO - DAG(s) 'latest_only_with_trigger' retrieved from /home/airflow/.local/lib/python3.12/site-packages/airflow/example_dags/example_latest_only_with_trigger.py
[2024-06-30T20:03:54.557+0000] {logging_mixin.py:188} INFO - [2024-06-30T20:03:54.556+0000] {dag.py:3096} INFO - Sync 1 DAGs
[2024-06-30T20:03:54.577+0000] {logging_mixin.py:188} INFO - [2024-06-30T20:03:54.577+0000] {dag.py:3954} INFO - Setting next_dagrun for latest_only_with_trigger to 2024-06-30 16:00:00+00:00, run_after=2024-06-30 20:00:00+00:00
[2024-06-30T20:03:54.596+0000] {processor.py:183} INFO - Processing /home/airflow/.local/lib/python3.12/site-packages/airflow/example_dags/example_latest_only_with_trigger.py took 0.086 seconds
[2024-06-30T20:04:24.754+0000] {processor.py:161} INFO - Started process (PID=174) to work on /home/airflow/.local/lib/python3.12/site-packages/airflow/example_dags/example_latest_only_with_trigger.py
[2024-06-30T20:04:24.755+0000] {processor.py:830} INFO - Processing file /home/airflow/.local/lib/python3.12/site-packages/airflow/example_dags/example_latest_only_with_trigger.py for tasks to queue
[2024-06-30T20:04:24.757+0000] {logging_mixin.py:188} INFO - [2024-06-30T20:04:24.757+0000] {dagbag.py:545} INFO - Filling up the DagBag from /home/airflow/.local/lib/python3.12/site-packages/airflow/example_dags/example_latest_only_with_trigger.py
[2024-06-30T20:04:24.764+0000] {processor.py:840} INFO - DAG(s) 'latest_only_with_trigger' retrieved from /home/airflow/.local/lib/python3.12/site-packages/airflow/example_dags/example_latest_only_with_trigger.py
[2024-06-30T20:04:24.786+0000] {logging_mixin.py:188} INFO - [2024-06-30T20:04:24.786+0000] {dag.py:3096} INFO - Sync 1 DAGs
[2024-06-30T20:04:24.806+0000] {logging_mixin.py:188} INFO - [2024-06-30T20:04:24.806+0000] {dag.py:3954} INFO - Setting next_dagrun for latest_only_with_trigger to 2024-06-30 16:00:00+00:00, run_after=2024-06-30 20:00:00+00:00
[2024-06-30T20:04:24.825+0000] {processor.py:183} INFO - Processing /home/airflow/.local/lib/python3.12/site-packages/airflow/example_dags/example_latest_only_with_trigger.py took 0.077 seconds
[2024-06-30T20:04:55.002+0000] {processor.py:161} INFO - Started process (PID=227) to work on /home/airflow/.local/lib/python3.12/site-packages/airflow/example_dags/example_latest_only_with_trigger.py
[2024-06-30T20:04:55.004+0000] {processor.py:830} INFO - Processing file /home/airflow/.local/lib/python3.12/site-packages/airflow/example_dags/example_latest_only_with_trigger.py for tasks to queue
[2024-06-30T20:04:55.006+0000] {logging_mixin.py:188} INFO - [2024-06-30T20:04:55.006+0000] {dagbag.py:545} INFO - Filling up the DagBag from /home/airflow/.local/lib/python3.12/site-packages/airflow/example_dags/example_latest_only_with_trigger.py
[2024-06-30T20:04:55.013+0000] {processor.py:840} INFO - DAG(s) 'latest_only_with_trigger' retrieved from /home/airflow/.local/lib/python3.12/site-packages/airflow/example_dags/example_latest_only_with_trigger.py
[2024-06-30T20:04:55.035+0000] {logging_mixin.py:188} INFO - [2024-06-30T20:04:55.035+0000] {dag.py:3096} INFO - Sync 1 DAGs
[2024-06-30T20:04:55.055+0000] {logging_mixin.py:188} INFO - [2024-06-30T20:04:55.055+0000] {dag.py:3954} INFO - Setting next_dagrun for latest_only_with_trigger to 2024-06-30 16:00:00+00:00, run_after=2024-06-30 20:00:00+00:00
[2024-06-30T20:04:55.073+0000] {processor.py:183} INFO - Processing /home/airflow/.local/lib/python3.12/site-packages/airflow/example_dags/example_latest_only_with_trigger.py took 0.077 seconds
[2024-06-30T20:05:25.150+0000] {processor.py:161} INFO - Started process (PID=279) to work on /home/airflow/.local/lib/python3.12/site-packages/airflow/example_dags/example_latest_only_with_trigger.py
[2024-06-30T20:05:25.153+0000] {processor.py:830} INFO - Processing file /home/airflow/.local/lib/python3.12/site-packages/airflow/example_dags/example_latest_only_with_trigger.py for tasks to queue
[2024-06-30T20:05:25.159+0000] {logging_mixin.py:188} INFO - [2024-06-30T20:05:25.158+0000] {dagbag.py:545} INFO - Filling up the DagBag from /home/airflow/.local/lib/python3.12/site-packages/airflow/example_dags/example_latest_only_with_trigger.py
[2024-06-30T20:05:25.175+0000] {processor.py:840} INFO - DAG(s) 'latest_only_with_trigger' retrieved from /home/airflow/.local/lib/python3.12/site-packages/airflow/example_dags/example_latest_only_with_trigger.py
[2024-06-30T20:05:25.235+0000] {logging_mixin.py:188} INFO - [2024-06-30T20:05:25.234+0000] {dag.py:3096} INFO - Sync 1 DAGs
[2024-06-30T20:05:25.302+0000] {logging_mixin.py:188} INFO - [2024-06-30T20:05:25.301+0000] {dag.py:3954} INFO - Setting next_dagrun for latest_only_with_trigger to 2024-06-30 16:00:00+00:00, run_after=2024-06-30 20:00:00+00:00
[2024-06-30T20:05:25.353+0000] {processor.py:183} INFO - Processing /home/airflow/.local/lib/python3.12/site-packages/airflow/example_dags/example_latest_only_with_trigger.py took 0.221 seconds
[2024-06-30T20:05:58.022+0000] {processor.py:161} INFO - Started process (PID=337) to work on /home/airflow/.local/lib/python3.12/site-packages/airflow/example_dags/example_latest_only_with_trigger.py
[2024-06-30T20:05:58.028+0000] {processor.py:830} INFO - Processing file /home/airflow/.local/lib/python3.12/site-packages/airflow/example_dags/example_latest_only_with_trigger.py for tasks to queue
[2024-06-30T20:05:58.045+0000] {logging_mixin.py:188} INFO - [2024-06-30T20:05:58.043+0000] {dagbag.py:545} INFO - Filling up the DagBag from /home/airflow/.local/lib/python3.12/site-packages/airflow/example_dags/example_latest_only_with_trigger.py
[2024-06-30T20:05:58.106+0000] {processor.py:840} INFO - DAG(s) 'latest_only_with_trigger' retrieved from /home/airflow/.local/lib/python3.12/site-packages/airflow/example_dags/example_latest_only_with_trigger.py
[2024-06-30T20:05:58.301+0000] {logging_mixin.py:188} INFO - [2024-06-30T20:05:58.298+0000] {dag.py:3096} INFO - Sync 1 DAGs
[2024-06-30T20:05:58.480+0000] {logging_mixin.py:188} INFO - [2024-06-30T20:05:58.479+0000] {dag.py:3954} INFO - Setting next_dagrun for latest_only_with_trigger to 2024-06-30 16:00:00+00:00, run_after=2024-06-30 20:00:00+00:00
[2024-06-30T20:05:58.593+0000] {processor.py:183} INFO - Processing /home/airflow/.local/lib/python3.12/site-packages/airflow/example_dags/example_latest_only_with_trigger.py took 0.629 seconds
[2024-06-30T20:06:28.757+0000] {processor.py:161} INFO - Started process (PID=390) to work on /home/airflow/.local/lib/python3.12/site-packages/airflow/example_dags/example_latest_only_with_trigger.py
[2024-06-30T20:06:28.762+0000] {processor.py:830} INFO - Processing file /home/airflow/.local/lib/python3.12/site-packages/airflow/example_dags/example_latest_only_with_trigger.py for tasks to queue
[2024-06-30T20:06:28.772+0000] {logging_mixin.py:188} INFO - [2024-06-30T20:06:28.770+0000] {dagbag.py:545} INFO - Filling up the DagBag from /home/airflow/.local/lib/python3.12/site-packages/airflow/example_dags/example_latest_only_with_trigger.py
[2024-06-30T20:06:28.797+0000] {processor.py:840} INFO - DAG(s) 'latest_only_with_trigger' retrieved from /home/airflow/.local/lib/python3.12/site-packages/airflow/example_dags/example_latest_only_with_trigger.py
[2024-06-30T20:06:28.890+0000] {logging_mixin.py:188} INFO - [2024-06-30T20:06:28.888+0000] {dag.py:3096} INFO - Sync 1 DAGs
[2024-06-30T20:06:28.989+0000] {logging_mixin.py:188} INFO - [2024-06-30T20:06:28.988+0000] {dag.py:3954} INFO - Setting next_dagrun for latest_only_with_trigger to 2024-06-30 16:00:00+00:00, run_after=2024-06-30 20:00:00+00:00
[2024-06-30T20:06:29.062+0000] {processor.py:183} INFO - Processing /home/airflow/.local/lib/python3.12/site-packages/airflow/example_dags/example_latest_only_with_trigger.py took 0.330 seconds
[2024-06-30T20:07:00.067+0000] {processor.py:161} INFO - Started process (PID=443) to work on /home/airflow/.local/lib/python3.12/site-packages/airflow/example_dags/example_latest_only_with_trigger.py
[2024-06-30T20:07:00.069+0000] {processor.py:830} INFO - Processing file /home/airflow/.local/lib/python3.12/site-packages/airflow/example_dags/example_latest_only_with_trigger.py for tasks to queue
[2024-06-30T20:07:00.071+0000] {logging_mixin.py:188} INFO - [2024-06-30T20:07:00.071+0000] {dagbag.py:545} INFO - Filling up the DagBag from /home/airflow/.local/lib/python3.12/site-packages/airflow/example_dags/example_latest_only_with_trigger.py
[2024-06-30T20:07:00.079+0000] {processor.py:840} INFO - DAG(s) 'latest_only_with_trigger' retrieved from /home/airflow/.local/lib/python3.12/site-packages/airflow/example_dags/example_latest_only_with_trigger.py
[2024-06-30T20:07:00.109+0000] {logging_mixin.py:188} INFO - [2024-06-30T20:07:00.109+0000] {dag.py:3096} INFO - Sync 1 DAGs
[2024-06-30T20:07:00.138+0000] {logging_mixin.py:188} INFO - [2024-06-30T20:07:00.138+0000] {dag.py:3954} INFO - Setting next_dagrun for latest_only_with_trigger to 2024-06-30 16:00:00+00:00, run_after=2024-06-30 20:00:00+00:00
[2024-06-30T20:07:00.164+0000] {processor.py:183} INFO - Processing /home/airflow/.local/lib/python3.12/site-packages/airflow/example_dags/example_latest_only_with_trigger.py took 0.104 seconds
