[2024-06-30T20:03:23.823+0000] {processor.py:161} INFO - Started process (PID=69) to work on /home/airflow/.local/lib/python3.12/site-packages/airflow/example_dags/example_trigger_target_dag.py
[2024-06-30T20:03:23.825+0000] {processor.py:830} INFO - Processing file /home/airflow/.local/lib/python3.12/site-packages/airflow/example_dags/example_trigger_target_dag.py for tasks to queue
[2024-06-30T20:03:23.829+0000] {logging_mixin.py:188} INFO - [2024-06-30T20:03:23.829+0000] {dagbag.py:545} INFO - Filling up the DagBag from /home/airflow/.local/lib/python3.12/site-packages/airflow/example_dags/example_trigger_target_dag.py
[2024-06-30T20:03:23.848+0000] {processor.py:840} INFO - DAG(s) 'example_trigger_target_dag' retrieved from /home/airflow/.local/lib/python3.12/site-packages/airflow/example_dags/example_trigger_target_dag.py
[2024-06-30T20:03:24.344+0000] {logging_mixin.py:188} INFO - [2024-06-30T20:03:24.343+0000] {override.py:1829} INFO - Created Permission View: can delete on DAG:example_trigger_target_dag
[2024-06-30T20:03:24.360+0000] {logging_mixin.py:188} INFO - [2024-06-30T20:03:24.359+0000] {override.py:1829} INFO - Created Permission View: can read on DAG:example_trigger_target_dag
[2024-06-30T20:03:24.370+0000] {logging_mixin.py:188} INFO - [2024-06-30T20:03:24.369+0000] {override.py:1829} INFO - Created Permission View: can edit on DAG:example_trigger_target_dag
[2024-06-30T20:03:24.371+0000] {logging_mixin.py:188} INFO - [2024-06-30T20:03:24.371+0000] {dag.py:3096} INFO - Sync 1 DAGs
[2024-06-30T20:03:24.386+0000] {logging_mixin.py:188} INFO - [2024-06-30T20:03:24.385+0000] {dag.py:3118} INFO - Creating ORM DAG for example_trigger_target_dag
[2024-06-30T20:03:24.387+0000] {logging_mixin.py:188} INFO - [2024-06-30T20:03:24.387+0000] {dag.py:3954} INFO - Setting next_dagrun for example_trigger_target_dag to None, run_after=None
[2024-06-30T20:03:24.414+0000] {processor.py:183} INFO - Processing /home/airflow/.local/lib/python3.12/site-packages/airflow/example_dags/example_trigger_target_dag.py took 0.603 seconds
[2024-06-30T20:03:54.626+0000] {processor.py:161} INFO - Started process (PID=122) to work on /home/airflow/.local/lib/python3.12/site-packages/airflow/example_dags/example_trigger_target_dag.py
[2024-06-30T20:03:54.627+0000] {processor.py:830} INFO - Processing file /home/airflow/.local/lib/python3.12/site-packages/airflow/example_dags/example_trigger_target_dag.py for tasks to queue
[2024-06-30T20:03:54.629+0000] {logging_mixin.py:188} INFO - [2024-06-30T20:03:54.629+0000] {dagbag.py:545} INFO - Filling up the DagBag from /home/airflow/.local/lib/python3.12/site-packages/airflow/example_dags/example_trigger_target_dag.py
[2024-06-30T20:03:54.636+0000] {processor.py:840} INFO - DAG(s) 'example_trigger_target_dag' retrieved from /home/airflow/.local/lib/python3.12/site-packages/airflow/example_dags/example_trigger_target_dag.py
[2024-06-30T20:03:54.654+0000] {logging_mixin.py:188} INFO - [2024-06-30T20:03:54.654+0000] {dag.py:3096} INFO - Sync 1 DAGs
[2024-06-30T20:03:54.668+0000] {logging_mixin.py:188} INFO - [2024-06-30T20:03:54.668+0000] {dag.py:3954} INFO - Setting next_dagrun for example_trigger_target_dag to None, run_after=None
[2024-06-30T20:03:54.688+0000] {processor.py:183} INFO - Processing /home/airflow/.local/lib/python3.12/site-packages/airflow/example_dags/example_trigger_target_dag.py took 0.067 seconds
[2024-06-30T20:04:24.879+0000] {processor.py:161} INFO - Started process (PID=175) to work on /home/airflow/.local/lib/python3.12/site-packages/airflow/example_dags/example_trigger_target_dag.py
[2024-06-30T20:04:24.880+0000] {processor.py:830} INFO - Processing file /home/airflow/.local/lib/python3.12/site-packages/airflow/example_dags/example_trigger_target_dag.py for tasks to queue
[2024-06-30T20:04:24.883+0000] {logging_mixin.py:188} INFO - [2024-06-30T20:04:24.882+0000] {dagbag.py:545} INFO - Filling up the DagBag from /home/airflow/.local/lib/python3.12/site-packages/airflow/example_dags/example_trigger_target_dag.py
[2024-06-30T20:04:24.890+0000] {processor.py:840} INFO - DAG(s) 'example_trigger_target_dag' retrieved from /home/airflow/.local/lib/python3.12/site-packages/airflow/example_dags/example_trigger_target_dag.py
[2024-06-30T20:04:24.912+0000] {logging_mixin.py:188} INFO - [2024-06-30T20:04:24.912+0000] {dag.py:3096} INFO - Sync 1 DAGs
[2024-06-30T20:04:24.925+0000] {logging_mixin.py:188} INFO - [2024-06-30T20:04:24.925+0000] {dag.py:3954} INFO - Setting next_dagrun for example_trigger_target_dag to None, run_after=None
[2024-06-30T20:04:24.947+0000] {processor.py:183} INFO - Processing /home/airflow/.local/lib/python3.12/site-packages/airflow/example_dags/example_trigger_target_dag.py took 0.075 seconds
[2024-06-30T20:04:55.129+0000] {processor.py:161} INFO - Started process (PID=228) to work on /home/airflow/.local/lib/python3.12/site-packages/airflow/example_dags/example_trigger_target_dag.py
[2024-06-30T20:04:55.130+0000] {processor.py:830} INFO - Processing file /home/airflow/.local/lib/python3.12/site-packages/airflow/example_dags/example_trigger_target_dag.py for tasks to queue
[2024-06-30T20:04:55.133+0000] {logging_mixin.py:188} INFO - [2024-06-30T20:04:55.132+0000] {dagbag.py:545} INFO - Filling up the DagBag from /home/airflow/.local/lib/python3.12/site-packages/airflow/example_dags/example_trigger_target_dag.py
[2024-06-30T20:04:55.141+0000] {processor.py:840} INFO - DAG(s) 'example_trigger_target_dag' retrieved from /home/airflow/.local/lib/python3.12/site-packages/airflow/example_dags/example_trigger_target_dag.py
[2024-06-30T20:04:55.162+0000] {logging_mixin.py:188} INFO - [2024-06-30T20:04:55.162+0000] {dag.py:3096} INFO - Sync 1 DAGs
[2024-06-30T20:04:55.175+0000] {logging_mixin.py:188} INFO - [2024-06-30T20:04:55.175+0000] {dag.py:3954} INFO - Setting next_dagrun for example_trigger_target_dag to None, run_after=None
[2024-06-30T20:04:55.195+0000] {processor.py:183} INFO - Processing /home/airflow/.local/lib/python3.12/site-packages/airflow/example_dags/example_trigger_target_dag.py took 0.073 seconds
[2024-06-30T20:05:25.440+0000] {processor.py:161} INFO - Started process (PID=281) to work on /home/airflow/.local/lib/python3.12/site-packages/airflow/example_dags/example_trigger_target_dag.py
[2024-06-30T20:05:25.443+0000] {processor.py:830} INFO - Processing file /home/airflow/.local/lib/python3.12/site-packages/airflow/example_dags/example_trigger_target_dag.py for tasks to queue
[2024-06-30T20:05:25.450+0000] {logging_mixin.py:188} INFO - [2024-06-30T20:05:25.449+0000] {dagbag.py:545} INFO - Filling up the DagBag from /home/airflow/.local/lib/python3.12/site-packages/airflow/example_dags/example_trigger_target_dag.py
[2024-06-30T20:05:25.471+0000] {processor.py:840} INFO - DAG(s) 'example_trigger_target_dag' retrieved from /home/airflow/.local/lib/python3.12/site-packages/airflow/example_dags/example_trigger_target_dag.py
[2024-06-30T20:05:25.518+0000] {logging_mixin.py:188} INFO - [2024-06-30T20:05:25.517+0000] {dag.py:3096} INFO - Sync 1 DAGs
[2024-06-30T20:05:25.549+0000] {logging_mixin.py:188} INFO - [2024-06-30T20:05:25.549+0000] {dag.py:3954} INFO - Setting next_dagrun for example_trigger_target_dag to None, run_after=None
[2024-06-30T20:05:25.596+0000] {processor.py:183} INFO - Processing /home/airflow/.local/lib/python3.12/site-packages/airflow/example_dags/example_trigger_target_dag.py took 0.177 seconds
[2024-06-30T20:05:58.278+0000] {processor.py:161} INFO - Started process (PID=338) to work on /home/airflow/.local/lib/python3.12/site-packages/airflow/example_dags/example_trigger_target_dag.py
[2024-06-30T20:05:58.285+0000] {processor.py:830} INFO - Processing file /home/airflow/.local/lib/python3.12/site-packages/airflow/example_dags/example_trigger_target_dag.py for tasks to queue
[2024-06-30T20:05:58.302+0000] {logging_mixin.py:188} INFO - [2024-06-30T20:05:58.299+0000] {dagbag.py:545} INFO - Filling up the DagBag from /home/airflow/.local/lib/python3.12/site-packages/airflow/example_dags/example_trigger_target_dag.py
[2024-06-30T20:05:58.349+0000] {processor.py:840} INFO - DAG(s) 'example_trigger_target_dag' retrieved from /home/airflow/.local/lib/python3.12/site-packages/airflow/example_dags/example_trigger_target_dag.py
[2024-06-30T20:05:58.495+0000] {logging_mixin.py:188} INFO - [2024-06-30T20:05:58.494+0000] {dag.py:3096} INFO - Sync 1 DAGs
[2024-06-30T20:05:58.601+0000] {logging_mixin.py:188} INFO - [2024-06-30T20:05:58.599+0000] {dag.py:3954} INFO - Setting next_dagrun for example_trigger_target_dag to None, run_after=None
[2024-06-30T20:05:58.741+0000] {processor.py:183} INFO - Processing /home/airflow/.local/lib/python3.12/site-packages/airflow/example_dags/example_trigger_target_dag.py took 0.514 seconds
[2024-06-30T20:06:29.206+0000] {processor.py:161} INFO - Started process (PID=391) to work on /home/airflow/.local/lib/python3.12/site-packages/airflow/example_dags/example_trigger_target_dag.py
[2024-06-30T20:06:29.209+0000] {processor.py:830} INFO - Processing file /home/airflow/.local/lib/python3.12/site-packages/airflow/example_dags/example_trigger_target_dag.py for tasks to queue
[2024-06-30T20:06:29.216+0000] {logging_mixin.py:188} INFO - [2024-06-30T20:06:29.215+0000] {dagbag.py:545} INFO - Filling up the DagBag from /home/airflow/.local/lib/python3.12/site-packages/airflow/example_dags/example_trigger_target_dag.py
[2024-06-30T20:06:29.239+0000] {processor.py:840} INFO - DAG(s) 'example_trigger_target_dag' retrieved from /home/airflow/.local/lib/python3.12/site-packages/airflow/example_dags/example_trigger_target_dag.py
[2024-06-30T20:06:29.307+0000] {logging_mixin.py:188} INFO - [2024-06-30T20:06:29.306+0000] {dag.py:3096} INFO - Sync 1 DAGs
[2024-06-30T20:06:29.341+0000] {logging_mixin.py:188} INFO - [2024-06-30T20:06:29.341+0000] {dag.py:3954} INFO - Setting next_dagrun for example_trigger_target_dag to None, run_after=None
[2024-06-30T20:06:29.392+0000] {processor.py:183} INFO - Processing /home/airflow/.local/lib/python3.12/site-packages/airflow/example_dags/example_trigger_target_dag.py took 0.206 seconds
[2024-06-30T20:07:00.067+0000] {processor.py:161} INFO - Started process (PID=444) to work on /home/airflow/.local/lib/python3.12/site-packages/airflow/example_dags/example_trigger_target_dag.py
[2024-06-30T20:07:00.069+0000] {processor.py:830} INFO - Processing file /home/airflow/.local/lib/python3.12/site-packages/airflow/example_dags/example_trigger_target_dag.py for tasks to queue
[2024-06-30T20:07:00.071+0000] {logging_mixin.py:188} INFO - [2024-06-30T20:07:00.071+0000] {dagbag.py:545} INFO - Filling up the DagBag from /home/airflow/.local/lib/python3.12/site-packages/airflow/example_dags/example_trigger_target_dag.py
[2024-06-30T20:07:00.080+0000] {processor.py:840} INFO - DAG(s) 'example_trigger_target_dag' retrieved from /home/airflow/.local/lib/python3.12/site-packages/airflow/example_dags/example_trigger_target_dag.py
[2024-06-30T20:07:00.107+0000] {logging_mixin.py:188} INFO - [2024-06-30T20:07:00.106+0000] {dag.py:3096} INFO - Sync 1 DAGs
[2024-06-30T20:07:00.125+0000] {logging_mixin.py:188} INFO - [2024-06-30T20:07:00.125+0000] {dag.py:3954} INFO - Setting next_dagrun for example_trigger_target_dag to None, run_after=None
[2024-06-30T20:07:00.150+0000] {processor.py:183} INFO - Processing /home/airflow/.local/lib/python3.12/site-packages/airflow/example_dags/example_trigger_target_dag.py took 0.090 seconds
