[2024-06-30T20:03:29.324+0000] {processor.py:161} INFO - Started process (PID=85) to work on /home/airflow/.local/lib/python3.12/site-packages/airflow/example_dags/example_sensors.py
[2024-06-30T20:03:29.327+0000] {processor.py:830} INFO - Processing file /home/airflow/.local/lib/python3.12/site-packages/airflow/example_dags/example_sensors.py for tasks to queue
[2024-06-30T20:03:29.330+0000] {logging_mixin.py:188} INFO - [2024-06-30T20:03:29.329+0000] {dagbag.py:545} INFO - Filling up the DagBag from /home/airflow/.local/lib/python3.12/site-packages/airflow/example_dags/example_sensors.py
[2024-06-30T20:03:29.351+0000] {processor.py:840} INFO - DAG(s) 'example_sensors' retrieved from /home/airflow/.local/lib/python3.12/site-packages/airflow/example_dags/example_sensors.py
[2024-06-30T20:03:29.531+0000] {logging_mixin.py:188} INFO - [2024-06-30T20:03:29.530+0000] {override.py:1829} INFO - Created Permission View: can delete on DAG:example_sensors
[2024-06-30T20:03:29.546+0000] {logging_mixin.py:188} INFO - [2024-06-30T20:03:29.546+0000] {override.py:1829} INFO - Created Permission View: can read on DAG:example_sensors
[2024-06-30T20:03:29.557+0000] {logging_mixin.py:188} INFO - [2024-06-30T20:03:29.557+0000] {override.py:1829} INFO - Created Permission View: can edit on DAG:example_sensors
[2024-06-30T20:03:29.558+0000] {logging_mixin.py:188} INFO - [2024-06-30T20:03:29.558+0000] {dag.py:3096} INFO - Sync 1 DAGs
[2024-06-30T20:03:29.578+0000] {logging_mixin.py:188} INFO - [2024-06-30T20:03:29.577+0000] {dag.py:3118} INFO - Creating ORM DAG for example_sensors
[2024-06-30T20:03:29.579+0000] {logging_mixin.py:188} INFO - [2024-06-30T20:03:29.579+0000] {dag.py:3954} INFO - Setting next_dagrun for example_sensors to None, run_after=None
[2024-06-30T20:03:29.608+0000] {processor.py:183} INFO - Processing /home/airflow/.local/lib/python3.12/site-packages/airflow/example_dags/example_sensors.py took 0.294 seconds
[2024-06-30T20:03:59.773+0000] {processor.py:161} INFO - Started process (PID=138) to work on /home/airflow/.local/lib/python3.12/site-packages/airflow/example_dags/example_sensors.py
[2024-06-30T20:03:59.774+0000] {processor.py:830} INFO - Processing file /home/airflow/.local/lib/python3.12/site-packages/airflow/example_dags/example_sensors.py for tasks to queue
[2024-06-30T20:03:59.777+0000] {logging_mixin.py:188} INFO - [2024-06-30T20:03:59.777+0000] {dagbag.py:545} INFO - Filling up the DagBag from /home/airflow/.local/lib/python3.12/site-packages/airflow/example_dags/example_sensors.py
[2024-06-30T20:03:59.789+0000] {processor.py:840} INFO - DAG(s) 'example_sensors' retrieved from /home/airflow/.local/lib/python3.12/site-packages/airflow/example_dags/example_sensors.py
[2024-06-30T20:03:59.819+0000] {logging_mixin.py:188} INFO - [2024-06-30T20:03:59.819+0000] {dag.py:3096} INFO - Sync 1 DAGs
[2024-06-30T20:03:59.833+0000] {logging_mixin.py:188} INFO - [2024-06-30T20:03:59.833+0000] {dag.py:3954} INFO - Setting next_dagrun for example_sensors to None, run_after=None
[2024-06-30T20:03:59.856+0000] {processor.py:183} INFO - Processing /home/airflow/.local/lib/python3.12/site-packages/airflow/example_dags/example_sensors.py took 0.090 seconds
[2024-06-30T20:04:29.945+0000] {processor.py:161} INFO - Started process (PID=191) to work on /home/airflow/.local/lib/python3.12/site-packages/airflow/example_dags/example_sensors.py
[2024-06-30T20:04:29.946+0000] {processor.py:830} INFO - Processing file /home/airflow/.local/lib/python3.12/site-packages/airflow/example_dags/example_sensors.py for tasks to queue
[2024-06-30T20:04:29.949+0000] {logging_mixin.py:188} INFO - [2024-06-30T20:04:29.948+0000] {dagbag.py:545} INFO - Filling up the DagBag from /home/airflow/.local/lib/python3.12/site-packages/airflow/example_dags/example_sensors.py
[2024-06-30T20:04:29.960+0000] {processor.py:840} INFO - DAG(s) 'example_sensors' retrieved from /home/airflow/.local/lib/python3.12/site-packages/airflow/example_dags/example_sensors.py
[2024-06-30T20:04:29.987+0000] {logging_mixin.py:188} INFO - [2024-06-30T20:04:29.987+0000] {dag.py:3096} INFO - Sync 1 DAGs
[2024-06-30T20:04:30.000+0000] {logging_mixin.py:188} INFO - [2024-06-30T20:04:29.999+0000] {dag.py:3954} INFO - Setting next_dagrun for example_sensors to None, run_after=None
[2024-06-30T20:04:30.021+0000] {processor.py:183} INFO - Processing /home/airflow/.local/lib/python3.12/site-packages/airflow/example_dags/example_sensors.py took 0.082 seconds
[2024-06-30T20:05:00.086+0000] {processor.py:161} INFO - Started process (PID=244) to work on /home/airflow/.local/lib/python3.12/site-packages/airflow/example_dags/example_sensors.py
[2024-06-30T20:05:00.088+0000] {processor.py:830} INFO - Processing file /home/airflow/.local/lib/python3.12/site-packages/airflow/example_dags/example_sensors.py for tasks to queue
[2024-06-30T20:05:00.090+0000] {logging_mixin.py:188} INFO - [2024-06-30T20:05:00.090+0000] {dagbag.py:545} INFO - Filling up the DagBag from /home/airflow/.local/lib/python3.12/site-packages/airflow/example_dags/example_sensors.py
[2024-06-30T20:05:00.099+0000] {processor.py:840} INFO - DAG(s) 'example_sensors' retrieved from /home/airflow/.local/lib/python3.12/site-packages/airflow/example_dags/example_sensors.py
[2024-06-30T20:05:00.123+0000] {logging_mixin.py:188} INFO - [2024-06-30T20:05:00.123+0000] {dag.py:3096} INFO - Sync 1 DAGs
[2024-06-30T20:05:00.135+0000] {logging_mixin.py:188} INFO - [2024-06-30T20:05:00.135+0000] {dag.py:3954} INFO - Setting next_dagrun for example_sensors to None, run_after=None
[2024-06-30T20:05:00.153+0000] {processor.py:183} INFO - Processing /home/airflow/.local/lib/python3.12/site-packages/airflow/example_dags/example_sensors.py took 0.073 seconds
[2024-06-30T20:05:30.950+0000] {processor.py:161} INFO - Started process (PID=297) to work on /home/airflow/.local/lib/python3.12/site-packages/airflow/example_dags/example_sensors.py
[2024-06-30T20:05:30.952+0000] {processor.py:830} INFO - Processing file /home/airflow/.local/lib/python3.12/site-packages/airflow/example_dags/example_sensors.py for tasks to queue
[2024-06-30T20:05:30.956+0000] {logging_mixin.py:188} INFO - [2024-06-30T20:05:30.955+0000] {dagbag.py:545} INFO - Filling up the DagBag from /home/airflow/.local/lib/python3.12/site-packages/airflow/example_dags/example_sensors.py
[2024-06-30T20:05:30.978+0000] {processor.py:840} INFO - DAG(s) 'example_sensors' retrieved from /home/airflow/.local/lib/python3.12/site-packages/airflow/example_dags/example_sensors.py
[2024-06-30T20:05:31.044+0000] {logging_mixin.py:188} INFO - [2024-06-30T20:05:31.044+0000] {dag.py:3096} INFO - Sync 1 DAGs
[2024-06-30T20:05:31.077+0000] {logging_mixin.py:188} INFO - [2024-06-30T20:05:31.076+0000] {dag.py:3954} INFO - Setting next_dagrun for example_sensors to None, run_after=None
[2024-06-30T20:05:31.124+0000] {processor.py:183} INFO - Processing /home/airflow/.local/lib/python3.12/site-packages/airflow/example_dags/example_sensors.py took 0.185 seconds
[2024-06-30T20:06:04.917+0000] {processor.py:161} INFO - Started process (PID=354) to work on /home/airflow/.local/lib/python3.12/site-packages/airflow/example_dags/example_sensors.py
[2024-06-30T20:06:04.922+0000] {processor.py:830} INFO - Processing file /home/airflow/.local/lib/python3.12/site-packages/airflow/example_dags/example_sensors.py for tasks to queue
[2024-06-30T20:06:04.931+0000] {logging_mixin.py:188} INFO - [2024-06-30T20:06:04.929+0000] {dagbag.py:545} INFO - Filling up the DagBag from /home/airflow/.local/lib/python3.12/site-packages/airflow/example_dags/example_sensors.py
[2024-06-30T20:06:04.979+0000] {processor.py:840} INFO - DAG(s) 'example_sensors' retrieved from /home/airflow/.local/lib/python3.12/site-packages/airflow/example_dags/example_sensors.py
[2024-06-30T20:06:05.120+0000] {logging_mixin.py:188} INFO - [2024-06-30T20:06:05.119+0000] {dag.py:3096} INFO - Sync 1 DAGs
[2024-06-30T20:06:05.182+0000] {logging_mixin.py:188} INFO - [2024-06-30T20:06:05.181+0000] {dag.py:3954} INFO - Setting next_dagrun for example_sensors to None, run_after=None
[2024-06-30T20:06:05.288+0000] {processor.py:183} INFO - Processing /home/airflow/.local/lib/python3.12/site-packages/airflow/example_dags/example_sensors.py took 0.398 seconds
[2024-06-30T20:06:36.147+0000] {processor.py:161} INFO - Started process (PID=407) to work on /home/airflow/.local/lib/python3.12/site-packages/airflow/example_dags/example_sensors.py
[2024-06-30T20:06:36.150+0000] {processor.py:830} INFO - Processing file /home/airflow/.local/lib/python3.12/site-packages/airflow/example_dags/example_sensors.py for tasks to queue
[2024-06-30T20:06:36.155+0000] {logging_mixin.py:188} INFO - [2024-06-30T20:06:36.154+0000] {dagbag.py:545} INFO - Filling up the DagBag from /home/airflow/.local/lib/python3.12/site-packages/airflow/example_dags/example_sensors.py
[2024-06-30T20:06:36.184+0000] {processor.py:840} INFO - DAG(s) 'example_sensors' retrieved from /home/airflow/.local/lib/python3.12/site-packages/airflow/example_dags/example_sensors.py
[2024-06-30T20:06:36.257+0000] {logging_mixin.py:188} INFO - [2024-06-30T20:06:36.256+0000] {dag.py:3096} INFO - Sync 1 DAGs
[2024-06-30T20:06:36.290+0000] {logging_mixin.py:188} INFO - [2024-06-30T20:06:36.289+0000] {dag.py:3954} INFO - Setting next_dagrun for example_sensors to None, run_after=None
[2024-06-30T20:06:36.340+0000] {processor.py:183} INFO - Processing /home/airflow/.local/lib/python3.12/site-packages/airflow/example_dags/example_sensors.py took 0.211 seconds
[2024-06-30T20:07:06.517+0000] {processor.py:161} INFO - Started process (PID=460) to work on /home/airflow/.local/lib/python3.12/site-packages/airflow/example_dags/example_sensors.py
[2024-06-30T20:07:06.519+0000] {processor.py:830} INFO - Processing file /home/airflow/.local/lib/python3.12/site-packages/airflow/example_dags/example_sensors.py for tasks to queue
[2024-06-30T20:07:06.523+0000] {logging_mixin.py:188} INFO - [2024-06-30T20:07:06.522+0000] {dagbag.py:545} INFO - Filling up the DagBag from /home/airflow/.local/lib/python3.12/site-packages/airflow/example_dags/example_sensors.py
[2024-06-30T20:07:06.543+0000] {processor.py:840} INFO - DAG(s) 'example_sensors' retrieved from /home/airflow/.local/lib/python3.12/site-packages/airflow/example_dags/example_sensors.py
[2024-06-30T20:07:06.594+0000] {logging_mixin.py:188} INFO - [2024-06-30T20:07:06.593+0000] {dag.py:3096} INFO - Sync 1 DAGs
[2024-06-30T20:07:06.618+0000] {logging_mixin.py:188} INFO - [2024-06-30T20:07:06.617+0000] {dag.py:3954} INFO - Setting next_dagrun for example_sensors to None, run_after=None
[2024-06-30T20:07:06.643+0000] {processor.py:183} INFO - Processing /home/airflow/.local/lib/python3.12/site-packages/airflow/example_dags/example_sensors.py took 0.138 seconds
