[2024-06-30T20:03:27.099+0000] {processor.py:161} INFO - Started process (PID=79) to work on /home/airflow/.local/lib/python3.12/site-packages/airflow/example_dags/example_datasets.py
[2024-06-30T20:03:27.101+0000] {processor.py:830} INFO - Processing file /home/airflow/.local/lib/python3.12/site-packages/airflow/example_dags/example_datasets.py for tasks to queue
[2024-06-30T20:03:27.106+0000] {logging_mixin.py:188} INFO - [2024-06-30T20:03:27.105+0000] {dagbag.py:545} INFO - Filling up the DagBag from /home/airflow/.local/lib/python3.12/site-packages/airflow/example_dags/example_datasets.py
[2024-06-30T20:03:27.153+0000] {processor.py:840} INFO - DAG(s) 'dataset_consumes_1_never_scheduled', 'conditional_dataset_and_time_based_timetable', 'consume_1_and_2_with_dataset_expressions', 'dataset_produces_1', 'dataset_produces_2', 'consume_1_or_2_with_dataset_expressions', 'dataset_consumes_unknown_never_scheduled', 'dataset_consumes_1_and_2', 'consume_1_or_both_2_and_3_with_dataset_expressions', 'dataset_consumes_1' retrieved from /home/airflow/.local/lib/python3.12/site-packages/airflow/example_dags/example_datasets.py
[2024-06-30T20:03:27.627+0000] {logging_mixin.py:188} INFO - [2024-06-30T20:03:27.626+0000] {override.py:1829} INFO - Created Permission View: can delete on DAG:dataset_consumes_1_never_scheduled
[2024-06-30T20:03:27.642+0000] {logging_mixin.py:188} INFO - [2024-06-30T20:03:27.641+0000] {override.py:1829} INFO - Created Permission View: can read on DAG:dataset_consumes_1_never_scheduled
[2024-06-30T20:03:27.653+0000] {logging_mixin.py:188} INFO - [2024-06-30T20:03:27.652+0000] {override.py:1829} INFO - Created Permission View: can edit on DAG:dataset_consumes_1_never_scheduled
[2024-06-30T20:03:27.674+0000] {logging_mixin.py:188} INFO - [2024-06-30T20:03:27.673+0000] {override.py:1829} INFO - Created Permission View: can delete on DAG:conditional_dataset_and_time_based_timetable
[2024-06-30T20:03:27.686+0000] {logging_mixin.py:188} INFO - [2024-06-30T20:03:27.686+0000] {override.py:1829} INFO - Created Permission View: can read on DAG:conditional_dataset_and_time_based_timetable
[2024-06-30T20:03:27.697+0000] {logging_mixin.py:188} INFO - [2024-06-30T20:03:27.697+0000] {override.py:1829} INFO - Created Permission View: can edit on DAG:conditional_dataset_and_time_based_timetable
[2024-06-30T20:03:27.720+0000] {logging_mixin.py:188} INFO - [2024-06-30T20:03:27.720+0000] {override.py:1829} INFO - Created Permission View: can delete on DAG:consume_1_and_2_with_dataset_expressions
[2024-06-30T20:03:27.733+0000] {logging_mixin.py:188} INFO - [2024-06-30T20:03:27.732+0000] {override.py:1829} INFO - Created Permission View: can read on DAG:consume_1_and_2_with_dataset_expressions
[2024-06-30T20:03:27.745+0000] {logging_mixin.py:188} INFO - [2024-06-30T20:03:27.744+0000] {override.py:1829} INFO - Created Permission View: can edit on DAG:consume_1_and_2_with_dataset_expressions
[2024-06-30T20:03:27.764+0000] {logging_mixin.py:188} INFO - [2024-06-30T20:03:27.763+0000] {override.py:1829} INFO - Created Permission View: can delete on DAG:dataset_produces_1
[2024-06-30T20:03:27.776+0000] {logging_mixin.py:188} INFO - [2024-06-30T20:03:27.776+0000] {override.py:1829} INFO - Created Permission View: can read on DAG:dataset_produces_1
[2024-06-30T20:03:27.787+0000] {logging_mixin.py:188} INFO - [2024-06-30T20:03:27.786+0000] {override.py:1829} INFO - Created Permission View: can edit on DAG:dataset_produces_1
[2024-06-30T20:03:27.805+0000] {logging_mixin.py:188} INFO - [2024-06-30T20:03:27.804+0000] {override.py:1829} INFO - Created Permission View: can delete on DAG:dataset_produces_2
[2024-06-30T20:03:27.816+0000] {logging_mixin.py:188} INFO - [2024-06-30T20:03:27.815+0000] {override.py:1829} INFO - Created Permission View: can read on DAG:dataset_produces_2
[2024-06-30T20:03:27.826+0000] {logging_mixin.py:188} INFO - [2024-06-30T20:03:27.825+0000] {override.py:1829} INFO - Created Permission View: can edit on DAG:dataset_produces_2
[2024-06-30T20:03:27.845+0000] {logging_mixin.py:188} INFO - [2024-06-30T20:03:27.844+0000] {override.py:1829} INFO - Created Permission View: can delete on DAG:consume_1_or_2_with_dataset_expressions
[2024-06-30T20:03:27.855+0000] {logging_mixin.py:188} INFO - [2024-06-30T20:03:27.854+0000] {override.py:1829} INFO - Created Permission View: can read on DAG:consume_1_or_2_with_dataset_expressions
[2024-06-30T20:03:27.864+0000] {logging_mixin.py:188} INFO - [2024-06-30T20:03:27.864+0000] {override.py:1829} INFO - Created Permission View: can edit on DAG:consume_1_or_2_with_dataset_expressions
[2024-06-30T20:03:27.883+0000] {logging_mixin.py:188} INFO - [2024-06-30T20:03:27.882+0000] {override.py:1829} INFO - Created Permission View: can delete on DAG:dataset_consumes_unknown_never_scheduled
[2024-06-30T20:03:27.893+0000] {logging_mixin.py:188} INFO - [2024-06-30T20:03:27.892+0000] {override.py:1829} INFO - Created Permission View: can read on DAG:dataset_consumes_unknown_never_scheduled
[2024-06-30T20:03:27.902+0000] {logging_mixin.py:188} INFO - [2024-06-30T20:03:27.901+0000] {override.py:1829} INFO - Created Permission View: can edit on DAG:dataset_consumes_unknown_never_scheduled
[2024-06-30T20:03:27.919+0000] {logging_mixin.py:188} INFO - [2024-06-30T20:03:27.919+0000] {override.py:1829} INFO - Created Permission View: can delete on DAG:dataset_consumes_1_and_2
[2024-06-30T20:03:27.929+0000] {logging_mixin.py:188} INFO - [2024-06-30T20:03:27.928+0000] {override.py:1829} INFO - Created Permission View: can read on DAG:dataset_consumes_1_and_2
[2024-06-30T20:03:27.938+0000] {logging_mixin.py:188} INFO - [2024-06-30T20:03:27.938+0000] {override.py:1829} INFO - Created Permission View: can edit on DAG:dataset_consumes_1_and_2
[2024-06-30T20:03:27.957+0000] {logging_mixin.py:188} INFO - [2024-06-30T20:03:27.957+0000] {override.py:1829} INFO - Created Permission View: can delete on DAG:consume_1_or_both_2_and_3_with_dataset_expressions
[2024-06-30T20:03:27.967+0000] {logging_mixin.py:188} INFO - [2024-06-30T20:03:27.966+0000] {override.py:1829} INFO - Created Permission View: can read on DAG:consume_1_or_both_2_and_3_with_dataset_expressions
[2024-06-30T20:03:27.976+0000] {logging_mixin.py:188} INFO - [2024-06-30T20:03:27.976+0000] {override.py:1829} INFO - Created Permission View: can edit on DAG:consume_1_or_both_2_and_3_with_dataset_expressions
[2024-06-30T20:03:27.993+0000] {logging_mixin.py:188} INFO - [2024-06-30T20:03:27.993+0000] {override.py:1829} INFO - Created Permission View: can delete on DAG:dataset_consumes_1
[2024-06-30T20:03:28.003+0000] {logging_mixin.py:188} INFO - [2024-06-30T20:03:28.002+0000] {override.py:1829} INFO - Created Permission View: can read on DAG:dataset_consumes_1
[2024-06-30T20:03:28.012+0000] {logging_mixin.py:188} INFO - [2024-06-30T20:03:28.012+0000] {override.py:1829} INFO - Created Permission View: can edit on DAG:dataset_consumes_1
[2024-06-30T20:03:28.013+0000] {logging_mixin.py:188} INFO - [2024-06-30T20:03:28.013+0000] {dag.py:3096} INFO - Sync 10 DAGs
[2024-06-30T20:03:28.031+0000] {logging_mixin.py:188} INFO - [2024-06-30T20:03:28.031+0000] {dag.py:3118} INFO - Creating ORM DAG for consume_1_and_2_with_dataset_expressions
[2024-06-30T20:03:28.033+0000] {logging_mixin.py:188} INFO - [2024-06-30T20:03:28.033+0000] {dag.py:3118} INFO - Creating ORM DAG for dataset_consumes_unknown_never_scheduled
[2024-06-30T20:03:28.034+0000] {logging_mixin.py:188} INFO - [2024-06-30T20:03:28.034+0000] {dag.py:3118} INFO - Creating ORM DAG for dataset_consumes_1
[2024-06-30T20:03:28.036+0000] {logging_mixin.py:188} INFO - [2024-06-30T20:03:28.036+0000] {dag.py:3118} INFO - Creating ORM DAG for conditional_dataset_and_time_based_timetable
[2024-06-30T20:03:28.037+0000] {logging_mixin.py:188} INFO - [2024-06-30T20:03:28.037+0000] {dag.py:3118} INFO - Creating ORM DAG for dataset_produces_1
[2024-06-30T20:03:28.039+0000] {logging_mixin.py:188} INFO - [2024-06-30T20:03:28.038+0000] {dag.py:3118} INFO - Creating ORM DAG for dataset_produces_2
[2024-06-30T20:03:28.040+0000] {logging_mixin.py:188} INFO - [2024-06-30T20:03:28.040+0000] {dag.py:3118} INFO - Creating ORM DAG for dataset_consumes_1_never_scheduled
[2024-06-30T20:03:28.041+0000] {logging_mixin.py:188} INFO - [2024-06-30T20:03:28.041+0000] {dag.py:3118} INFO - Creating ORM DAG for consume_1_or_2_with_dataset_expressions
[2024-06-30T20:03:28.042+0000] {logging_mixin.py:188} INFO - [2024-06-30T20:03:28.042+0000] {dag.py:3118} INFO - Creating ORM DAG for consume_1_or_both_2_and_3_with_dataset_expressions
[2024-06-30T20:03:28.044+0000] {logging_mixin.py:188} INFO - [2024-06-30T20:03:28.043+0000] {dag.py:3118} INFO - Creating ORM DAG for dataset_consumes_1_and_2
[2024-06-30T20:03:28.059+0000] {logging_mixin.py:188} INFO - [2024-06-30T20:03:28.058+0000] {dag.py:3954} INFO - Setting next_dagrun for conditional_dataset_and_time_based_timetable to 2024-06-26 01:00:00+00:00, run_after=2024-06-26 01:00:00+00:00
[2024-06-30T20:03:28.060+0000] {logging_mixin.py:188} INFO - [2024-06-30T20:03:28.060+0000] {dag.py:3954} INFO - Setting next_dagrun for consume_1_and_2_with_dataset_expressions to None, run_after=None
[2024-06-30T20:03:28.061+0000] {logging_mixin.py:188} INFO - [2024-06-30T20:03:28.061+0000] {dag.py:3954} INFO - Setting next_dagrun for consume_1_or_2_with_dataset_expressions to None, run_after=None
[2024-06-30T20:03:28.062+0000] {logging_mixin.py:188} INFO - [2024-06-30T20:03:28.062+0000] {dag.py:3954} INFO - Setting next_dagrun for consume_1_or_both_2_and_3_with_dataset_expressions to None, run_after=None
[2024-06-30T20:03:28.063+0000] {logging_mixin.py:188} INFO - [2024-06-30T20:03:28.063+0000] {dag.py:3954} INFO - Setting next_dagrun for dataset_consumes_1 to None, run_after=None
[2024-06-30T20:03:28.064+0000] {logging_mixin.py:188} INFO - [2024-06-30T20:03:28.064+0000] {dag.py:3954} INFO - Setting next_dagrun for dataset_consumes_1_and_2 to None, run_after=None
[2024-06-30T20:03:28.065+0000] {logging_mixin.py:188} INFO - [2024-06-30T20:03:28.065+0000] {dag.py:3954} INFO - Setting next_dagrun for dataset_consumes_1_never_scheduled to None, run_after=None
[2024-06-30T20:03:28.066+0000] {logging_mixin.py:188} INFO - [2024-06-30T20:03:28.066+0000] {dag.py:3954} INFO - Setting next_dagrun for dataset_consumes_unknown_never_scheduled to None, run_after=None
[2024-06-30T20:03:28.069+0000] {logging_mixin.py:188} INFO - [2024-06-30T20:03:28.069+0000] {dag.py:3954} INFO - Setting next_dagrun for dataset_produces_1 to 2024-06-29 00:00:00+00:00, run_after=2024-06-30 00:00:00+00:00
[2024-06-30T20:03:28.070+0000] {logging_mixin.py:188} INFO - [2024-06-30T20:03:28.070+0000] {dag.py:3954} INFO - Setting next_dagrun for dataset_produces_2 to None, run_after=None
[2024-06-30T20:03:28.132+0000] {processor.py:183} INFO - Processing /home/airflow/.local/lib/python3.12/site-packages/airflow/example_dags/example_datasets.py took 1.048 seconds
[2024-06-30T20:03:58.303+0000] {processor.py:161} INFO - Started process (PID=133) to work on /home/airflow/.local/lib/python3.12/site-packages/airflow/example_dags/example_datasets.py
[2024-06-30T20:03:58.304+0000] {processor.py:830} INFO - Processing file /home/airflow/.local/lib/python3.12/site-packages/airflow/example_dags/example_datasets.py for tasks to queue
[2024-06-30T20:03:58.306+0000] {logging_mixin.py:188} INFO - [2024-06-30T20:03:58.306+0000] {dagbag.py:545} INFO - Filling up the DagBag from /home/airflow/.local/lib/python3.12/site-packages/airflow/example_dags/example_datasets.py
[2024-06-30T20:03:58.320+0000] {processor.py:840} INFO - DAG(s) 'consume_1_and_2_with_dataset_expressions', 'dataset_consumes_1_never_scheduled', 'conditional_dataset_and_time_based_timetable', 'dataset_produces_1', 'dataset_produces_2', 'dataset_consumes_unknown_never_scheduled', 'dataset_consumes_1', 'consume_1_or_both_2_and_3_with_dataset_expressions', 'dataset_consumes_1_and_2', 'consume_1_or_2_with_dataset_expressions' retrieved from /home/airflow/.local/lib/python3.12/site-packages/airflow/example_dags/example_datasets.py
[2024-06-30T20:03:58.368+0000] {logging_mixin.py:188} INFO - [2024-06-30T20:03:58.368+0000] {dag.py:3096} INFO - Sync 10 DAGs
[2024-06-30T20:03:58.397+0000] {logging_mixin.py:188} INFO - [2024-06-30T20:03:58.396+0000] {dag.py:3954} INFO - Setting next_dagrun for conditional_dataset_and_time_based_timetable to 2024-06-26 01:00:00+00:00, run_after=2024-06-26 01:00:00+00:00
[2024-06-30T20:03:58.402+0000] {logging_mixin.py:188} INFO - [2024-06-30T20:03:58.402+0000] {dag.py:3954} INFO - Setting next_dagrun for consume_1_and_2_with_dataset_expressions to None, run_after=None
[2024-06-30T20:03:58.404+0000] {logging_mixin.py:188} INFO - [2024-06-30T20:03:58.404+0000] {dag.py:3954} INFO - Setting next_dagrun for consume_1_or_2_with_dataset_expressions to None, run_after=None
[2024-06-30T20:03:58.406+0000] {logging_mixin.py:188} INFO - [2024-06-30T20:03:58.405+0000] {dag.py:3954} INFO - Setting next_dagrun for consume_1_or_both_2_and_3_with_dataset_expressions to None, run_after=None
[2024-06-30T20:03:58.407+0000] {logging_mixin.py:188} INFO - [2024-06-30T20:03:58.407+0000] {dag.py:3954} INFO - Setting next_dagrun for dataset_consumes_1 to None, run_after=None
[2024-06-30T20:03:58.409+0000] {logging_mixin.py:188} INFO - [2024-06-30T20:03:58.409+0000] {dag.py:3954} INFO - Setting next_dagrun for dataset_consumes_1_and_2 to None, run_after=None
[2024-06-30T20:03:58.411+0000] {logging_mixin.py:188} INFO - [2024-06-30T20:03:58.411+0000] {dag.py:3954} INFO - Setting next_dagrun for dataset_consumes_1_never_scheduled to None, run_after=None
[2024-06-30T20:03:58.413+0000] {logging_mixin.py:188} INFO - [2024-06-30T20:03:58.412+0000] {dag.py:3954} INFO - Setting next_dagrun for dataset_consumes_unknown_never_scheduled to None, run_after=None
[2024-06-30T20:03:58.416+0000] {logging_mixin.py:188} INFO - [2024-06-30T20:03:58.416+0000] {dag.py:3954} INFO - Setting next_dagrun for dataset_produces_1 to 2024-06-29 00:00:00+00:00, run_after=2024-06-30 00:00:00+00:00
[2024-06-30T20:03:58.418+0000] {logging_mixin.py:188} INFO - [2024-06-30T20:03:58.418+0000] {dag.py:3954} INFO - Setting next_dagrun for dataset_produces_2 to None, run_after=None
[2024-06-30T20:03:58.457+0000] {processor.py:183} INFO - Processing /home/airflow/.local/lib/python3.12/site-packages/airflow/example_dags/example_datasets.py took 0.160 seconds
[2024-06-30T20:04:28.505+0000] {processor.py:161} INFO - Started process (PID=186) to work on /home/airflow/.local/lib/python3.12/site-packages/airflow/example_dags/example_datasets.py
[2024-06-30T20:04:28.507+0000] {processor.py:830} INFO - Processing file /home/airflow/.local/lib/python3.12/site-packages/airflow/example_dags/example_datasets.py for tasks to queue
[2024-06-30T20:04:28.509+0000] {logging_mixin.py:188} INFO - [2024-06-30T20:04:28.509+0000] {dagbag.py:545} INFO - Filling up the DagBag from /home/airflow/.local/lib/python3.12/site-packages/airflow/example_dags/example_datasets.py
[2024-06-30T20:04:28.525+0000] {processor.py:840} INFO - DAG(s) 'consume_1_or_both_2_and_3_with_dataset_expressions', 'dataset_consumes_1', 'dataset_produces_1', 'dataset_consumes_unknown_never_scheduled', 'dataset_produces_2', 'conditional_dataset_and_time_based_timetable', 'consume_1_or_2_with_dataset_expressions', 'dataset_consumes_1_and_2', 'dataset_consumes_1_never_scheduled', 'consume_1_and_2_with_dataset_expressions' retrieved from /home/airflow/.local/lib/python3.12/site-packages/airflow/example_dags/example_datasets.py
[2024-06-30T20:04:28.571+0000] {logging_mixin.py:188} INFO - [2024-06-30T20:04:28.571+0000] {dag.py:3096} INFO - Sync 10 DAGs
[2024-06-30T20:04:28.595+0000] {logging_mixin.py:188} INFO - [2024-06-30T20:04:28.595+0000] {dag.py:3954} INFO - Setting next_dagrun for conditional_dataset_and_time_based_timetable to 2024-06-26 01:00:00+00:00, run_after=2024-06-26 01:00:00+00:00
[2024-06-30T20:04:28.599+0000] {logging_mixin.py:188} INFO - [2024-06-30T20:04:28.599+0000] {dag.py:3954} INFO - Setting next_dagrun for consume_1_and_2_with_dataset_expressions to None, run_after=None
[2024-06-30T20:04:28.600+0000] {logging_mixin.py:188} INFO - [2024-06-30T20:04:28.600+0000] {dag.py:3954} INFO - Setting next_dagrun for consume_1_or_2_with_dataset_expressions to None, run_after=None
[2024-06-30T20:04:28.602+0000] {logging_mixin.py:188} INFO - [2024-06-30T20:04:28.602+0000] {dag.py:3954} INFO - Setting next_dagrun for consume_1_or_both_2_and_3_with_dataset_expressions to None, run_after=None
[2024-06-30T20:04:28.603+0000] {logging_mixin.py:188} INFO - [2024-06-30T20:04:28.603+0000] {dag.py:3954} INFO - Setting next_dagrun for dataset_consumes_1 to None, run_after=None
[2024-06-30T20:04:28.605+0000] {logging_mixin.py:188} INFO - [2024-06-30T20:04:28.605+0000] {dag.py:3954} INFO - Setting next_dagrun for dataset_consumes_1_and_2 to None, run_after=None
[2024-06-30T20:04:28.606+0000] {logging_mixin.py:188} INFO - [2024-06-30T20:04:28.606+0000] {dag.py:3954} INFO - Setting next_dagrun for dataset_consumes_1_never_scheduled to None, run_after=None
[2024-06-30T20:04:28.608+0000] {logging_mixin.py:188} INFO - [2024-06-30T20:04:28.608+0000] {dag.py:3954} INFO - Setting next_dagrun for dataset_consumes_unknown_never_scheduled to None, run_after=None
[2024-06-30T20:04:28.610+0000] {logging_mixin.py:188} INFO - [2024-06-30T20:04:28.610+0000] {dag.py:3954} INFO - Setting next_dagrun for dataset_produces_1 to 2024-06-29 00:00:00+00:00, run_after=2024-06-30 00:00:00+00:00
[2024-06-30T20:04:28.612+0000] {logging_mixin.py:188} INFO - [2024-06-30T20:04:28.611+0000] {dag.py:3954} INFO - Setting next_dagrun for dataset_produces_2 to None, run_after=None
[2024-06-30T20:04:28.646+0000] {processor.py:183} INFO - Processing /home/airflow/.local/lib/python3.12/site-packages/airflow/example_dags/example_datasets.py took 0.147 seconds
[2024-06-30T20:04:58.832+0000] {processor.py:161} INFO - Started process (PID=239) to work on /home/airflow/.local/lib/python3.12/site-packages/airflow/example_dags/example_datasets.py
[2024-06-30T20:04:58.833+0000] {processor.py:830} INFO - Processing file /home/airflow/.local/lib/python3.12/site-packages/airflow/example_dags/example_datasets.py for tasks to queue
[2024-06-30T20:04:58.835+0000] {logging_mixin.py:188} INFO - [2024-06-30T20:04:58.835+0000] {dagbag.py:545} INFO - Filling up the DagBag from /home/airflow/.local/lib/python3.12/site-packages/airflow/example_dags/example_datasets.py
[2024-06-30T20:04:58.849+0000] {processor.py:840} INFO - DAG(s) 'dataset_consumes_1_never_scheduled', 'dataset_produces_1', 'dataset_consumes_1_and_2', 'dataset_consumes_unknown_never_scheduled', 'dataset_produces_2', 'consume_1_and_2_with_dataset_expressions', 'dataset_consumes_1', 'conditional_dataset_and_time_based_timetable', 'consume_1_or_both_2_and_3_with_dataset_expressions', 'consume_1_or_2_with_dataset_expressions' retrieved from /home/airflow/.local/lib/python3.12/site-packages/airflow/example_dags/example_datasets.py
[2024-06-30T20:04:58.901+0000] {logging_mixin.py:188} INFO - [2024-06-30T20:04:58.900+0000] {dag.py:3096} INFO - Sync 10 DAGs
[2024-06-30T20:04:58.928+0000] {logging_mixin.py:188} INFO - [2024-06-30T20:04:58.928+0000] {dag.py:3954} INFO - Setting next_dagrun for conditional_dataset_and_time_based_timetable to 2024-06-26 01:00:00+00:00, run_after=2024-06-26 01:00:00+00:00
[2024-06-30T20:04:58.932+0000] {logging_mixin.py:188} INFO - [2024-06-30T20:04:58.932+0000] {dag.py:3954} INFO - Setting next_dagrun for consume_1_and_2_with_dataset_expressions to None, run_after=None
[2024-06-30T20:04:58.934+0000] {logging_mixin.py:188} INFO - [2024-06-30T20:04:58.933+0000] {dag.py:3954} INFO - Setting next_dagrun for consume_1_or_2_with_dataset_expressions to None, run_after=None
[2024-06-30T20:04:58.935+0000] {logging_mixin.py:188} INFO - [2024-06-30T20:04:58.935+0000] {dag.py:3954} INFO - Setting next_dagrun for consume_1_or_both_2_and_3_with_dataset_expressions to None, run_after=None
[2024-06-30T20:04:58.937+0000] {logging_mixin.py:188} INFO - [2024-06-30T20:04:58.936+0000] {dag.py:3954} INFO - Setting next_dagrun for dataset_consumes_1 to None, run_after=None
[2024-06-30T20:04:58.938+0000] {logging_mixin.py:188} INFO - [2024-06-30T20:04:58.938+0000] {dag.py:3954} INFO - Setting next_dagrun for dataset_consumes_1_and_2 to None, run_after=None
[2024-06-30T20:04:58.939+0000] {logging_mixin.py:188} INFO - [2024-06-30T20:04:58.939+0000] {dag.py:3954} INFO - Setting next_dagrun for dataset_consumes_1_never_scheduled to None, run_after=None
[2024-06-30T20:04:58.941+0000] {logging_mixin.py:188} INFO - [2024-06-30T20:04:58.941+0000] {dag.py:3954} INFO - Setting next_dagrun for dataset_consumes_unknown_never_scheduled to None, run_after=None
[2024-06-30T20:04:58.943+0000] {logging_mixin.py:188} INFO - [2024-06-30T20:04:58.943+0000] {dag.py:3954} INFO - Setting next_dagrun for dataset_produces_1 to 2024-06-29 00:00:00+00:00, run_after=2024-06-30 00:00:00+00:00
[2024-06-30T20:04:58.945+0000] {logging_mixin.py:188} INFO - [2024-06-30T20:04:58.945+0000] {dag.py:3954} INFO - Setting next_dagrun for dataset_produces_2 to None, run_after=None
[2024-06-30T20:04:58.980+0000] {processor.py:183} INFO - Processing /home/airflow/.local/lib/python3.12/site-packages/airflow/example_dags/example_datasets.py took 0.154 seconds
[2024-06-30T20:05:29.763+0000] {processor.py:161} INFO - Started process (PID=291) to work on /home/airflow/.local/lib/python3.12/site-packages/airflow/example_dags/example_datasets.py
[2024-06-30T20:05:29.767+0000] {processor.py:830} INFO - Processing file /home/airflow/.local/lib/python3.12/site-packages/airflow/example_dags/example_datasets.py for tasks to queue
[2024-06-30T20:05:29.774+0000] {logging_mixin.py:188} INFO - [2024-06-30T20:05:29.773+0000] {dagbag.py:545} INFO - Filling up the DagBag from /home/airflow/.local/lib/python3.12/site-packages/airflow/example_dags/example_datasets.py
[2024-06-30T20:05:29.817+0000] {processor.py:840} INFO - DAG(s) 'consume_1_or_both_2_and_3_with_dataset_expressions', 'conditional_dataset_and_time_based_timetable', 'dataset_consumes_1_and_2', 'dataset_consumes_1', 'dataset_produces_1', 'consume_1_and_2_with_dataset_expressions', 'dataset_consumes_unknown_never_scheduled', 'dataset_consumes_1_never_scheduled', 'consume_1_or_2_with_dataset_expressions', 'dataset_produces_2' retrieved from /home/airflow/.local/lib/python3.12/site-packages/airflow/example_dags/example_datasets.py
[2024-06-30T20:05:29.920+0000] {logging_mixin.py:188} INFO - [2024-06-30T20:05:29.920+0000] {dag.py:3096} INFO - Sync 10 DAGs
[2024-06-30T20:05:29.974+0000] {logging_mixin.py:188} INFO - [2024-06-30T20:05:29.974+0000] {dag.py:3954} INFO - Setting next_dagrun for conditional_dataset_and_time_based_timetable to 2024-06-26 01:00:00+00:00, run_after=2024-06-26 01:00:00+00:00
[2024-06-30T20:05:29.984+0000] {logging_mixin.py:188} INFO - [2024-06-30T20:05:29.983+0000] {dag.py:3954} INFO - Setting next_dagrun for consume_1_and_2_with_dataset_expressions to None, run_after=None
[2024-06-30T20:05:29.989+0000] {logging_mixin.py:188} INFO - [2024-06-30T20:05:29.989+0000] {dag.py:3954} INFO - Setting next_dagrun for consume_1_or_2_with_dataset_expressions to None, run_after=None
[2024-06-30T20:05:29.994+0000] {logging_mixin.py:188} INFO - [2024-06-30T20:05:29.993+0000] {dag.py:3954} INFO - Setting next_dagrun for consume_1_or_both_2_and_3_with_dataset_expressions to None, run_after=None
[2024-06-30T20:05:29.997+0000] {logging_mixin.py:188} INFO - [2024-06-30T20:05:29.997+0000] {dag.py:3954} INFO - Setting next_dagrun for dataset_consumes_1 to None, run_after=None
[2024-06-30T20:05:30.001+0000] {logging_mixin.py:188} INFO - [2024-06-30T20:05:30.000+0000] {dag.py:3954} INFO - Setting next_dagrun for dataset_consumes_1_and_2 to None, run_after=None
[2024-06-30T20:05:30.003+0000] {logging_mixin.py:188} INFO - [2024-06-30T20:05:30.003+0000] {dag.py:3954} INFO - Setting next_dagrun for dataset_consumes_1_never_scheduled to None, run_after=None
[2024-06-30T20:05:30.006+0000] {logging_mixin.py:188} INFO - [2024-06-30T20:05:30.006+0000] {dag.py:3954} INFO - Setting next_dagrun for dataset_consumes_unknown_never_scheduled to None, run_after=None
[2024-06-30T20:05:30.013+0000] {logging_mixin.py:188} INFO - [2024-06-30T20:05:30.013+0000] {dag.py:3954} INFO - Setting next_dagrun for dataset_produces_1 to 2024-06-29 00:00:00+00:00, run_after=2024-06-30 00:00:00+00:00
[2024-06-30T20:05:30.017+0000] {logging_mixin.py:188} INFO - [2024-06-30T20:05:30.016+0000] {dag.py:3954} INFO - Setting next_dagrun for dataset_produces_2 to None, run_after=None
[2024-06-30T20:05:30.105+0000] {processor.py:183} INFO - Processing /home/airflow/.local/lib/python3.12/site-packages/airflow/example_dags/example_datasets.py took 0.363 seconds
[2024-06-30T20:06:02.708+0000] {processor.py:161} INFO - Started process (PID=348) to work on /home/airflow/.local/lib/python3.12/site-packages/airflow/example_dags/example_datasets.py
[2024-06-30T20:06:02.714+0000] {processor.py:830} INFO - Processing file /home/airflow/.local/lib/python3.12/site-packages/airflow/example_dags/example_datasets.py for tasks to queue
[2024-06-30T20:06:02.728+0000] {logging_mixin.py:188} INFO - [2024-06-30T20:06:02.725+0000] {dagbag.py:545} INFO - Filling up the DagBag from /home/airflow/.local/lib/python3.12/site-packages/airflow/example_dags/example_datasets.py
[2024-06-30T20:06:02.847+0000] {processor.py:840} INFO - DAG(s) 'consume_1_or_2_with_dataset_expressions', 'dataset_produces_2', 'dataset_consumes_1', 'dataset_consumes_1_never_scheduled', 'consume_1_and_2_with_dataset_expressions', 'consume_1_or_both_2_and_3_with_dataset_expressions', 'conditional_dataset_and_time_based_timetable', 'dataset_consumes_unknown_never_scheduled', 'dataset_produces_1', 'dataset_consumes_1_and_2' retrieved from /home/airflow/.local/lib/python3.12/site-packages/airflow/example_dags/example_datasets.py
[2024-06-30T20:06:03.142+0000] {logging_mixin.py:188} INFO - [2024-06-30T20:06:03.141+0000] {dag.py:3096} INFO - Sync 10 DAGs
[2024-06-30T20:06:03.366+0000] {logging_mixin.py:188} INFO - [2024-06-30T20:06:03.364+0000] {dag.py:3954} INFO - Setting next_dagrun for conditional_dataset_and_time_based_timetable to 2024-06-26 01:00:00+00:00, run_after=2024-06-26 01:00:00+00:00
[2024-06-30T20:06:03.404+0000] {logging_mixin.py:188} INFO - [2024-06-30T20:06:03.401+0000] {dag.py:3954} INFO - Setting next_dagrun for consume_1_and_2_with_dataset_expressions to None, run_after=None
[2024-06-30T20:06:03.415+0000] {logging_mixin.py:188} INFO - [2024-06-30T20:06:03.413+0000] {dag.py:3954} INFO - Setting next_dagrun for consume_1_or_2_with_dataset_expressions to None, run_after=None
[2024-06-30T20:06:03.425+0000] {logging_mixin.py:188} INFO - [2024-06-30T20:06:03.424+0000] {dag.py:3954} INFO - Setting next_dagrun for consume_1_or_both_2_and_3_with_dataset_expressions to None, run_after=None
[2024-06-30T20:06:03.436+0000] {logging_mixin.py:188} INFO - [2024-06-30T20:06:03.435+0000] {dag.py:3954} INFO - Setting next_dagrun for dataset_consumes_1 to None, run_after=None
[2024-06-30T20:06:03.446+0000] {logging_mixin.py:188} INFO - [2024-06-30T20:06:03.445+0000] {dag.py:3954} INFO - Setting next_dagrun for dataset_consumes_1_and_2 to None, run_after=None
[2024-06-30T20:06:03.454+0000] {logging_mixin.py:188} INFO - [2024-06-30T20:06:03.453+0000] {dag.py:3954} INFO - Setting next_dagrun for dataset_consumes_1_never_scheduled to None, run_after=None
[2024-06-30T20:06:03.466+0000] {logging_mixin.py:188} INFO - [2024-06-30T20:06:03.464+0000] {dag.py:3954} INFO - Setting next_dagrun for dataset_consumes_unknown_never_scheduled to None, run_after=None
[2024-06-30T20:06:03.487+0000] {logging_mixin.py:188} INFO - [2024-06-30T20:06:03.485+0000] {dag.py:3954} INFO - Setting next_dagrun for dataset_produces_1 to 2024-06-29 00:00:00+00:00, run_after=2024-06-30 00:00:00+00:00
[2024-06-30T20:06:03.496+0000] {logging_mixin.py:188} INFO - [2024-06-30T20:06:03.494+0000] {dag.py:3954} INFO - Setting next_dagrun for dataset_produces_2 to None, run_after=None
[2024-06-30T20:06:03.726+0000] {processor.py:183} INFO - Processing /home/airflow/.local/lib/python3.12/site-packages/airflow/example_dags/example_datasets.py took 1.054 seconds
[2024-06-30T20:06:35.019+0000] {processor.py:161} INFO - Started process (PID=401) to work on /home/airflow/.local/lib/python3.12/site-packages/airflow/example_dags/example_datasets.py
[2024-06-30T20:06:35.025+0000] {processor.py:830} INFO - Processing file /home/airflow/.local/lib/python3.12/site-packages/airflow/example_dags/example_datasets.py for tasks to queue
[2024-06-30T20:06:35.037+0000] {logging_mixin.py:188} INFO - [2024-06-30T20:06:35.034+0000] {dagbag.py:545} INFO - Filling up the DagBag from /home/airflow/.local/lib/python3.12/site-packages/airflow/example_dags/example_datasets.py
[2024-06-30T20:06:35.125+0000] {processor.py:840} INFO - DAG(s) 'dataset_consumes_unknown_never_scheduled', 'consume_1_or_both_2_and_3_with_dataset_expressions', 'consume_1_or_2_with_dataset_expressions', 'conditional_dataset_and_time_based_timetable', 'dataset_consumes_1_and_2', 'dataset_consumes_1_never_scheduled', 'dataset_produces_2', 'dataset_produces_1', 'dataset_consumes_1', 'consume_1_and_2_with_dataset_expressions' retrieved from /home/airflow/.local/lib/python3.12/site-packages/airflow/example_dags/example_datasets.py
[2024-06-30T20:06:35.365+0000] {logging_mixin.py:188} INFO - [2024-06-30T20:06:35.364+0000] {dag.py:3096} INFO - Sync 10 DAGs
[2024-06-30T20:06:35.462+0000] {logging_mixin.py:188} INFO - [2024-06-30T20:06:35.461+0000] {dag.py:3954} INFO - Setting next_dagrun for conditional_dataset_and_time_based_timetable to 2024-06-26 01:00:00+00:00, run_after=2024-06-26 01:00:00+00:00
[2024-06-30T20:06:35.477+0000] {logging_mixin.py:188} INFO - [2024-06-30T20:06:35.476+0000] {dag.py:3954} INFO - Setting next_dagrun for consume_1_and_2_with_dataset_expressions to None, run_after=None
[2024-06-30T20:06:35.482+0000] {logging_mixin.py:188} INFO - [2024-06-30T20:06:35.482+0000] {dag.py:3954} INFO - Setting next_dagrun for consume_1_or_2_with_dataset_expressions to None, run_after=None
[2024-06-30T20:06:35.487+0000] {logging_mixin.py:188} INFO - [2024-06-30T20:06:35.486+0000] {dag.py:3954} INFO - Setting next_dagrun for consume_1_or_both_2_and_3_with_dataset_expressions to None, run_after=None
[2024-06-30T20:06:35.492+0000] {logging_mixin.py:188} INFO - [2024-06-30T20:06:35.492+0000] {dag.py:3954} INFO - Setting next_dagrun for dataset_consumes_1 to None, run_after=None
[2024-06-30T20:06:35.497+0000] {logging_mixin.py:188} INFO - [2024-06-30T20:06:35.497+0000] {dag.py:3954} INFO - Setting next_dagrun for dataset_consumes_1_and_2 to None, run_after=None
[2024-06-30T20:06:35.502+0000] {logging_mixin.py:188} INFO - [2024-06-30T20:06:35.501+0000] {dag.py:3954} INFO - Setting next_dagrun for dataset_consumes_1_never_scheduled to None, run_after=None
[2024-06-30T20:06:35.507+0000] {logging_mixin.py:188} INFO - [2024-06-30T20:06:35.506+0000] {dag.py:3954} INFO - Setting next_dagrun for dataset_consumes_unknown_never_scheduled to None, run_after=None
[2024-06-30T20:06:35.515+0000] {logging_mixin.py:188} INFO - [2024-06-30T20:06:35.514+0000] {dag.py:3954} INFO - Setting next_dagrun for dataset_produces_1 to 2024-06-29 00:00:00+00:00, run_after=2024-06-30 00:00:00+00:00
[2024-06-30T20:06:35.520+0000] {logging_mixin.py:188} INFO - [2024-06-30T20:06:35.519+0000] {dag.py:3954} INFO - Setting next_dagrun for dataset_produces_2 to None, run_after=None
[2024-06-30T20:06:35.648+0000] {processor.py:183} INFO - Processing /home/airflow/.local/lib/python3.12/site-packages/airflow/example_dags/example_datasets.py took 0.669 seconds
[2024-06-30T20:07:06.084+0000] {processor.py:161} INFO - Started process (PID=455) to work on /home/airflow/.local/lib/python3.12/site-packages/airflow/example_dags/example_datasets.py
[2024-06-30T20:07:06.086+0000] {processor.py:830} INFO - Processing file /home/airflow/.local/lib/python3.12/site-packages/airflow/example_dags/example_datasets.py for tasks to queue
[2024-06-30T20:07:06.090+0000] {logging_mixin.py:188} INFO - [2024-06-30T20:07:06.090+0000] {dagbag.py:545} INFO - Filling up the DagBag from /home/airflow/.local/lib/python3.12/site-packages/airflow/example_dags/example_datasets.py
[2024-06-30T20:07:06.114+0000] {processor.py:840} INFO - DAG(s) 'consume_1_or_both_2_and_3_with_dataset_expressions', 'dataset_consumes_1_never_scheduled', 'dataset_produces_1', 'dataset_consumes_1', 'consume_1_or_2_with_dataset_expressions', 'dataset_consumes_1_and_2', 'dataset_consumes_unknown_never_scheduled', 'conditional_dataset_and_time_based_timetable', 'consume_1_and_2_with_dataset_expressions', 'dataset_produces_2' retrieved from /home/airflow/.local/lib/python3.12/site-packages/airflow/example_dags/example_datasets.py
[2024-06-30T20:07:06.175+0000] {logging_mixin.py:188} INFO - [2024-06-30T20:07:06.175+0000] {dag.py:3096} INFO - Sync 10 DAGs
[2024-06-30T20:07:06.209+0000] {logging_mixin.py:188} INFO - [2024-06-30T20:07:06.208+0000] {dag.py:3954} INFO - Setting next_dagrun for conditional_dataset_and_time_based_timetable to 2024-06-26 01:00:00+00:00, run_after=2024-06-26 01:00:00+00:00
[2024-06-30T20:07:06.214+0000] {logging_mixin.py:188} INFO - [2024-06-30T20:07:06.213+0000] {dag.py:3954} INFO - Setting next_dagrun for consume_1_and_2_with_dataset_expressions to None, run_after=None
[2024-06-30T20:07:06.216+0000] {logging_mixin.py:188} INFO - [2024-06-30T20:07:06.215+0000] {dag.py:3954} INFO - Setting next_dagrun for consume_1_or_2_with_dataset_expressions to None, run_after=None
[2024-06-30T20:07:06.217+0000] {logging_mixin.py:188} INFO - [2024-06-30T20:07:06.217+0000] {dag.py:3954} INFO - Setting next_dagrun for consume_1_or_both_2_and_3_with_dataset_expressions to None, run_after=None
[2024-06-30T20:07:06.219+0000] {logging_mixin.py:188} INFO - [2024-06-30T20:07:06.219+0000] {dag.py:3954} INFO - Setting next_dagrun for dataset_consumes_1 to None, run_after=None
[2024-06-30T20:07:06.221+0000] {logging_mixin.py:188} INFO - [2024-06-30T20:07:06.220+0000] {dag.py:3954} INFO - Setting next_dagrun for dataset_consumes_1_and_2 to None, run_after=None
[2024-06-30T20:07:06.222+0000] {logging_mixin.py:188} INFO - [2024-06-30T20:07:06.222+0000] {dag.py:3954} INFO - Setting next_dagrun for dataset_consumes_1_never_scheduled to None, run_after=None
[2024-06-30T20:07:06.224+0000] {logging_mixin.py:188} INFO - [2024-06-30T20:07:06.223+0000] {dag.py:3954} INFO - Setting next_dagrun for dataset_consumes_unknown_never_scheduled to None, run_after=None
[2024-06-30T20:07:06.227+0000] {logging_mixin.py:188} INFO - [2024-06-30T20:07:06.226+0000] {dag.py:3954} INFO - Setting next_dagrun for dataset_produces_1 to 2024-06-29 00:00:00+00:00, run_after=2024-06-30 00:00:00+00:00
[2024-06-30T20:07:06.228+0000] {logging_mixin.py:188} INFO - [2024-06-30T20:07:06.228+0000] {dag.py:3954} INFO - Setting next_dagrun for dataset_produces_2 to None, run_after=None
[2024-06-30T20:07:06.270+0000] {processor.py:183} INFO - Processing /home/airflow/.local/lib/python3.12/site-packages/airflow/example_dags/example_datasets.py took 0.198 seconds
