[2024-06-30T20:03:27.215+0000] {processor.py:161} INFO - Started process (PID=80) to work on /home/airflow/.local/lib/python3.12/site-packages/airflow/example_dags/example_latest_only.py
[2024-06-30T20:03:27.217+0000] {processor.py:830} INFO - Processing file /home/airflow/.local/lib/python3.12/site-packages/airflow/example_dags/example_latest_only.py for tasks to queue
[2024-06-30T20:03:27.222+0000] {logging_mixin.py:188} INFO - [2024-06-30T20:03:27.221+0000] {dagbag.py:545} INFO - Filling up the DagBag from /home/airflow/.local/lib/python3.12/site-packages/airflow/example_dags/example_latest_only.py
[2024-06-30T20:03:27.234+0000] {processor.py:840} INFO - DAG(s) 'latest_only' retrieved from /home/airflow/.local/lib/python3.12/site-packages/airflow/example_dags/example_latest_only.py
[2024-06-30T20:03:27.685+0000] {logging_mixin.py:188} INFO - [2024-06-30T20:03:27.684+0000] {override.py:1829} INFO - Created Permission View: can delete on DAG:latest_only
[2024-06-30T20:03:27.702+0000] {logging_mixin.py:188} INFO - [2024-06-30T20:03:27.702+0000] {override.py:1829} INFO - Created Permission View: can read on DAG:latest_only
[2024-06-30T20:03:27.714+0000] {logging_mixin.py:188} INFO - [2024-06-30T20:03:27.714+0000] {override.py:1829} INFO - Created Permission View: can edit on DAG:latest_only
[2024-06-30T20:03:27.716+0000] {logging_mixin.py:188} INFO - [2024-06-30T20:03:27.715+0000] {dag.py:3096} INFO - Sync 1 DAGs
[2024-06-30T20:03:27.738+0000] {logging_mixin.py:188} INFO - [2024-06-30T20:03:27.737+0000] {dag.py:3118} INFO - Creating ORM DAG for latest_only
[2024-06-30T20:03:27.753+0000] {logging_mixin.py:188} INFO - [2024-06-30T20:03:27.752+0000] {dag.py:3954} INFO - Setting next_dagrun for latest_only to 2024-06-30 16:00:00+00:00, run_after=2024-06-30 20:00:00+00:00
[2024-06-30T20:03:27.779+0000] {processor.py:183} INFO - Processing /home/airflow/.local/lib/python3.12/site-packages/airflow/example_dags/example_latest_only.py took 0.578 seconds
[2024-06-30T20:03:58.191+0000] {processor.py:161} INFO - Started process (PID=132) to work on /home/airflow/.local/lib/python3.12/site-packages/airflow/example_dags/example_latest_only.py
[2024-06-30T20:03:58.192+0000] {processor.py:830} INFO - Processing file /home/airflow/.local/lib/python3.12/site-packages/airflow/example_dags/example_latest_only.py for tasks to queue
[2024-06-30T20:03:58.195+0000] {logging_mixin.py:188} INFO - [2024-06-30T20:03:58.194+0000] {dagbag.py:545} INFO - Filling up the DagBag from /home/airflow/.local/lib/python3.12/site-packages/airflow/example_dags/example_latest_only.py
[2024-06-30T20:03:58.201+0000] {processor.py:840} INFO - DAG(s) 'latest_only' retrieved from /home/airflow/.local/lib/python3.12/site-packages/airflow/example_dags/example_latest_only.py
[2024-06-30T20:03:58.224+0000] {logging_mixin.py:188} INFO - [2024-06-30T20:03:58.224+0000] {dag.py:3096} INFO - Sync 1 DAGs
[2024-06-30T20:03:58.245+0000] {logging_mixin.py:188} INFO - [2024-06-30T20:03:58.245+0000] {dag.py:3954} INFO - Setting next_dagrun for latest_only to 2024-06-30 16:00:00+00:00, run_after=2024-06-30 20:00:00+00:00
[2024-06-30T20:03:58.263+0000] {processor.py:183} INFO - Processing /home/airflow/.local/lib/python3.12/site-packages/airflow/example_dags/example_latest_only.py took 0.079 seconds
[2024-06-30T20:04:28.387+0000] {processor.py:161} INFO - Started process (PID=185) to work on /home/airflow/.local/lib/python3.12/site-packages/airflow/example_dags/example_latest_only.py
[2024-06-30T20:04:28.388+0000] {processor.py:830} INFO - Processing file /home/airflow/.local/lib/python3.12/site-packages/airflow/example_dags/example_latest_only.py for tasks to queue
[2024-06-30T20:04:28.390+0000] {logging_mixin.py:188} INFO - [2024-06-30T20:04:28.390+0000] {dagbag.py:545} INFO - Filling up the DagBag from /home/airflow/.local/lib/python3.12/site-packages/airflow/example_dags/example_latest_only.py
[2024-06-30T20:04:28.396+0000] {processor.py:840} INFO - DAG(s) 'latest_only' retrieved from /home/airflow/.local/lib/python3.12/site-packages/airflow/example_dags/example_latest_only.py
[2024-06-30T20:04:28.419+0000] {logging_mixin.py:188} INFO - [2024-06-30T20:04:28.418+0000] {dag.py:3096} INFO - Sync 1 DAGs
[2024-06-30T20:04:28.442+0000] {logging_mixin.py:188} INFO - [2024-06-30T20:04:28.441+0000] {dag.py:3954} INFO - Setting next_dagrun for latest_only to 2024-06-30 16:00:00+00:00, run_after=2024-06-30 20:00:00+00:00
[2024-06-30T20:04:28.462+0000] {processor.py:183} INFO - Processing /home/airflow/.local/lib/python3.12/site-packages/airflow/example_dags/example_latest_only.py took 0.082 seconds
[2024-06-30T20:04:58.724+0000] {processor.py:161} INFO - Started process (PID=238) to work on /home/airflow/.local/lib/python3.12/site-packages/airflow/example_dags/example_latest_only.py
[2024-06-30T20:04:58.725+0000] {processor.py:830} INFO - Processing file /home/airflow/.local/lib/python3.12/site-packages/airflow/example_dags/example_latest_only.py for tasks to queue
[2024-06-30T20:04:58.727+0000] {logging_mixin.py:188} INFO - [2024-06-30T20:04:58.727+0000] {dagbag.py:545} INFO - Filling up the DagBag from /home/airflow/.local/lib/python3.12/site-packages/airflow/example_dags/example_latest_only.py
[2024-06-30T20:04:58.732+0000] {processor.py:840} INFO - DAG(s) 'latest_only' retrieved from /home/airflow/.local/lib/python3.12/site-packages/airflow/example_dags/example_latest_only.py
[2024-06-30T20:04:58.754+0000] {logging_mixin.py:188} INFO - [2024-06-30T20:04:58.754+0000] {dag.py:3096} INFO - Sync 1 DAGs
[2024-06-30T20:04:58.774+0000] {logging_mixin.py:188} INFO - [2024-06-30T20:04:58.774+0000] {dag.py:3954} INFO - Setting next_dagrun for latest_only to 2024-06-30 16:00:00+00:00, run_after=2024-06-30 20:00:00+00:00
[2024-06-30T20:04:58.793+0000] {processor.py:183} INFO - Processing /home/airflow/.local/lib/python3.12/site-packages/airflow/example_dags/example_latest_only.py took 0.075 seconds
[2024-06-30T20:05:30.209+0000] {processor.py:161} INFO - Started process (PID=292) to work on /home/airflow/.local/lib/python3.12/site-packages/airflow/example_dags/example_latest_only.py
[2024-06-30T20:05:30.212+0000] {processor.py:830} INFO - Processing file /home/airflow/.local/lib/python3.12/site-packages/airflow/example_dags/example_latest_only.py for tasks to queue
[2024-06-30T20:05:30.218+0000] {logging_mixin.py:188} INFO - [2024-06-30T20:05:30.217+0000] {dagbag.py:545} INFO - Filling up the DagBag from /home/airflow/.local/lib/python3.12/site-packages/airflow/example_dags/example_latest_only.py
[2024-06-30T20:05:30.234+0000] {processor.py:840} INFO - DAG(s) 'latest_only' retrieved from /home/airflow/.local/lib/python3.12/site-packages/airflow/example_dags/example_latest_only.py
[2024-06-30T20:05:30.300+0000] {logging_mixin.py:188} INFO - [2024-06-30T20:05:30.299+0000] {dag.py:3096} INFO - Sync 1 DAGs
[2024-06-30T20:05:30.367+0000] {logging_mixin.py:188} INFO - [2024-06-30T20:05:30.366+0000] {dag.py:3954} INFO - Setting next_dagrun for latest_only to 2024-06-30 16:00:00+00:00, run_after=2024-06-30 20:00:00+00:00
[2024-06-30T20:05:30.420+0000] {processor.py:183} INFO - Processing /home/airflow/.local/lib/python3.12/site-packages/airflow/example_dags/example_latest_only.py took 0.232 seconds
[2024-06-30T20:06:03.198+0000] {processor.py:161} INFO - Started process (PID=349) to work on /home/airflow/.local/lib/python3.12/site-packages/airflow/example_dags/example_latest_only.py
[2024-06-30T20:06:03.206+0000] {processor.py:830} INFO - Processing file /home/airflow/.local/lib/python3.12/site-packages/airflow/example_dags/example_latest_only.py for tasks to queue
[2024-06-30T20:06:03.229+0000] {logging_mixin.py:188} INFO - [2024-06-30T20:06:03.224+0000] {dagbag.py:545} INFO - Filling up the DagBag from /home/airflow/.local/lib/python3.12/site-packages/airflow/example_dags/example_latest_only.py
[2024-06-30T20:06:03.277+0000] {processor.py:840} INFO - DAG(s) 'latest_only' retrieved from /home/airflow/.local/lib/python3.12/site-packages/airflow/example_dags/example_latest_only.py
[2024-06-30T20:06:03.447+0000] {logging_mixin.py:188} INFO - [2024-06-30T20:06:03.445+0000] {dag.py:3096} INFO - Sync 1 DAGs
[2024-06-30T20:06:03.631+0000] {logging_mixin.py:188} INFO - [2024-06-30T20:06:03.629+0000] {dag.py:3954} INFO - Setting next_dagrun for latest_only to 2024-06-30 16:00:00+00:00, run_after=2024-06-30 20:00:00+00:00
[2024-06-30T20:06:03.747+0000] {processor.py:183} INFO - Processing /home/airflow/.local/lib/python3.12/site-packages/airflow/example_dags/example_latest_only.py took 0.592 seconds
[2024-06-30T20:06:35.166+0000] {processor.py:161} INFO - Started process (PID=402) to work on /home/airflow/.local/lib/python3.12/site-packages/airflow/example_dags/example_latest_only.py
[2024-06-30T20:06:35.172+0000] {processor.py:830} INFO - Processing file /home/airflow/.local/lib/python3.12/site-packages/airflow/example_dags/example_latest_only.py for tasks to queue
[2024-06-30T20:06:35.185+0000] {logging_mixin.py:188} INFO - [2024-06-30T20:06:35.183+0000] {dagbag.py:545} INFO - Filling up the DagBag from /home/airflow/.local/lib/python3.12/site-packages/airflow/example_dags/example_latest_only.py
[2024-06-30T20:06:35.217+0000] {processor.py:840} INFO - DAG(s) 'latest_only' retrieved from /home/airflow/.local/lib/python3.12/site-packages/airflow/example_dags/example_latest_only.py
[2024-06-30T20:06:35.313+0000] {logging_mixin.py:188} INFO - [2024-06-30T20:06:35.311+0000] {dag.py:3096} INFO - Sync 1 DAGs
[2024-06-30T20:06:35.405+0000] {logging_mixin.py:188} INFO - [2024-06-30T20:06:35.404+0000] {dag.py:3954} INFO - Setting next_dagrun for latest_only to 2024-06-30 16:00:00+00:00, run_after=2024-06-30 20:00:00+00:00
[2024-06-30T20:06:35.469+0000] {processor.py:183} INFO - Processing /home/airflow/.local/lib/python3.12/site-packages/airflow/example_dags/example_latest_only.py took 0.341 seconds
[2024-06-30T20:07:05.878+0000] {processor.py:161} INFO - Started process (PID=454) to work on /home/airflow/.local/lib/python3.12/site-packages/airflow/example_dags/example_latest_only.py
[2024-06-30T20:07:05.880+0000] {processor.py:830} INFO - Processing file /home/airflow/.local/lib/python3.12/site-packages/airflow/example_dags/example_latest_only.py for tasks to queue
[2024-06-30T20:07:05.884+0000] {logging_mixin.py:188} INFO - [2024-06-30T20:07:05.883+0000] {dagbag.py:545} INFO - Filling up the DagBag from /home/airflow/.local/lib/python3.12/site-packages/airflow/example_dags/example_latest_only.py
[2024-06-30T20:07:05.896+0000] {processor.py:840} INFO - DAG(s) 'latest_only' retrieved from /home/airflow/.local/lib/python3.12/site-packages/airflow/example_dags/example_latest_only.py
[2024-06-30T20:07:05.939+0000] {logging_mixin.py:188} INFO - [2024-06-30T20:07:05.939+0000] {dag.py:3096} INFO - Sync 1 DAGs
[2024-06-30T20:07:05.973+0000] {logging_mixin.py:188} INFO - [2024-06-30T20:07:05.973+0000] {dag.py:3954} INFO - Setting next_dagrun for latest_only to 2024-06-30 16:00:00+00:00, run_after=2024-06-30 20:00:00+00:00
[2024-06-30T20:07:06.007+0000] {processor.py:183} INFO - Processing /home/airflow/.local/lib/python3.12/site-packages/airflow/example_dags/example_latest_only.py took 0.135 seconds
