[2024-06-30T20:03:28.708+0000] {processor.py:161} INFO - Started process (PID=84) to work on /home/airflow/.local/lib/python3.12/site-packages/airflow/example_dags/example_branch_operator.py
[2024-06-30T20:03:28.709+0000] {processor.py:830} INFO - Processing file /home/airflow/.local/lib/python3.12/site-packages/airflow/example_dags/example_branch_operator.py for tasks to queue
[2024-06-30T20:03:28.713+0000] {logging_mixin.py:188} INFO - [2024-06-30T20:03:28.713+0000] {dagbag.py:545} INFO - Filling up the DagBag from /home/airflow/.local/lib/python3.12/site-packages/airflow/example_dags/example_branch_operator.py
[2024-06-30T20:03:28.970+0000] {processor.py:840} INFO - DAG(s) 'example_branch_operator' retrieved from /home/airflow/.local/lib/python3.12/site-packages/airflow/example_dags/example_branch_operator.py
[2024-06-30T20:03:29.123+0000] {logging_mixin.py:188} INFO - [2024-06-30T20:03:29.122+0000] {override.py:1829} INFO - Created Permission View: can delete on DAG:example_branch_operator
[2024-06-30T20:03:29.137+0000] {logging_mixin.py:188} INFO - [2024-06-30T20:03:29.137+0000] {override.py:1829} INFO - Created Permission View: can read on DAG:example_branch_operator
[2024-06-30T20:03:29.148+0000] {logging_mixin.py:188} INFO - [2024-06-30T20:03:29.147+0000] {override.py:1829} INFO - Created Permission View: can edit on DAG:example_branch_operator
[2024-06-30T20:03:29.149+0000] {logging_mixin.py:188} INFO - [2024-06-30T20:03:29.148+0000] {dag.py:3096} INFO - Sync 1 DAGs
[2024-06-30T20:03:29.164+0000] {logging_mixin.py:188} INFO - [2024-06-30T20:03:29.164+0000] {dag.py:3118} INFO - Creating ORM DAG for example_branch_operator
[2024-06-30T20:03:29.182+0000] {logging_mixin.py:188} INFO - [2024-06-30T20:03:29.182+0000] {dag.py:3954} INFO - Setting next_dagrun for example_branch_operator to 2024-06-29 00:00:00+00:00, run_after=2024-06-30 00:00:00+00:00
[2024-06-30T20:03:29.210+0000] {processor.py:183} INFO - Processing /home/airflow/.local/lib/python3.12/site-packages/airflow/example_dags/example_branch_operator.py took 0.511 seconds
[2024-06-30T20:03:59.618+0000] {processor.py:161} INFO - Started process (PID=137) to work on /home/airflow/.local/lib/python3.12/site-packages/airflow/example_dags/example_branch_operator.py
[2024-06-30T20:03:59.619+0000] {processor.py:830} INFO - Processing file /home/airflow/.local/lib/python3.12/site-packages/airflow/example_dags/example_branch_operator.py for tasks to queue
[2024-06-30T20:03:59.622+0000] {logging_mixin.py:188} INFO - [2024-06-30T20:03:59.621+0000] {dagbag.py:545} INFO - Filling up the DagBag from /home/airflow/.local/lib/python3.12/site-packages/airflow/example_dags/example_branch_operator.py
[2024-06-30T20:03:59.642+0000] {processor.py:840} INFO - DAG(s) 'example_branch_operator' retrieved from /home/airflow/.local/lib/python3.12/site-packages/airflow/example_dags/example_branch_operator.py
[2024-06-30T20:03:59.672+0000] {logging_mixin.py:188} INFO - [2024-06-30T20:03:59.671+0000] {dag.py:3096} INFO - Sync 1 DAGs
[2024-06-30T20:03:59.702+0000] {logging_mixin.py:188} INFO - [2024-06-30T20:03:59.701+0000] {dag.py:3954} INFO - Setting next_dagrun for example_branch_operator to 2024-06-29 00:00:00+00:00, run_after=2024-06-30 00:00:00+00:00
[2024-06-30T20:03:59.723+0000] {processor.py:183} INFO - Processing /home/airflow/.local/lib/python3.12/site-packages/airflow/example_dags/example_branch_operator.py took 0.111 seconds
[2024-06-30T20:04:29.814+0000] {processor.py:161} INFO - Started process (PID=190) to work on /home/airflow/.local/lib/python3.12/site-packages/airflow/example_dags/example_branch_operator.py
[2024-06-30T20:04:29.815+0000] {processor.py:830} INFO - Processing file /home/airflow/.local/lib/python3.12/site-packages/airflow/example_dags/example_branch_operator.py for tasks to queue
[2024-06-30T20:04:29.818+0000] {logging_mixin.py:188} INFO - [2024-06-30T20:04:29.817+0000] {dagbag.py:545} INFO - Filling up the DagBag from /home/airflow/.local/lib/python3.12/site-packages/airflow/example_dags/example_branch_operator.py
[2024-06-30T20:04:29.837+0000] {processor.py:840} INFO - DAG(s) 'example_branch_operator' retrieved from /home/airflow/.local/lib/python3.12/site-packages/airflow/example_dags/example_branch_operator.py
[2024-06-30T20:04:29.866+0000] {logging_mixin.py:188} INFO - [2024-06-30T20:04:29.865+0000] {dag.py:3096} INFO - Sync 1 DAGs
[2024-06-30T20:04:29.886+0000] {logging_mixin.py:188} INFO - [2024-06-30T20:04:29.886+0000] {dag.py:3954} INFO - Setting next_dagrun for example_branch_operator to 2024-06-29 00:00:00+00:00, run_after=2024-06-30 00:00:00+00:00
[2024-06-30T20:04:29.905+0000] {processor.py:183} INFO - Processing /home/airflow/.local/lib/python3.12/site-packages/airflow/example_dags/example_branch_operator.py took 0.096 seconds
[2024-06-30T20:05:00.069+0000] {processor.py:161} INFO - Started process (PID=243) to work on /home/airflow/.local/lib/python3.12/site-packages/airflow/example_dags/example_branch_operator.py
[2024-06-30T20:05:00.070+0000] {processor.py:830} INFO - Processing file /home/airflow/.local/lib/python3.12/site-packages/airflow/example_dags/example_branch_operator.py for tasks to queue
[2024-06-30T20:05:00.072+0000] {logging_mixin.py:188} INFO - [2024-06-30T20:05:00.072+0000] {dagbag.py:545} INFO - Filling up the DagBag from /home/airflow/.local/lib/python3.12/site-packages/airflow/example_dags/example_branch_operator.py
[2024-06-30T20:05:00.090+0000] {processor.py:840} INFO - DAG(s) 'example_branch_operator' retrieved from /home/airflow/.local/lib/python3.12/site-packages/airflow/example_dags/example_branch_operator.py
[2024-06-30T20:05:00.115+0000] {logging_mixin.py:188} INFO - [2024-06-30T20:05:00.115+0000] {dag.py:3096} INFO - Sync 1 DAGs
[2024-06-30T20:05:00.136+0000] {logging_mixin.py:188} INFO - [2024-06-30T20:05:00.136+0000] {dag.py:3954} INFO - Setting next_dagrun for example_branch_operator to 2024-06-29 00:00:00+00:00, run_after=2024-06-30 00:00:00+00:00
[2024-06-30T20:05:00.154+0000] {processor.py:183} INFO - Processing /home/airflow/.local/lib/python3.12/site-packages/airflow/example_dags/example_branch_operator.py took 0.090 seconds
[2024-06-30T20:05:30.764+0000] {processor.py:161} INFO - Started process (PID=296) to work on /home/airflow/.local/lib/python3.12/site-packages/airflow/example_dags/example_branch_operator.py
[2024-06-30T20:05:30.766+0000] {processor.py:830} INFO - Processing file /home/airflow/.local/lib/python3.12/site-packages/airflow/example_dags/example_branch_operator.py for tasks to queue
[2024-06-30T20:05:30.770+0000] {logging_mixin.py:188} INFO - [2024-06-30T20:05:30.770+0000] {dagbag.py:545} INFO - Filling up the DagBag from /home/airflow/.local/lib/python3.12/site-packages/airflow/example_dags/example_branch_operator.py
[2024-06-30T20:05:30.813+0000] {processor.py:840} INFO - DAG(s) 'example_branch_operator' retrieved from /home/airflow/.local/lib/python3.12/site-packages/airflow/example_dags/example_branch_operator.py
[2024-06-30T20:05:30.873+0000] {logging_mixin.py:188} INFO - [2024-06-30T20:05:30.872+0000] {dag.py:3096} INFO - Sync 1 DAGs
[2024-06-30T20:05:30.916+0000] {logging_mixin.py:188} INFO - [2024-06-30T20:05:30.916+0000] {dag.py:3954} INFO - Setting next_dagrun for example_branch_operator to 2024-06-29 00:00:00+00:00, run_after=2024-06-30 00:00:00+00:00
[2024-06-30T20:05:30.954+0000] {processor.py:183} INFO - Processing /home/airflow/.local/lib/python3.12/site-packages/airflow/example_dags/example_branch_operator.py took 0.204 seconds
[2024-06-30T20:06:04.816+0000] {processor.py:161} INFO - Started process (PID=353) to work on /home/airflow/.local/lib/python3.12/site-packages/airflow/example_dags/example_branch_operator.py
[2024-06-30T20:06:04.820+0000] {processor.py:830} INFO - Processing file /home/airflow/.local/lib/python3.12/site-packages/airflow/example_dags/example_branch_operator.py for tasks to queue
[2024-06-30T20:06:04.829+0000] {logging_mixin.py:188} INFO - [2024-06-30T20:06:04.828+0000] {dagbag.py:545} INFO - Filling up the DagBag from /home/airflow/.local/lib/python3.12/site-packages/airflow/example_dags/example_branch_operator.py
[2024-06-30T20:06:04.908+0000] {processor.py:840} INFO - DAG(s) 'example_branch_operator' retrieved from /home/airflow/.local/lib/python3.12/site-packages/airflow/example_dags/example_branch_operator.py
[2024-06-30T20:06:05.033+0000] {logging_mixin.py:188} INFO - [2024-06-30T20:06:05.031+0000] {dag.py:3096} INFO - Sync 1 DAGs
[2024-06-30T20:06:05.152+0000] {logging_mixin.py:188} INFO - [2024-06-30T20:06:05.151+0000] {dag.py:3954} INFO - Setting next_dagrun for example_branch_operator to 2024-06-29 00:00:00+00:00, run_after=2024-06-30 00:00:00+00:00
[2024-06-30T20:06:05.242+0000] {processor.py:183} INFO - Processing /home/airflow/.local/lib/python3.12/site-packages/airflow/example_dags/example_branch_operator.py took 0.451 seconds
[2024-06-30T20:06:36.064+0000] {processor.py:161} INFO - Started process (PID=406) to work on /home/airflow/.local/lib/python3.12/site-packages/airflow/example_dags/example_branch_operator.py
[2024-06-30T20:06:36.068+0000] {processor.py:830} INFO - Processing file /home/airflow/.local/lib/python3.12/site-packages/airflow/example_dags/example_branch_operator.py for tasks to queue
[2024-06-30T20:06:36.074+0000] {logging_mixin.py:188} INFO - [2024-06-30T20:06:36.073+0000] {dagbag.py:545} INFO - Filling up the DagBag from /home/airflow/.local/lib/python3.12/site-packages/airflow/example_dags/example_branch_operator.py
[2024-06-30T20:06:36.128+0000] {processor.py:840} INFO - DAG(s) 'example_branch_operator' retrieved from /home/airflow/.local/lib/python3.12/site-packages/airflow/example_dags/example_branch_operator.py
[2024-06-30T20:06:36.203+0000] {logging_mixin.py:188} INFO - [2024-06-30T20:06:36.202+0000] {dag.py:3096} INFO - Sync 1 DAGs
[2024-06-30T20:06:36.267+0000] {logging_mixin.py:188} INFO - [2024-06-30T20:06:36.266+0000] {dag.py:3954} INFO - Setting next_dagrun for example_branch_operator to 2024-06-29 00:00:00+00:00, run_after=2024-06-30 00:00:00+00:00
[2024-06-30T20:06:36.315+0000] {processor.py:183} INFO - Processing /home/airflow/.local/lib/python3.12/site-packages/airflow/example_dags/example_branch_operator.py took 0.269 seconds
[2024-06-30T20:07:06.405+0000] {processor.py:161} INFO - Started process (PID=459) to work on /home/airflow/.local/lib/python3.12/site-packages/airflow/example_dags/example_branch_operator.py
[2024-06-30T20:07:06.407+0000] {processor.py:830} INFO - Processing file /home/airflow/.local/lib/python3.12/site-packages/airflow/example_dags/example_branch_operator.py for tasks to queue
[2024-06-30T20:07:06.411+0000] {logging_mixin.py:188} INFO - [2024-06-30T20:07:06.410+0000] {dagbag.py:545} INFO - Filling up the DagBag from /home/airflow/.local/lib/python3.12/site-packages/airflow/example_dags/example_branch_operator.py
[2024-06-30T20:07:06.455+0000] {processor.py:840} INFO - DAG(s) 'example_branch_operator' retrieved from /home/airflow/.local/lib/python3.12/site-packages/airflow/example_dags/example_branch_operator.py
[2024-06-30T20:07:06.512+0000] {logging_mixin.py:188} INFO - [2024-06-30T20:07:06.511+0000] {dag.py:3096} INFO - Sync 1 DAGs
[2024-06-30T20:07:06.559+0000] {logging_mixin.py:188} INFO - [2024-06-30T20:07:06.559+0000] {dag.py:3954} INFO - Setting next_dagrun for example_branch_operator to 2024-06-29 00:00:00+00:00, run_after=2024-06-30 00:00:00+00:00
[2024-06-30T20:07:06.598+0000] {processor.py:183} INFO - Processing /home/airflow/.local/lib/python3.12/site-packages/airflow/example_dags/example_branch_operator.py took 0.203 seconds
