[2024-06-30T20:03:26.382+0000] {processor.py:161} INFO - Started process (PID=77) to work on /home/airflow/.local/lib/python3.12/site-packages/airflow/example_dags/example_external_task_marker_dag.py
[2024-06-30T20:03:26.385+0000] {processor.py:830} INFO - Processing file /home/airflow/.local/lib/python3.12/site-packages/airflow/example_dags/example_external_task_marker_dag.py for tasks to queue
[2024-06-30T20:03:26.388+0000] {logging_mixin.py:188} INFO - [2024-06-30T20:03:26.388+0000] {dagbag.py:545} INFO - Filling up the DagBag from /home/airflow/.local/lib/python3.12/site-packages/airflow/example_dags/example_external_task_marker_dag.py
[2024-06-30T20:03:26.401+0000] {processor.py:840} INFO - DAG(s) 'example_external_task_marker_child', 'example_external_task_marker_parent' retrieved from /home/airflow/.local/lib/python3.12/site-packages/airflow/example_dags/example_external_task_marker_dag.py
[2024-06-30T20:03:26.892+0000] {logging_mixin.py:188} INFO - [2024-06-30T20:03:26.890+0000] {override.py:1829} INFO - Created Permission View: can delete on DAG:example_external_task_marker_child
[2024-06-30T20:03:26.908+0000] {logging_mixin.py:188} INFO - [2024-06-30T20:03:26.908+0000] {override.py:1829} INFO - Created Permission View: can read on DAG:example_external_task_marker_child
[2024-06-30T20:03:26.919+0000] {logging_mixin.py:188} INFO - [2024-06-30T20:03:26.919+0000] {override.py:1829} INFO - Created Permission View: can edit on DAG:example_external_task_marker_child
[2024-06-30T20:03:26.939+0000] {logging_mixin.py:188} INFO - [2024-06-30T20:03:26.938+0000] {override.py:1829} INFO - Created Permission View: can delete on DAG:example_external_task_marker_parent
[2024-06-30T20:03:26.949+0000] {logging_mixin.py:188} INFO - [2024-06-30T20:03:26.949+0000] {override.py:1829} INFO - Created Permission View: can read on DAG:example_external_task_marker_parent
[2024-06-30T20:03:26.960+0000] {logging_mixin.py:188} INFO - [2024-06-30T20:03:26.959+0000] {override.py:1829} INFO - Created Permission View: can edit on DAG:example_external_task_marker_parent
[2024-06-30T20:03:26.961+0000] {logging_mixin.py:188} INFO - [2024-06-30T20:03:26.961+0000] {dag.py:3096} INFO - Sync 2 DAGs
[2024-06-30T20:03:26.979+0000] {logging_mixin.py:188} INFO - [2024-06-30T20:03:26.979+0000] {dag.py:3118} INFO - Creating ORM DAG for example_external_task_marker_parent
[2024-06-30T20:03:26.981+0000] {logging_mixin.py:188} INFO - [2024-06-30T20:03:26.980+0000] {dag.py:3118} INFO - Creating ORM DAG for example_external_task_marker_child
[2024-06-30T20:03:26.982+0000] {logging_mixin.py:188} INFO - [2024-06-30T20:03:26.982+0000] {dag.py:3954} INFO - Setting next_dagrun for example_external_task_marker_child to None, run_after=None
[2024-06-30T20:03:26.983+0000] {logging_mixin.py:188} INFO - [2024-06-30T20:03:26.983+0000] {dag.py:3954} INFO - Setting next_dagrun for example_external_task_marker_parent to None, run_after=None
[2024-06-30T20:03:27.015+0000] {processor.py:183} INFO - Processing /home/airflow/.local/lib/python3.12/site-packages/airflow/example_dags/example_external_task_marker_dag.py took 0.643 seconds
[2024-06-30T20:03:58.089+0000] {processor.py:161} INFO - Started process (PID=130) to work on /home/airflow/.local/lib/python3.12/site-packages/airflow/example_dags/example_external_task_marker_dag.py
[2024-06-30T20:03:58.090+0000] {processor.py:830} INFO - Processing file /home/airflow/.local/lib/python3.12/site-packages/airflow/example_dags/example_external_task_marker_dag.py for tasks to queue
[2024-06-30T20:03:58.092+0000] {logging_mixin.py:188} INFO - [2024-06-30T20:03:58.092+0000] {dagbag.py:545} INFO - Filling up the DagBag from /home/airflow/.local/lib/python3.12/site-packages/airflow/example_dags/example_external_task_marker_dag.py
[2024-06-30T20:03:58.100+0000] {processor.py:840} INFO - DAG(s) 'example_external_task_marker_child', 'example_external_task_marker_parent' retrieved from /home/airflow/.local/lib/python3.12/site-packages/airflow/example_dags/example_external_task_marker_dag.py
[2024-06-30T20:03:58.123+0000] {logging_mixin.py:188} INFO - [2024-06-30T20:03:58.123+0000] {dag.py:3096} INFO - Sync 2 DAGs
[2024-06-30T20:03:58.135+0000] {logging_mixin.py:188} INFO - [2024-06-30T20:03:58.135+0000] {dag.py:3954} INFO - Setting next_dagrun for example_external_task_marker_child to None, run_after=None
[2024-06-30T20:03:58.139+0000] {logging_mixin.py:188} INFO - [2024-06-30T20:03:58.139+0000] {dag.py:3954} INFO - Setting next_dagrun for example_external_task_marker_parent to None, run_after=None
[2024-06-30T20:03:58.155+0000] {processor.py:183} INFO - Processing /home/airflow/.local/lib/python3.12/site-packages/airflow/example_dags/example_external_task_marker_dag.py took 0.072 seconds
[2024-06-30T20:04:28.286+0000] {processor.py:161} INFO - Started process (PID=183) to work on /home/airflow/.local/lib/python3.12/site-packages/airflow/example_dags/example_external_task_marker_dag.py
[2024-06-30T20:04:28.288+0000] {processor.py:830} INFO - Processing file /home/airflow/.local/lib/python3.12/site-packages/airflow/example_dags/example_external_task_marker_dag.py for tasks to queue
[2024-06-30T20:04:28.290+0000] {logging_mixin.py:188} INFO - [2024-06-30T20:04:28.289+0000] {dagbag.py:545} INFO - Filling up the DagBag from /home/airflow/.local/lib/python3.12/site-packages/airflow/example_dags/example_external_task_marker_dag.py
[2024-06-30T20:04:28.297+0000] {processor.py:840} INFO - DAG(s) 'example_external_task_marker_child', 'example_external_task_marker_parent' retrieved from /home/airflow/.local/lib/python3.12/site-packages/airflow/example_dags/example_external_task_marker_dag.py
[2024-06-30T20:04:28.320+0000] {logging_mixin.py:188} INFO - [2024-06-30T20:04:28.319+0000] {dag.py:3096} INFO - Sync 2 DAGs
[2024-06-30T20:04:28.333+0000] {logging_mixin.py:188} INFO - [2024-06-30T20:04:28.332+0000] {dag.py:3954} INFO - Setting next_dagrun for example_external_task_marker_child to None, run_after=None
[2024-06-30T20:04:28.336+0000] {logging_mixin.py:188} INFO - [2024-06-30T20:04:28.336+0000] {dag.py:3954} INFO - Setting next_dagrun for example_external_task_marker_parent to None, run_after=None
[2024-06-30T20:04:28.352+0000] {processor.py:183} INFO - Processing /home/airflow/.local/lib/python3.12/site-packages/airflow/example_dags/example_external_task_marker_dag.py took 0.071 seconds
[2024-06-30T20:04:58.621+0000] {processor.py:161} INFO - Started process (PID=236) to work on /home/airflow/.local/lib/python3.12/site-packages/airflow/example_dags/example_external_task_marker_dag.py
[2024-06-30T20:04:58.622+0000] {processor.py:830} INFO - Processing file /home/airflow/.local/lib/python3.12/site-packages/airflow/example_dags/example_external_task_marker_dag.py for tasks to queue
[2024-06-30T20:04:58.625+0000] {logging_mixin.py:188} INFO - [2024-06-30T20:04:58.624+0000] {dagbag.py:545} INFO - Filling up the DagBag from /home/airflow/.local/lib/python3.12/site-packages/airflow/example_dags/example_external_task_marker_dag.py
[2024-06-30T20:04:58.633+0000] {processor.py:840} INFO - DAG(s) 'example_external_task_marker_parent', 'example_external_task_marker_child' retrieved from /home/airflow/.local/lib/python3.12/site-packages/airflow/example_dags/example_external_task_marker_dag.py
[2024-06-30T20:04:58.657+0000] {logging_mixin.py:188} INFO - [2024-06-30T20:04:58.657+0000] {dag.py:3096} INFO - Sync 2 DAGs
[2024-06-30T20:04:58.673+0000] {logging_mixin.py:188} INFO - [2024-06-30T20:04:58.673+0000] {dag.py:3954} INFO - Setting next_dagrun for example_external_task_marker_child to None, run_after=None
[2024-06-30T20:04:58.677+0000] {logging_mixin.py:188} INFO - [2024-06-30T20:04:58.677+0000] {dag.py:3954} INFO - Setting next_dagrun for example_external_task_marker_parent to None, run_after=None
[2024-06-30T20:04:58.695+0000] {processor.py:183} INFO - Processing /home/airflow/.local/lib/python3.12/site-packages/airflow/example_dags/example_external_task_marker_dag.py took 0.083 seconds
[2024-06-30T20:05:29.467+0000] {processor.py:161} INFO - Started process (PID=289) to work on /home/airflow/.local/lib/python3.12/site-packages/airflow/example_dags/example_external_task_marker_dag.py
[2024-06-30T20:05:29.473+0000] {processor.py:830} INFO - Processing file /home/airflow/.local/lib/python3.12/site-packages/airflow/example_dags/example_external_task_marker_dag.py for tasks to queue
[2024-06-30T20:05:29.480+0000] {logging_mixin.py:188} INFO - [2024-06-30T20:05:29.479+0000] {dagbag.py:545} INFO - Filling up the DagBag from /home/airflow/.local/lib/python3.12/site-packages/airflow/example_dags/example_external_task_marker_dag.py
[2024-06-30T20:05:29.501+0000] {processor.py:840} INFO - DAG(s) 'example_external_task_marker_parent', 'example_external_task_marker_child' retrieved from /home/airflow/.local/lib/python3.12/site-packages/airflow/example_dags/example_external_task_marker_dag.py
[2024-06-30T20:05:29.568+0000] {logging_mixin.py:188} INFO - [2024-06-30T20:05:29.566+0000] {dag.py:3096} INFO - Sync 2 DAGs
[2024-06-30T20:05:29.609+0000] {logging_mixin.py:188} INFO - [2024-06-30T20:05:29.608+0000] {dag.py:3954} INFO - Setting next_dagrun for example_external_task_marker_child to None, run_after=None
[2024-06-30T20:05:29.624+0000] {logging_mixin.py:188} INFO - [2024-06-30T20:05:29.623+0000] {dag.py:3954} INFO - Setting next_dagrun for example_external_task_marker_parent to None, run_after=None
[2024-06-30T20:05:29.676+0000] {processor.py:183} INFO - Processing /home/airflow/.local/lib/python3.12/site-packages/airflow/example_dags/example_external_task_marker_dag.py took 0.226 seconds
[2024-06-30T20:06:01.895+0000] {processor.py:161} INFO - Started process (PID=346) to work on /home/airflow/.local/lib/python3.12/site-packages/airflow/example_dags/example_external_task_marker_dag.py
[2024-06-30T20:06:01.902+0000] {processor.py:830} INFO - Processing file /home/airflow/.local/lib/python3.12/site-packages/airflow/example_dags/example_external_task_marker_dag.py for tasks to queue
[2024-06-30T20:06:01.918+0000] {logging_mixin.py:188} INFO - [2024-06-30T20:06:01.915+0000] {dagbag.py:545} INFO - Filling up the DagBag from /home/airflow/.local/lib/python3.12/site-packages/airflow/example_dags/example_external_task_marker_dag.py
[2024-06-30T20:06:01.968+0000] {processor.py:840} INFO - DAG(s) 'example_external_task_marker_child', 'example_external_task_marker_parent' retrieved from /home/airflow/.local/lib/python3.12/site-packages/airflow/example_dags/example_external_task_marker_dag.py
[2024-06-30T20:06:02.133+0000] {logging_mixin.py:188} INFO - [2024-06-30T20:06:02.131+0000] {dag.py:3096} INFO - Sync 2 DAGs
[2024-06-30T20:06:02.243+0000] {logging_mixin.py:188} INFO - [2024-06-30T20:06:02.242+0000] {dag.py:3954} INFO - Setting next_dagrun for example_external_task_marker_child to None, run_after=None
[2024-06-30T20:06:02.278+0000] {logging_mixin.py:188} INFO - [2024-06-30T20:06:02.275+0000] {dag.py:3954} INFO - Setting next_dagrun for example_external_task_marker_parent to None, run_after=None
[2024-06-30T20:06:02.469+0000] {processor.py:183} INFO - Processing /home/airflow/.local/lib/python3.12/site-packages/airflow/example_dags/example_external_task_marker_dag.py took 0.621 seconds
[2024-06-30T20:06:34.332+0000] {processor.py:161} INFO - Started process (PID=399) to work on /home/airflow/.local/lib/python3.12/site-packages/airflow/example_dags/example_external_task_marker_dag.py
[2024-06-30T20:06:34.338+0000] {processor.py:830} INFO - Processing file /home/airflow/.local/lib/python3.12/site-packages/airflow/example_dags/example_external_task_marker_dag.py for tasks to queue
[2024-06-30T20:06:34.353+0000] {logging_mixin.py:188} INFO - [2024-06-30T20:06:34.351+0000] {dagbag.py:545} INFO - Filling up the DagBag from /home/airflow/.local/lib/python3.12/site-packages/airflow/example_dags/example_external_task_marker_dag.py
[2024-06-30T20:06:34.407+0000] {processor.py:840} INFO - DAG(s) 'example_external_task_marker_child', 'example_external_task_marker_parent' retrieved from /home/airflow/.local/lib/python3.12/site-packages/airflow/example_dags/example_external_task_marker_dag.py
[2024-06-30T20:06:34.585+0000] {logging_mixin.py:188} INFO - [2024-06-30T20:06:34.582+0000] {dag.py:3096} INFO - Sync 2 DAGs
[2024-06-30T20:06:34.700+0000] {logging_mixin.py:188} INFO - [2024-06-30T20:06:34.699+0000] {dag.py:3954} INFO - Setting next_dagrun for example_external_task_marker_child to None, run_after=None
[2024-06-30T20:06:34.733+0000] {logging_mixin.py:188} INFO - [2024-06-30T20:06:34.731+0000] {dag.py:3954} INFO - Setting next_dagrun for example_external_task_marker_parent to None, run_after=None
[2024-06-30T20:06:34.848+0000] {processor.py:183} INFO - Processing /home/airflow/.local/lib/python3.12/site-packages/airflow/example_dags/example_external_task_marker_dag.py took 0.562 seconds
[2024-06-30T20:07:05.743+0000] {processor.py:161} INFO - Started process (PID=452) to work on /home/airflow/.local/lib/python3.12/site-packages/airflow/example_dags/example_external_task_marker_dag.py
[2024-06-30T20:07:05.745+0000] {processor.py:830} INFO - Processing file /home/airflow/.local/lib/python3.12/site-packages/airflow/example_dags/example_external_task_marker_dag.py for tasks to queue
[2024-06-30T20:07:05.748+0000] {logging_mixin.py:188} INFO - [2024-06-30T20:07:05.748+0000] {dagbag.py:545} INFO - Filling up the DagBag from /home/airflow/.local/lib/python3.12/site-packages/airflow/example_dags/example_external_task_marker_dag.py
[2024-06-30T20:07:05.758+0000] {processor.py:840} INFO - DAG(s) 'example_external_task_marker_parent', 'example_external_task_marker_child' retrieved from /home/airflow/.local/lib/python3.12/site-packages/airflow/example_dags/example_external_task_marker_dag.py
[2024-06-30T20:07:05.794+0000] {logging_mixin.py:188} INFO - [2024-06-30T20:07:05.794+0000] {dag.py:3096} INFO - Sync 2 DAGs
[2024-06-30T20:07:05.812+0000] {logging_mixin.py:188} INFO - [2024-06-30T20:07:05.812+0000] {dag.py:3954} INFO - Setting next_dagrun for example_external_task_marker_child to None, run_after=None
[2024-06-30T20:07:05.817+0000] {logging_mixin.py:188} INFO - [2024-06-30T20:07:05.817+0000] {dag.py:3954} INFO - Setting next_dagrun for example_external_task_marker_parent to None, run_after=None
[2024-06-30T20:07:05.839+0000] {processor.py:183} INFO - Processing /home/airflow/.local/lib/python3.12/site-packages/airflow/example_dags/example_external_task_marker_dag.py took 0.105 seconds
