[2024-06-30T20:03:30.609+0000] {processor.py:161} INFO - Started process (PID=91) to work on /home/airflow/.local/lib/python3.12/site-packages/airflow/example_dags/example_kubernetes_executor.py
[2024-06-30T20:03:30.610+0000] {processor.py:830} INFO - Processing file /home/airflow/.local/lib/python3.12/site-packages/airflow/example_dags/example_kubernetes_executor.py for tasks to queue
[2024-06-30T20:03:30.614+0000] {logging_mixin.py:188} INFO - [2024-06-30T20:03:30.613+0000] {dagbag.py:545} INFO - Filling up the DagBag from /home/airflow/.local/lib/python3.12/site-packages/airflow/example_dags/example_kubernetes_executor.py
[2024-06-30T20:03:30.636+0000] {processor.py:840} INFO - DAG(s) 'example_kubernetes_executor' retrieved from /home/airflow/.local/lib/python3.12/site-packages/airflow/example_dags/example_kubernetes_executor.py
[2024-06-30T20:03:30.796+0000] {logging_mixin.py:188} INFO - [2024-06-30T20:03:30.795+0000] {override.py:1829} INFO - Created Permission View: can delete on DAG:example_kubernetes_executor
[2024-06-30T20:03:30.810+0000] {logging_mixin.py:188} INFO - [2024-06-30T20:03:30.810+0000] {override.py:1829} INFO - Created Permission View: can read on DAG:example_kubernetes_executor
[2024-06-30T20:03:30.820+0000] {logging_mixin.py:188} INFO - [2024-06-30T20:03:30.819+0000] {override.py:1829} INFO - Created Permission View: can edit on DAG:example_kubernetes_executor
[2024-06-30T20:03:30.821+0000] {logging_mixin.py:188} INFO - [2024-06-30T20:03:30.820+0000] {dag.py:3096} INFO - Sync 1 DAGs
[2024-06-30T20:03:30.837+0000] {logging_mixin.py:188} INFO - [2024-06-30T20:03:30.836+0000] {dag.py:3118} INFO - Creating ORM DAG for example_kubernetes_executor
[2024-06-30T20:03:30.838+0000] {logging_mixin.py:188} INFO - [2024-06-30T20:03:30.838+0000] {dag.py:3954} INFO - Setting next_dagrun for example_kubernetes_executor to None, run_after=None
[2024-06-30T20:03:30.867+0000] {processor.py:183} INFO - Processing /home/airflow/.local/lib/python3.12/site-packages/airflow/example_dags/example_kubernetes_executor.py took 0.267 seconds
[2024-06-30T20:04:01.136+0000] {processor.py:161} INFO - Started process (PID=144) to work on /home/airflow/.local/lib/python3.12/site-packages/airflow/example_dags/example_kubernetes_executor.py
[2024-06-30T20:04:01.137+0000] {processor.py:830} INFO - Processing file /home/airflow/.local/lib/python3.12/site-packages/airflow/example_dags/example_kubernetes_executor.py for tasks to queue
[2024-06-30T20:04:01.140+0000] {logging_mixin.py:188} INFO - [2024-06-30T20:04:01.139+0000] {dagbag.py:545} INFO - Filling up the DagBag from /home/airflow/.local/lib/python3.12/site-packages/airflow/example_dags/example_kubernetes_executor.py
[2024-06-30T20:04:01.157+0000] {processor.py:840} INFO - DAG(s) 'example_kubernetes_executor' retrieved from /home/airflow/.local/lib/python3.12/site-packages/airflow/example_dags/example_kubernetes_executor.py
[2024-06-30T20:04:01.201+0000] {logging_mixin.py:188} INFO - [2024-06-30T20:04:01.201+0000] {dag.py:3096} INFO - Sync 1 DAGs
[2024-06-30T20:04:01.218+0000] {logging_mixin.py:188} INFO - [2024-06-30T20:04:01.217+0000] {dag.py:3954} INFO - Setting next_dagrun for example_kubernetes_executor to None, run_after=None
[2024-06-30T20:04:01.242+0000] {processor.py:183} INFO - Processing /home/airflow/.local/lib/python3.12/site-packages/airflow/example_dags/example_kubernetes_executor.py took 0.113 seconds
[2024-06-30T20:04:31.286+0000] {processor.py:161} INFO - Started process (PID=197) to work on /home/airflow/.local/lib/python3.12/site-packages/airflow/example_dags/example_kubernetes_executor.py
[2024-06-30T20:04:31.287+0000] {processor.py:830} INFO - Processing file /home/airflow/.local/lib/python3.12/site-packages/airflow/example_dags/example_kubernetes_executor.py for tasks to queue
[2024-06-30T20:04:31.290+0000] {logging_mixin.py:188} INFO - [2024-06-30T20:04:31.289+0000] {dagbag.py:545} INFO - Filling up the DagBag from /home/airflow/.local/lib/python3.12/site-packages/airflow/example_dags/example_kubernetes_executor.py
[2024-06-30T20:04:31.304+0000] {processor.py:840} INFO - DAG(s) 'example_kubernetes_executor' retrieved from /home/airflow/.local/lib/python3.12/site-packages/airflow/example_dags/example_kubernetes_executor.py
[2024-06-30T20:04:31.345+0000] {logging_mixin.py:188} INFO - [2024-06-30T20:04:31.344+0000] {dag.py:3096} INFO - Sync 1 DAGs
[2024-06-30T20:04:31.357+0000] {logging_mixin.py:188} INFO - [2024-06-30T20:04:31.357+0000] {dag.py:3954} INFO - Setting next_dagrun for example_kubernetes_executor to None, run_after=None
[2024-06-30T20:04:31.377+0000] {processor.py:183} INFO - Processing /home/airflow/.local/lib/python3.12/site-packages/airflow/example_dags/example_kubernetes_executor.py took 0.097 seconds
[2024-06-30T20:05:01.456+0000] {processor.py:161} INFO - Started process (PID=250) to work on /home/airflow/.local/lib/python3.12/site-packages/airflow/example_dags/example_kubernetes_executor.py
[2024-06-30T20:05:01.457+0000] {processor.py:830} INFO - Processing file /home/airflow/.local/lib/python3.12/site-packages/airflow/example_dags/example_kubernetes_executor.py for tasks to queue
[2024-06-30T20:05:01.460+0000] {logging_mixin.py:188} INFO - [2024-06-30T20:05:01.459+0000] {dagbag.py:545} INFO - Filling up the DagBag from /home/airflow/.local/lib/python3.12/site-packages/airflow/example_dags/example_kubernetes_executor.py
[2024-06-30T20:05:01.474+0000] {processor.py:840} INFO - DAG(s) 'example_kubernetes_executor' retrieved from /home/airflow/.local/lib/python3.12/site-packages/airflow/example_dags/example_kubernetes_executor.py
[2024-06-30T20:05:01.513+0000] {logging_mixin.py:188} INFO - [2024-06-30T20:05:01.512+0000] {dag.py:3096} INFO - Sync 1 DAGs
[2024-06-30T20:05:01.524+0000] {logging_mixin.py:188} INFO - [2024-06-30T20:05:01.524+0000] {dag.py:3954} INFO - Setting next_dagrun for example_kubernetes_executor to None, run_after=None
[2024-06-30T20:05:01.544+0000] {processor.py:183} INFO - Processing /home/airflow/.local/lib/python3.12/site-packages/airflow/example_dags/example_kubernetes_executor.py took 0.094 seconds
[2024-06-30T20:05:32.654+0000] {processor.py:161} INFO - Started process (PID=303) to work on /home/airflow/.local/lib/python3.12/site-packages/airflow/example_dags/example_kubernetes_executor.py
[2024-06-30T20:05:32.656+0000] {processor.py:830} INFO - Processing file /home/airflow/.local/lib/python3.12/site-packages/airflow/example_dags/example_kubernetes_executor.py for tasks to queue
[2024-06-30T20:05:32.663+0000] {logging_mixin.py:188} INFO - [2024-06-30T20:05:32.662+0000] {dagbag.py:545} INFO - Filling up the DagBag from /home/airflow/.local/lib/python3.12/site-packages/airflow/example_dags/example_kubernetes_executor.py
[2024-06-30T20:05:32.700+0000] {processor.py:840} INFO - DAG(s) 'example_kubernetes_executor' retrieved from /home/airflow/.local/lib/python3.12/site-packages/airflow/example_dags/example_kubernetes_executor.py
[2024-06-30T20:05:32.810+0000] {logging_mixin.py:188} INFO - [2024-06-30T20:05:32.808+0000] {dag.py:3096} INFO - Sync 1 DAGs
[2024-06-30T20:05:32.863+0000] {logging_mixin.py:188} INFO - [2024-06-30T20:05:32.862+0000] {dag.py:3954} INFO - Setting next_dagrun for example_kubernetes_executor to None, run_after=None
[2024-06-30T20:05:32.935+0000] {processor.py:183} INFO - Processing /home/airflow/.local/lib/python3.12/site-packages/airflow/example_dags/example_kubernetes_executor.py took 0.295 seconds
[2024-06-30T20:06:07.194+0000] {processor.py:161} INFO - Started process (PID=360) to work on /home/airflow/.local/lib/python3.12/site-packages/airflow/example_dags/example_kubernetes_executor.py
[2024-06-30T20:06:07.202+0000] {processor.py:830} INFO - Processing file /home/airflow/.local/lib/python3.12/site-packages/airflow/example_dags/example_kubernetes_executor.py for tasks to queue
[2024-06-30T20:06:07.220+0000] {logging_mixin.py:188} INFO - [2024-06-30T20:06:07.218+0000] {dagbag.py:545} INFO - Filling up the DagBag from /home/airflow/.local/lib/python3.12/site-packages/airflow/example_dags/example_kubernetes_executor.py
[2024-06-30T20:06:07.306+0000] {processor.py:840} INFO - DAG(s) 'example_kubernetes_executor' retrieved from /home/airflow/.local/lib/python3.12/site-packages/airflow/example_dags/example_kubernetes_executor.py
[2024-06-30T20:06:07.568+0000] {logging_mixin.py:188} INFO - [2024-06-30T20:06:07.563+0000] {dag.py:3096} INFO - Sync 1 DAGs
[2024-06-30T20:06:07.659+0000] {logging_mixin.py:188} INFO - [2024-06-30T20:06:07.657+0000] {dag.py:3954} INFO - Setting next_dagrun for example_kubernetes_executor to None, run_after=None
[2024-06-30T20:06:07.761+0000] {processor.py:183} INFO - Processing /home/airflow/.local/lib/python3.12/site-packages/airflow/example_dags/example_kubernetes_executor.py took 0.599 seconds
[2024-06-30T20:06:38.258+0000] {processor.py:161} INFO - Started process (PID=413) to work on /home/airflow/.local/lib/python3.12/site-packages/airflow/example_dags/example_kubernetes_executor.py
[2024-06-30T20:06:38.260+0000] {processor.py:830} INFO - Processing file /home/airflow/.local/lib/python3.12/site-packages/airflow/example_dags/example_kubernetes_executor.py for tasks to queue
[2024-06-30T20:06:38.264+0000] {logging_mixin.py:188} INFO - [2024-06-30T20:06:38.263+0000] {dagbag.py:545} INFO - Filling up the DagBag from /home/airflow/.local/lib/python3.12/site-packages/airflow/example_dags/example_kubernetes_executor.py
[2024-06-30T20:06:38.288+0000] {processor.py:840} INFO - DAG(s) 'example_kubernetes_executor' retrieved from /home/airflow/.local/lib/python3.12/site-packages/airflow/example_dags/example_kubernetes_executor.py
[2024-06-30T20:06:38.345+0000] {logging_mixin.py:188} INFO - [2024-06-30T20:06:38.345+0000] {dag.py:3096} INFO - Sync 1 DAGs
[2024-06-30T20:06:38.364+0000] {logging_mixin.py:188} INFO - [2024-06-30T20:06:38.363+0000] {dag.py:3954} INFO - Setting next_dagrun for example_kubernetes_executor to None, run_after=None
[2024-06-30T20:06:38.390+0000] {processor.py:183} INFO - Processing /home/airflow/.local/lib/python3.12/site-packages/airflow/example_dags/example_kubernetes_executor.py took 0.143 seconds
[2024-06-30T20:07:08.928+0000] {processor.py:161} INFO - Started process (PID=466) to work on /home/airflow/.local/lib/python3.12/site-packages/airflow/example_dags/example_kubernetes_executor.py
[2024-06-30T20:07:08.929+0000] {processor.py:830} INFO - Processing file /home/airflow/.local/lib/python3.12/site-packages/airflow/example_dags/example_kubernetes_executor.py for tasks to queue
[2024-06-30T20:07:08.932+0000] {logging_mixin.py:188} INFO - [2024-06-30T20:07:08.932+0000] {dagbag.py:545} INFO - Filling up the DagBag from /home/airflow/.local/lib/python3.12/site-packages/airflow/example_dags/example_kubernetes_executor.py
[2024-06-30T20:07:08.951+0000] {processor.py:840} INFO - DAG(s) 'example_kubernetes_executor' retrieved from /home/airflow/.local/lib/python3.12/site-packages/airflow/example_dags/example_kubernetes_executor.py
[2024-06-30T20:07:08.999+0000] {logging_mixin.py:188} INFO - [2024-06-30T20:07:08.998+0000] {dag.py:3096} INFO - Sync 1 DAGs
[2024-06-30T20:07:09.013+0000] {logging_mixin.py:188} INFO - [2024-06-30T20:07:09.013+0000] {dag.py:3954} INFO - Setting next_dagrun for example_kubernetes_executor to None, run_after=None
[2024-06-30T20:07:09.037+0000] {processor.py:183} INFO - Processing /home/airflow/.local/lib/python3.12/site-packages/airflow/example_dags/example_kubernetes_executor.py took 0.116 seconds
