[2024-06-30T20:03:17.831+0000] {processor.py:161} INFO - Started process (PID=52) to work on /home/airflow/.local/lib/python3.12/site-packages/airflow/example_dags/example_branch_python_dop_operator_3.py
[2024-06-30T20:03:17.833+0000] {processor.py:830} INFO - Processing file /home/airflow/.local/lib/python3.12/site-packages/airflow/example_dags/example_branch_python_dop_operator_3.py for tasks to queue
[2024-06-30T20:03:17.835+0000] {logging_mixin.py:188} INFO - [2024-06-30T20:03:17.835+0000] {dagbag.py:545} INFO - Filling up the DagBag from /home/airflow/.local/lib/python3.12/site-packages/airflow/example_dags/example_branch_python_dop_operator_3.py
[2024-06-30T20:03:17.859+0000] {processor.py:840} INFO - DAG(s) 'example_branch_dop_operator_v3' retrieved from /home/airflow/.local/lib/python3.12/site-packages/airflow/example_dags/example_branch_python_dop_operator_3.py
[2024-06-30T20:03:18.527+0000] {logging_mixin.py:188} INFO - [2024-06-30T20:03:18.526+0000] {override.py:1829} INFO - Created Permission View: can delete on DAG:example_branch_dop_operator_v3
[2024-06-30T20:03:18.542+0000] {logging_mixin.py:188} INFO - [2024-06-30T20:03:18.541+0000] {override.py:1829} INFO - Created Permission View: can read on DAG:example_branch_dop_operator_v3
[2024-06-30T20:03:18.552+0000] {logging_mixin.py:188} INFO - [2024-06-30T20:03:18.552+0000] {override.py:1829} INFO - Created Permission View: can edit on DAG:example_branch_dop_operator_v3
[2024-06-30T20:03:18.554+0000] {logging_mixin.py:188} INFO - [2024-06-30T20:03:18.553+0000] {dag.py:3096} INFO - Sync 1 DAGs
[2024-06-30T20:03:18.568+0000] {logging_mixin.py:188} INFO - [2024-06-30T20:03:18.568+0000] {dag.py:3118} INFO - Creating ORM DAG for example_branch_dop_operator_v3
[2024-06-30T20:03:18.586+0000] {logging_mixin.py:188} INFO - [2024-06-30T20:03:18.586+0000] {dag.py:3954} INFO - Setting next_dagrun for example_branch_dop_operator_v3 to 2024-06-30 20:02:00+00:00, run_after=2024-06-30 20:03:00+00:00
[2024-06-30T20:03:18.610+0000] {processor.py:183} INFO - Processing /home/airflow/.local/lib/python3.12/site-packages/airflow/example_dags/example_branch_python_dop_operator_3.py took 0.791 seconds
[2024-06-30T20:03:48.672+0000] {processor.py:161} INFO - Started process (PID=105) to work on /home/airflow/.local/lib/python3.12/site-packages/airflow/example_dags/example_branch_python_dop_operator_3.py
[2024-06-30T20:03:48.673+0000] {processor.py:830} INFO - Processing file /home/airflow/.local/lib/python3.12/site-packages/airflow/example_dags/example_branch_python_dop_operator_3.py for tasks to queue
[2024-06-30T20:03:48.676+0000] {logging_mixin.py:188} INFO - [2024-06-30T20:03:48.675+0000] {dagbag.py:545} INFO - Filling up the DagBag from /home/airflow/.local/lib/python3.12/site-packages/airflow/example_dags/example_branch_python_dop_operator_3.py
[2024-06-30T20:03:48.685+0000] {processor.py:840} INFO - DAG(s) 'example_branch_dop_operator_v3' retrieved from /home/airflow/.local/lib/python3.12/site-packages/airflow/example_dags/example_branch_python_dop_operator_3.py
[2024-06-30T20:03:48.706+0000] {logging_mixin.py:188} INFO - [2024-06-30T20:03:48.706+0000] {dag.py:3096} INFO - Sync 1 DAGs
[2024-06-30T20:03:48.730+0000] {logging_mixin.py:188} INFO - [2024-06-30T20:03:48.730+0000] {dag.py:3954} INFO - Setting next_dagrun for example_branch_dop_operator_v3 to 2024-06-30 20:02:00+00:00, run_after=2024-06-30 20:03:00+00:00
[2024-06-30T20:03:48.747+0000] {processor.py:183} INFO - Processing /home/airflow/.local/lib/python3.12/site-packages/airflow/example_dags/example_branch_python_dop_operator_3.py took 0.081 seconds
[2024-06-30T20:04:18.942+0000] {processor.py:161} INFO - Started process (PID=158) to work on /home/airflow/.local/lib/python3.12/site-packages/airflow/example_dags/example_branch_python_dop_operator_3.py
[2024-06-30T20:04:18.943+0000] {processor.py:830} INFO - Processing file /home/airflow/.local/lib/python3.12/site-packages/airflow/example_dags/example_branch_python_dop_operator_3.py for tasks to queue
[2024-06-30T20:04:18.945+0000] {logging_mixin.py:188} INFO - [2024-06-30T20:04:18.945+0000] {dagbag.py:545} INFO - Filling up the DagBag from /home/airflow/.local/lib/python3.12/site-packages/airflow/example_dags/example_branch_python_dop_operator_3.py
[2024-06-30T20:04:18.954+0000] {processor.py:840} INFO - DAG(s) 'example_branch_dop_operator_v3' retrieved from /home/airflow/.local/lib/python3.12/site-packages/airflow/example_dags/example_branch_python_dop_operator_3.py
[2024-06-30T20:04:18.973+0000] {logging_mixin.py:188} INFO - [2024-06-30T20:04:18.973+0000] {dag.py:3096} INFO - Sync 1 DAGs
[2024-06-30T20:04:18.997+0000] {logging_mixin.py:188} INFO - [2024-06-30T20:04:18.996+0000] {dag.py:3954} INFO - Setting next_dagrun for example_branch_dop_operator_v3 to 2024-06-30 20:03:00+00:00, run_after=2024-06-30 20:04:00+00:00
[2024-06-30T20:04:19.015+0000] {processor.py:183} INFO - Processing /home/airflow/.local/lib/python3.12/site-packages/airflow/example_dags/example_branch_python_dop_operator_3.py took 0.080 seconds
[2024-06-30T20:04:49.202+0000] {processor.py:161} INFO - Started process (PID=211) to work on /home/airflow/.local/lib/python3.12/site-packages/airflow/example_dags/example_branch_python_dop_operator_3.py
[2024-06-30T20:04:49.203+0000] {processor.py:830} INFO - Processing file /home/airflow/.local/lib/python3.12/site-packages/airflow/example_dags/example_branch_python_dop_operator_3.py for tasks to queue
[2024-06-30T20:04:49.205+0000] {logging_mixin.py:188} INFO - [2024-06-30T20:04:49.205+0000] {dagbag.py:545} INFO - Filling up the DagBag from /home/airflow/.local/lib/python3.12/site-packages/airflow/example_dags/example_branch_python_dop_operator_3.py
[2024-06-30T20:04:49.215+0000] {processor.py:840} INFO - DAG(s) 'example_branch_dop_operator_v3' retrieved from /home/airflow/.local/lib/python3.12/site-packages/airflow/example_dags/example_branch_python_dop_operator_3.py
[2024-06-30T20:04:49.238+0000] {logging_mixin.py:188} INFO - [2024-06-30T20:04:49.237+0000] {dag.py:3096} INFO - Sync 1 DAGs
[2024-06-30T20:04:49.259+0000] {logging_mixin.py:188} INFO - [2024-06-30T20:04:49.259+0000] {dag.py:3954} INFO - Setting next_dagrun for example_branch_dop_operator_v3 to 2024-06-30 20:03:00+00:00, run_after=2024-06-30 20:04:00+00:00
[2024-06-30T20:04:49.276+0000] {processor.py:183} INFO - Processing /home/airflow/.local/lib/python3.12/site-packages/airflow/example_dags/example_branch_python_dop_operator_3.py took 0.080 seconds
[2024-06-30T20:05:19.364+0000] {processor.py:161} INFO - Started process (PID=264) to work on /home/airflow/.local/lib/python3.12/site-packages/airflow/example_dags/example_branch_python_dop_operator_3.py
[2024-06-30T20:05:19.365+0000] {processor.py:830} INFO - Processing file /home/airflow/.local/lib/python3.12/site-packages/airflow/example_dags/example_branch_python_dop_operator_3.py for tasks to queue
[2024-06-30T20:05:19.368+0000] {logging_mixin.py:188} INFO - [2024-06-30T20:05:19.367+0000] {dagbag.py:545} INFO - Filling up the DagBag from /home/airflow/.local/lib/python3.12/site-packages/airflow/example_dags/example_branch_python_dop_operator_3.py
[2024-06-30T20:05:19.384+0000] {processor.py:840} INFO - DAG(s) 'example_branch_dop_operator_v3' retrieved from /home/airflow/.local/lib/python3.12/site-packages/airflow/example_dags/example_branch_python_dop_operator_3.py
[2024-06-30T20:05:19.420+0000] {logging_mixin.py:188} INFO - [2024-06-30T20:05:19.419+0000] {dag.py:3096} INFO - Sync 1 DAGs
[2024-06-30T20:05:19.480+0000] {logging_mixin.py:188} INFO - [2024-06-30T20:05:19.479+0000] {dag.py:3954} INFO - Setting next_dagrun for example_branch_dop_operator_v3 to 2024-06-30 20:04:00+00:00, run_after=2024-06-30 20:05:00+00:00
[2024-06-30T20:05:19.516+0000] {processor.py:183} INFO - Processing /home/airflow/.local/lib/python3.12/site-packages/airflow/example_dags/example_branch_python_dop_operator_3.py took 0.162 seconds
[2024-06-30T20:05:50.047+0000] {processor.py:161} INFO - Started process (PID=321) to work on /home/airflow/.local/lib/python3.12/site-packages/airflow/example_dags/example_branch_python_dop_operator_3.py
[2024-06-30T20:05:50.053+0000] {processor.py:830} INFO - Processing file /home/airflow/.local/lib/python3.12/site-packages/airflow/example_dags/example_branch_python_dop_operator_3.py for tasks to queue
[2024-06-30T20:05:50.082+0000] {logging_mixin.py:188} INFO - [2024-06-30T20:05:50.073+0000] {dagbag.py:545} INFO - Filling up the DagBag from /home/airflow/.local/lib/python3.12/site-packages/airflow/example_dags/example_branch_python_dop_operator_3.py
[2024-06-30T20:05:50.192+0000] {processor.py:840} INFO - DAG(s) 'example_branch_dop_operator_v3' retrieved from /home/airflow/.local/lib/python3.12/site-packages/airflow/example_dags/example_branch_python_dop_operator_3.py
[2024-06-30T20:05:50.446+0000] {logging_mixin.py:188} INFO - [2024-06-30T20:05:50.438+0000] {dag.py:3096} INFO - Sync 1 DAGs
[2024-06-30T20:05:50.788+0000] {logging_mixin.py:188} INFO - [2024-06-30T20:05:50.785+0000] {dag.py:3954} INFO - Setting next_dagrun for example_branch_dop_operator_v3 to 2024-06-30 20:04:00+00:00, run_after=2024-06-30 20:05:00+00:00
[2024-06-30T20:05:51.020+0000] {processor.py:183} INFO - Processing /home/airflow/.local/lib/python3.12/site-packages/airflow/example_dags/example_branch_python_dop_operator_3.py took 1.042 seconds
[2024-06-30T20:06:21.799+0000] {processor.py:161} INFO - Started process (PID=374) to work on /home/airflow/.local/lib/python3.12/site-packages/airflow/example_dags/example_branch_python_dop_operator_3.py
[2024-06-30T20:06:21.801+0000] {processor.py:830} INFO - Processing file /home/airflow/.local/lib/python3.12/site-packages/airflow/example_dags/example_branch_python_dop_operator_3.py for tasks to queue
[2024-06-30T20:06:21.804+0000] {logging_mixin.py:188} INFO - [2024-06-30T20:06:21.804+0000] {dagbag.py:545} INFO - Filling up the DagBag from /home/airflow/.local/lib/python3.12/site-packages/airflow/example_dags/example_branch_python_dop_operator_3.py
[2024-06-30T20:06:21.822+0000] {processor.py:840} INFO - DAG(s) 'example_branch_dop_operator_v3' retrieved from /home/airflow/.local/lib/python3.12/site-packages/airflow/example_dags/example_branch_python_dop_operator_3.py
[2024-06-30T20:06:21.857+0000] {logging_mixin.py:188} INFO - [2024-06-30T20:06:21.856+0000] {dag.py:3096} INFO - Sync 1 DAGs
[2024-06-30T20:06:21.898+0000] {logging_mixin.py:188} INFO - [2024-06-30T20:06:21.898+0000] {dag.py:3954} INFO - Setting next_dagrun for example_branch_dop_operator_v3 to 2024-06-30 20:05:00+00:00, run_after=2024-06-30 20:06:00+00:00
[2024-06-30T20:06:21.937+0000] {processor.py:183} INFO - Processing /home/airflow/.local/lib/python3.12/site-packages/airflow/example_dags/example_branch_python_dop_operator_3.py took 0.149 seconds
[2024-06-30T20:06:52.681+0000] {processor.py:161} INFO - Started process (PID=427) to work on /home/airflow/.local/lib/python3.12/site-packages/airflow/example_dags/example_branch_python_dop_operator_3.py
[2024-06-30T20:06:52.684+0000] {processor.py:830} INFO - Processing file /home/airflow/.local/lib/python3.12/site-packages/airflow/example_dags/example_branch_python_dop_operator_3.py for tasks to queue
[2024-06-30T20:06:52.689+0000] {logging_mixin.py:188} INFO - [2024-06-30T20:06:52.688+0000] {dagbag.py:545} INFO - Filling up the DagBag from /home/airflow/.local/lib/python3.12/site-packages/airflow/example_dags/example_branch_python_dop_operator_3.py
[2024-06-30T20:06:52.712+0000] {processor.py:840} INFO - DAG(s) 'example_branch_dop_operator_v3' retrieved from /home/airflow/.local/lib/python3.12/site-packages/airflow/example_dags/example_branch_python_dop_operator_3.py
[2024-06-30T20:06:52.753+0000] {logging_mixin.py:188} INFO - [2024-06-30T20:06:52.752+0000] {dag.py:3096} INFO - Sync 1 DAGs
[2024-06-30T20:06:52.801+0000] {logging_mixin.py:188} INFO - [2024-06-30T20:06:52.800+0000] {dag.py:3954} INFO - Setting next_dagrun for example_branch_dop_operator_v3 to 2024-06-30 20:05:00+00:00, run_after=2024-06-30 20:06:00+00:00
[2024-06-30T20:06:52.834+0000] {processor.py:183} INFO - Processing /home/airflow/.local/lib/python3.12/site-packages/airflow/example_dags/example_branch_python_dop_operator_3.py took 0.165 seconds
[2024-06-30T20:07:22.973+0000] {processor.py:161} INFO - Started process (PID=480) to work on /home/airflow/.local/lib/python3.12/site-packages/airflow/example_dags/example_branch_python_dop_operator_3.py
[2024-06-30T20:07:22.977+0000] {processor.py:830} INFO - Processing file /home/airflow/.local/lib/python3.12/site-packages/airflow/example_dags/example_branch_python_dop_operator_3.py for tasks to queue
[2024-06-30T20:07:22.985+0000] {logging_mixin.py:188} INFO - [2024-06-30T20:07:22.984+0000] {dagbag.py:545} INFO - Filling up the DagBag from /home/airflow/.local/lib/python3.12/site-packages/airflow/example_dags/example_branch_python_dop_operator_3.py
[2024-06-30T20:07:23.019+0000] {processor.py:840} INFO - DAG(s) 'example_branch_dop_operator_v3' retrieved from /home/airflow/.local/lib/python3.12/site-packages/airflow/example_dags/example_branch_python_dop_operator_3.py
[2024-06-30T20:07:23.079+0000] {logging_mixin.py:188} INFO - [2024-06-30T20:07:23.078+0000] {dag.py:3096} INFO - Sync 1 DAGs
[2024-06-30T20:07:23.138+0000] {logging_mixin.py:188} INFO - [2024-06-30T20:07:23.137+0000] {dag.py:3954} INFO - Setting next_dagrun for example_branch_dop_operator_v3 to 2024-06-30 20:06:00+00:00, run_after=2024-06-30 20:07:00+00:00
[2024-06-30T20:07:23.211+0000] {processor.py:183} INFO - Processing /home/airflow/.local/lib/python3.12/site-packages/airflow/example_dags/example_branch_python_dop_operator_3.py took 0.268 seconds
