[2024-06-30T20:03:28.612+0000] {processor.py:161} INFO - Started process (PID=83) to work on /home/airflow/.local/lib/python3.12/site-packages/airflow/example_dags/tutorial_objectstorage.py
[2024-06-30T20:03:28.613+0000] {processor.py:830} INFO - Processing file /home/airflow/.local/lib/python3.12/site-packages/airflow/example_dags/tutorial_objectstorage.py for tasks to queue
[2024-06-30T20:03:28.616+0000] {logging_mixin.py:188} INFO - [2024-06-30T20:03:28.616+0000] {dagbag.py:545} INFO - Filling up the DagBag from /home/airflow/.local/lib/python3.12/site-packages/airflow/example_dags/tutorial_objectstorage.py
[2024-06-30T20:03:28.870+0000] {processor.py:840} INFO - DAG(s) 'tutorial_objectstorage' retrieved from /home/airflow/.local/lib/python3.12/site-packages/airflow/example_dags/tutorial_objectstorage.py
[2024-06-30T20:03:29.000+0000] {logging_mixin.py:188} INFO - [2024-06-30T20:03:29.000+0000] {override.py:1829} INFO - Created Permission View: can delete on DAG:tutorial_objectstorage
[2024-06-30T20:03:29.014+0000] {logging_mixin.py:188} INFO - [2024-06-30T20:03:29.013+0000] {override.py:1829} INFO - Created Permission View: can read on DAG:tutorial_objectstorage
[2024-06-30T20:03:29.025+0000] {logging_mixin.py:188} INFO - [2024-06-30T20:03:29.024+0000] {override.py:1829} INFO - Created Permission View: can edit on DAG:tutorial_objectstorage
[2024-06-30T20:03:29.027+0000] {logging_mixin.py:188} INFO - [2024-06-30T20:03:29.026+0000] {dag.py:3096} INFO - Sync 1 DAGs
[2024-06-30T20:03:29.041+0000] {logging_mixin.py:188} INFO - [2024-06-30T20:03:29.041+0000] {dag.py:3118} INFO - Creating ORM DAG for tutorial_objectstorage
[2024-06-30T20:03:29.042+0000] {logging_mixin.py:188} INFO - [2024-06-30T20:03:29.042+0000] {dag.py:3954} INFO - Setting next_dagrun for tutorial_objectstorage to None, run_after=None
[2024-06-30T20:03:29.066+0000] {processor.py:183} INFO - Processing /home/airflow/.local/lib/python3.12/site-packages/airflow/example_dags/tutorial_objectstorage.py took 0.462 seconds
[2024-06-30T20:03:59.512+0000] {processor.py:161} INFO - Started process (PID=136) to work on /home/airflow/.local/lib/python3.12/site-packages/airflow/example_dags/tutorial_objectstorage.py
[2024-06-30T20:03:59.513+0000] {processor.py:830} INFO - Processing file /home/airflow/.local/lib/python3.12/site-packages/airflow/example_dags/tutorial_objectstorage.py for tasks to queue
[2024-06-30T20:03:59.515+0000] {logging_mixin.py:188} INFO - [2024-06-30T20:03:59.515+0000] {dagbag.py:545} INFO - Filling up the DagBag from /home/airflow/.local/lib/python3.12/site-packages/airflow/example_dags/tutorial_objectstorage.py
[2024-06-30T20:03:59.524+0000] {processor.py:840} INFO - DAG(s) 'tutorial_objectstorage' retrieved from /home/airflow/.local/lib/python3.12/site-packages/airflow/example_dags/tutorial_objectstorage.py
[2024-06-30T20:03:59.544+0000] {logging_mixin.py:188} INFO - [2024-06-30T20:03:59.544+0000] {dag.py:3096} INFO - Sync 1 DAGs
[2024-06-30T20:03:59.558+0000] {logging_mixin.py:188} INFO - [2024-06-30T20:03:59.557+0000] {dag.py:3954} INFO - Setting next_dagrun for tutorial_objectstorage to None, run_after=None
[2024-06-30T20:03:59.579+0000] {processor.py:183} INFO - Processing /home/airflow/.local/lib/python3.12/site-packages/airflow/example_dags/tutorial_objectstorage.py took 0.072 seconds
[2024-06-30T20:04:29.713+0000] {processor.py:161} INFO - Started process (PID=189) to work on /home/airflow/.local/lib/python3.12/site-packages/airflow/example_dags/tutorial_objectstorage.py
[2024-06-30T20:04:29.715+0000] {processor.py:830} INFO - Processing file /home/airflow/.local/lib/python3.12/site-packages/airflow/example_dags/tutorial_objectstorage.py for tasks to queue
[2024-06-30T20:04:29.717+0000] {logging_mixin.py:188} INFO - [2024-06-30T20:04:29.717+0000] {dagbag.py:545} INFO - Filling up the DagBag from /home/airflow/.local/lib/python3.12/site-packages/airflow/example_dags/tutorial_objectstorage.py
[2024-06-30T20:04:29.729+0000] {processor.py:840} INFO - DAG(s) 'tutorial_objectstorage' retrieved from /home/airflow/.local/lib/python3.12/site-packages/airflow/example_dags/tutorial_objectstorage.py
[2024-06-30T20:04:29.751+0000] {logging_mixin.py:188} INFO - [2024-06-30T20:04:29.750+0000] {dag.py:3096} INFO - Sync 1 DAGs
[2024-06-30T20:04:29.764+0000] {logging_mixin.py:188} INFO - [2024-06-30T20:04:29.764+0000] {dag.py:3954} INFO - Setting next_dagrun for tutorial_objectstorage to None, run_after=None
[2024-06-30T20:04:29.783+0000] {processor.py:183} INFO - Processing /home/airflow/.local/lib/python3.12/site-packages/airflow/example_dags/tutorial_objectstorage.py took 0.076 seconds
[2024-06-30T20:04:59.972+0000] {processor.py:161} INFO - Started process (PID=242) to work on /home/airflow/.local/lib/python3.12/site-packages/airflow/example_dags/tutorial_objectstorage.py
[2024-06-30T20:04:59.974+0000] {processor.py:830} INFO - Processing file /home/airflow/.local/lib/python3.12/site-packages/airflow/example_dags/tutorial_objectstorage.py for tasks to queue
[2024-06-30T20:04:59.976+0000] {logging_mixin.py:188} INFO - [2024-06-30T20:04:59.976+0000] {dagbag.py:545} INFO - Filling up the DagBag from /home/airflow/.local/lib/python3.12/site-packages/airflow/example_dags/tutorial_objectstorage.py
[2024-06-30T20:04:59.985+0000] {processor.py:840} INFO - DAG(s) 'tutorial_objectstorage' retrieved from /home/airflow/.local/lib/python3.12/site-packages/airflow/example_dags/tutorial_objectstorage.py
[2024-06-30T20:05:00.005+0000] {logging_mixin.py:188} INFO - [2024-06-30T20:05:00.005+0000] {dag.py:3096} INFO - Sync 1 DAGs
[2024-06-30T20:05:00.019+0000] {logging_mixin.py:188} INFO - [2024-06-30T20:05:00.019+0000] {dag.py:3954} INFO - Setting next_dagrun for tutorial_objectstorage to None, run_after=None
[2024-06-30T20:05:00.038+0000] {processor.py:183} INFO - Processing /home/airflow/.local/lib/python3.12/site-packages/airflow/example_dags/tutorial_objectstorage.py took 0.072 seconds
[2024-06-30T20:05:30.760+0000] {processor.py:161} INFO - Started process (PID=295) to work on /home/airflow/.local/lib/python3.12/site-packages/airflow/example_dags/tutorial_objectstorage.py
[2024-06-30T20:05:30.762+0000] {processor.py:830} INFO - Processing file /home/airflow/.local/lib/python3.12/site-packages/airflow/example_dags/tutorial_objectstorage.py for tasks to queue
[2024-06-30T20:05:30.767+0000] {logging_mixin.py:188} INFO - [2024-06-30T20:05:30.766+0000] {dagbag.py:545} INFO - Filling up the DagBag from /home/airflow/.local/lib/python3.12/site-packages/airflow/example_dags/tutorial_objectstorage.py
[2024-06-30T20:05:30.785+0000] {processor.py:840} INFO - DAG(s) 'tutorial_objectstorage' retrieved from /home/airflow/.local/lib/python3.12/site-packages/airflow/example_dags/tutorial_objectstorage.py
[2024-06-30T20:05:30.834+0000] {logging_mixin.py:188} INFO - [2024-06-30T20:05:30.833+0000] {dag.py:3096} INFO - Sync 1 DAGs
[2024-06-30T20:05:30.863+0000] {logging_mixin.py:188} INFO - [2024-06-30T20:05:30.863+0000] {dag.py:3954} INFO - Setting next_dagrun for tutorial_objectstorage to None, run_after=None
[2024-06-30T20:05:30.896+0000] {processor.py:183} INFO - Processing /home/airflow/.local/lib/python3.12/site-packages/airflow/example_dags/tutorial_objectstorage.py took 0.150 seconds
[2024-06-30T20:06:04.441+0000] {processor.py:161} INFO - Started process (PID=352) to work on /home/airflow/.local/lib/python3.12/site-packages/airflow/example_dags/tutorial_objectstorage.py
[2024-06-30T20:06:04.446+0000] {processor.py:830} INFO - Processing file /home/airflow/.local/lib/python3.12/site-packages/airflow/example_dags/tutorial_objectstorage.py for tasks to queue
[2024-06-30T20:06:04.460+0000] {logging_mixin.py:188} INFO - [2024-06-30T20:06:04.459+0000] {dagbag.py:545} INFO - Filling up the DagBag from /home/airflow/.local/lib/python3.12/site-packages/airflow/example_dags/tutorial_objectstorage.py
[2024-06-30T20:06:04.500+0000] {processor.py:840} INFO - DAG(s) 'tutorial_objectstorage' retrieved from /home/airflow/.local/lib/python3.12/site-packages/airflow/example_dags/tutorial_objectstorage.py
[2024-06-30T20:06:04.579+0000] {logging_mixin.py:188} INFO - [2024-06-30T20:06:04.577+0000] {dag.py:3096} INFO - Sync 1 DAGs
[2024-06-30T20:06:04.631+0000] {logging_mixin.py:188} INFO - [2024-06-30T20:06:04.630+0000] {dag.py:3954} INFO - Setting next_dagrun for tutorial_objectstorage to None, run_after=None
[2024-06-30T20:06:04.709+0000] {processor.py:183} INFO - Processing /home/airflow/.local/lib/python3.12/site-packages/airflow/example_dags/tutorial_objectstorage.py took 0.298 seconds
[2024-06-30T20:06:35.875+0000] {processor.py:161} INFO - Started process (PID=405) to work on /home/airflow/.local/lib/python3.12/site-packages/airflow/example_dags/tutorial_objectstorage.py
[2024-06-30T20:06:35.878+0000] {processor.py:830} INFO - Processing file /home/airflow/.local/lib/python3.12/site-packages/airflow/example_dags/tutorial_objectstorage.py for tasks to queue
[2024-06-30T20:06:35.883+0000] {logging_mixin.py:188} INFO - [2024-06-30T20:06:35.883+0000] {dagbag.py:545} INFO - Filling up the DagBag from /home/airflow/.local/lib/python3.12/site-packages/airflow/example_dags/tutorial_objectstorage.py
[2024-06-30T20:06:35.908+0000] {processor.py:840} INFO - DAG(s) 'tutorial_objectstorage' retrieved from /home/airflow/.local/lib/python3.12/site-packages/airflow/example_dags/tutorial_objectstorage.py
[2024-06-30T20:06:35.964+0000] {logging_mixin.py:188} INFO - [2024-06-30T20:06:35.963+0000] {dag.py:3096} INFO - Sync 1 DAGs
[2024-06-30T20:06:36.005+0000] {logging_mixin.py:188} INFO - [2024-06-30T20:06:36.005+0000] {dag.py:3954} INFO - Setting next_dagrun for tutorial_objectstorage to None, run_after=None
[2024-06-30T20:06:36.061+0000] {processor.py:183} INFO - Processing /home/airflow/.local/lib/python3.12/site-packages/airflow/example_dags/tutorial_objectstorage.py took 0.203 seconds
[2024-06-30T20:07:06.315+0000] {processor.py:161} INFO - Started process (PID=458) to work on /home/airflow/.local/lib/python3.12/site-packages/airflow/example_dags/tutorial_objectstorage.py
[2024-06-30T20:07:06.317+0000] {processor.py:830} INFO - Processing file /home/airflow/.local/lib/python3.12/site-packages/airflow/example_dags/tutorial_objectstorage.py for tasks to queue
[2024-06-30T20:07:06.320+0000] {logging_mixin.py:188} INFO - [2024-06-30T20:07:06.320+0000] {dagbag.py:545} INFO - Filling up the DagBag from /home/airflow/.local/lib/python3.12/site-packages/airflow/example_dags/tutorial_objectstorage.py
[2024-06-30T20:07:06.337+0000] {processor.py:840} INFO - DAG(s) 'tutorial_objectstorage' retrieved from /home/airflow/.local/lib/python3.12/site-packages/airflow/example_dags/tutorial_objectstorage.py
[2024-06-30T20:07:06.375+0000] {logging_mixin.py:188} INFO - [2024-06-30T20:07:06.373+0000] {dag.py:3096} INFO - Sync 1 DAGs
[2024-06-30T20:07:06.407+0000] {logging_mixin.py:188} INFO - [2024-06-30T20:07:06.407+0000] {dag.py:3954} INFO - Setting next_dagrun for tutorial_objectstorage to None, run_after=None
[2024-06-30T20:07:06.450+0000] {processor.py:183} INFO - Processing /home/airflow/.local/lib/python3.12/site-packages/airflow/example_dags/tutorial_objectstorage.py took 0.144 seconds
