[2024-06-30T20:03:19.220+0000] {processor.py:161} INFO - Started process (PID=55) to work on /home/airflow/.local/lib/python3.12/site-packages/airflow/example_dags/tutorial_dag.py
[2024-06-30T20:03:19.222+0000] {processor.py:830} INFO - Processing file /home/airflow/.local/lib/python3.12/site-packages/airflow/example_dags/tutorial_dag.py for tasks to queue
[2024-06-30T20:03:19.225+0000] {logging_mixin.py:188} INFO - [2024-06-30T20:03:19.225+0000] {dagbag.py:545} INFO - Filling up the DagBag from /home/airflow/.local/lib/python3.12/site-packages/airflow/example_dags/tutorial_dag.py
[2024-06-30T20:03:19.245+0000] {processor.py:840} INFO - DAG(s) 'tutorial_dag' retrieved from /home/airflow/.local/lib/python3.12/site-packages/airflow/example_dags/tutorial_dag.py
[2024-06-30T20:03:19.660+0000] {logging_mixin.py:188} INFO - [2024-06-30T20:03:19.659+0000] {override.py:1829} INFO - Created Permission View: can delete on DAG:tutorial_dag
[2024-06-30T20:03:19.675+0000] {logging_mixin.py:188} INFO - [2024-06-30T20:03:19.675+0000] {override.py:1829} INFO - Created Permission View: can read on DAG:tutorial_dag
[2024-06-30T20:03:19.686+0000] {logging_mixin.py:188} INFO - [2024-06-30T20:03:19.685+0000] {override.py:1829} INFO - Created Permission View: can edit on DAG:tutorial_dag
[2024-06-30T20:03:19.687+0000] {logging_mixin.py:188} INFO - [2024-06-30T20:03:19.686+0000] {dag.py:3096} INFO - Sync 1 DAGs
[2024-06-30T20:03:19.703+0000] {logging_mixin.py:188} INFO - [2024-06-30T20:03:19.702+0000] {dag.py:3118} INFO - Creating ORM DAG for tutorial_dag
[2024-06-30T20:03:19.704+0000] {logging_mixin.py:188} INFO - [2024-06-30T20:03:19.704+0000] {dag.py:3954} INFO - Setting next_dagrun for tutorial_dag to None, run_after=None
[2024-06-30T20:03:19.727+0000] {processor.py:183} INFO - Processing /home/airflow/.local/lib/python3.12/site-packages/airflow/example_dags/tutorial_dag.py took 0.517 seconds
[2024-06-30T20:03:49.829+0000] {processor.py:161} INFO - Started process (PID=108) to work on /home/airflow/.local/lib/python3.12/site-packages/airflow/example_dags/tutorial_dag.py
[2024-06-30T20:03:49.830+0000] {processor.py:830} INFO - Processing file /home/airflow/.local/lib/python3.12/site-packages/airflow/example_dags/tutorial_dag.py for tasks to queue
[2024-06-30T20:03:49.832+0000] {logging_mixin.py:188} INFO - [2024-06-30T20:03:49.832+0000] {dagbag.py:545} INFO - Filling up the DagBag from /home/airflow/.local/lib/python3.12/site-packages/airflow/example_dags/tutorial_dag.py
[2024-06-30T20:03:49.839+0000] {processor.py:840} INFO - DAG(s) 'tutorial_dag' retrieved from /home/airflow/.local/lib/python3.12/site-packages/airflow/example_dags/tutorial_dag.py
[2024-06-30T20:03:49.861+0000] {logging_mixin.py:188} INFO - [2024-06-30T20:03:49.861+0000] {dag.py:3096} INFO - Sync 1 DAGs
[2024-06-30T20:03:49.875+0000] {logging_mixin.py:188} INFO - [2024-06-30T20:03:49.874+0000] {dag.py:3954} INFO - Setting next_dagrun for tutorial_dag to None, run_after=None
[2024-06-30T20:03:49.896+0000] {processor.py:183} INFO - Processing /home/airflow/.local/lib/python3.12/site-packages/airflow/example_dags/tutorial_dag.py took 0.072 seconds
[2024-06-30T20:04:20.077+0000] {processor.py:161} INFO - Started process (PID=161) to work on /home/airflow/.local/lib/python3.12/site-packages/airflow/example_dags/tutorial_dag.py
[2024-06-30T20:04:20.079+0000] {processor.py:830} INFO - Processing file /home/airflow/.local/lib/python3.12/site-packages/airflow/example_dags/tutorial_dag.py for tasks to queue
[2024-06-30T20:04:20.081+0000] {logging_mixin.py:188} INFO - [2024-06-30T20:04:20.081+0000] {dagbag.py:545} INFO - Filling up the DagBag from /home/airflow/.local/lib/python3.12/site-packages/airflow/example_dags/tutorial_dag.py
[2024-06-30T20:04:20.088+0000] {processor.py:840} INFO - DAG(s) 'tutorial_dag' retrieved from /home/airflow/.local/lib/python3.12/site-packages/airflow/example_dags/tutorial_dag.py
[2024-06-30T20:04:20.113+0000] {logging_mixin.py:188} INFO - [2024-06-30T20:04:20.113+0000] {dag.py:3096} INFO - Sync 1 DAGs
[2024-06-30T20:04:20.126+0000] {logging_mixin.py:188} INFO - [2024-06-30T20:04:20.125+0000] {dag.py:3954} INFO - Setting next_dagrun for tutorial_dag to None, run_after=None
[2024-06-30T20:04:20.143+0000] {processor.py:183} INFO - Processing /home/airflow/.local/lib/python3.12/site-packages/airflow/example_dags/tutorial_dag.py took 0.072 seconds
[2024-06-30T20:04:50.345+0000] {processor.py:161} INFO - Started process (PID=214) to work on /home/airflow/.local/lib/python3.12/site-packages/airflow/example_dags/tutorial_dag.py
[2024-06-30T20:04:50.346+0000] {processor.py:830} INFO - Processing file /home/airflow/.local/lib/python3.12/site-packages/airflow/example_dags/tutorial_dag.py for tasks to queue
[2024-06-30T20:04:50.349+0000] {logging_mixin.py:188} INFO - [2024-06-30T20:04:50.348+0000] {dagbag.py:545} INFO - Filling up the DagBag from /home/airflow/.local/lib/python3.12/site-packages/airflow/example_dags/tutorial_dag.py
[2024-06-30T20:04:50.356+0000] {processor.py:840} INFO - DAG(s) 'tutorial_dag' retrieved from /home/airflow/.local/lib/python3.12/site-packages/airflow/example_dags/tutorial_dag.py
[2024-06-30T20:04:50.378+0000] {logging_mixin.py:188} INFO - [2024-06-30T20:04:50.378+0000] {dag.py:3096} INFO - Sync 1 DAGs
[2024-06-30T20:04:50.392+0000] {logging_mixin.py:188} INFO - [2024-06-30T20:04:50.392+0000] {dag.py:3954} INFO - Setting next_dagrun for tutorial_dag to None, run_after=None
[2024-06-30T20:04:50.413+0000] {processor.py:183} INFO - Processing /home/airflow/.local/lib/python3.12/site-packages/airflow/example_dags/tutorial_dag.py took 0.074 seconds
[2024-06-30T20:05:20.570+0000] {processor.py:161} INFO - Started process (PID=267) to work on /home/airflow/.local/lib/python3.12/site-packages/airflow/example_dags/tutorial_dag.py
[2024-06-30T20:05:20.572+0000] {processor.py:830} INFO - Processing file /home/airflow/.local/lib/python3.12/site-packages/airflow/example_dags/tutorial_dag.py for tasks to queue
[2024-06-30T20:05:20.576+0000] {logging_mixin.py:188} INFO - [2024-06-30T20:05:20.575+0000] {dagbag.py:545} INFO - Filling up the DagBag from /home/airflow/.local/lib/python3.12/site-packages/airflow/example_dags/tutorial_dag.py
[2024-06-30T20:05:20.586+0000] {processor.py:840} INFO - DAG(s) 'tutorial_dag' retrieved from /home/airflow/.local/lib/python3.12/site-packages/airflow/example_dags/tutorial_dag.py
[2024-06-30T20:05:20.620+0000] {logging_mixin.py:188} INFO - [2024-06-30T20:05:20.620+0000] {dag.py:3096} INFO - Sync 1 DAGs
[2024-06-30T20:05:20.644+0000] {logging_mixin.py:188} INFO - [2024-06-30T20:05:20.643+0000] {dag.py:3954} INFO - Setting next_dagrun for tutorial_dag to None, run_after=None
[2024-06-30T20:05:20.679+0000] {processor.py:183} INFO - Processing /home/airflow/.local/lib/python3.12/site-packages/airflow/example_dags/tutorial_dag.py took 0.118 seconds
[2024-06-30T20:05:52.178+0000] {processor.py:161} INFO - Started process (PID=324) to work on /home/airflow/.local/lib/python3.12/site-packages/airflow/example_dags/tutorial_dag.py
[2024-06-30T20:05:52.185+0000] {processor.py:830} INFO - Processing file /home/airflow/.local/lib/python3.12/site-packages/airflow/example_dags/tutorial_dag.py for tasks to queue
[2024-06-30T20:05:52.200+0000] {logging_mixin.py:188} INFO - [2024-06-30T20:05:52.198+0000] {dagbag.py:545} INFO - Filling up the DagBag from /home/airflow/.local/lib/python3.12/site-packages/airflow/example_dags/tutorial_dag.py
[2024-06-30T20:05:52.243+0000] {processor.py:840} INFO - DAG(s) 'tutorial_dag' retrieved from /home/airflow/.local/lib/python3.12/site-packages/airflow/example_dags/tutorial_dag.py
[2024-06-30T20:05:52.380+0000] {logging_mixin.py:188} INFO - [2024-06-30T20:05:52.378+0000] {dag.py:3096} INFO - Sync 1 DAGs
[2024-06-30T20:05:52.490+0000] {logging_mixin.py:188} INFO - [2024-06-30T20:05:52.486+0000] {dag.py:3954} INFO - Setting next_dagrun for tutorial_dag to None, run_after=None
[2024-06-30T20:05:52.667+0000] {processor.py:183} INFO - Processing /home/airflow/.local/lib/python3.12/site-packages/airflow/example_dags/tutorial_dag.py took 0.531 seconds
[2024-06-30T20:06:23.080+0000] {processor.py:161} INFO - Started process (PID=377) to work on /home/airflow/.local/lib/python3.12/site-packages/airflow/example_dags/tutorial_dag.py
[2024-06-30T20:06:23.081+0000] {processor.py:830} INFO - Processing file /home/airflow/.local/lib/python3.12/site-packages/airflow/example_dags/tutorial_dag.py for tasks to queue
[2024-06-30T20:06:23.084+0000] {logging_mixin.py:188} INFO - [2024-06-30T20:06:23.084+0000] {dagbag.py:545} INFO - Filling up the DagBag from /home/airflow/.local/lib/python3.12/site-packages/airflow/example_dags/tutorial_dag.py
[2024-06-30T20:06:23.093+0000] {processor.py:840} INFO - DAG(s) 'tutorial_dag' retrieved from /home/airflow/.local/lib/python3.12/site-packages/airflow/example_dags/tutorial_dag.py
[2024-06-30T20:06:23.124+0000] {logging_mixin.py:188} INFO - [2024-06-30T20:06:23.123+0000] {dag.py:3096} INFO - Sync 1 DAGs
[2024-06-30T20:06:23.143+0000] {logging_mixin.py:188} INFO - [2024-06-30T20:06:23.143+0000] {dag.py:3954} INFO - Setting next_dagrun for tutorial_dag to None, run_after=None
[2024-06-30T20:06:23.173+0000] {processor.py:183} INFO - Processing /home/airflow/.local/lib/python3.12/site-packages/airflow/example_dags/tutorial_dag.py took 0.101 seconds
[2024-06-30T20:06:53.860+0000] {processor.py:161} INFO - Started process (PID=430) to work on /home/airflow/.local/lib/python3.12/site-packages/airflow/example_dags/tutorial_dag.py
[2024-06-30T20:06:53.862+0000] {processor.py:830} INFO - Processing file /home/airflow/.local/lib/python3.12/site-packages/airflow/example_dags/tutorial_dag.py for tasks to queue
[2024-06-30T20:06:53.867+0000] {logging_mixin.py:188} INFO - [2024-06-30T20:06:53.866+0000] {dagbag.py:545} INFO - Filling up the DagBag from /home/airflow/.local/lib/python3.12/site-packages/airflow/example_dags/tutorial_dag.py
[2024-06-30T20:06:53.880+0000] {processor.py:840} INFO - DAG(s) 'tutorial_dag' retrieved from /home/airflow/.local/lib/python3.12/site-packages/airflow/example_dags/tutorial_dag.py
[2024-06-30T20:06:53.912+0000] {logging_mixin.py:188} INFO - [2024-06-30T20:06:53.912+0000] {dag.py:3096} INFO - Sync 1 DAGs
[2024-06-30T20:06:53.928+0000] {logging_mixin.py:188} INFO - [2024-06-30T20:06:53.928+0000] {dag.py:3954} INFO - Setting next_dagrun for tutorial_dag to None, run_after=None
[2024-06-30T20:06:53.952+0000] {processor.py:183} INFO - Processing /home/airflow/.local/lib/python3.12/site-packages/airflow/example_dags/tutorial_dag.py took 0.104 seconds
